[1.251s] Invoking command in '/home/daniel/controlbot_ws/src/controller': PYTHONPATH=/home/daniel/controlbot_ws/build/controller/prefix_override:/usr/lib/python3/dist-packages/colcon_core/task/python/colcon_distutils_commands:/home/daniel/controlbot_ws/install/controller/lib/python3.10/site-packages:${PYTHONPATH} /usr/bin/python3 -W ignore:setup.py install is deprecated -W ignore:easy_install command is deprecated setup.py egg_info --egg-base ../../build/controller build --build-base /home/daniel/controlbot_ws/build/controller/build install --record /home/daniel/controlbot_ws/build/controller/install.log --single-version-externally-managed install_data
[1.731s] running egg_info
[1.732s] writing ../../build/controller/controller.egg-info/PKG-INFO
[1.733s] writing dependency_links to ../../build/controller/controller.egg-info/dependency_links.txt
[1.733s] writing entry points to ../../build/controller/controller.egg-info/entry_points.txt
[1.734s] writing requirements to ../../build/controller/controller.egg-info/requires.txt
[1.734s] writing top-level names to ../../build/controller/controller.egg-info/top_level.txt
[1.738s] reading manifest file '../../build/controller/controller.egg-info/SOURCES.txt'
[1.738s] adding license file 'LICENSE'
[1.739s] writing manifest file '../../build/controller/controller.egg-info/SOURCES.txt'
[1.739s] running build
[1.740s] running build_py
[1.740s] copying controller/controller.py -> /home/daniel/controlbot_ws/build/controller/build/lib/controller
[1.740s] running install
[1.741s] running install_lib
[1.743s] copying /home/daniel/controlbot_ws/build/controller/build/lib/controller/controller.py -> /home/daniel/controlbot_ws/install/controller/lib/python3.10/site-packages/controller
[1.744s] byte-compiling /home/daniel/controlbot_ws/install/controller/lib/python3.10/site-packages/controller/motorcmd.py to motorcmd.cpython-310.pyc
[1.745s]   File "/home/daniel/controlbot_ws/install/controller/lib/python3.10/site-packages/controller/motorcmd.py", line 15
[1.745s]     if __name__ = '_main_':
[1.745s]        ^^^^^^^^^^^^^^^^^^^
[1.745s] SyntaxError: invalid syntax. Maybe you meant '==' or ':=' instead of '='?
[1.745s] 
[1.746s] byte-compiling /home/daniel/controlbot_ws/install/controller/lib/python3.10/site-packages/controller/controller.py to controller.cpython-310.pyc
[1.746s] running install_data
[1.746s] running install_egg_info
[1.749s] removing '/home/daniel/controlbot_ws/install/controller/lib/python3.10/site-packages/controller-0.0.0-py3.10.egg-info' (and everything under it)
[1.750s] Copying ../../build/controller/controller.egg-info to /home/daniel/controlbot_ws/install/controller/lib/python3.10/site-packages/controller-0.0.0-py3.10.egg-info
[1.752s] running install_scripts
[1.794s] Installing controller_node script to /home/daniel/controlbot_ws/install/controller/lib/controller
[1.795s] writing list of installed files to '/home/daniel/controlbot_ws/build/controller/install.log'
[1.859s] Invoked command in '/home/daniel/controlbot_ws/src/controller' returned '0': PYTHONPATH=/home/daniel/controlbot_ws/build/controller/prefix_override:/usr/lib/python3/dist-packages/colcon_core/task/python/colcon_distutils_commands:/home/daniel/controlbot_ws/install/controller/lib/python3.10/site-packages:${PYTHONPATH} /usr/bin/python3 -W ignore:setup.py install is deprecated -W ignore:easy_install command is deprecated setup.py egg_info --egg-base ../../build/controller build --build-base /home/daniel/controlbot_ws/build/controller/build install --record /home/daniel/controlbot_ws/build/controller/install.log --single-version-externally-managed install_data
