[1.265s] Invoking command in '/home/daniel/controlbot_ws/src/controller': PYTHONPATH=/home/daniel/controlbot_ws/build/controller/prefix_override:/usr/lib/python3/dist-packages/colcon_core/task/python/colcon_distutils_commands:/home/daniel/controlbot_ws/install/controller/lib/python3.10/site-packages:${PYTHONPATH} /usr/bin/python3 -W ignore:setup.py install is deprecated -W ignore:easy_install command is deprecated setup.py egg_info --egg-base ../../build/controller build --build-base /home/daniel/controlbot_ws/build/controller/build install --record /home/daniel/controlbot_ws/build/controller/install.log --single-version-externally-managed install_data
[1.761s] running egg_info
[1.763s] creating ../../build/controller/controller.egg-info
[1.763s] writing ../../build/controller/controller.egg-info/PKG-INFO
[1.764s] writing dependency_links to ../../build/controller/controller.egg-info/dependency_links.txt
[1.764s] writing entry points to ../../build/controller/controller.egg-info/entry_points.txt
[1.764s] writing requirements to ../../build/controller/controller.egg-info/requires.txt
[1.764s] writing top-level names to ../../build/controller/controller.egg-info/top_level.txt
[1.765s] writing manifest file '../../build/controller/controller.egg-info/SOURCES.txt'
[1.769s] reading manifest file '../../build/controller/controller.egg-info/SOURCES.txt'
[1.769s] adding license file 'LICENSE'
[1.770s] writing manifest file '../../build/controller/controller.egg-info/SOURCES.txt'
[1.770s] running build
[1.770s] running build_py
[1.771s] creating /home/daniel/controlbot_ws/build/controller/build
[1.771s] creating /home/daniel/controlbot_ws/build/controller/build/lib
[1.771s] creating /home/daniel/controlbot_ws/build/controller/build/lib/controller
[1.771s] copying controller/__init__.py -> /home/daniel/controlbot_ws/build/controller/build/lib/controller
[1.771s] running install
[1.772s] running install_lib
[1.773s] creating /home/daniel/controlbot_ws/install/controller/lib/python3.10/site-packages/controller
[1.774s] copying /home/daniel/controlbot_ws/build/controller/build/lib/controller/__init__.py -> /home/daniel/controlbot_ws/install/controller/lib/python3.10/site-packages/controller
[1.775s] byte-compiling /home/daniel/controlbot_ws/install/controller/lib/python3.10/site-packages/controller/__init__.py to __init__.cpython-310.pyc
[1.775s] running install_data
[1.775s] creating /home/daniel/controlbot_ws/install/controller/share/ament_index
[1.776s] creating /home/daniel/controlbot_ws/install/controller/share/ament_index/resource_index
[1.776s] creating /home/daniel/controlbot_ws/install/controller/share/ament_index/resource_index/packages
[1.776s] copying resource/controller -> /home/daniel/controlbot_ws/install/controller/share/ament_index/resource_index/packages
[1.776s] copying package.xml -> /home/daniel/controlbot_ws/install/controller/share/controller
[1.776s] running install_egg_info
[1.780s] Copying ../../build/controller/controller.egg-info to /home/daniel/controlbot_ws/install/controller/lib/python3.10/site-packages/controller-0.0.0-py3.10.egg-info
[1.782s] running install_scripts
[1.826s] writing list of installed files to '/home/daniel/controlbot_ws/build/controller/install.log'
[1.893s] Invoked command in '/home/daniel/controlbot_ws/src/controller' returned '0': PYTHONPATH=/home/daniel/controlbot_ws/build/controller/prefix_override:/usr/lib/python3/dist-packages/colcon_core/task/python/colcon_distutils_commands:/home/daniel/controlbot_ws/install/controller/lib/python3.10/site-packages:${PYTHONPATH} /usr/bin/python3 -W ignore:setup.py install is deprecated -W ignore:easy_install command is deprecated setup.py egg_info --egg-base ../../build/controller build --build-base /home/daniel/controlbot_ws/build/controller/build install --record /home/daniel/controlbot_ws/build/controller/install.log --single-version-externally-managed install_data
