[1.227s] Invoking command in '/home/daniel/controlbot_ws/src/controller': PYTHONPATH=/home/daniel/controlbot_ws/build/controller/prefix_override:/usr/lib/python3/dist-packages/colcon_core/task/python/colcon_distutils_commands:/home/daniel/controlbot_ws/install/controller/lib/python3.10/site-packages:${PYTHONPATH} /usr/bin/python3 -W ignore:setup.py install is deprecated -W ignore:easy_install command is deprecated setup.py egg_info --egg-base ../../build/controller build --build-base /home/daniel/controlbot_ws/build/controller/build install --record /home/daniel/controlbot_ws/build/controller/install.log --single-version-externally-managed install_data
[1.712s] running egg_info
[1.713s] writing ../../build/controller/controller.egg-info/PKG-INFO
[1.714s] writing dependency_links to ../../build/controller/controller.egg-info/dependency_links.txt
[1.714s] writing entry points to ../../build/controller/controller.egg-info/entry_points.txt
[1.714s] writing requirements to ../../build/controller/controller.egg-info/requires.txt
[1.715s] writing top-level names to ../../build/controller/controller.egg-info/top_level.txt
[1.718s] reading manifest file '../../build/controller/controller.egg-info/SOURCES.txt'
[1.719s] adding license file 'LICENSE'
[1.720s] writing manifest file '../../build/controller/controller.egg-info/SOURCES.txt'
[1.720s] running build
[1.720s] running build_py
[1.721s] running install
[1.721s] running install_lib
[1.724s] running install_data
[1.724s] running install_egg_info
[1.728s] removing '/home/daniel/controlbot_ws/install/controller/lib/python3.10/site-packages/controller-0.0.0-py3.10.egg-info' (and everything under it)
[1.729s] Copying ../../build/controller/controller.egg-info to /home/daniel/controlbot_ws/install/controller/lib/python3.10/site-packages/controller-0.0.0-py3.10.egg-info
[1.731s] running install_scripts
[1.772s] Installing hl_ctrl script to /home/daniel/controlbot_ws/install/controller/lib/controller
[1.772s] Installing hw_interface script to /home/daniel/controlbot_ws/install/controller/lib/controller
[1.772s] Installing mtr_ctrl script to /home/daniel/controlbot_ws/install/controller/lib/controller
[1.773s] writing list of installed files to '/home/daniel/controlbot_ws/build/controller/install.log'
[1.837s] Invoked command in '/home/daniel/controlbot_ws/src/controller' returned '0': PYTHONPATH=/home/daniel/controlbot_ws/build/controller/prefix_override:/usr/lib/python3/dist-packages/colcon_core/task/python/colcon_distutils_commands:/home/daniel/controlbot_ws/install/controller/lib/python3.10/site-packages:${PYTHONPATH} /usr/bin/python3 -W ignore:setup.py install is deprecated -W ignore:easy_install command is deprecated setup.py egg_info --egg-base ../../build/controller build --build-base /home/daniel/controlbot_ws/build/controller/build install --record /home/daniel/controlbot_ws/build/controller/install.log --single-version-externally-managed install_data
