[0.509s] DEBUG:colcon:Command line arguments: ['/usr/bin/colcon', 'build', '--symlink-install']
[0.510s] DEBUG:colcon:Parsed command line arguments: Namespace(allow_overriding=[], ament_cmake_args=None, base_paths=['.'], build_base='build', catkin_cmake_args=None, catkin_skip_building_tests=False, cmake_args=None, cmake_clean_cache=False, cmake_clean_first=False, cmake_force_configure=False, cmake_target=None, cmake_target_skip_unavailable=False, continue_on_error=False, event_handlers=None, executor='parallel', ignore_user_meta=False, install_base='install', log_base=None, log_level=None, main=<bound method BuildVerb.main of <colcon_core.verb.build.BuildVerb object at 0xffffa0802250>>, merge_install=False, metas=['./colcon.meta'], packages_above=None, packages_above_and_dependencies=None, packages_above_depth=None, packages_end=None, packages_ignore=None, packages_ignore_regex=None, packages_select=None, packages_select_build_failed=False, packages_select_by_dep=None, packages_select_regex=None, packages_select_test_failures=False, packages_skip=None, packages_skip_build_finished=False, packages_skip_by_dep=None, packages_skip_regex=None, packages_skip_test_passed=False, packages_skip_up_to=None, packages_start=None, packages_up_to=None, packages_up_to_regex=None, parallel_workers=6, paths=None, symlink_install=True, test_result_base=None, verb_extension=<colcon_core.verb.build.BuildVerb object at 0xffffa0802250>, verb_name='build', verb_parser=<colcon_defaults.argument_parser.defaults.DefaultArgumentsDecorator object at 0xffffa073b2b0>)
[0.919s] Level 1:colcon.colcon_core.package_discovery:discover_packages(colcon_meta) check parameters
[0.919s] Level 1:colcon.colcon_core.package_discovery:discover_packages(recursive) check parameters
[0.919s] Level 1:colcon.colcon_core.package_discovery:discover_packages(ignore) check parameters
[0.920s] Level 1:colcon.colcon_core.package_discovery:discover_packages(path) check parameters
[0.920s] Level 1:colcon.colcon_core.package_discovery:discover_packages(colcon_meta) discover
[0.920s] Level 1:colcon.colcon_core.package_discovery:discover_packages(recursive) discover
[0.920s] INFO:colcon.colcon_core.package_discovery:Crawling recursively for packages in '/home/daniel/controlbot_ws'
[0.920s] Level 1:colcon.colcon_core.package_identification:_identify(.) by extensions ['ignore', 'ignore_ament_install']
[0.921s] Level 1:colcon.colcon_core.package_identification:_identify(.) by extension 'ignore'
[0.921s] Level 1:colcon.colcon_core.package_identification:_identify(.) by extension 'ignore_ament_install'
[0.921s] Level 1:colcon.colcon_core.package_identification:_identify(.) by extensions ['colcon_pkg']
[0.921s] Level 1:colcon.colcon_core.package_identification:_identify(.) by extension 'colcon_pkg'
[0.921s] Level 1:colcon.colcon_core.package_identification:_identify(.) by extensions ['colcon_meta']
[0.921s] Level 1:colcon.colcon_core.package_identification:_identify(.) by extension 'colcon_meta'
[0.921s] Level 1:colcon.colcon_core.package_identification:_identify(.) by extensions ['ros']
[0.921s] Level 1:colcon.colcon_core.package_identification:_identify(.) by extension 'ros'
[0.953s] Level 1:colcon.colcon_core.package_identification:_identify(.) by extensions ['cmake', 'python']
[0.954s] Level 1:colcon.colcon_core.package_identification:_identify(.) by extension 'cmake'
[0.954s] Level 1:colcon.colcon_core.package_identification:_identify(.) by extension 'python'
[0.954s] Level 1:colcon.colcon_core.package_identification:_identify(.) by extensions ['python_setup_py']
[0.954s] Level 1:colcon.colcon_core.package_identification:_identify(.) by extension 'python_setup_py'
[0.955s] Level 1:colcon.colcon_core.package_identification:_identify(build) by extensions ['ignore', 'ignore_ament_install']
[0.955s] Level 1:colcon.colcon_core.package_identification:_identify(build) by extension 'ignore'
[0.955s] Level 1:colcon.colcon_core.package_identification:_identify(build) ignored
[0.956s] Level 1:colcon.colcon_core.package_identification:_identify(install) by extensions ['ignore', 'ignore_ament_install']
[0.956s] Level 1:colcon.colcon_core.package_identification:_identify(install) by extension 'ignore'
[0.956s] Level 1:colcon.colcon_core.package_identification:_identify(install) ignored
[0.956s] Level 1:colcon.colcon_core.package_identification:_identify(launch) by extensions ['ignore', 'ignore_ament_install']
[0.956s] Level 1:colcon.colcon_core.package_identification:_identify(launch) by extension 'ignore'
[0.956s] Level 1:colcon.colcon_core.package_identification:_identify(launch) by extension 'ignore_ament_install'
[0.957s] Level 1:colcon.colcon_core.package_identification:_identify(launch) by extensions ['colcon_pkg']
[0.957s] Level 1:colcon.colcon_core.package_identification:_identify(launch) by extension 'colcon_pkg'
[0.957s] Level 1:colcon.colcon_core.package_identification:_identify(launch) by extensions ['colcon_meta']
[0.957s] Level 1:colcon.colcon_core.package_identification:_identify(launch) by extension 'colcon_meta'
[0.957s] Level 1:colcon.colcon_core.package_identification:_identify(launch) by extensions ['ros']
[0.957s] Level 1:colcon.colcon_core.package_identification:_identify(launch) by extension 'ros'
[0.957s] Level 1:colcon.colcon_core.package_identification:_identify(launch) by extensions ['cmake', 'python']
[0.957s] Level 1:colcon.colcon_core.package_identification:_identify(launch) by extension 'cmake'
[0.958s] Level 1:colcon.colcon_core.package_identification:_identify(launch) by extension 'python'
[0.958s] Level 1:colcon.colcon_core.package_identification:_identify(launch) by extensions ['python_setup_py']
[0.958s] Level 1:colcon.colcon_core.package_identification:_identify(launch) by extension 'python_setup_py'
[0.958s] Level 1:colcon.colcon_core.package_identification:_identify(launch/__pycache__) by extensions ['ignore', 'ignore_ament_install']
[0.958s] Level 1:colcon.colcon_core.package_identification:_identify(launch/__pycache__) by extension 'ignore'
[0.958s] Level 1:colcon.colcon_core.package_identification:_identify(launch/__pycache__) by extension 'ignore_ament_install'
[0.958s] Level 1:colcon.colcon_core.package_identification:_identify(launch/__pycache__) by extensions ['colcon_pkg']
[0.958s] Level 1:colcon.colcon_core.package_identification:_identify(launch/__pycache__) by extension 'colcon_pkg'
[0.959s] Level 1:colcon.colcon_core.package_identification:_identify(launch/__pycache__) by extensions ['colcon_meta']
[0.959s] Level 1:colcon.colcon_core.package_identification:_identify(launch/__pycache__) by extension 'colcon_meta'
[0.959s] Level 1:colcon.colcon_core.package_identification:_identify(launch/__pycache__) by extensions ['ros']
[0.959s] Level 1:colcon.colcon_core.package_identification:_identify(launch/__pycache__) by extension 'ros'
[0.959s] Level 1:colcon.colcon_core.package_identification:_identify(launch/__pycache__) by extensions ['cmake', 'python']
[0.959s] Level 1:colcon.colcon_core.package_identification:_identify(launch/__pycache__) by extension 'cmake'
[0.959s] Level 1:colcon.colcon_core.package_identification:_identify(launch/__pycache__) by extension 'python'
[0.959s] Level 1:colcon.colcon_core.package_identification:_identify(launch/__pycache__) by extensions ['python_setup_py']
[0.959s] Level 1:colcon.colcon_core.package_identification:_identify(launch/__pycache__) by extension 'python_setup_py'
[0.960s] Level 1:colcon.colcon_core.package_identification:_identify(log) by extensions ['ignore', 'ignore_ament_install']
[0.960s] Level 1:colcon.colcon_core.package_identification:_identify(log) by extension 'ignore'
[0.960s] Level 1:colcon.colcon_core.package_identification:_identify(log) ignored
[0.960s] Level 1:colcon.colcon_core.package_identification:_identify(src) by extensions ['ignore', 'ignore_ament_install']
[0.960s] Level 1:colcon.colcon_core.package_identification:_identify(src) by extension 'ignore'
[0.960s] Level 1:colcon.colcon_core.package_identification:_identify(src) by extension 'ignore_ament_install'
[0.961s] Level 1:colcon.colcon_core.package_identification:_identify(src) by extensions ['colcon_pkg']
[0.961s] Level 1:colcon.colcon_core.package_identification:_identify(src) by extension 'colcon_pkg'
[0.961s] Level 1:colcon.colcon_core.package_identification:_identify(src) by extensions ['colcon_meta']
[0.961s] Level 1:colcon.colcon_core.package_identification:_identify(src) by extension 'colcon_meta'
[0.961s] Level 1:colcon.colcon_core.package_identification:_identify(src) by extensions ['ros']
[0.961s] Level 1:colcon.colcon_core.package_identification:_identify(src) by extension 'ros'
[0.961s] Level 1:colcon.colcon_core.package_identification:_identify(src) by extensions ['cmake', 'python']
[0.961s] Level 1:colcon.colcon_core.package_identification:_identify(src) by extension 'cmake'
[0.961s] Level 1:colcon.colcon_core.package_identification:_identify(src) by extension 'python'
[0.962s] Level 1:colcon.colcon_core.package_identification:_identify(src) by extensions ['python_setup_py']
[0.962s] Level 1:colcon.colcon_core.package_identification:_identify(src) by extension 'python_setup_py'
[0.962s] Level 1:colcon.colcon_core.package_identification:_identify(src/controller) by extensions ['ignore', 'ignore_ament_install']
[0.962s] Level 1:colcon.colcon_core.package_identification:_identify(src/controller) by extension 'ignore'
[0.962s] Level 1:colcon.colcon_core.package_identification:_identify(src/controller) by extension 'ignore_ament_install'
[0.962s] Level 1:colcon.colcon_core.package_identification:_identify(src/controller) by extensions ['colcon_pkg']
[0.962s] Level 1:colcon.colcon_core.package_identification:_identify(src/controller) by extension 'colcon_pkg'
[0.963s] Level 1:colcon.colcon_core.package_identification:_identify(src/controller) by extensions ['colcon_meta']
[0.963s] Level 1:colcon.colcon_core.package_identification:_identify(src/controller) by extension 'colcon_meta'
[0.963s] Level 1:colcon.colcon_core.package_identification:_identify(src/controller) by extensions ['ros']
[0.963s] Level 1:colcon.colcon_core.package_identification:_identify(src/controller) by extension 'ros'
[0.970s] DEBUG:colcon.colcon_core.package_identification:Package 'src/controller' with type 'ros.ament_python' and name 'controller'
[0.970s] Level 1:colcon.colcon_core.package_identification:_identify(src/vision_opencv) by extensions ['ignore', 'ignore_ament_install']
[0.970s] Level 1:colcon.colcon_core.package_identification:_identify(src/vision_opencv) by extension 'ignore'
[0.971s] Level 1:colcon.colcon_core.package_identification:_identify(src/vision_opencv) by extension 'ignore_ament_install'
[0.971s] Level 1:colcon.colcon_core.package_identification:_identify(src/vision_opencv) by extensions ['colcon_pkg']
[0.971s] Level 1:colcon.colcon_core.package_identification:_identify(src/vision_opencv) by extension 'colcon_pkg'
[0.971s] Level 1:colcon.colcon_core.package_identification:_identify(src/vision_opencv) by extensions ['colcon_meta']
[0.971s] Level 1:colcon.colcon_core.package_identification:_identify(src/vision_opencv) by extension 'colcon_meta'
[0.971s] Level 1:colcon.colcon_core.package_identification:_identify(src/vision_opencv) by extensions ['ros']
[0.971s] Level 1:colcon.colcon_core.package_identification:_identify(src/vision_opencv) by extension 'ros'
[0.972s] Level 1:colcon.colcon_core.package_identification:_identify(src/vision_opencv) by extensions ['cmake', 'python']
[0.972s] Level 1:colcon.colcon_core.package_identification:_identify(src/vision_opencv) by extension 'cmake'
[0.972s] Level 1:colcon.colcon_core.package_identification:_identify(src/vision_opencv) by extension 'python'
[0.972s] Level 1:colcon.colcon_core.package_identification:_identify(src/vision_opencv) by extensions ['python_setup_py']
[0.972s] Level 1:colcon.colcon_core.package_identification:_identify(src/vision_opencv) by extension 'python_setup_py'
[0.972s] Level 1:colcon.colcon_core.package_identification:_identify(src/vision_opencv/cv_bridge) by extensions ['ignore', 'ignore_ament_install']
[0.973s] Level 1:colcon.colcon_core.package_identification:_identify(src/vision_opencv/cv_bridge) by extension 'ignore'
[0.973s] Level 1:colcon.colcon_core.package_identification:_identify(src/vision_opencv/cv_bridge) by extension 'ignore_ament_install'
[0.973s] Level 1:colcon.colcon_core.package_identification:_identify(src/vision_opencv/cv_bridge) by extensions ['colcon_pkg']
[0.973s] Level 1:colcon.colcon_core.package_identification:_identify(src/vision_opencv/cv_bridge) by extension 'colcon_pkg'
[0.974s] Level 1:colcon.colcon_core.package_identification:_identify(src/vision_opencv/cv_bridge) by extensions ['colcon_meta']
[0.974s] Level 1:colcon.colcon_core.package_identification:_identify(src/vision_opencv/cv_bridge) by extension 'colcon_meta'
[0.974s] Level 1:colcon.colcon_core.package_identification:_identify(src/vision_opencv/cv_bridge) by extensions ['ros']
[0.974s] Level 1:colcon.colcon_core.package_identification:_identify(src/vision_opencv/cv_bridge) by extension 'ros'
[0.977s] DEBUG:colcon.colcon_core.package_identification:Package 'src/vision_opencv/cv_bridge' with type 'ros.ament_cmake' and name 'cv_bridge'
[0.977s] Level 1:colcon.colcon_core.package_identification:_identify(src/vision_opencv/image_geometry) by extensions ['ignore', 'ignore_ament_install']
[0.978s] Level 1:colcon.colcon_core.package_identification:_identify(src/vision_opencv/image_geometry) by extension 'ignore'
[0.978s] Level 1:colcon.colcon_core.package_identification:_identify(src/vision_opencv/image_geometry) by extension 'ignore_ament_install'
[0.978s] Level 1:colcon.colcon_core.package_identification:_identify(src/vision_opencv/image_geometry) by extensions ['colcon_pkg']
[0.978s] Level 1:colcon.colcon_core.package_identification:_identify(src/vision_opencv/image_geometry) by extension 'colcon_pkg'
[0.978s] Level 1:colcon.colcon_core.package_identification:_identify(src/vision_opencv/image_geometry) by extensions ['colcon_meta']
[0.978s] Level 1:colcon.colcon_core.package_identification:_identify(src/vision_opencv/image_geometry) by extension 'colcon_meta'
[0.978s] Level 1:colcon.colcon_core.package_identification:_identify(src/vision_opencv/image_geometry) by extensions ['ros']
[0.978s] Level 1:colcon.colcon_core.package_identification:_identify(src/vision_opencv/image_geometry) by extension 'ros'
[0.980s] DEBUG:colcon.colcon_core.package_identification:Package 'src/vision_opencv/image_geometry' with type 'ros.ament_cmake' and name 'image_geometry'
[0.980s] Level 1:colcon.colcon_core.package_identification:_identify(src/vision_opencv/opencv_tests) by extensions ['ignore', 'ignore_ament_install']
[0.981s] Level 1:colcon.colcon_core.package_identification:_identify(src/vision_opencv/opencv_tests) by extension 'ignore'
[0.981s] Level 1:colcon.colcon_core.package_identification:_identify(src/vision_opencv/opencv_tests) by extension 'ignore_ament_install'
[0.981s] Level 1:colcon.colcon_core.package_identification:_identify(src/vision_opencv/opencv_tests) by extensions ['colcon_pkg']
[0.981s] Level 1:colcon.colcon_core.package_identification:_identify(src/vision_opencv/opencv_tests) by extension 'colcon_pkg'
[0.981s] Level 1:colcon.colcon_core.package_identification:_identify(src/vision_opencv/opencv_tests) by extensions ['colcon_meta']
[0.981s] Level 1:colcon.colcon_core.package_identification:_identify(src/vision_opencv/opencv_tests) by extension 'colcon_meta'
[0.981s] Level 1:colcon.colcon_core.package_identification:_identify(src/vision_opencv/opencv_tests) by extensions ['ros']
[0.981s] Level 1:colcon.colcon_core.package_identification:_identify(src/vision_opencv/opencv_tests) by extension 'ros'
[0.983s] DEBUG:colcon.colcon_core.package_identification:Package 'src/vision_opencv/opencv_tests' with type 'ros.ament_python' and name 'opencv_tests'
[0.983s] Level 1:colcon.colcon_core.package_identification:_identify(src/vision_opencv/vision_opencv) by extensions ['ignore', 'ignore_ament_install']
[0.983s] Level 1:colcon.colcon_core.package_identification:_identify(src/vision_opencv/vision_opencv) by extension 'ignore'
[0.983s] Level 1:colcon.colcon_core.package_identification:_identify(src/vision_opencv/vision_opencv) by extension 'ignore_ament_install'
[0.984s] Level 1:colcon.colcon_core.package_identification:_identify(src/vision_opencv/vision_opencv) by extensions ['colcon_pkg']
[0.984s] Level 1:colcon.colcon_core.package_identification:_identify(src/vision_opencv/vision_opencv) by extension 'colcon_pkg'
[0.984s] Level 1:colcon.colcon_core.package_identification:_identify(src/vision_opencv/vision_opencv) by extensions ['colcon_meta']
[0.984s] Level 1:colcon.colcon_core.package_identification:_identify(src/vision_opencv/vision_opencv) by extension 'colcon_meta'
[0.984s] Level 1:colcon.colcon_core.package_identification:_identify(src/vision_opencv/vision_opencv) by extensions ['ros']
[0.984s] Level 1:colcon.colcon_core.package_identification:_identify(src/vision_opencv/vision_opencv) by extension 'ros'
[0.985s] DEBUG:colcon.colcon_core.package_identification:Package 'src/vision_opencv/vision_opencv' with type 'ros.ament_cmake' and name 'vision_opencv'
[0.986s] Level 1:colcon.colcon_core.package_discovery:discover_packages(recursive) using defaults
[0.986s] Level 1:colcon.colcon_core.package_discovery:discover_packages(ignore) discover
[0.986s] Level 1:colcon.colcon_core.package_discovery:discover_packages(ignore) using defaults
[0.986s] Level 1:colcon.colcon_core.package_discovery:discover_packages(path) discover
[0.986s] Level 1:colcon.colcon_core.package_discovery:discover_packages(path) using defaults
[1.036s] Level 1:colcon.colcon_core.package_discovery:discover_packages(prefix_path) check parameters
[1.036s] Level 1:colcon.colcon_core.package_discovery:discover_packages(prefix_path) discover
[1.042s] DEBUG:colcon.colcon_installed_package_information.package_discovery:Found 5 installed packages in /home/daniel/controlbot_ws/install
[1.045s] DEBUG:colcon.colcon_installed_package_information.package_discovery:Found 273 installed packages in /opt/ros/galactic
[1.104s] Level 1:colcon.colcon_core.package_discovery:discover_packages(prefix_path) using defaults
[1.260s] WARNING:colcon.colcon_core.package_selection:Some selected packages are already built in one or more underlay workspaces:
	'image_geometry' is in: /home/daniel/controlbot_ws/install/image_geometry, /opt/ros/galactic
	'cv_bridge' is in: /home/daniel/controlbot_ws/install/cv_bridge, /opt/ros/galactic
If a package in a merged underlay workspace is overridden and it installs headers, then all packages in the overlay must sort their include directories by workspace order. Failure to do so may result in build failures or undefined behavior at run time.
If the overridden package is used by another package in any underlay, then the overriding package in the overlay must be API and ABI compatible or undefined behavior at run time may occur.

If you understand the risks and want to override a package anyways, add the following to the command line:
	--allow-overriding cv_bridge image_geometry

This may be promoted to an error in a future release of colcon-override-check.
[1.263s] Level 5:colcon.colcon_core.verb:set package 'cv_bridge' build argument 'cmake_args' from command line to 'None'
[1.264s] Level 5:colcon.colcon_core.verb:set package 'cv_bridge' build argument 'cmake_target' from command line to 'None'
[1.264s] Level 5:colcon.colcon_core.verb:set package 'cv_bridge' build argument 'cmake_target_skip_unavailable' from command line to 'False'
[1.264s] Level 5:colcon.colcon_core.verb:set package 'cv_bridge' build argument 'cmake_clean_cache' from command line to 'False'
[1.264s] Level 5:colcon.colcon_core.verb:set package 'cv_bridge' build argument 'cmake_clean_first' from command line to 'False'
[1.264s] Level 5:colcon.colcon_core.verb:set package 'cv_bridge' build argument 'cmake_force_configure' from command line to 'False'
[1.264s] Level 5:colcon.colcon_core.verb:set package 'cv_bridge' build argument 'ament_cmake_args' from command line to 'None'
[1.264s] Level 5:colcon.colcon_core.verb:set package 'cv_bridge' build argument 'catkin_cmake_args' from command line to 'None'
[1.264s] Level 5:colcon.colcon_core.verb:set package 'cv_bridge' build argument 'catkin_skip_building_tests' from command line to 'False'
[1.264s] DEBUG:colcon.colcon_core.verb:Building package 'cv_bridge' with the following arguments: {'ament_cmake_args': None, 'build_base': '/home/daniel/controlbot_ws/build/cv_bridge', 'catkin_cmake_args': None, 'catkin_skip_building_tests': False, 'cmake_args': None, 'cmake_clean_cache': False, 'cmake_clean_first': False, 'cmake_force_configure': False, 'cmake_target': None, 'cmake_target_skip_unavailable': False, 'install_base': '/home/daniel/controlbot_ws/install/cv_bridge', 'merge_install': False, 'path': '/home/daniel/controlbot_ws/src/vision_opencv/cv_bridge', 'symlink_install': True, 'test_result_base': None}
[1.265s] Level 5:colcon.colcon_core.verb:set package 'image_geometry' build argument 'cmake_args' from command line to 'None'
[1.265s] Level 5:colcon.colcon_core.verb:set package 'image_geometry' build argument 'cmake_target' from command line to 'None'
[1.266s] Level 5:colcon.colcon_core.verb:set package 'image_geometry' build argument 'cmake_target_skip_unavailable' from command line to 'False'
[1.266s] Level 5:colcon.colcon_core.verb:set package 'image_geometry' build argument 'cmake_clean_cache' from command line to 'False'
[1.266s] Level 5:colcon.colcon_core.verb:set package 'image_geometry' build argument 'cmake_clean_first' from command line to 'False'
[1.266s] Level 5:colcon.colcon_core.verb:set package 'image_geometry' build argument 'cmake_force_configure' from command line to 'False'
[1.266s] Level 5:colcon.colcon_core.verb:set package 'image_geometry' build argument 'ament_cmake_args' from command line to 'None'
[1.266s] Level 5:colcon.colcon_core.verb:set package 'image_geometry' build argument 'catkin_cmake_args' from command line to 'None'
[1.266s] Level 5:colcon.colcon_core.verb:set package 'image_geometry' build argument 'catkin_skip_building_tests' from command line to 'False'
[1.266s] DEBUG:colcon.colcon_core.verb:Building package 'image_geometry' with the following arguments: {'ament_cmake_args': None, 'build_base': '/home/daniel/controlbot_ws/build/image_geometry', 'catkin_cmake_args': None, 'catkin_skip_building_tests': False, 'cmake_args': None, 'cmake_clean_cache': False, 'cmake_clean_first': False, 'cmake_force_configure': False, 'cmake_target': None, 'cmake_target_skip_unavailable': False, 'install_base': '/home/daniel/controlbot_ws/install/image_geometry', 'merge_install': False, 'path': '/home/daniel/controlbot_ws/src/vision_opencv/image_geometry', 'symlink_install': True, 'test_result_base': None}
[1.267s] Level 5:colcon.colcon_core.verb:set package 'controller' build argument 'cmake_args' from command line to 'None'
[1.267s] Level 5:colcon.colcon_core.verb:set package 'controller' build argument 'cmake_target' from command line to 'None'
[1.267s] Level 5:colcon.colcon_core.verb:set package 'controller' build argument 'cmake_target_skip_unavailable' from command line to 'False'
[1.267s] Level 5:colcon.colcon_core.verb:set package 'controller' build argument 'cmake_clean_cache' from command line to 'False'
[1.267s] Level 5:colcon.colcon_core.verb:set package 'controller' build argument 'cmake_clean_first' from command line to 'False'
[1.267s] Level 5:colcon.colcon_core.verb:set package 'controller' build argument 'cmake_force_configure' from command line to 'False'
[1.267s] Level 5:colcon.colcon_core.verb:set package 'controller' build argument 'ament_cmake_args' from command line to 'None'
[1.267s] Level 5:colcon.colcon_core.verb:set package 'controller' build argument 'catkin_cmake_args' from command line to 'None'
[1.267s] Level 5:colcon.colcon_core.verb:set package 'controller' build argument 'catkin_skip_building_tests' from command line to 'False'
[1.267s] DEBUG:colcon.colcon_core.verb:Building package 'controller' with the following arguments: {'ament_cmake_args': None, 'build_base': '/home/daniel/controlbot_ws/build/controller', 'catkin_cmake_args': None, 'catkin_skip_building_tests': False, 'cmake_args': None, 'cmake_clean_cache': False, 'cmake_clean_first': False, 'cmake_force_configure': False, 'cmake_target': None, 'cmake_target_skip_unavailable': False, 'install_base': '/home/daniel/controlbot_ws/install/controller', 'merge_install': False, 'path': '/home/daniel/controlbot_ws/src/controller', 'symlink_install': True, 'test_result_base': None}
[1.268s] Level 5:colcon.colcon_core.verb:set package 'opencv_tests' build argument 'cmake_args' from command line to 'None'
[1.268s] Level 5:colcon.colcon_core.verb:set package 'opencv_tests' build argument 'cmake_target' from command line to 'None'
[1.268s] Level 5:colcon.colcon_core.verb:set package 'opencv_tests' build argument 'cmake_target_skip_unavailable' from command line to 'False'
[1.268s] Level 5:colcon.colcon_core.verb:set package 'opencv_tests' build argument 'cmake_clean_cache' from command line to 'False'
[1.268s] Level 5:colcon.colcon_core.verb:set package 'opencv_tests' build argument 'cmake_clean_first' from command line to 'False'
[1.268s] Level 5:colcon.colcon_core.verb:set package 'opencv_tests' build argument 'cmake_force_configure' from command line to 'False'
[1.269s] Level 5:colcon.colcon_core.verb:set package 'opencv_tests' build argument 'ament_cmake_args' from command line to 'None'
[1.269s] Level 5:colcon.colcon_core.verb:set package 'opencv_tests' build argument 'catkin_cmake_args' from command line to 'None'
[1.269s] Level 5:colcon.colcon_core.verb:set package 'opencv_tests' build argument 'catkin_skip_building_tests' from command line to 'False'
[1.269s] DEBUG:colcon.colcon_core.verb:Building package 'opencv_tests' with the following arguments: {'ament_cmake_args': None, 'build_base': '/home/daniel/controlbot_ws/build/opencv_tests', 'catkin_cmake_args': None, 'catkin_skip_building_tests': False, 'cmake_args': None, 'cmake_clean_cache': False, 'cmake_clean_first': False, 'cmake_force_configure': False, 'cmake_target': None, 'cmake_target_skip_unavailable': False, 'install_base': '/home/daniel/controlbot_ws/install/opencv_tests', 'merge_install': False, 'path': '/home/daniel/controlbot_ws/src/vision_opencv/opencv_tests', 'symlink_install': True, 'test_result_base': None}
[1.269s] Level 5:colcon.colcon_core.verb:set package 'vision_opencv' build argument 'cmake_args' from command line to 'None'
[1.270s] Level 5:colcon.colcon_core.verb:set package 'vision_opencv' build argument 'cmake_target' from command line to 'None'
[1.270s] Level 5:colcon.colcon_core.verb:set package 'vision_opencv' build argument 'cmake_target_skip_unavailable' from command line to 'False'
[1.270s] Level 5:colcon.colcon_core.verb:set package 'vision_opencv' build argument 'cmake_clean_cache' from command line to 'False'
[1.270s] Level 5:colcon.colcon_core.verb:set package 'vision_opencv' build argument 'cmake_clean_first' from command line to 'False'
[1.270s] Level 5:colcon.colcon_core.verb:set package 'vision_opencv' build argument 'cmake_force_configure' from command line to 'False'
[1.270s] Level 5:colcon.colcon_core.verb:set package 'vision_opencv' build argument 'ament_cmake_args' from command line to 'None'
[1.270s] Level 5:colcon.colcon_core.verb:set package 'vision_opencv' build argument 'catkin_cmake_args' from command line to 'None'
[1.270s] Level 5:colcon.colcon_core.verb:set package 'vision_opencv' build argument 'catkin_skip_building_tests' from command line to 'False'
[1.270s] DEBUG:colcon.colcon_core.verb:Building package 'vision_opencv' with the following arguments: {'ament_cmake_args': None, 'build_base': '/home/daniel/controlbot_ws/build/vision_opencv', 'catkin_cmake_args': None, 'catkin_skip_building_tests': False, 'cmake_args': None, 'cmake_clean_cache': False, 'cmake_clean_first': False, 'cmake_force_configure': False, 'cmake_target': None, 'cmake_target_skip_unavailable': False, 'install_base': '/home/daniel/controlbot_ws/install/vision_opencv', 'merge_install': False, 'path': '/home/daniel/controlbot_ws/src/vision_opencv/vision_opencv', 'symlink_install': True, 'test_result_base': None}
[1.270s] INFO:colcon.colcon_core.executor:Executing jobs using 'parallel' executor
[1.274s] DEBUG:colcon.colcon_parallel_executor.executor.parallel:run_until_complete
[1.276s] INFO:colcon.colcon_ros.task.ament_cmake.build:Building ROS package in '/home/daniel/controlbot_ws/src/vision_opencv/cv_bridge' with build type 'ament_cmake'
[1.276s] INFO:colcon.colcon_cmake.task.cmake.build:Building CMake package in '/home/daniel/controlbot_ws/src/vision_opencv/cv_bridge'
[1.282s] INFO:colcon.colcon_core.plugin_system:Skipping extension 'colcon_core.shell.bat': Not used on non-Windows systems
[1.283s] INFO:colcon.colcon_core.shell:Skip shell extension 'powershell' for command environment: Not usable outside of PowerShell
[1.283s] DEBUG:colcon.colcon_core.shell:Skip shell extension 'dsv' for command environment
[1.302s] INFO:colcon.colcon_ros.task.ament_cmake.build:Building ROS package in '/home/daniel/controlbot_ws/src/vision_opencv/image_geometry' with build type 'ament_cmake'
[1.303s] INFO:colcon.colcon_cmake.task.cmake.build:Building CMake package in '/home/daniel/controlbot_ws/src/vision_opencv/image_geometry'
[1.305s] INFO:colcon.colcon_core.shell:Skip shell extension 'powershell' for command environment: Not usable outside of PowerShell
[1.305s] DEBUG:colcon.colcon_core.shell:Skip shell extension 'dsv' for command environment
[1.346s] DEBUG:colcon.colcon_core.event_handler.log_command:Invoking command in '/home/daniel/controlbot_ws/build/cv_bridge': CMAKE_PREFIX_PATH=${CMAKE_PREFIX_PATH}:/home/daniel/controlbot_ws/install/opencv_tests:/home/daniel/controlbot_ws/install/controller:/opt/ros/galactic /usr/bin/cmake --build /home/daniel/controlbot_ws/build/cv_bridge -- -j6 -l6
[1.363s] DEBUG:colcon.colcon_core.event_handler.log_command:Invoking command in '/home/daniel/controlbot_ws/build/image_geometry': CMAKE_PREFIX_PATH=${CMAKE_PREFIX_PATH}:/home/daniel/controlbot_ws/install/opencv_tests:/home/daniel/controlbot_ws/install/controller:/opt/ros/galactic /usr/bin/cmake --build /home/daniel/controlbot_ws/build/image_geometry -- -j6 -l6
[2.465s] DEBUG:colcon.colcon_core.event_handler.log_command:Invoked command in '/home/daniel/controlbot_ws/build/image_geometry' returned '0': CMAKE_PREFIX_PATH=${CMAKE_PREFIX_PATH}:/home/daniel/controlbot_ws/install/opencv_tests:/home/daniel/controlbot_ws/install/controller:/opt/ros/galactic /usr/bin/cmake --build /home/daniel/controlbot_ws/build/image_geometry -- -j6 -l6
[2.515s] DEBUG:colcon.colcon_core.event_handler.log_command:Invoking command in '/home/daniel/controlbot_ws/build/image_geometry': CMAKE_PREFIX_PATH=${CMAKE_PREFIX_PATH}:/home/daniel/controlbot_ws/install/opencv_tests:/home/daniel/controlbot_ws/install/controller:/opt/ros/galactic /usr/bin/cmake --install /home/daniel/controlbot_ws/build/image_geometry
[2.525s] DEBUG:colcon.colcon_core.event_handler.log_command:Invoked command in '/home/daniel/controlbot_ws/build/cv_bridge' returned '0': CMAKE_PREFIX_PATH=${CMAKE_PREFIX_PATH}:/home/daniel/controlbot_ws/install/opencv_tests:/home/daniel/controlbot_ws/install/controller:/opt/ros/galactic /usr/bin/cmake --build /home/daniel/controlbot_ws/build/cv_bridge -- -j6 -l6
[2.533s] DEBUG:colcon.colcon_core.event_handler.log_command:Invoking command in '/home/daniel/controlbot_ws/build/cv_bridge': CMAKE_PREFIX_PATH=${CMAKE_PREFIX_PATH}:/home/daniel/controlbot_ws/install/opencv_tests:/home/daniel/controlbot_ws/install/controller:/opt/ros/galactic /usr/bin/cmake --install /home/daniel/controlbot_ws/build/cv_bridge
[2.701s] Level 1:colcon.colcon_core.environment:create_environment_scripts_only(image_geometry)
[2.705s] DEBUG:colcon.colcon_core.event_handler.log_command:Invoked command in '/home/daniel/controlbot_ws/build/image_geometry' returned '0': CMAKE_PREFIX_PATH=${CMAKE_PREFIX_PATH}:/home/daniel/controlbot_ws/install/opencv_tests:/home/daniel/controlbot_ws/install/controller:/opt/ros/galactic /usr/bin/cmake --install /home/daniel/controlbot_ws/build/image_geometry
[2.716s] Level 1:colcon.colcon_core.environment:checking '/home/daniel/controlbot_ws/install/image_geometry' for CMake module files
[2.718s] Level 1:colcon.colcon_core.environment:checking '/home/daniel/controlbot_ws/install/image_geometry' for CMake config files
[2.720s] Level 1:colcon.colcon_core.shell:create_environment_hook('image_geometry', 'cmake_prefix_path')
[2.721s] INFO:colcon.colcon_core.shell:Creating environment hook '/home/daniel/controlbot_ws/install/image_geometry/share/image_geometry/hook/cmake_prefix_path.ps1'
[2.725s] INFO:colcon.colcon_core.shell:Creating environment descriptor '/home/daniel/controlbot_ws/install/image_geometry/share/image_geometry/hook/cmake_prefix_path.dsv'
[2.727s] INFO:colcon.colcon_core.shell:Creating environment hook '/home/daniel/controlbot_ws/install/image_geometry/share/image_geometry/hook/cmake_prefix_path.sh'
[2.732s] Level 1:colcon.colcon_core.environment:checking '/home/daniel/controlbot_ws/install/image_geometry/lib'
[2.733s] Level 1:colcon.colcon_core.shell:create_environment_hook('image_geometry', 'ld_library_path_lib')
[2.734s] INFO:colcon.colcon_core.shell:Creating environment hook '/home/daniel/controlbot_ws/install/image_geometry/share/image_geometry/hook/ld_library_path_lib.ps1'
[2.736s] INFO:colcon.colcon_core.shell:Creating environment descriptor '/home/daniel/controlbot_ws/install/image_geometry/share/image_geometry/hook/ld_library_path_lib.dsv'
[2.737s] INFO:colcon.colcon_core.shell:Creating environment hook '/home/daniel/controlbot_ws/install/image_geometry/share/image_geometry/hook/ld_library_path_lib.sh'
[2.738s] Level 1:colcon.colcon_core.environment:checking '/home/daniel/controlbot_ws/install/image_geometry/bin'
[2.738s] Level 1:colcon.colcon_core.environment:checking '/home/daniel/controlbot_ws/install/image_geometry/lib/pkgconfig/image_geometry.pc'
[2.739s] Level 1:colcon.colcon_core.environment:checking '/home/daniel/controlbot_ws/install/image_geometry/lib/python3.8/site-packages'
[2.739s] Level 1:colcon.colcon_core.shell:create_environment_hook('image_geometry', 'pythonpath')
[2.740s] INFO:colcon.colcon_core.shell:Creating environment hook '/home/daniel/controlbot_ws/install/image_geometry/share/image_geometry/hook/pythonpath.ps1'
[2.741s] INFO:colcon.colcon_core.shell:Creating environment descriptor '/home/daniel/controlbot_ws/install/image_geometry/share/image_geometry/hook/pythonpath.dsv'
[2.743s] INFO:colcon.colcon_core.shell:Creating environment hook '/home/daniel/controlbot_ws/install/image_geometry/share/image_geometry/hook/pythonpath.sh'
[2.744s] Level 1:colcon.colcon_core.environment:checking '/home/daniel/controlbot_ws/install/image_geometry/bin'
[2.745s] INFO:colcon.colcon_core.shell:Creating package script '/home/daniel/controlbot_ws/install/image_geometry/share/image_geometry/package.ps1'
[2.749s] INFO:colcon.colcon_core.shell:Creating package descriptor '/home/daniel/controlbot_ws/install/image_geometry/share/image_geometry/package.dsv'
[2.750s] INFO:colcon.colcon_core.shell:Creating package script '/home/daniel/controlbot_ws/install/image_geometry/share/image_geometry/package.sh'
[2.752s] INFO:colcon.colcon_core.shell:Creating package script '/home/daniel/controlbot_ws/install/image_geometry/share/image_geometry/package.bash'
[2.754s] INFO:colcon.colcon_core.shell:Creating package script '/home/daniel/controlbot_ws/install/image_geometry/share/image_geometry/package.zsh'
[2.755s] Level 1:colcon.colcon_core.environment:create_file_with_runtime_dependencies(/home/daniel/controlbot_ws/install/image_geometry/share/colcon-core/packages/image_geometry)
[2.757s] Level 1:colcon.colcon_core.environment:create_environment_scripts_only(image_geometry)
[2.757s] Level 1:colcon.colcon_core.environment:checking '/home/daniel/controlbot_ws/install/image_geometry' for CMake module files
[2.759s] Level 1:colcon.colcon_core.environment:checking '/home/daniel/controlbot_ws/install/image_geometry' for CMake config files
[2.760s] Level 1:colcon.colcon_core.shell:create_environment_hook('image_geometry', 'cmake_prefix_path')
[2.760s] INFO:colcon.colcon_core.shell:Creating environment hook '/home/daniel/controlbot_ws/install/image_geometry/share/image_geometry/hook/cmake_prefix_path.ps1'
[2.864s] INFO:colcon.colcon_core.shell:Creating environment descriptor '/home/daniel/controlbot_ws/install/image_geometry/share/image_geometry/hook/cmake_prefix_path.dsv'
[2.865s] INFO:colcon.colcon_core.shell:Creating environment hook '/home/daniel/controlbot_ws/install/image_geometry/share/image_geometry/hook/cmake_prefix_path.sh'
[2.867s] Level 1:colcon.colcon_core.environment:checking '/home/daniel/controlbot_ws/install/image_geometry/lib'
[2.868s] Level 1:colcon.colcon_core.shell:create_environment_hook('image_geometry', 'ld_library_path_lib')
[2.868s] INFO:colcon.colcon_core.shell:Creating environment hook '/home/daniel/controlbot_ws/install/image_geometry/share/image_geometry/hook/ld_library_path_lib.ps1'
[2.870s] INFO:colcon.colcon_core.shell:Creating environment descriptor '/home/daniel/controlbot_ws/install/image_geometry/share/image_geometry/hook/ld_library_path_lib.dsv'
[2.871s] INFO:colcon.colcon_core.shell:Creating environment hook '/home/daniel/controlbot_ws/install/image_geometry/share/image_geometry/hook/ld_library_path_lib.sh'
[2.872s] Level 1:colcon.colcon_core.environment:checking '/home/daniel/controlbot_ws/install/image_geometry/bin'
[2.872s] Level 1:colcon.colcon_core.environment:checking '/home/daniel/controlbot_ws/install/image_geometry/lib/pkgconfig/image_geometry.pc'
[2.873s] Level 1:colcon.colcon_core.environment:checking '/home/daniel/controlbot_ws/install/image_geometry/lib/python3.8/site-packages'
[2.873s] Level 1:colcon.colcon_core.shell:create_environment_hook('image_geometry', 'pythonpath')
[2.874s] INFO:colcon.colcon_core.shell:Creating environment hook '/home/daniel/controlbot_ws/install/image_geometry/share/image_geometry/hook/pythonpath.ps1'
[2.875s] INFO:colcon.colcon_core.shell:Creating environment descriptor '/home/daniel/controlbot_ws/install/image_geometry/share/image_geometry/hook/pythonpath.dsv'
[2.876s] INFO:colcon.colcon_core.shell:Creating environment hook '/home/daniel/controlbot_ws/install/image_geometry/share/image_geometry/hook/pythonpath.sh'
[2.877s] Level 1:colcon.colcon_core.environment:checking '/home/daniel/controlbot_ws/install/image_geometry/bin'
[2.878s] INFO:colcon.colcon_core.shell:Creating package script '/home/daniel/controlbot_ws/install/image_geometry/share/image_geometry/package.ps1'
[2.880s] INFO:colcon.colcon_core.shell:Creating package descriptor '/home/daniel/controlbot_ws/install/image_geometry/share/image_geometry/package.dsv'
[2.882s] INFO:colcon.colcon_core.shell:Creating package script '/home/daniel/controlbot_ws/install/image_geometry/share/image_geometry/package.sh'
[2.883s] INFO:colcon.colcon_core.shell:Creating package script '/home/daniel/controlbot_ws/install/image_geometry/share/image_geometry/package.bash'
[2.884s] INFO:colcon.colcon_core.shell:Creating package script '/home/daniel/controlbot_ws/install/image_geometry/share/image_geometry/package.zsh'
[2.885s] Level 1:colcon.colcon_core.environment:create_file_with_runtime_dependencies(/home/daniel/controlbot_ws/install/image_geometry/share/colcon-core/packages/image_geometry)
[2.889s] Level 1:colcon.colcon_core.environment:create_environment_scripts_only(cv_bridge)
[2.890s] Level 1:colcon.colcon_core.environment:checking '/home/daniel/controlbot_ws/install/cv_bridge' for CMake module files
[2.892s] DEBUG:colcon.colcon_core.event_handler.log_command:Invoked command in '/home/daniel/controlbot_ws/build/cv_bridge' returned '0': CMAKE_PREFIX_PATH=${CMAKE_PREFIX_PATH}:/home/daniel/controlbot_ws/install/opencv_tests:/home/daniel/controlbot_ws/install/controller:/opt/ros/galactic /usr/bin/cmake --install /home/daniel/controlbot_ws/build/cv_bridge
[2.892s] Level 1:colcon.colcon_core.environment:checking '/home/daniel/controlbot_ws/install/cv_bridge' for CMake config files
[2.894s] Level 1:colcon.colcon_core.shell:create_environment_hook('cv_bridge', 'cmake_prefix_path')
[2.894s] INFO:colcon.colcon_core.shell:Creating environment hook '/home/daniel/controlbot_ws/install/cv_bridge/share/cv_bridge/hook/cmake_prefix_path.ps1'
[2.896s] INFO:colcon.colcon_core.shell:Creating environment descriptor '/home/daniel/controlbot_ws/install/cv_bridge/share/cv_bridge/hook/cmake_prefix_path.dsv'
[2.897s] INFO:colcon.colcon_core.shell:Creating environment hook '/home/daniel/controlbot_ws/install/cv_bridge/share/cv_bridge/hook/cmake_prefix_path.sh'
[2.898s] Level 1:colcon.colcon_core.environment:checking '/home/daniel/controlbot_ws/install/cv_bridge/lib'
[2.899s] Level 1:colcon.colcon_core.shell:create_environment_hook('cv_bridge', 'ld_library_path_lib')
[2.899s] INFO:colcon.colcon_core.shell:Creating environment hook '/home/daniel/controlbot_ws/install/cv_bridge/share/cv_bridge/hook/ld_library_path_lib.ps1'
[2.901s] INFO:colcon.colcon_core.shell:Creating environment descriptor '/home/daniel/controlbot_ws/install/cv_bridge/share/cv_bridge/hook/ld_library_path_lib.dsv'
[2.902s] INFO:colcon.colcon_core.shell:Creating environment hook '/home/daniel/controlbot_ws/install/cv_bridge/share/cv_bridge/hook/ld_library_path_lib.sh'
[2.904s] Level 1:colcon.colcon_core.environment:checking '/home/daniel/controlbot_ws/install/cv_bridge/bin'
[2.904s] Level 1:colcon.colcon_core.environment:checking '/home/daniel/controlbot_ws/install/cv_bridge/lib/pkgconfig/cv_bridge.pc'
[2.904s] Level 1:colcon.colcon_core.environment:checking '/home/daniel/controlbot_ws/install/cv_bridge/lib/python3.8/site-packages'
[2.905s] Level 1:colcon.colcon_core.shell:create_environment_hook('cv_bridge', 'pythonpath')
[2.905s] INFO:colcon.colcon_core.shell:Creating environment hook '/home/daniel/controlbot_ws/install/cv_bridge/share/cv_bridge/hook/pythonpath.ps1'
[2.907s] INFO:colcon.colcon_core.shell:Creating environment descriptor '/home/daniel/controlbot_ws/install/cv_bridge/share/cv_bridge/hook/pythonpath.dsv'
[2.908s] INFO:colcon.colcon_core.shell:Creating environment hook '/home/daniel/controlbot_ws/install/cv_bridge/share/cv_bridge/hook/pythonpath.sh'
[2.910s] Level 1:colcon.colcon_core.environment:checking '/home/daniel/controlbot_ws/install/cv_bridge/bin'
[2.911s] INFO:colcon.colcon_core.shell:Creating package script '/home/daniel/controlbot_ws/install/cv_bridge/share/cv_bridge/package.ps1'
[2.912s] INFO:colcon.colcon_core.shell:Creating package descriptor '/home/daniel/controlbot_ws/install/cv_bridge/share/cv_bridge/package.dsv'
[2.914s] INFO:colcon.colcon_core.shell:Creating package script '/home/daniel/controlbot_ws/install/cv_bridge/share/cv_bridge/package.sh'
[2.915s] INFO:colcon.colcon_core.shell:Creating package script '/home/daniel/controlbot_ws/install/cv_bridge/share/cv_bridge/package.bash'
[2.916s] INFO:colcon.colcon_core.shell:Creating package script '/home/daniel/controlbot_ws/install/cv_bridge/share/cv_bridge/package.zsh'
[2.917s] Level 1:colcon.colcon_core.environment:create_file_with_runtime_dependencies(/home/daniel/controlbot_ws/install/cv_bridge/share/colcon-core/packages/cv_bridge)
[2.918s] Level 1:colcon.colcon_core.environment:create_environment_scripts_only(cv_bridge)
[2.919s] Level 1:colcon.colcon_core.environment:checking '/home/daniel/controlbot_ws/install/cv_bridge' for CMake module files
[2.920s] Level 1:colcon.colcon_core.environment:checking '/home/daniel/controlbot_ws/install/cv_bridge' for CMake config files
[2.922s] Level 1:colcon.colcon_core.shell:create_environment_hook('cv_bridge', 'cmake_prefix_path')
[2.922s] INFO:colcon.colcon_core.shell:Creating environment hook '/home/daniel/controlbot_ws/install/cv_bridge/share/cv_bridge/hook/cmake_prefix_path.ps1'
[2.923s] INFO:colcon.colcon_core.shell:Creating environment descriptor '/home/daniel/controlbot_ws/install/cv_bridge/share/cv_bridge/hook/cmake_prefix_path.dsv'
[2.924s] INFO:colcon.colcon_core.shell:Creating environment hook '/home/daniel/controlbot_ws/install/cv_bridge/share/cv_bridge/hook/cmake_prefix_path.sh'
[2.926s] Level 1:colcon.colcon_core.environment:checking '/home/daniel/controlbot_ws/install/cv_bridge/lib'
[2.926s] Level 1:colcon.colcon_core.shell:create_environment_hook('cv_bridge', 'ld_library_path_lib')
[2.926s] INFO:colcon.colcon_core.shell:Creating environment hook '/home/daniel/controlbot_ws/install/cv_bridge/share/cv_bridge/hook/ld_library_path_lib.ps1'
[2.927s] INFO:colcon.colcon_core.shell:Creating environment descriptor '/home/daniel/controlbot_ws/install/cv_bridge/share/cv_bridge/hook/ld_library_path_lib.dsv'
[2.929s] INFO:colcon.colcon_core.shell:Creating environment hook '/home/daniel/controlbot_ws/install/cv_bridge/share/cv_bridge/hook/ld_library_path_lib.sh'
[2.930s] Level 1:colcon.colcon_core.environment:checking '/home/daniel/controlbot_ws/install/cv_bridge/bin'
[2.930s] Level 1:colcon.colcon_core.environment:checking '/home/daniel/controlbot_ws/install/cv_bridge/lib/pkgconfig/cv_bridge.pc'
[2.930s] Level 1:colcon.colcon_core.environment:checking '/home/daniel/controlbot_ws/install/cv_bridge/lib/python3.8/site-packages'
[2.931s] Level 1:colcon.colcon_core.shell:create_environment_hook('cv_bridge', 'pythonpath')
[2.931s] INFO:colcon.colcon_core.shell:Creating environment hook '/home/daniel/controlbot_ws/install/cv_bridge/share/cv_bridge/hook/pythonpath.ps1'
[2.932s] INFO:colcon.colcon_core.shell:Creating environment descriptor '/home/daniel/controlbot_ws/install/cv_bridge/share/cv_bridge/hook/pythonpath.dsv'
[2.933s] INFO:colcon.colcon_core.shell:Creating environment hook '/home/daniel/controlbot_ws/install/cv_bridge/share/cv_bridge/hook/pythonpath.sh'
[2.934s] Level 1:colcon.colcon_core.environment:checking '/home/daniel/controlbot_ws/install/cv_bridge/bin'
[2.935s] INFO:colcon.colcon_core.shell:Creating package script '/home/daniel/controlbot_ws/install/cv_bridge/share/cv_bridge/package.ps1'
[2.937s] INFO:colcon.colcon_core.shell:Creating package descriptor '/home/daniel/controlbot_ws/install/cv_bridge/share/cv_bridge/package.dsv'
[2.938s] INFO:colcon.colcon_core.shell:Creating package script '/home/daniel/controlbot_ws/install/cv_bridge/share/cv_bridge/package.sh'
[2.940s] INFO:colcon.colcon_core.shell:Creating package script '/home/daniel/controlbot_ws/install/cv_bridge/share/cv_bridge/package.bash'
[2.941s] INFO:colcon.colcon_core.shell:Creating package script '/home/daniel/controlbot_ws/install/cv_bridge/share/cv_bridge/package.zsh'
[2.942s] Level 1:colcon.colcon_core.environment:create_file_with_runtime_dependencies(/home/daniel/controlbot_ws/install/cv_bridge/share/colcon-core/packages/cv_bridge)
[2.944s] INFO:colcon.colcon_ros.task.ament_python.build:Building ROS package in '/home/daniel/controlbot_ws/src/controller' with build type 'ament_python'
[2.944s] Level 1:colcon.colcon_core.shell:create_environment_hook('controller', 'ament_prefix_path')
[2.945s] INFO:colcon.colcon_core.shell:Creating environment hook '/home/daniel/controlbot_ws/install/controller/share/controller/hook/ament_prefix_path.ps1'
[2.947s] INFO:colcon.colcon_core.shell:Creating environment descriptor '/home/daniel/controlbot_ws/install/controller/share/controller/hook/ament_prefix_path.dsv'
[2.948s] INFO:colcon.colcon_core.shell:Creating environment hook '/home/daniel/controlbot_ws/install/controller/share/controller/hook/ament_prefix_path.sh'
[2.950s] INFO:colcon.colcon_core.shell:Skip shell extension 'powershell' for command environment: Not usable outside of PowerShell
[2.950s] DEBUG:colcon.colcon_core.shell:Skip shell extension 'dsv' for command environment
[2.966s] INFO:colcon.colcon_ros.task.ament_python.build:Building ROS package in '/home/daniel/controlbot_ws/src/vision_opencv/opencv_tests' with build type 'ament_python'
[2.968s] Level 1:colcon.colcon_core.shell:create_environment_hook('opencv_tests', 'ament_prefix_path')
[2.970s] INFO:colcon.colcon_core.shell:Creating environment hook '/home/daniel/controlbot_ws/install/opencv_tests/share/opencv_tests/hook/ament_prefix_path.ps1'
[2.973s] INFO:colcon.colcon_core.shell:Creating environment descriptor '/home/daniel/controlbot_ws/install/opencv_tests/share/opencv_tests/hook/ament_prefix_path.dsv'
[2.975s] INFO:colcon.colcon_core.shell:Creating environment hook '/home/daniel/controlbot_ws/install/opencv_tests/share/opencv_tests/hook/ament_prefix_path.sh'
[2.979s] INFO:colcon.colcon_core.shell:Skip shell extension 'powershell' for command environment: Not usable outside of PowerShell
[2.979s] DEBUG:colcon.colcon_core.shell:Skip shell extension 'dsv' for command environment
[3.001s] INFO:colcon.colcon_ros.task.ament_cmake.build:Building ROS package in '/home/daniel/controlbot_ws/src/vision_opencv/vision_opencv' with build type 'ament_cmake'
[3.003s] INFO:colcon.colcon_cmake.task.cmake.build:Building CMake package in '/home/daniel/controlbot_ws/src/vision_opencv/vision_opencv'
[3.004s] INFO:colcon.colcon_core.shell:Skip shell extension 'powershell' for command environment: Not usable outside of PowerShell
[3.004s] DEBUG:colcon.colcon_core.shell:Skip shell extension 'dsv' for command environment
[3.664s] INFO:colcon.colcon_core.task.python.build:Building Python package in '/home/daniel/controlbot_ws/src/controller'
[3.666s] INFO:colcon.colcon_core.shell:Skip shell extension 'powershell' for command environment: Not usable outside of PowerShell
[3.666s] DEBUG:colcon.colcon_core.shell:Skip shell extension 'dsv' for command environment
[4.320s] INFO:colcon.colcon_core.task.python.build:Building Python package in '/home/daniel/controlbot_ws/src/vision_opencv/opencv_tests'
[4.322s] INFO:colcon.colcon_core.shell:Skip shell extension 'powershell' for command environment: Not usable outside of PowerShell
[4.322s] DEBUG:colcon.colcon_core.shell:Skip shell extension 'dsv' for command environment
[4.364s] DEBUG:colcon.colcon_core.event_handler.log_command:Invoking command in '/home/daniel/controlbot_ws/build/vision_opencv': CMAKE_PREFIX_PATH=/home/daniel/controlbot_ws/install/image_geometry:/home/daniel/controlbot_ws/install/cv_bridge:/home/daniel/controlbot_ws/install/vision_opencv:/home/daniel/controlbot_ws/install/opencv_tests:/home/daniel/controlbot_ws/install/controller:/opt/ros/galactic LD_LIBRARY_PATH=/home/daniel/controlbot_ws/install/image_geometry/lib:/home/daniel/controlbot_ws/install/cv_bridge/lib:/opt/ros/galactic/opt/yaml_cpp_vendor/lib:/opt/ros/galactic/opt/rviz_ogre_vendor/lib:/opt/ros/galactic/lib/aarch64-linux-gnu:/opt/ros/galactic/lib:/usr/local/cuda-11.4/lib64 PYTHONPATH=/home/daniel/controlbot_ws/install/image_geometry/lib/python3.8/site-packages:/home/daniel/controlbot_ws/install/cv_bridge/lib/python3.8/site-packages:/home/daniel/controlbot_ws/build/opencv_tests:/home/daniel/controlbot_ws/install/opencv_tests/lib/python3.8/site-packages:/home/daniel/controlbot_ws/build/controller:/home/daniel/controlbot_ws/install/controller/lib/python3.8/site-packages:/opt/ros/galactic/lib/python3.8/site-packages /usr/bin/cmake --build /home/daniel/controlbot_ws/build/vision_opencv -- -j6 -l6
[4.510s] DEBUG:colcon.colcon_core.event_handler.log_command:Invoked command in '/home/daniel/controlbot_ws/build/vision_opencv' returned '0': CMAKE_PREFIX_PATH=/home/daniel/controlbot_ws/install/image_geometry:/home/daniel/controlbot_ws/install/cv_bridge:/home/daniel/controlbot_ws/install/vision_opencv:/home/daniel/controlbot_ws/install/opencv_tests:/home/daniel/controlbot_ws/install/controller:/opt/ros/galactic LD_LIBRARY_PATH=/home/daniel/controlbot_ws/install/image_geometry/lib:/home/daniel/controlbot_ws/install/cv_bridge/lib:/opt/ros/galactic/opt/yaml_cpp_vendor/lib:/opt/ros/galactic/opt/rviz_ogre_vendor/lib:/opt/ros/galactic/lib/aarch64-linux-gnu:/opt/ros/galactic/lib:/usr/local/cuda-11.4/lib64 PYTHONPATH=/home/daniel/controlbot_ws/install/image_geometry/lib/python3.8/site-packages:/home/daniel/controlbot_ws/install/cv_bridge/lib/python3.8/site-packages:/home/daniel/controlbot_ws/build/opencv_tests:/home/daniel/controlbot_ws/install/opencv_tests/lib/python3.8/site-packages:/home/daniel/controlbot_ws/build/controller:/home/daniel/controlbot_ws/install/controller/lib/python3.8/site-packages:/opt/ros/galactic/lib/python3.8/site-packages /usr/bin/cmake --build /home/daniel/controlbot_ws/build/vision_opencv -- -j6 -l6
[4.519s] DEBUG:colcon.colcon_core.event_handler.log_command:Invoking command in '/home/daniel/controlbot_ws/build/vision_opencv': CMAKE_PREFIX_PATH=/home/daniel/controlbot_ws/install/image_geometry:/home/daniel/controlbot_ws/install/cv_bridge:/home/daniel/controlbot_ws/install/vision_opencv:/home/daniel/controlbot_ws/install/opencv_tests:/home/daniel/controlbot_ws/install/controller:/opt/ros/galactic LD_LIBRARY_PATH=/home/daniel/controlbot_ws/install/image_geometry/lib:/home/daniel/controlbot_ws/install/cv_bridge/lib:/opt/ros/galactic/opt/yaml_cpp_vendor/lib:/opt/ros/galactic/opt/rviz_ogre_vendor/lib:/opt/ros/galactic/lib/aarch64-linux-gnu:/opt/ros/galactic/lib:/usr/local/cuda-11.4/lib64 PYTHONPATH=/home/daniel/controlbot_ws/install/image_geometry/lib/python3.8/site-packages:/home/daniel/controlbot_ws/install/cv_bridge/lib/python3.8/site-packages:/home/daniel/controlbot_ws/build/opencv_tests:/home/daniel/controlbot_ws/install/opencv_tests/lib/python3.8/site-packages:/home/daniel/controlbot_ws/build/controller:/home/daniel/controlbot_ws/install/controller/lib/python3.8/site-packages:/opt/ros/galactic/lib/python3.8/site-packages /usr/bin/cmake --install /home/daniel/controlbot_ws/build/vision_opencv
[4.594s] Level 1:colcon.colcon_core.environment:create_environment_scripts_only(vision_opencv)
[4.595s] Level 1:colcon.colcon_core.environment:checking '/home/daniel/controlbot_ws/install/vision_opencv' for CMake module files
[4.597s] Level 1:colcon.colcon_core.environment:checking '/home/daniel/controlbot_ws/install/vision_opencv' for CMake config files
[4.598s] Level 1:colcon.colcon_core.shell:create_environment_hook('vision_opencv', 'cmake_prefix_path')
[4.599s] INFO:colcon.colcon_core.shell:Creating environment hook '/home/daniel/controlbot_ws/install/vision_opencv/share/vision_opencv/hook/cmake_prefix_path.ps1'
[4.602s] DEBUG:colcon.colcon_core.event_handler.log_command:Invoked command in '/home/daniel/controlbot_ws/build/vision_opencv' returned '0': CMAKE_PREFIX_PATH=/home/daniel/controlbot_ws/install/image_geometry:/home/daniel/controlbot_ws/install/cv_bridge:/home/daniel/controlbot_ws/install/vision_opencv:/home/daniel/controlbot_ws/install/opencv_tests:/home/daniel/controlbot_ws/install/controller:/opt/ros/galactic LD_LIBRARY_PATH=/home/daniel/controlbot_ws/install/image_geometry/lib:/home/daniel/controlbot_ws/install/cv_bridge/lib:/opt/ros/galactic/opt/yaml_cpp_vendor/lib:/opt/ros/galactic/opt/rviz_ogre_vendor/lib:/opt/ros/galactic/lib/aarch64-linux-gnu:/opt/ros/galactic/lib:/usr/local/cuda-11.4/lib64 PYTHONPATH=/home/daniel/controlbot_ws/install/image_geometry/lib/python3.8/site-packages:/home/daniel/controlbot_ws/install/cv_bridge/lib/python3.8/site-packages:/home/daniel/controlbot_ws/build/opencv_tests:/home/daniel/controlbot_ws/install/opencv_tests/lib/python3.8/site-packages:/home/daniel/controlbot_ws/build/controller:/home/daniel/controlbot_ws/install/controller/lib/python3.8/site-packages:/opt/ros/galactic/lib/python3.8/site-packages /usr/bin/cmake --install /home/daniel/controlbot_ws/build/vision_opencv
[4.603s] INFO:colcon.colcon_core.shell:Creating environment descriptor '/home/daniel/controlbot_ws/install/vision_opencv/share/vision_opencv/hook/cmake_prefix_path.dsv'
[4.609s] INFO:colcon.colcon_core.shell:Creating environment hook '/home/daniel/controlbot_ws/install/vision_opencv/share/vision_opencv/hook/cmake_prefix_path.sh'
[4.612s] Level 1:colcon.colcon_core.environment:checking '/home/daniel/controlbot_ws/install/vision_opencv/bin'
[4.612s] Level 1:colcon.colcon_core.environment:checking '/home/daniel/controlbot_ws/install/vision_opencv/lib/pkgconfig/vision_opencv.pc'
[4.613s] Level 1:colcon.colcon_core.environment:checking '/home/daniel/controlbot_ws/install/vision_opencv/lib/python3.8/site-packages'
[4.613s] Level 1:colcon.colcon_core.environment:checking '/home/daniel/controlbot_ws/install/vision_opencv/bin'
[4.615s] INFO:colcon.colcon_core.shell:Creating package script '/home/daniel/controlbot_ws/install/vision_opencv/share/vision_opencv/package.ps1'
[4.616s] INFO:colcon.colcon_core.shell:Creating package descriptor '/home/daniel/controlbot_ws/install/vision_opencv/share/vision_opencv/package.dsv'
[4.618s] INFO:colcon.colcon_core.shell:Creating package script '/home/daniel/controlbot_ws/install/vision_opencv/share/vision_opencv/package.sh'
[4.619s] INFO:colcon.colcon_core.shell:Creating package script '/home/daniel/controlbot_ws/install/vision_opencv/share/vision_opencv/package.bash'
[4.620s] INFO:colcon.colcon_core.shell:Creating package script '/home/daniel/controlbot_ws/install/vision_opencv/share/vision_opencv/package.zsh'
[4.622s] Level 1:colcon.colcon_core.environment:create_file_with_runtime_dependencies(/home/daniel/controlbot_ws/install/vision_opencv/share/colcon-core/packages/vision_opencv)
[4.623s] Level 1:colcon.colcon_core.environment:create_environment_scripts_only(vision_opencv)
[4.624s] Level 1:colcon.colcon_core.environment:checking '/home/daniel/controlbot_ws/install/vision_opencv' for CMake module files
[4.625s] Level 1:colcon.colcon_core.environment:checking '/home/daniel/controlbot_ws/install/vision_opencv' for CMake config files
[4.626s] Level 1:colcon.colcon_core.shell:create_environment_hook('vision_opencv', 'cmake_prefix_path')
[4.627s] INFO:colcon.colcon_core.shell:Creating environment hook '/home/daniel/controlbot_ws/install/vision_opencv/share/vision_opencv/hook/cmake_prefix_path.ps1'
[4.742s] INFO:colcon.colcon_core.shell:Creating environment descriptor '/home/daniel/controlbot_ws/install/vision_opencv/share/vision_opencv/hook/cmake_prefix_path.dsv'
[4.745s] INFO:colcon.colcon_core.shell:Creating environment hook '/home/daniel/controlbot_ws/install/vision_opencv/share/vision_opencv/hook/cmake_prefix_path.sh'
[4.747s] Level 1:colcon.colcon_core.environment:checking '/home/daniel/controlbot_ws/install/vision_opencv/bin'
[4.748s] Level 1:colcon.colcon_core.environment:checking '/home/daniel/controlbot_ws/install/vision_opencv/lib/pkgconfig/vision_opencv.pc'
[4.748s] Level 1:colcon.colcon_core.environment:checking '/home/daniel/controlbot_ws/install/vision_opencv/lib/python3.8/site-packages'
[4.749s] Level 1:colcon.colcon_core.environment:checking '/home/daniel/controlbot_ws/install/vision_opencv/bin'
[4.750s] INFO:colcon.colcon_core.shell:Creating package script '/home/daniel/controlbot_ws/install/vision_opencv/share/vision_opencv/package.ps1'
[4.752s] INFO:colcon.colcon_core.shell:Creating package descriptor '/home/daniel/controlbot_ws/install/vision_opencv/share/vision_opencv/package.dsv'
[4.753s] INFO:colcon.colcon_core.shell:Creating package script '/home/daniel/controlbot_ws/install/vision_opencv/share/vision_opencv/package.sh'
[4.754s] INFO:colcon.colcon_core.shell:Creating package script '/home/daniel/controlbot_ws/install/vision_opencv/share/vision_opencv/package.bash'
[4.756s] INFO:colcon.colcon_core.shell:Creating package script '/home/daniel/controlbot_ws/install/vision_opencv/share/vision_opencv/package.zsh'
[4.757s] Level 1:colcon.colcon_core.environment:create_file_with_runtime_dependencies(/home/daniel/controlbot_ws/install/vision_opencv/share/colcon-core/packages/vision_opencv)
[5.762s] DEBUG:colcon.colcon_core.event_handler.log_command:Invoking command in '/home/daniel/controlbot_ws/build/opencv_tests': CMAKE_PREFIX_PATH=/home/daniel/controlbot_ws/install/cv_bridge:/home/daniel/controlbot_ws/install/vision_opencv:/home/daniel/controlbot_ws/install/image_geometry LD_LIBRARY_PATH=/home/daniel/controlbot_ws/install/cv_bridge/lib:/home/daniel/controlbot_ws/install/image_geometry/lib:/opt/ros/galactic/opt/yaml_cpp_vendor/lib:/opt/ros/galactic/opt/rviz_ogre_vendor/lib:/opt/ros/galactic/lib/aarch64-linux-gnu:/opt/ros/galactic/lib:/usr/local/cuda-11.4/lib64 PYTHONPATH=/home/daniel/controlbot_ws/build/opencv_tests/prefix_override:/usr/lib/python3/dist-packages/colcon_core/task/python/colcon_distutils_commands:/home/daniel/controlbot_ws/install/opencv_tests/lib/python3.8/site-packages:/home/daniel/controlbot_ws/install/cv_bridge/lib/python3.8/site-packages:/home/daniel/controlbot_ws/build/opencv_tests:/home/daniel/controlbot_ws/install/opencv_tests/lib/python3.8/site-packages:/home/daniel/controlbot_ws/install/image_geometry/lib/python3.8/site-packages:/home/daniel/controlbot_ws/build/controller:/home/daniel/controlbot_ws/install/controller/lib/python3.8/site-packages:/opt/ros/galactic/lib/python3.8/site-packages /usr/bin/python3 -W ignore:setup.py install is deprecated -W ignore:easy_install command is deprecated setup.py develop --editable --build-directory /home/daniel/controlbot_ws/build/opencv_tests/build --no-deps symlink_data
[5.797s] DEBUG:colcon.colcon_core.event_handler.log_command:Invoking command in '/home/daniel/controlbot_ws/build/controller': CMAKE_PREFIX_PATH=/home/daniel/controlbot_ws/install/cv_bridge:/home/daniel/controlbot_ws/install/vision_opencv:/home/daniel/controlbot_ws/install/image_geometry LD_LIBRARY_PATH=/home/daniel/controlbot_ws/install/cv_bridge/lib:/home/daniel/controlbot_ws/install/image_geometry/lib:/opt/ros/galactic/opt/yaml_cpp_vendor/lib:/opt/ros/galactic/opt/rviz_ogre_vendor/lib:/opt/ros/galactic/lib/aarch64-linux-gnu:/opt/ros/galactic/lib:/usr/local/cuda-11.4/lib64 PYTHONPATH=/home/daniel/controlbot_ws/build/controller/prefix_override:/usr/lib/python3/dist-packages/colcon_core/task/python/colcon_distutils_commands:/home/daniel/controlbot_ws/install/controller/lib/python3.8/site-packages:/home/daniel/controlbot_ws/install/cv_bridge/lib/python3.8/site-packages:/home/daniel/controlbot_ws/build/opencv_tests:/home/daniel/controlbot_ws/install/opencv_tests/lib/python3.8/site-packages:/home/daniel/controlbot_ws/install/image_geometry/lib/python3.8/site-packages:/home/daniel/controlbot_ws/build/controller:/home/daniel/controlbot_ws/install/controller/lib/python3.8/site-packages:/opt/ros/galactic/lib/python3.8/site-packages /usr/bin/python3 -W ignore:setup.py install is deprecated -W ignore:easy_install command is deprecated setup.py develop --editable --build-directory /home/daniel/controlbot_ws/build/controller/build --no-deps symlink_data
[7.119s] Level 1:colcon.colcon_core.shell:create_environment_hook('opencv_tests', 'pythonpath_develop')
[7.121s] INFO:colcon.colcon_core.shell:Creating environment hook '/home/daniel/controlbot_ws/build/opencv_tests/share/opencv_tests/hook/pythonpath_develop.ps1'
[7.123s] DEBUG:colcon.colcon_core.event_handler.log_command:Invoked command in '/home/daniel/controlbot_ws/build/opencv_tests' returned '0': CMAKE_PREFIX_PATH=/home/daniel/controlbot_ws/install/cv_bridge:/home/daniel/controlbot_ws/install/vision_opencv:/home/daniel/controlbot_ws/install/image_geometry LD_LIBRARY_PATH=/home/daniel/controlbot_ws/install/cv_bridge/lib:/home/daniel/controlbot_ws/install/image_geometry/lib:/opt/ros/galactic/opt/yaml_cpp_vendor/lib:/opt/ros/galactic/opt/rviz_ogre_vendor/lib:/opt/ros/galactic/lib/aarch64-linux-gnu:/opt/ros/galactic/lib:/usr/local/cuda-11.4/lib64 PYTHONPATH=/home/daniel/controlbot_ws/build/opencv_tests/prefix_override:/usr/lib/python3/dist-packages/colcon_core/task/python/colcon_distutils_commands:/home/daniel/controlbot_ws/install/opencv_tests/lib/python3.8/site-packages:/home/daniel/controlbot_ws/install/cv_bridge/lib/python3.8/site-packages:/home/daniel/controlbot_ws/build/opencv_tests:/home/daniel/controlbot_ws/install/opencv_tests/lib/python3.8/site-packages:/home/daniel/controlbot_ws/install/image_geometry/lib/python3.8/site-packages:/home/daniel/controlbot_ws/build/controller:/home/daniel/controlbot_ws/install/controller/lib/python3.8/site-packages:/opt/ros/galactic/lib/python3.8/site-packages /usr/bin/python3 -W ignore:setup.py install is deprecated -W ignore:easy_install command is deprecated setup.py develop --editable --build-directory /home/daniel/controlbot_ws/build/opencv_tests/build --no-deps symlink_data
[7.126s] INFO:colcon.colcon_core.shell:Creating environment descriptor '/home/daniel/controlbot_ws/build/opencv_tests/share/opencv_tests/hook/pythonpath_develop.dsv'
[7.128s] INFO:colcon.colcon_core.shell:Creating environment hook '/home/daniel/controlbot_ws/build/opencv_tests/share/opencv_tests/hook/pythonpath_develop.sh'
[7.135s] Level 1:colcon.colcon_core.environment:checking '/home/daniel/controlbot_ws/install/opencv_tests' for CMake module files
[7.136s] Level 1:colcon.colcon_core.environment:checking '/home/daniel/controlbot_ws/install/opencv_tests' for CMake config files
[7.139s] Level 1:colcon.colcon_core.environment:checking '/home/daniel/controlbot_ws/install/opencv_tests/lib'
[7.139s] Level 1:colcon.colcon_core.environment:checking '/home/daniel/controlbot_ws/install/opencv_tests/bin'
[7.139s] Level 1:colcon.colcon_core.environment:checking '/home/daniel/controlbot_ws/install/opencv_tests/lib/pkgconfig/opencv_tests.pc'
[7.140s] Level 1:colcon.colcon_core.environment:checking '/home/daniel/controlbot_ws/install/opencv_tests/lib/python3.8/site-packages'
[7.140s] Level 1:colcon.colcon_core.shell:create_environment_hook('opencv_tests', 'pythonpath')
[7.141s] INFO:colcon.colcon_core.shell:Creating environment hook '/home/daniel/controlbot_ws/install/opencv_tests/share/opencv_tests/hook/pythonpath.ps1'
[7.142s] INFO:colcon.colcon_core.shell:Creating environment descriptor '/home/daniel/controlbot_ws/install/opencv_tests/share/opencv_tests/hook/pythonpath.dsv'
[7.143s] INFO:colcon.colcon_core.shell:Creating environment hook '/home/daniel/controlbot_ws/install/opencv_tests/share/opencv_tests/hook/pythonpath.sh'
[7.145s] Level 1:colcon.colcon_core.environment:checking '/home/daniel/controlbot_ws/install/opencv_tests/bin'
[7.145s] Level 1:colcon.colcon_core.environment:create_environment_scripts_only(opencv_tests)
[7.146s] INFO:colcon.colcon_core.shell:Creating package script '/home/daniel/controlbot_ws/install/opencv_tests/share/opencv_tests/package.ps1'
[7.149s] INFO:colcon.colcon_core.shell:Creating package descriptor '/home/daniel/controlbot_ws/install/opencv_tests/share/opencv_tests/package.dsv'
[7.151s] INFO:colcon.colcon_core.shell:Creating package script '/home/daniel/controlbot_ws/install/opencv_tests/share/opencv_tests/package.sh'
[7.153s] INFO:colcon.colcon_core.shell:Creating package script '/home/daniel/controlbot_ws/install/opencv_tests/share/opencv_tests/package.bash'
[7.154s] INFO:colcon.colcon_core.shell:Creating package script '/home/daniel/controlbot_ws/install/opencv_tests/share/opencv_tests/package.zsh'
[7.155s] Level 1:colcon.colcon_core.environment:create_file_with_runtime_dependencies(/home/daniel/controlbot_ws/install/opencv_tests/share/colcon-core/packages/opencv_tests)
[7.158s] Level 1:colcon.colcon_core.shell:create_environment_hook('controller', 'pythonpath_develop')
[7.159s] INFO:colcon.colcon_core.shell:Creating environment hook '/home/daniel/controlbot_ws/build/controller/share/controller/hook/pythonpath_develop.ps1'
[7.161s] DEBUG:colcon.colcon_core.event_handler.log_command:Invoked command in '/home/daniel/controlbot_ws/build/controller' returned '0': CMAKE_PREFIX_PATH=/home/daniel/controlbot_ws/install/cv_bridge:/home/daniel/controlbot_ws/install/vision_opencv:/home/daniel/controlbot_ws/install/image_geometry LD_LIBRARY_PATH=/home/daniel/controlbot_ws/install/cv_bridge/lib:/home/daniel/controlbot_ws/install/image_geometry/lib:/opt/ros/galactic/opt/yaml_cpp_vendor/lib:/opt/ros/galactic/opt/rviz_ogre_vendor/lib:/opt/ros/galactic/lib/aarch64-linux-gnu:/opt/ros/galactic/lib:/usr/local/cuda-11.4/lib64 PYTHONPATH=/home/daniel/controlbot_ws/build/controller/prefix_override:/usr/lib/python3/dist-packages/colcon_core/task/python/colcon_distutils_commands:/home/daniel/controlbot_ws/install/controller/lib/python3.8/site-packages:/home/daniel/controlbot_ws/install/cv_bridge/lib/python3.8/site-packages:/home/daniel/controlbot_ws/build/opencv_tests:/home/daniel/controlbot_ws/install/opencv_tests/lib/python3.8/site-packages:/home/daniel/controlbot_ws/install/image_geometry/lib/python3.8/site-packages:/home/daniel/controlbot_ws/build/controller:/home/daniel/controlbot_ws/install/controller/lib/python3.8/site-packages:/opt/ros/galactic/lib/python3.8/site-packages /usr/bin/python3 -W ignore:setup.py install is deprecated -W ignore:easy_install command is deprecated setup.py develop --editable --build-directory /home/daniel/controlbot_ws/build/controller/build --no-deps symlink_data
[7.162s] INFO:colcon.colcon_core.shell:Creating environment descriptor '/home/daniel/controlbot_ws/build/controller/share/controller/hook/pythonpath_develop.dsv'
[7.163s] INFO:colcon.colcon_core.shell:Creating environment hook '/home/daniel/controlbot_ws/build/controller/share/controller/hook/pythonpath_develop.sh'
[7.165s] Level 1:colcon.colcon_core.environment:checking '/home/daniel/controlbot_ws/install/controller' for CMake module files
[7.166s] Level 1:colcon.colcon_core.environment:checking '/home/daniel/controlbot_ws/install/controller' for CMake config files
[7.167s] Level 1:colcon.colcon_core.environment:checking '/home/daniel/controlbot_ws/install/controller/lib'
[7.167s] Level 1:colcon.colcon_core.environment:checking '/home/daniel/controlbot_ws/install/controller/bin'
[7.168s] Level 1:colcon.colcon_core.environment:checking '/home/daniel/controlbot_ws/install/controller/lib/pkgconfig/controller.pc'
[7.168s] Level 1:colcon.colcon_core.environment:checking '/home/daniel/controlbot_ws/install/controller/lib/python3.8/site-packages'
[7.168s] Level 1:colcon.colcon_core.shell:create_environment_hook('controller', 'pythonpath')
[7.169s] INFO:colcon.colcon_core.shell:Creating environment hook '/home/daniel/controlbot_ws/install/controller/share/controller/hook/pythonpath.ps1'
[7.170s] INFO:colcon.colcon_core.shell:Creating environment descriptor '/home/daniel/controlbot_ws/install/controller/share/controller/hook/pythonpath.dsv'
[7.171s] INFO:colcon.colcon_core.shell:Creating environment hook '/home/daniel/controlbot_ws/install/controller/share/controller/hook/pythonpath.sh'
[7.172s] Level 1:colcon.colcon_core.environment:checking '/home/daniel/controlbot_ws/install/controller/bin'
[7.172s] Level 1:colcon.colcon_core.environment:create_environment_scripts_only(controller)
[7.173s] INFO:colcon.colcon_core.shell:Creating package script '/home/daniel/controlbot_ws/install/controller/share/controller/package.ps1'
[7.174s] INFO:colcon.colcon_core.shell:Creating package descriptor '/home/daniel/controlbot_ws/install/controller/share/controller/package.dsv'
[7.175s] INFO:colcon.colcon_core.shell:Creating package script '/home/daniel/controlbot_ws/install/controller/share/controller/package.sh'
[7.177s] INFO:colcon.colcon_core.shell:Creating package script '/home/daniel/controlbot_ws/install/controller/share/controller/package.bash'
[7.177s] INFO:colcon.colcon_core.shell:Creating package script '/home/daniel/controlbot_ws/install/controller/share/controller/package.zsh'
[7.178s] Level 1:colcon.colcon_core.environment:create_file_with_runtime_dependencies(/home/daniel/controlbot_ws/install/controller/share/colcon-core/packages/controller)
[7.179s] DEBUG:colcon.colcon_parallel_executor.executor.parallel:closing loop
[7.180s] DEBUG:colcon.colcon_parallel_executor.executor.parallel:loop closed
[7.180s] DEBUG:colcon.colcon_parallel_executor.executor.parallel:run_until_complete finished with '0'
[7.181s] DEBUG:colcon.colcon_core.event_reactor:joining thread
[7.196s] INFO:colcon.colcon_core.plugin_system:Skipping extension 'colcon_notification.desktop_notification.terminal_notifier': Not used on non-Darwin systems
[7.196s] INFO:colcon.colcon_core.plugin_system:Skipping extension 'colcon_notification.desktop_notification.win32': Not used on non-Windows systems
[7.197s] INFO:colcon.colcon_notification.desktop_notification:Sending desktop notification using 'notify2'
[7.247s] DEBUG:colcon.colcon_core.event_reactor:joined thread
[7.249s] INFO:colcon.colcon_core.shell:Creating prefix script '/home/daniel/controlbot_ws/install/local_setup.ps1'
[7.252s] INFO:colcon.colcon_core.shell:Creating prefix util module '/home/daniel/controlbot_ws/install/_local_setup_util_ps1.py'
[7.256s] INFO:colcon.colcon_core.shell:Creating prefix chain script '/home/daniel/controlbot_ws/install/setup.ps1'
[7.259s] INFO:colcon.colcon_core.shell:Creating prefix script '/home/daniel/controlbot_ws/install/local_setup.sh'
[7.260s] INFO:colcon.colcon_core.shell:Creating prefix util module '/home/daniel/controlbot_ws/install/_local_setup_util_sh.py'
[7.261s] INFO:colcon.colcon_core.shell:Creating prefix chain script '/home/daniel/controlbot_ws/install/setup.sh'
[7.264s] INFO:colcon.colcon_core.shell:Creating prefix script '/home/daniel/controlbot_ws/install/local_setup.bash'
[7.265s] INFO:colcon.colcon_core.shell:Creating prefix chain script '/home/daniel/controlbot_ws/install/setup.bash'
[7.268s] INFO:colcon.colcon_core.shell:Creating prefix script '/home/daniel/controlbot_ws/install/local_setup.zsh'
[7.269s] INFO:colcon.colcon_core.shell:Creating prefix chain script '/home/daniel/controlbot_ws/install/setup.zsh'
