[1.896s] Invoking command in '/home/daniel/controlbot_ws/src/controller': PYTHONPATH=/home/daniel/controlbot_ws/build/controller/prefix_override:/usr/lib/python3/dist-packages/colcon_core/task/python/colcon_distutils_commands:/home/daniel/controlbot_ws/install/controller/lib/python3.10/site-packages:${PYTHONPATH} /usr/bin/python3 -W ignore:setup.py install is deprecated -W ignore:easy_install command is deprecated setup.py egg_info --egg-base ../../build/controller build --build-base /home/daniel/controlbot_ws/build/controller/build install --record /home/daniel/controlbot_ws/build/controller/install.log --single-version-externally-managed install_data
[2.401s] running egg_info
[2.402s] writing ../../build/controller/controller.egg-info/PKG-INFO
[2.402s] writing dependency_links to ../../build/controller/controller.egg-info/dependency_links.txt
[2.402s] writing entry points to ../../build/controller/controller.egg-info/entry_points.txt
[2.403s] writing requirements to ../../build/controller/controller.egg-info/requires.txt
[2.403s] writing top-level names to ../../build/controller/controller.egg-info/top_level.txt
[2.407s] reading manifest file '../../build/controller/controller.egg-info/SOURCES.txt'
[2.407s] adding license file 'LICENSE'
[2.408s] writing manifest file '../../build/controller/controller.egg-info/SOURCES.txt'
[2.409s] running build
[2.409s] running build_py
[2.409s] running install
[2.410s] running install_lib
[2.413s] running install_data
[2.413s] running install_egg_info
[2.417s] removing '/home/daniel/controlbot_ws/install/controller/lib/python3.10/site-packages/controller-0.0.0-py3.10.egg-info' (and everything under it)
[2.418s] Copying ../../build/controller/controller.egg-info to /home/daniel/controlbot_ws/install/controller/lib/python3.10/site-packages/controller-0.0.0-py3.10.egg-info
[2.420s] running install_scripts
[2.466s] Installing hl_ctrl script to /home/daniel/controlbot_ws/install/controller/lib/controller
[2.466s] Installing hw_interface script to /home/daniel/controlbot_ws/install/controller/lib/controller
[2.466s] Installing mtr_ctrl script to /home/daniel/controlbot_ws/install/controller/lib/controller
[2.467s] writing list of installed files to '/home/daniel/controlbot_ws/build/controller/install.log'
[2.577s] Invoked command in '/home/daniel/controlbot_ws/src/controller' returned '0': PYTHONPATH=/home/daniel/controlbot_ws/build/controller/prefix_override:/usr/lib/python3/dist-packages/colcon_core/task/python/colcon_distutils_commands:/home/daniel/controlbot_ws/install/controller/lib/python3.10/site-packages:${PYTHONPATH} /usr/bin/python3 -W ignore:setup.py install is deprecated -W ignore:easy_install command is deprecated setup.py egg_info --egg-base ../../build/controller build --build-base /home/daniel/controlbot_ws/build/controller/build install --record /home/daniel/controlbot_ws/build/controller/install.log --single-version-externally-managed install_data
