[0.642s] DEBUG:colcon:Command line arguments: ['/usr/bin/colcon', 'build', '--packages-select', 'controller', '--symlink-install']
[0.642s] DEBUG:colcon:Parsed command line arguments: Namespace(allow_overriding=[], ament_cmake_args=None, base_paths=['.'], build_base='build', catkin_cmake_args=None, catkin_skip_building_tests=False, cmake_args=None, cmake_clean_cache=False, cmake_clean_first=False, cmake_force_configure=False, cmake_target=None, cmake_target_skip_unavailable=False, continue_on_error=False, event_handlers=None, executor='parallel', ignore_user_meta=False, install_base='install', log_base=None, log_level=None, main=<bound method BuildVerb.main of <colcon_core.verb.build.BuildVerb object at 0xffffaacc42e0>>, merge_install=False, metas=['./colcon.meta'], packages_above=None, packages_above_and_dependencies=None, packages_above_depth=None, packages_end=None, packages_ignore=None, packages_ignore_regex=None, packages_select=['controller'], packages_select_build_failed=False, packages_select_by_dep=None, packages_select_regex=None, packages_select_test_failures=False, packages_skip=None, packages_skip_build_finished=False, packages_skip_by_dep=None, packages_skip_regex=None, packages_skip_test_passed=False, packages_skip_up_to=None, packages_start=None, packages_up_to=None, packages_up_to_regex=None, parallel_workers=6, paths=None, symlink_install=True, test_result_base=None, verb_extension=<colcon_core.verb.build.BuildVerb object at 0xffffaacc42e0>, verb_name='build', verb_parser=<colcon_defaults.argument_parser.defaults.DefaultArgumentsDecorator object at 0xffffaabfe3d0>)
[1.515s] Level 1:colcon.colcon_core.package_discovery:discover_packages(colcon_meta) check parameters
[1.516s] Level 1:colcon.colcon_core.package_discovery:discover_packages(recursive) check parameters
[1.516s] Level 1:colcon.colcon_core.package_discovery:discover_packages(ignore) check parameters
[1.516s] Level 1:colcon.colcon_core.package_discovery:discover_packages(path) check parameters
[1.516s] Level 1:colcon.colcon_core.package_discovery:discover_packages(colcon_meta) discover
[1.516s] Level 1:colcon.colcon_core.package_discovery:discover_packages(recursive) discover
[1.516s] INFO:colcon.colcon_core.package_discovery:Crawling recursively for packages in '/home/daniel/controlbot_ws'
[1.517s] Level 1:colcon.colcon_core.package_identification:_identify(.) by extensions ['ignore', 'ignore_ament_install']
[1.517s] Level 1:colcon.colcon_core.package_identification:_identify(.) by extension 'ignore'
[1.517s] Level 1:colcon.colcon_core.package_identification:_identify(.) by extension 'ignore_ament_install'
[1.517s] Level 1:colcon.colcon_core.package_identification:_identify(.) by extensions ['colcon_pkg']
[1.517s] Level 1:colcon.colcon_core.package_identification:_identify(.) by extension 'colcon_pkg'
[1.518s] Level 1:colcon.colcon_core.package_identification:_identify(.) by extensions ['colcon_meta']
[1.518s] Level 1:colcon.colcon_core.package_identification:_identify(.) by extension 'colcon_meta'
[1.518s] Level 1:colcon.colcon_core.package_identification:_identify(.) by extensions ['ros']
[1.518s] Level 1:colcon.colcon_core.package_identification:_identify(.) by extension 'ros'
[1.561s] Level 1:colcon.colcon_core.package_identification:_identify(.) by extensions ['cmake', 'python']
[1.561s] Level 1:colcon.colcon_core.package_identification:_identify(.) by extension 'cmake'
[1.561s] Level 1:colcon.colcon_core.package_identification:_identify(.) by extension 'python'
[1.562s] Level 1:colcon.colcon_core.package_identification:_identify(.) by extensions ['python_setup_py']
[1.562s] Level 1:colcon.colcon_core.package_identification:_identify(.) by extension 'python_setup_py'
[1.562s] Level 1:colcon.colcon_core.package_identification:_identify(build) by extensions ['ignore', 'ignore_ament_install']
[1.562s] Level 1:colcon.colcon_core.package_identification:_identify(build) by extension 'ignore'
[1.562s] Level 1:colcon.colcon_core.package_identification:_identify(build) ignored
[1.563s] Level 1:colcon.colcon_core.package_identification:_identify(install) by extensions ['ignore', 'ignore_ament_install']
[1.563s] Level 1:colcon.colcon_core.package_identification:_identify(install) by extension 'ignore'
[1.563s] Level 1:colcon.colcon_core.package_identification:_identify(install) ignored
[1.563s] Level 1:colcon.colcon_core.package_identification:_identify(launch) by extensions ['ignore', 'ignore_ament_install']
[1.564s] Level 1:colcon.colcon_core.package_identification:_identify(launch) by extension 'ignore'
[1.564s] Level 1:colcon.colcon_core.package_identification:_identify(launch) by extension 'ignore_ament_install'
[1.564s] Level 1:colcon.colcon_core.package_identification:_identify(launch) by extensions ['colcon_pkg']
[1.564s] Level 1:colcon.colcon_core.package_identification:_identify(launch) by extension 'colcon_pkg'
[1.564s] Level 1:colcon.colcon_core.package_identification:_identify(launch) by extensions ['colcon_meta']
[1.564s] Level 1:colcon.colcon_core.package_identification:_identify(launch) by extension 'colcon_meta'
[1.564s] Level 1:colcon.colcon_core.package_identification:_identify(launch) by extensions ['ros']
[1.564s] Level 1:colcon.colcon_core.package_identification:_identify(launch) by extension 'ros'
[1.565s] Level 1:colcon.colcon_core.package_identification:_identify(launch) by extensions ['cmake', 'python']
[1.565s] Level 1:colcon.colcon_core.package_identification:_identify(launch) by extension 'cmake'
[1.565s] Level 1:colcon.colcon_core.package_identification:_identify(launch) by extension 'python'
[1.565s] Level 1:colcon.colcon_core.package_identification:_identify(launch) by extensions ['python_setup_py']
[1.565s] Level 1:colcon.colcon_core.package_identification:_identify(launch) by extension 'python_setup_py'
[1.565s] Level 1:colcon.colcon_core.package_identification:_identify(launch/__pycache__) by extensions ['ignore', 'ignore_ament_install']
[1.566s] Level 1:colcon.colcon_core.package_identification:_identify(launch/__pycache__) by extension 'ignore'
[1.566s] Level 1:colcon.colcon_core.package_identification:_identify(launch/__pycache__) by extension 'ignore_ament_install'
[1.566s] Level 1:colcon.colcon_core.package_identification:_identify(launch/__pycache__) by extensions ['colcon_pkg']
[1.566s] Level 1:colcon.colcon_core.package_identification:_identify(launch/__pycache__) by extension 'colcon_pkg'
[1.566s] Level 1:colcon.colcon_core.package_identification:_identify(launch/__pycache__) by extensions ['colcon_meta']
[1.566s] Level 1:colcon.colcon_core.package_identification:_identify(launch/__pycache__) by extension 'colcon_meta'
[1.566s] Level 1:colcon.colcon_core.package_identification:_identify(launch/__pycache__) by extensions ['ros']
[1.566s] Level 1:colcon.colcon_core.package_identification:_identify(launch/__pycache__) by extension 'ros'
[1.567s] Level 1:colcon.colcon_core.package_identification:_identify(launch/__pycache__) by extensions ['cmake', 'python']
[1.567s] Level 1:colcon.colcon_core.package_identification:_identify(launch/__pycache__) by extension 'cmake'
[1.567s] Level 1:colcon.colcon_core.package_identification:_identify(launch/__pycache__) by extension 'python'
[1.567s] Level 1:colcon.colcon_core.package_identification:_identify(launch/__pycache__) by extensions ['python_setup_py']
[1.567s] Level 1:colcon.colcon_core.package_identification:_identify(launch/__pycache__) by extension 'python_setup_py'
[1.567s] Level 1:colcon.colcon_core.package_identification:_identify(log) by extensions ['ignore', 'ignore_ament_install']
[1.567s] Level 1:colcon.colcon_core.package_identification:_identify(log) by extension 'ignore'
[1.568s] Level 1:colcon.colcon_core.package_identification:_identify(log) ignored
[1.708s] Level 1:colcon.colcon_core.package_identification:_identify(python_playground) by extensions ['ignore', 'ignore_ament_install']
[1.709s] Level 1:colcon.colcon_core.package_identification:_identify(python_playground) by extension 'ignore'
[1.709s] Level 1:colcon.colcon_core.package_identification:_identify(python_playground) by extension 'ignore_ament_install'
[1.710s] Level 1:colcon.colcon_core.package_identification:_identify(python_playground) by extensions ['colcon_pkg']
[1.710s] Level 1:colcon.colcon_core.package_identification:_identify(python_playground) by extension 'colcon_pkg'
[1.710s] Level 1:colcon.colcon_core.package_identification:_identify(python_playground) by extensions ['colcon_meta']
[1.710s] Level 1:colcon.colcon_core.package_identification:_identify(python_playground) by extension 'colcon_meta'
[1.710s] Level 1:colcon.colcon_core.package_identification:_identify(python_playground) by extensions ['ros']
[1.710s] Level 1:colcon.colcon_core.package_identification:_identify(python_playground) by extension 'ros'
[1.711s] Level 1:colcon.colcon_core.package_identification:_identify(python_playground) by extensions ['cmake', 'python']
[1.711s] Level 1:colcon.colcon_core.package_identification:_identify(python_playground) by extension 'cmake'
[1.711s] Level 1:colcon.colcon_core.package_identification:_identify(python_playground) by extension 'python'
[1.711s] Level 1:colcon.colcon_core.package_identification:_identify(python_playground) by extensions ['python_setup_py']
[1.711s] Level 1:colcon.colcon_core.package_identification:_identify(python_playground) by extension 'python_setup_py'
[1.711s] Level 1:colcon.colcon_core.package_identification:_identify(src) by extensions ['ignore', 'ignore_ament_install']
[1.712s] Level 1:colcon.colcon_core.package_identification:_identify(src) by extension 'ignore'
[1.712s] Level 1:colcon.colcon_core.package_identification:_identify(src) by extension 'ignore_ament_install'
[1.712s] Level 1:colcon.colcon_core.package_identification:_identify(src) by extensions ['colcon_pkg']
[1.712s] Level 1:colcon.colcon_core.package_identification:_identify(src) by extension 'colcon_pkg'
[1.712s] Level 1:colcon.colcon_core.package_identification:_identify(src) by extensions ['colcon_meta']
[1.712s] Level 1:colcon.colcon_core.package_identification:_identify(src) by extension 'colcon_meta'
[1.712s] Level 1:colcon.colcon_core.package_identification:_identify(src) by extensions ['ros']
[1.712s] Level 1:colcon.colcon_core.package_identification:_identify(src) by extension 'ros'
[1.712s] Level 1:colcon.colcon_core.package_identification:_identify(src) by extensions ['cmake', 'python']
[1.713s] Level 1:colcon.colcon_core.package_identification:_identify(src) by extension 'cmake'
[1.713s] Level 1:colcon.colcon_core.package_identification:_identify(src) by extension 'python'
[1.713s] Level 1:colcon.colcon_core.package_identification:_identify(src) by extensions ['python_setup_py']
[1.713s] Level 1:colcon.colcon_core.package_identification:_identify(src) by extension 'python_setup_py'
[1.713s] Level 1:colcon.colcon_core.package_identification:_identify(src/controller) by extensions ['ignore', 'ignore_ament_install']
[1.713s] Level 1:colcon.colcon_core.package_identification:_identify(src/controller) by extension 'ignore'
[1.713s] Level 1:colcon.colcon_core.package_identification:_identify(src/controller) by extension 'ignore_ament_install'
[1.714s] Level 1:colcon.colcon_core.package_identification:_identify(src/controller) by extensions ['colcon_pkg']
[1.714s] Level 1:colcon.colcon_core.package_identification:_identify(src/controller) by extension 'colcon_pkg'
[1.714s] Level 1:colcon.colcon_core.package_identification:_identify(src/controller) by extensions ['colcon_meta']
[1.714s] Level 1:colcon.colcon_core.package_identification:_identify(src/controller) by extension 'colcon_meta'
[1.714s] Level 1:colcon.colcon_core.package_identification:_identify(src/controller) by extensions ['ros']
[1.714s] Level 1:colcon.colcon_core.package_identification:_identify(src/controller) by extension 'ros'
[1.723s] DEBUG:colcon.colcon_core.package_identification:Package 'src/controller' with type 'ros.ament_python' and name 'controller'
[1.724s] Level 1:colcon.colcon_core.package_identification:_identify(src/vision_opencv) by extensions ['ignore', 'ignore_ament_install']
[1.724s] Level 1:colcon.colcon_core.package_identification:_identify(src/vision_opencv) by extension 'ignore'
[1.724s] Level 1:colcon.colcon_core.package_identification:_identify(src/vision_opencv) by extension 'ignore_ament_install'
[1.724s] Level 1:colcon.colcon_core.package_identification:_identify(src/vision_opencv) by extensions ['colcon_pkg']
[1.725s] Level 1:colcon.colcon_core.package_identification:_identify(src/vision_opencv) by extension 'colcon_pkg'
[1.725s] Level 1:colcon.colcon_core.package_identification:_identify(src/vision_opencv) by extensions ['colcon_meta']
[1.725s] Level 1:colcon.colcon_core.package_identification:_identify(src/vision_opencv) by extension 'colcon_meta'
[1.725s] Level 1:colcon.colcon_core.package_identification:_identify(src/vision_opencv) by extensions ['ros']
[1.725s] Level 1:colcon.colcon_core.package_identification:_identify(src/vision_opencv) by extension 'ros'
[1.725s] Level 1:colcon.colcon_core.package_identification:_identify(src/vision_opencv) by extensions ['cmake', 'python']
[1.725s] Level 1:colcon.colcon_core.package_identification:_identify(src/vision_opencv) by extension 'cmake'
[1.725s] Level 1:colcon.colcon_core.package_identification:_identify(src/vision_opencv) by extension 'python'
[1.725s] Level 1:colcon.colcon_core.package_identification:_identify(src/vision_opencv) by extensions ['python_setup_py']
[1.726s] Level 1:colcon.colcon_core.package_identification:_identify(src/vision_opencv) by extension 'python_setup_py'
[1.726s] Level 1:colcon.colcon_core.package_identification:_identify(src/vision_opencv/cv_bridge) by extensions ['ignore', 'ignore_ament_install']
[1.727s] Level 1:colcon.colcon_core.package_identification:_identify(src/vision_opencv/cv_bridge) by extension 'ignore'
[1.727s] Level 1:colcon.colcon_core.package_identification:_identify(src/vision_opencv/cv_bridge) by extension 'ignore_ament_install'
[1.727s] Level 1:colcon.colcon_core.package_identification:_identify(src/vision_opencv/cv_bridge) by extensions ['colcon_pkg']
[1.727s] Level 1:colcon.colcon_core.package_identification:_identify(src/vision_opencv/cv_bridge) by extension 'colcon_pkg'
[1.727s] Level 1:colcon.colcon_core.package_identification:_identify(src/vision_opencv/cv_bridge) by extensions ['colcon_meta']
[1.727s] Level 1:colcon.colcon_core.package_identification:_identify(src/vision_opencv/cv_bridge) by extension 'colcon_meta'
[1.728s] Level 1:colcon.colcon_core.package_identification:_identify(src/vision_opencv/cv_bridge) by extensions ['ros']
[1.728s] Level 1:colcon.colcon_core.package_identification:_identify(src/vision_opencv/cv_bridge) by extension 'ros'
[1.731s] DEBUG:colcon.colcon_core.package_identification:Package 'src/vision_opencv/cv_bridge' with type 'ros.ament_cmake' and name 'cv_bridge'
[1.731s] Level 1:colcon.colcon_core.package_identification:_identify(src/vision_opencv/image_geometry) by extensions ['ignore', 'ignore_ament_install']
[1.732s] Level 1:colcon.colcon_core.package_identification:_identify(src/vision_opencv/image_geometry) by extension 'ignore'
[1.732s] Level 1:colcon.colcon_core.package_identification:_identify(src/vision_opencv/image_geometry) by extension 'ignore_ament_install'
[1.732s] Level 1:colcon.colcon_core.package_identification:_identify(src/vision_opencv/image_geometry) by extensions ['colcon_pkg']
[1.732s] Level 1:colcon.colcon_core.package_identification:_identify(src/vision_opencv/image_geometry) by extension 'colcon_pkg'
[1.732s] Level 1:colcon.colcon_core.package_identification:_identify(src/vision_opencv/image_geometry) by extensions ['colcon_meta']
[1.732s] Level 1:colcon.colcon_core.package_identification:_identify(src/vision_opencv/image_geometry) by extension 'colcon_meta'
[1.733s] Level 1:colcon.colcon_core.package_identification:_identify(src/vision_opencv/image_geometry) by extensions ['ros']
[1.733s] Level 1:colcon.colcon_core.package_identification:_identify(src/vision_opencv/image_geometry) by extension 'ros'
[1.735s] DEBUG:colcon.colcon_core.package_identification:Package 'src/vision_opencv/image_geometry' with type 'ros.ament_cmake' and name 'image_geometry'
[1.735s] Level 1:colcon.colcon_core.package_identification:_identify(src/vision_opencv/opencv_tests) by extensions ['ignore', 'ignore_ament_install']
[1.736s] Level 1:colcon.colcon_core.package_identification:_identify(src/vision_opencv/opencv_tests) by extension 'ignore'
[1.736s] Level 1:colcon.colcon_core.package_identification:_identify(src/vision_opencv/opencv_tests) by extension 'ignore_ament_install'
[1.736s] Level 1:colcon.colcon_core.package_identification:_identify(src/vision_opencv/opencv_tests) by extensions ['colcon_pkg']
[1.736s] Level 1:colcon.colcon_core.package_identification:_identify(src/vision_opencv/opencv_tests) by extension 'colcon_pkg'
[1.736s] Level 1:colcon.colcon_core.package_identification:_identify(src/vision_opencv/opencv_tests) by extensions ['colcon_meta']
[1.736s] Level 1:colcon.colcon_core.package_identification:_identify(src/vision_opencv/opencv_tests) by extension 'colcon_meta'
[1.736s] Level 1:colcon.colcon_core.package_identification:_identify(src/vision_opencv/opencv_tests) by extensions ['ros']
[1.737s] Level 1:colcon.colcon_core.package_identification:_identify(src/vision_opencv/opencv_tests) by extension 'ros'
[1.738s] DEBUG:colcon.colcon_core.package_identification:Package 'src/vision_opencv/opencv_tests' with type 'ros.ament_python' and name 'opencv_tests'
[1.739s] Level 1:colcon.colcon_core.package_identification:_identify(src/vision_opencv/vision_opencv) by extensions ['ignore', 'ignore_ament_install']
[1.740s] Level 1:colcon.colcon_core.package_identification:_identify(src/vision_opencv/vision_opencv) by extension 'ignore'
[1.740s] Level 1:colcon.colcon_core.package_identification:_identify(src/vision_opencv/vision_opencv) by extension 'ignore_ament_install'
[1.740s] Level 1:colcon.colcon_core.package_identification:_identify(src/vision_opencv/vision_opencv) by extensions ['colcon_pkg']
[1.740s] Level 1:colcon.colcon_core.package_identification:_identify(src/vision_opencv/vision_opencv) by extension 'colcon_pkg'
[1.740s] Level 1:colcon.colcon_core.package_identification:_identify(src/vision_opencv/vision_opencv) by extensions ['colcon_meta']
[1.740s] Level 1:colcon.colcon_core.package_identification:_identify(src/vision_opencv/vision_opencv) by extension 'colcon_meta'
[1.740s] Level 1:colcon.colcon_core.package_identification:_identify(src/vision_opencv/vision_opencv) by extensions ['ros']
[1.740s] Level 1:colcon.colcon_core.package_identification:_identify(src/vision_opencv/vision_opencv) by extension 'ros'
[1.742s] DEBUG:colcon.colcon_core.package_identification:Package 'src/vision_opencv/vision_opencv' with type 'ros.ament_cmake' and name 'vision_opencv'
[1.743s] Level 1:colcon.colcon_core.package_discovery:discover_packages(recursive) using defaults
[1.743s] Level 1:colcon.colcon_core.package_discovery:discover_packages(ignore) discover
[1.743s] Level 1:colcon.colcon_core.package_discovery:discover_packages(ignore) using defaults
[1.743s] Level 1:colcon.colcon_core.package_discovery:discover_packages(path) discover
[1.743s] Level 1:colcon.colcon_core.package_discovery:discover_packages(path) using defaults
[1.815s] INFO:colcon.colcon_core.package_selection:Skipping not selected package 'cv_bridge' in 'src/vision_opencv/cv_bridge'
[1.816s] INFO:colcon.colcon_core.package_selection:Skipping not selected package 'image_geometry' in 'src/vision_opencv/image_geometry'
[1.816s] INFO:colcon.colcon_core.package_selection:Skipping not selected package 'opencv_tests' in 'src/vision_opencv/opencv_tests'
[1.816s] INFO:colcon.colcon_core.package_selection:Skipping not selected package 'vision_opencv' in 'src/vision_opencv/vision_opencv'
[1.817s] Level 1:colcon.colcon_core.package_discovery:discover_packages(prefix_path) check parameters
[1.817s] Level 1:colcon.colcon_core.package_discovery:discover_packages(prefix_path) discover
[1.826s] DEBUG:colcon.colcon_installed_package_information.package_discovery:Found 5 installed packages in /home/daniel/controlbot_ws/install
[1.829s] DEBUG:colcon.colcon_installed_package_information.package_discovery:Found 273 installed packages in /opt/ros/galactic
[1.885s] Level 1:colcon.colcon_core.package_discovery:discover_packages(prefix_path) using defaults
[2.352s] Level 5:colcon.colcon_core.verb:set package 'controller' build argument 'cmake_args' from command line to 'None'
[2.352s] Level 5:colcon.colcon_core.verb:set package 'controller' build argument 'cmake_target' from command line to 'None'
[2.352s] Level 5:colcon.colcon_core.verb:set package 'controller' build argument 'cmake_target_skip_unavailable' from command line to 'False'
[2.352s] Level 5:colcon.colcon_core.verb:set package 'controller' build argument 'cmake_clean_cache' from command line to 'False'
[2.353s] Level 5:colcon.colcon_core.verb:set package 'controller' build argument 'cmake_clean_first' from command line to 'False'
[2.353s] Level 5:colcon.colcon_core.verb:set package 'controller' build argument 'cmake_force_configure' from command line to 'False'
[2.353s] Level 5:colcon.colcon_core.verb:set package 'controller' build argument 'ament_cmake_args' from command line to 'None'
[2.353s] Level 5:colcon.colcon_core.verb:set package 'controller' build argument 'catkin_cmake_args' from command line to 'None'
[2.353s] Level 5:colcon.colcon_core.verb:set package 'controller' build argument 'catkin_skip_building_tests' from command line to 'False'
[2.353s] DEBUG:colcon.colcon_core.verb:Building package 'controller' with the following arguments: {'ament_cmake_args': None, 'build_base': '/home/daniel/controlbot_ws/build/controller', 'catkin_cmake_args': None, 'catkin_skip_building_tests': False, 'cmake_args': None, 'cmake_clean_cache': False, 'cmake_clean_first': False, 'cmake_force_configure': False, 'cmake_target': None, 'cmake_target_skip_unavailable': False, 'install_base': '/home/daniel/controlbot_ws/install/controller', 'merge_install': False, 'path': '/home/daniel/controlbot_ws/src/controller', 'symlink_install': True, 'test_result_base': None}
[2.353s] INFO:colcon.colcon_core.executor:Executing jobs using 'parallel' executor
[2.357s] DEBUG:colcon.colcon_parallel_executor.executor.parallel:run_until_complete
[2.358s] INFO:colcon.colcon_ros.task.ament_python.build:Building ROS package in '/home/daniel/controlbot_ws/src/controller' with build type 'ament_python'
[2.358s] Level 1:colcon.colcon_core.shell:create_environment_hook('controller', 'ament_prefix_path')
[2.509s] INFO:colcon.colcon_core.plugin_system:Skipping extension 'colcon_core.shell.bat': Not used on non-Windows systems
[2.510s] INFO:colcon.colcon_core.shell:Creating environment hook '/home/daniel/controlbot_ws/install/controller/share/controller/hook/ament_prefix_path.ps1'
[2.513s] INFO:colcon.colcon_core.shell:Creating environment descriptor '/home/daniel/controlbot_ws/install/controller/share/controller/hook/ament_prefix_path.dsv'
[2.516s] INFO:colcon.colcon_core.shell:Creating environment hook '/home/daniel/controlbot_ws/install/controller/share/controller/hook/ament_prefix_path.sh'
[2.520s] INFO:colcon.colcon_core.shell:Skip shell extension 'powershell' for command environment: Not usable outside of PowerShell
[2.521s] DEBUG:colcon.colcon_core.shell:Skip shell extension 'dsv' for command environment
[3.454s] INFO:colcon.colcon_core.task.python.build:Building Python package in '/home/daniel/controlbot_ws/src/controller'
[3.456s] INFO:colcon.colcon_core.shell:Skip shell extension 'powershell' for command environment: Not usable outside of PowerShell
[3.457s] DEBUG:colcon.colcon_core.shell:Skip shell extension 'dsv' for command environment
[6.585s] DEBUG:colcon.colcon_core.event_handler.log_command:Invoking command in '/home/daniel/controlbot_ws/build/controller': CMAKE_PREFIX_PATH=/home/daniel/controlbot_ws/install/cv_bridge:/home/daniel/controlbot_ws/install/vision_opencv:/home/daniel/controlbot_ws/install/image_geometry LD_LIBRARY_PATH=/home/daniel/controlbot_ws/install/cv_bridge/lib:/usr/local/cuda-11.4/lib64:/home/daniel/controlbot_ws/install/image_geometry/lib:/opt/ros/galactic/opt/yaml_cpp_vendor/lib:/opt/ros/galactic/opt/rviz_ogre_vendor/lib:/opt/ros/galactic/lib/aarch64-linux-gnu:/opt/ros/galactic/lib:/usr/local/cuda-11.4/lib64 PYTHONPATH=/home/daniel/controlbot_ws/build/controller/prefix_override:/usr/lib/python3/dist-packages/colcon_core/task/python/colcon_distutils_commands:/home/daniel/controlbot_ws/install/controller/lib/python3.8/site-packages:/home/daniel/controlbot_ws/install/cv_bridge/lib/python3.8/site-packages:/home/daniel/controlbot_ws/build/opencv_tests:/home/daniel/controlbot_ws/install/opencv_tests/lib/python3.8/site-packages:/home/daniel/controlbot_ws/install/image_geometry/lib/python3.8/site-packages:/home/daniel/controlbot_ws/build/controller:/home/daniel/controlbot_ws/install/controller/lib/python3.8/site-packages:/opt/ros/galactic/lib/python3.8/site-packages /usr/bin/python3 -W ignore:setup.py install is deprecated -W ignore:easy_install command is deprecated setup.py develop --editable --build-directory /home/daniel/controlbot_ws/build/controller/build --no-deps symlink_data
[8.674s] Level 1:colcon.colcon_core.shell:create_environment_hook('controller', 'pythonpath_develop')
[8.677s] INFO:colcon.colcon_core.shell:Creating environment hook '/home/daniel/controlbot_ws/build/controller/share/controller/hook/pythonpath_develop.ps1'
[8.680s] DEBUG:colcon.colcon_core.event_handler.log_command:Invoked command in '/home/daniel/controlbot_ws/build/controller' returned '0': CMAKE_PREFIX_PATH=/home/daniel/controlbot_ws/install/cv_bridge:/home/daniel/controlbot_ws/install/vision_opencv:/home/daniel/controlbot_ws/install/image_geometry LD_LIBRARY_PATH=/home/daniel/controlbot_ws/install/cv_bridge/lib:/usr/local/cuda-11.4/lib64:/home/daniel/controlbot_ws/install/image_geometry/lib:/opt/ros/galactic/opt/yaml_cpp_vendor/lib:/opt/ros/galactic/opt/rviz_ogre_vendor/lib:/opt/ros/galactic/lib/aarch64-linux-gnu:/opt/ros/galactic/lib:/usr/local/cuda-11.4/lib64 PYTHONPATH=/home/daniel/controlbot_ws/build/controller/prefix_override:/usr/lib/python3/dist-packages/colcon_core/task/python/colcon_distutils_commands:/home/daniel/controlbot_ws/install/controller/lib/python3.8/site-packages:/home/daniel/controlbot_ws/install/cv_bridge/lib/python3.8/site-packages:/home/daniel/controlbot_ws/build/opencv_tests:/home/daniel/controlbot_ws/install/opencv_tests/lib/python3.8/site-packages:/home/daniel/controlbot_ws/install/image_geometry/lib/python3.8/site-packages:/home/daniel/controlbot_ws/build/controller:/home/daniel/controlbot_ws/install/controller/lib/python3.8/site-packages:/opt/ros/galactic/lib/python3.8/site-packages /usr/bin/python3 -W ignore:setup.py install is deprecated -W ignore:easy_install command is deprecated setup.py develop --editable --build-directory /home/daniel/controlbot_ws/build/controller/build --no-deps symlink_data
[8.685s] INFO:colcon.colcon_core.shell:Creating environment descriptor '/home/daniel/controlbot_ws/build/controller/share/controller/hook/pythonpath_develop.dsv'
[8.690s] INFO:colcon.colcon_core.shell:Creating environment hook '/home/daniel/controlbot_ws/build/controller/share/controller/hook/pythonpath_develop.sh'
[8.840s] Level 1:colcon.colcon_core.environment:checking '/home/daniel/controlbot_ws/install/controller' for CMake module files
[8.841s] Level 1:colcon.colcon_core.environment:checking '/home/daniel/controlbot_ws/install/controller' for CMake config files
[8.844s] Level 1:colcon.colcon_core.environment:checking '/home/daniel/controlbot_ws/install/controller/lib'
[8.844s] Level 1:colcon.colcon_core.environment:checking '/home/daniel/controlbot_ws/install/controller/bin'
[8.844s] Level 1:colcon.colcon_core.environment:checking '/home/daniel/controlbot_ws/install/controller/lib/pkgconfig/controller.pc'
[8.845s] Level 1:colcon.colcon_core.environment:checking '/home/daniel/controlbot_ws/install/controller/lib/python3.8/site-packages'
[8.845s] Level 1:colcon.colcon_core.shell:create_environment_hook('controller', 'pythonpath')
[8.846s] INFO:colcon.colcon_core.shell:Creating environment hook '/home/daniel/controlbot_ws/install/controller/share/controller/hook/pythonpath.ps1'
[8.848s] INFO:colcon.colcon_core.shell:Creating environment descriptor '/home/daniel/controlbot_ws/install/controller/share/controller/hook/pythonpath.dsv'
[8.849s] INFO:colcon.colcon_core.shell:Creating environment hook '/home/daniel/controlbot_ws/install/controller/share/controller/hook/pythonpath.sh'
[8.851s] Level 1:colcon.colcon_core.environment:checking '/home/daniel/controlbot_ws/install/controller/bin'
[8.851s] Level 1:colcon.colcon_core.environment:create_environment_scripts_only(controller)
[8.852s] INFO:colcon.colcon_core.shell:Creating package script '/home/daniel/controlbot_ws/install/controller/share/controller/package.ps1'
[8.855s] INFO:colcon.colcon_core.shell:Creating package descriptor '/home/daniel/controlbot_ws/install/controller/share/controller/package.dsv'
[8.858s] INFO:colcon.colcon_core.shell:Creating package script '/home/daniel/controlbot_ws/install/controller/share/controller/package.sh'
[8.862s] INFO:colcon.colcon_core.shell:Creating package script '/home/daniel/controlbot_ws/install/controller/share/controller/package.bash'
[8.867s] INFO:colcon.colcon_core.shell:Creating package script '/home/daniel/controlbot_ws/install/controller/share/controller/package.zsh'
[8.875s] Level 1:colcon.colcon_core.environment:create_file_with_runtime_dependencies(/home/daniel/controlbot_ws/install/controller/share/colcon-core/packages/controller)
[8.878s] DEBUG:colcon.colcon_parallel_executor.executor.parallel:closing loop
[8.881s] DEBUG:colcon.colcon_parallel_executor.executor.parallel:loop closed
[8.882s] DEBUG:colcon.colcon_parallel_executor.executor.parallel:run_until_complete finished with '0'
[8.882s] DEBUG:colcon.colcon_core.event_reactor:joining thread
[8.902s] INFO:colcon.colcon_core.plugin_system:Skipping extension 'colcon_notification.desktop_notification.terminal_notifier': Not used on non-Darwin systems
[8.902s] INFO:colcon.colcon_core.plugin_system:Skipping extension 'colcon_notification.desktop_notification.win32': Not used on non-Windows systems
[8.902s] INFO:colcon.colcon_notification.desktop_notification:Sending desktop notification using 'notify2'
[9.080s] DEBUG:colcon.colcon_notification.desktop_notification.notify2:Failed to initialize notify2: org.freedesktop.DBus.Error.Spawn.ChildExited: Process org.freedesktop.Notifications exited with status 1
[9.081s] DEBUG:colcon.colcon_core.event_reactor:joined thread
[9.082s] INFO:colcon.colcon_core.shell:Creating prefix script '/home/daniel/controlbot_ws/install/local_setup.ps1'
[9.222s] INFO:colcon.colcon_core.shell:Creating prefix util module '/home/daniel/controlbot_ws/install/_local_setup_util_ps1.py'
[9.230s] INFO:colcon.colcon_core.shell:Creating prefix chain script '/home/daniel/controlbot_ws/install/setup.ps1'
[9.235s] INFO:colcon.colcon_core.shell:Creating prefix script '/home/daniel/controlbot_ws/install/local_setup.sh'
[9.238s] INFO:colcon.colcon_core.shell:Creating prefix util module '/home/daniel/controlbot_ws/install/_local_setup_util_sh.py'
[9.239s] INFO:colcon.colcon_core.shell:Creating prefix chain script '/home/daniel/controlbot_ws/install/setup.sh'
[9.243s] INFO:colcon.colcon_core.shell:Creating prefix script '/home/daniel/controlbot_ws/install/local_setup.bash'
[9.247s] INFO:colcon.colcon_core.shell:Creating prefix chain script '/home/daniel/controlbot_ws/install/setup.bash'
[9.251s] INFO:colcon.colcon_core.shell:Creating prefix script '/home/daniel/controlbot_ws/install/local_setup.zsh'
[9.254s] INFO:colcon.colcon_core.shell:Creating prefix chain script '/home/daniel/controlbot_ws/install/setup.zsh'
