[0.037s] Invoking command in '/home/daniel/controlbot_ws/build/cv_bridge': CMAKE_PREFIX_PATH=${CMAKE_PREFIX_PATH}:/home/daniel/controlbot_ws/install/opencv_tests:/home/daniel/controlbot_ws/install/controller:/opt/ros/galactic /usr/bin/cmake /home/daniel/controlbot_ws/src/vision_opencv/cv_bridge -DAMENT_CMAKE_SYMLINK_INSTALL=1 -DCMAKE_INSTALL_PREFIX=/home/daniel/controlbot_ws/install/cv_bridge
[0.262s] -- The C compiler identification is GNU 9.4.0
[0.458s] -- The CXX compiler identification is GNU 9.4.0
[0.468s] -- Check for working C compiler: /usr/bin/cc
[0.717s] -- Check for working C compiler: /usr/bin/cc -- works
[0.718s] -- Detecting C compiler ABI info
[0.962s] -- Detecting C compiler ABI info - done
[0.994s] -- Detecting C compile features
[0.995s] -- Detecting C compile features - done
[1.000s] -- Check for working CXX compiler: /usr/bin/c++
[1.263s] -- Check for working CXX compiler: /usr/bin/c++ -- works
[1.266s] -- Detecting CXX compiler ABI info
[1.532s] -- Detecting CXX compiler ABI info - done
[1.562s] -- Detecting CXX compile features
[1.563s] -- Detecting CXX compile features - done
[1.567s] -- Found ament_cmake_ros: 0.9.2 (/opt/ros/galactic/share/ament_cmake_ros/cmake)
[1.642s] -- Found PythonInterp: /usr/bin/python3 (found suitable version "3.8.10", minimum required is "3") 
[1.642s] -- Using PYTHON_EXECUTABLE: /usr/bin/python3
[1.797s] -- Override CMake install command with custom implementation using symlinks instead of copying resources
[1.872s] -- Found PythonLibs: /usr/lib/aarch64-linux-gnu/libpython3.8.so (found version "3.8.10") 
[1.888s] -- Boost_VERSION_STRING: 1.71.0
[1.900s] -- Found Boost: /usr/lib/aarch64-linux-gnu/cmake/Boost-1.71.0/BoostConfig.cmake (found version "1.71.0") found components: python38 
[1.905s] -- Found rcpputils: 2.2.2 (/opt/ros/galactic/share/rcpputils/cmake)
[1.927s] -- Found sensor_msgs: 2.2.4 (/opt/ros/galactic/share/sensor_msgs/cmake)
[1.964s] -- Using all available rosidl_typesupport_c: rosidl_typesupport_fastrtps_c;rosidl_typesupport_introspection_c
[1.976s] -- Found rosidl_adapter: 2.2.3 (/opt/ros/galactic/share/rosidl_adapter/cmake)
[2.174s] -- Found OpenSSL: /usr/lib/aarch64-linux-gnu/libcrypto.so (found version "1.1.1f")  
[2.245s] -- Found FastRTPS: /opt/ros/galactic/include  
[2.419s] -- Using all available rosidl_typesupport_cpp: rosidl_typesupport_fastrtps_cpp;rosidl_typesupport_introspection_cpp
[2.994s] -- Performing Test COMPILER_HAS_HIDDEN_VISIBILITY
[3.198s] -- Performing Test COMPILER_HAS_HIDDEN_VISIBILITY - Success
[3.199s] -- Performing Test COMPILER_HAS_HIDDEN_INLINE_VISIBILITY
[3.439s] -- Performing Test COMPILER_HAS_HIDDEN_INLINE_VISIBILITY - Success
[3.440s] -- Performing Test COMPILER_HAS_DEPRECATED_ATTR
[3.833s] -- Performing Test COMPILER_HAS_DEPRECATED_ATTR - Success
[3.888s] -- Found PythonInterp: /usr/bin/python3 (found version "3.8.10") 
[3.892s] -- Found PythonLibs: /usr/lib/aarch64-linux-gnu/libpython3.8.so (found suitable version "3.8.10", minimum required is "3.8") 
[4.305s] -- Found ament_lint_auto: 0.10.7 (/opt/ros/galactic/share/ament_lint_auto/cmake)
[4.500s] -- Found gtest sources under '/opt/ros/galactic/src/gtest_vendor': C++ tests using 'Google Test' will be built
[4.509s] -- Looking for pthread.h
[4.958s] -- Looking for pthread.h - found
[4.960s] -- Performing Test CMAKE_HAVE_LIBC_PTHREAD
[5.542s] -- Performing Test CMAKE_HAVE_LIBC_PTHREAD - Failed
[5.544s] -- Check if compiler accepts -pthread
[5.824s] -- Check if compiler accepts -pthread - yes
[5.828s] -- Found Threads: TRUE  
[9.181s] -- Configuring done
[9.221s] -- Generating done
[9.237s] -- Build files have been written to: /home/daniel/controlbot_ws/build/cv_bridge
[9.269s] Invoked command in '/home/daniel/controlbot_ws/build/cv_bridge' returned '0': CMAKE_PREFIX_PATH=${CMAKE_PREFIX_PATH}:/home/daniel/controlbot_ws/install/opencv_tests:/home/daniel/controlbot_ws/install/controller:/opt/ros/galactic /usr/bin/cmake /home/daniel/controlbot_ws/src/vision_opencv/cv_bridge -DAMENT_CMAKE_SYMLINK_INSTALL=1 -DCMAKE_INSTALL_PREFIX=/home/daniel/controlbot_ws/install/cv_bridge
[9.279s] Invoking command in '/home/daniel/controlbot_ws/build/cv_bridge': CMAKE_PREFIX_PATH=${CMAKE_PREFIX_PATH}:/home/daniel/controlbot_ws/install/opencv_tests:/home/daniel/controlbot_ws/install/controller:/opt/ros/galactic /usr/bin/cmake --build /home/daniel/controlbot_ws/build/cv_bridge -- -j6 -l6
[9.404s] [35m[1mScanning dependencies of target ament_cmake_python_symlink_cv_bridge[0m
[9.405s] [35m[1mScanning dependencies of target gtest[0m
[9.405s] [35m[1mScanning dependencies of target cv_bridge[0m
[9.405s] [35m[1mScanning dependencies of target gtest_main[0m
[9.494s] [  6%] [32mBuilding CXX object gtest/CMakeFiles/gtest.dir/src/gtest-all.cc.o[0m
[9.494s] [ 12%] [32mBuilding CXX object gtest/CMakeFiles/gtest_main.dir/src/gtest_main.cc.o[0m
[9.495s] [ 12%] Built target ament_cmake_python_symlink_cv_bridge
[9.495s] [ 18%] [32mBuilding CXX object src/CMakeFiles/cv_bridge.dir/cv_bridge.cpp.o[0m
[9.495s] [ 25%] [32mBuilding CXX object src/CMakeFiles/cv_bridge.dir/rgb_colors.cpp.o[0m
[9.518s] [35m[1mScanning dependencies of target ament_cmake_python_build_cv_bridge_egg[0m
[10.198s] running egg_info
[10.201s] creating cv_bridge.egg-info
[10.202s] writing cv_bridge.egg-info/PKG-INFO
[10.204s] writing dependency_links to cv_bridge.egg-info/dependency_links.txt
[10.204s] writing top-level names to cv_bridge.egg-info/top_level.txt
[10.210s] writing manifest file 'cv_bridge.egg-info/SOURCES.txt'
[10.304s] reading manifest file 'cv_bridge.egg-info/SOURCES.txt'
[10.306s] writing manifest file 'cv_bridge.egg-info/SOURCES.txt'
[10.500s] [ 25%] Built target ament_cmake_python_build_cv_bridge_egg
[11.861s] [ 31%] [32m[1mLinking CXX static library libgtest_main.a[0m
[12.124s] [ 31%] Built target gtest_main
[18.566s] [ 37%] [32m[1mLinking CXX static library libgtest.a[0m
[18.902s] [ 37%] Built target gtest
[22.567s] [ 43%] [32m[1mLinking CXX shared library libcv_bridge.so[0m
[22.969s] [ 43%] Built target cv_bridge
[22.999s] [35m[1mScanning dependencies of target cv_bridge-utest[0m
[23.000s] [35m[1mScanning dependencies of target cv_bridge_boost[0m
[23.077s] [ 56%] [32mBuilding CXX object src/CMakeFiles/cv_bridge_boost.dir/module.cpp.o[0m
[23.077s] [ 56%] [32mBuilding CXX object src/CMakeFiles/cv_bridge_boost.dir/module_opencv3.cpp.o[0m
[23.090s] [ 62%] [32mBuilding CXX object test/CMakeFiles/cv_bridge-utest.dir/utest.cpp.o[0m
[23.093s] [ 68%] [32mBuilding CXX object test/CMakeFiles/cv_bridge-utest.dir/utest2.cpp.o[0m
[23.095s] [ 81%] [32mBuilding CXX object test/CMakeFiles/cv_bridge-utest.dir/test_endian.cpp.o[0m
[23.096s] [ 75%] [32mBuilding CXX object test/CMakeFiles/cv_bridge-utest.dir/test_compression.cpp.o[0m
[27.816s] [ 87%] [32mBuilding CXX object test/CMakeFiles/cv_bridge-utest.dir/test_rgb_colors.cpp.o[0m
[32.243s] [ 93%] [32m[1mLinking CXX shared library boost/cv_bridge_boost.so[0m
[32.585s] [ 93%] Built target cv_bridge_boost
[34.907s] [100%] [32m[1mLinking CXX executable cv_bridge-utest[0m
[35.472s] [100%] Built target cv_bridge-utest
[35.625s] Invoked command in '/home/daniel/controlbot_ws/build/cv_bridge' returned '0': CMAKE_PREFIX_PATH=${CMAKE_PREFIX_PATH}:/home/daniel/controlbot_ws/install/opencv_tests:/home/daniel/controlbot_ws/install/controller:/opt/ros/galactic /usr/bin/cmake --build /home/daniel/controlbot_ws/build/cv_bridge -- -j6 -l6
[35.635s] Invoking command in '/home/daniel/controlbot_ws/build/cv_bridge': CMAKE_PREFIX_PATH=${CMAKE_PREFIX_PATH}:/home/daniel/controlbot_ws/install/opencv_tests:/home/daniel/controlbot_ws/install/controller:/opt/ros/galactic /usr/bin/cmake --install /home/daniel/controlbot_ws/build/cv_bridge
[35.662s] -- Install configuration: ""
[35.663s] -- Execute custom install script
[35.664s] -- Symlinking: /home/daniel/controlbot_ws/install/cv_bridge/share/cv_bridge/environment/pythonpath.sh
[35.690s] -- Symlinking: /home/daniel/controlbot_ws/install/cv_bridge/share/cv_bridge/environment/pythonpath.dsv
[35.719s] -- Symlinking: /home/daniel/controlbot_ws/install/cv_bridge/lib/python3.8/site-packages//cv_bridge.egg-info/PKG-INFO
[35.745s] -- Symlinking: /home/daniel/controlbot_ws/install/cv_bridge/lib/python3.8/site-packages//cv_bridge.egg-info/SOURCES.txt
[35.769s] -- Symlinking: /home/daniel/controlbot_ws/install/cv_bridge/lib/python3.8/site-packages//cv_bridge.egg-info/dependency_links.txt
[35.796s] -- Symlinking: /home/daniel/controlbot_ws/install/cv_bridge/lib/python3.8/site-packages//cv_bridge.egg-info/top_level.txt
[35.824s] -- Symlinking: /home/daniel/controlbot_ws/install/cv_bridge/lib/python3.8/site-packages/cv_bridge/__init__.py
[35.848s] -- Symlinking: /home/daniel/controlbot_ws/install/cv_bridge/lib/python3.8/site-packages/cv_bridge/core.py
[35.873s] -- Symlinking: /home/daniel/controlbot_ws/install/cv_bridge/lib/libcv_bridge.so
[35.899s] -- Symlinking: /home/daniel/controlbot_ws/install/cv_bridge/include/cv_bridge/cv_bridge_export.h
[35.928s] -- Symlinking: /home/daniel/controlbot_ws/install/cv_bridge/lib/python3.8/site-packages/cv_bridge/boost//cv_bridge_boost.so
[35.954s] -- Symlinking: /home/daniel/controlbot_ws/install/cv_bridge/share/cv_bridge/environment/library_path.sh
[35.980s] -- Symlinking: /home/daniel/controlbot_ws/install/cv_bridge/share/cv_bridge/environment/library_path.dsv
[36.007s] -- Symlinking: /home/daniel/controlbot_ws/install/cv_bridge/include/cv_bridge/cv_bridge.h
[36.034s] -- Symlinking: /home/daniel/controlbot_ws/install/cv_bridge/include/cv_bridge/rgb_colors.h
[36.061s] -- Up-to-date symlink: /home/daniel/controlbot_ws/install/cv_bridge/lib/libcv_bridge.so
[36.062s] -- Symlinking: /home/daniel/controlbot_ws/install/cv_bridge/share/ament_index/resource_index/package_run_dependencies/cv_bridge
[36.088s] -- Symlinking: /home/daniel/controlbot_ws/install/cv_bridge/share/ament_index/resource_index/parent_prefix_path/cv_bridge
[36.115s] -- Symlinking: /home/daniel/controlbot_ws/install/cv_bridge/share/cv_bridge/environment/ament_prefix_path.sh
[36.141s] -- Symlinking: /home/daniel/controlbot_ws/install/cv_bridge/share/cv_bridge/environment/ament_prefix_path.dsv
[36.166s] -- Symlinking: /home/daniel/controlbot_ws/install/cv_bridge/share/cv_bridge/environment/path.sh
[36.191s] -- Symlinking: /home/daniel/controlbot_ws/install/cv_bridge/share/cv_bridge/environment/path.dsv
[36.218s] -- Symlinking: /home/daniel/controlbot_ws/install/cv_bridge/share/cv_bridge/local_setup.bash
[36.243s] -- Symlinking: /home/daniel/controlbot_ws/install/cv_bridge/share/cv_bridge/local_setup.sh
[36.269s] -- Symlinking: /home/daniel/controlbot_ws/install/cv_bridge/share/cv_bridge/local_setup.zsh
[36.293s] -- Symlinking: /home/daniel/controlbot_ws/install/cv_bridge/share/cv_bridge/local_setup.dsv
[36.319s] -- Symlinking: /home/daniel/controlbot_ws/install/cv_bridge/share/cv_bridge/package.dsv
[36.345s] -- Symlinking: /home/daniel/controlbot_ws/install/cv_bridge/share/ament_index/resource_index/packages/cv_bridge
[36.370s] -- Symlinking: /home/daniel/controlbot_ws/install/cv_bridge/share/cv_bridge/cmake/cv_bridge-extras.cmake
[36.394s] -- Symlinking: /home/daniel/controlbot_ws/install/cv_bridge/share/cv_bridge/cmake/ament_cmake_export_dependencies-extras.cmake
[36.420s] -- Symlinking: /home/daniel/controlbot_ws/install/cv_bridge/share/cv_bridge/cmake/ament_cmake_export_include_directories-extras.cmake
[36.446s] -- Symlinking: /home/daniel/controlbot_ws/install/cv_bridge/share/cv_bridge/cmake/ament_cmake_export_libraries-extras.cmake
[36.470s] -- Symlinking: /home/daniel/controlbot_ws/install/cv_bridge/share/cv_bridge/cmake/cv_bridgeConfig.cmake
[36.494s] -- Symlinking: /home/daniel/controlbot_ws/install/cv_bridge/share/cv_bridge/cmake/cv_bridgeConfig-version.cmake
[36.520s] -- Symlinking: /home/daniel/controlbot_ws/install/cv_bridge/share/cv_bridge/package.xml
[36.623s] Listing '/home/daniel/controlbot_ws/install/cv_bridge/lib/python3.8/site-packages/cv_bridge'...
[36.623s] Compiling '/home/daniel/controlbot_ws/install/cv_bridge/lib/python3.8/site-packages/cv_bridge/__init__.py'...
[36.623s] Listing '/home/daniel/controlbot_ws/install/cv_bridge/lib/python3.8/site-packages/cv_bridge/boost'...
[36.624s] Compiling '/home/daniel/controlbot_ws/install/cv_bridge/lib/python3.8/site-packages/cv_bridge/core.py'...
[36.649s] Invoked command in '/home/daniel/controlbot_ws/build/cv_bridge' returned '0': CMAKE_PREFIX_PATH=${CMAKE_PREFIX_PATH}:/home/daniel/controlbot_ws/install/opencv_tests:/home/daniel/controlbot_ws/install/controller:/opt/ros/galactic /usr/bin/cmake --install /home/daniel/controlbot_ws/build/cv_bridge
