[3.407s] Invoking command in '/home/daniel/controlbot_ws/src/rs_ctrl': PYTHONPATH=/home/daniel/controlbot_ws/build/rs_ctrl/prefix_override:/usr/lib/python3/dist-packages/colcon_core/task/python/colcon_distutils_commands:/home/daniel/controlbot_ws/install/rs_ctrl/lib/python3.10/site-packages:${PYTHONPATH} /usr/bin/python3 -W ignore:setup.py install is deprecated -W ignore:easy_install command is deprecated setup.py egg_info --egg-base ../../build/rs_ctrl build --build-base /home/daniel/controlbot_ws/build/rs_ctrl/build install --record /home/daniel/controlbot_ws/build/rs_ctrl/install.log --single-version-externally-managed install_data
[3.895s] running egg_info
[3.896s] writing ../../build/rs_ctrl/rs_ctrl.egg-info/PKG-INFO
[3.897s] writing dependency_links to ../../build/rs_ctrl/rs_ctrl.egg-info/dependency_links.txt
[3.898s] writing entry points to ../../build/rs_ctrl/rs_ctrl.egg-info/entry_points.txt
[3.898s] writing requirements to ../../build/rs_ctrl/rs_ctrl.egg-info/requires.txt
[3.898s] writing top-level names to ../../build/rs_ctrl/rs_ctrl.egg-info/top_level.txt
[3.902s] reading manifest file '../../build/rs_ctrl/rs_ctrl.egg-info/SOURCES.txt'
[3.909s] adding license file 'LICENSE'
[3.910s] writing manifest file '../../build/rs_ctrl/rs_ctrl.egg-info/SOURCES.txt'
[3.910s] running build
[3.911s] running build_py
[3.929s] running install
[3.930s] running install_lib
[3.936s] running install_data
[3.936s] running install_egg_info
[3.939s] removing '/home/daniel/controlbot_ws/install/rs_ctrl/lib/python3.10/site-packages/rs_ctrl-0.0.0-py3.10.egg-info' (and everything under it)
[3.940s] Copying ../../build/rs_ctrl/rs_ctrl.egg-info to /home/daniel/controlbot_ws/install/rs_ctrl/lib/python3.10/site-packages/rs_ctrl-0.0.0-py3.10.egg-info
[3.943s] running install_scripts
[3.987s] Installing realsense_launch script to /home/daniel/controlbot_ws/install/rs_ctrl/lib/rs_ctrl
[3.989s] writing list of installed files to '/home/daniel/controlbot_ws/build/rs_ctrl/install.log'
[4.062s] Invoked command in '/home/daniel/controlbot_ws/src/rs_ctrl' returned '0': PYTHONPATH=/home/daniel/controlbot_ws/build/rs_ctrl/prefix_override:/usr/lib/python3/dist-packages/colcon_core/task/python/colcon_distutils_commands:/home/daniel/controlbot_ws/install/rs_ctrl/lib/python3.10/site-packages:${PYTHONPATH} /usr/bin/python3 -W ignore:setup.py install is deprecated -W ignore:easy_install command is deprecated setup.py egg_info --egg-base ../../build/rs_ctrl build --build-base /home/daniel/controlbot_ws/build/rs_ctrl/build install --record /home/daniel/controlbot_ws/build/rs_ctrl/install.log --single-version-externally-managed install_data
