[0.447s] DEBUG:colcon:Command line arguments: ['/usr/bin/colcon', 'build', '--symlink-install', '--allow-overriding', 'cv_bridge', 'image_geometry']
[0.448s] DEBUG:colcon:Parsed command line arguments: Namespace(allow_overriding=['cv_bridge', 'image_geometry'], ament_cmake_args=None, base_paths=['.'], build_base='build', catkin_cmake_args=None, catkin_skip_building_tests=False, cmake_args=None, cmake_clean_cache=False, cmake_clean_first=False, cmake_force_configure=False, cmake_target=None, cmake_target_skip_unavailable=False, continue_on_error=False, event_handlers=None, executor='parallel', ignore_user_meta=False, install_base='install', log_base=None, log_level=None, main=<bound method BuildVerb.main of <colcon_core.verb.build.BuildVerb object at 0xffffb637d1f0>>, merge_install=False, metas=['./colcon.meta'], packages_above=None, packages_above_and_dependencies=None, packages_above_depth=None, packages_end=None, packages_ignore=None, packages_ignore_regex=None, packages_select=None, packages_select_build_failed=False, packages_select_by_dep=None, packages_select_regex=None, packages_select_test_failures=False, packages_skip=None, packages_skip_build_finished=False, packages_skip_by_dep=None, packages_skip_regex=None, packages_skip_test_passed=False, packages_skip_up_to=None, packages_start=None, packages_up_to=None, packages_up_to_regex=None, parallel_workers=6, paths=None, symlink_install=True, test_result_base=None, verb_extension=<colcon_core.verb.build.BuildVerb object at 0xffffb637d1f0>, verb_name='build', verb_parser=<colcon_defaults.argument_parser.defaults.DefaultArgumentsDecorator object at 0xffffb62b9400>)
[0.813s] Level 1:colcon.colcon_core.package_discovery:discover_packages(colcon_meta) check parameters
[0.813s] Level 1:colcon.colcon_core.package_discovery:discover_packages(recursive) check parameters
[0.813s] Level 1:colcon.colcon_core.package_discovery:discover_packages(ignore) check parameters
[0.813s] Level 1:colcon.colcon_core.package_discovery:discover_packages(path) check parameters
[0.813s] Level 1:colcon.colcon_core.package_discovery:discover_packages(colcon_meta) discover
[0.813s] Level 1:colcon.colcon_core.package_discovery:discover_packages(recursive) discover
[0.814s] INFO:colcon.colcon_core.package_discovery:Crawling recursively for packages in '/home/daniel/controlbot_ws'
[0.814s] Level 1:colcon.colcon_core.package_identification:_identify(.) by extensions ['ignore', 'ignore_ament_install']
[0.814s] Level 1:colcon.colcon_core.package_identification:_identify(.) by extension 'ignore'
[0.815s] Level 1:colcon.colcon_core.package_identification:_identify(.) by extension 'ignore_ament_install'
[0.815s] Level 1:colcon.colcon_core.package_identification:_identify(.) by extensions ['colcon_pkg']
[0.815s] Level 1:colcon.colcon_core.package_identification:_identify(.) by extension 'colcon_pkg'
[0.815s] Level 1:colcon.colcon_core.package_identification:_identify(.) by extensions ['colcon_meta']
[0.815s] Level 1:colcon.colcon_core.package_identification:_identify(.) by extension 'colcon_meta'
[0.815s] Level 1:colcon.colcon_core.package_identification:_identify(.) by extensions ['ros']
[0.815s] Level 1:colcon.colcon_core.package_identification:_identify(.) by extension 'ros'
[0.840s] Level 1:colcon.colcon_core.package_identification:_identify(.) by extensions ['cmake', 'python']
[0.840s] Level 1:colcon.colcon_core.package_identification:_identify(.) by extension 'cmake'
[0.840s] Level 1:colcon.colcon_core.package_identification:_identify(.) by extension 'python'
[0.840s] Level 1:colcon.colcon_core.package_identification:_identify(.) by extensions ['python_setup_py']
[0.840s] Level 1:colcon.colcon_core.package_identification:_identify(.) by extension 'python_setup_py'
[0.841s] Level 1:colcon.colcon_core.package_identification:_identify(build) by extensions ['ignore', 'ignore_ament_install']
[0.841s] Level 1:colcon.colcon_core.package_identification:_identify(build) by extension 'ignore'
[0.841s] Level 1:colcon.colcon_core.package_identification:_identify(build) ignored
[0.841s] Level 1:colcon.colcon_core.package_identification:_identify(install) by extensions ['ignore', 'ignore_ament_install']
[0.842s] Level 1:colcon.colcon_core.package_identification:_identify(install) by extension 'ignore'
[0.842s] Level 1:colcon.colcon_core.package_identification:_identify(install) ignored
[0.842s] Level 1:colcon.colcon_core.package_identification:_identify(launch) by extensions ['ignore', 'ignore_ament_install']
[0.842s] Level 1:colcon.colcon_core.package_identification:_identify(launch) by extension 'ignore'
[0.842s] Level 1:colcon.colcon_core.package_identification:_identify(launch) by extension 'ignore_ament_install'
[0.842s] Level 1:colcon.colcon_core.package_identification:_identify(launch) by extensions ['colcon_pkg']
[0.842s] Level 1:colcon.colcon_core.package_identification:_identify(launch) by extension 'colcon_pkg'
[0.843s] Level 1:colcon.colcon_core.package_identification:_identify(launch) by extensions ['colcon_meta']
[0.843s] Level 1:colcon.colcon_core.package_identification:_identify(launch) by extension 'colcon_meta'
[0.843s] Level 1:colcon.colcon_core.package_identification:_identify(launch) by extensions ['ros']
[0.843s] Level 1:colcon.colcon_core.package_identification:_identify(launch) by extension 'ros'
[0.843s] Level 1:colcon.colcon_core.package_identification:_identify(launch) by extensions ['cmake', 'python']
[0.843s] Level 1:colcon.colcon_core.package_identification:_identify(launch) by extension 'cmake'
[0.843s] Level 1:colcon.colcon_core.package_identification:_identify(launch) by extension 'python'
[0.843s] Level 1:colcon.colcon_core.package_identification:_identify(launch) by extensions ['python_setup_py']
[0.843s] Level 1:colcon.colcon_core.package_identification:_identify(launch) by extension 'python_setup_py'
[0.844s] Level 1:colcon.colcon_core.package_identification:_identify(launch/__pycache__) by extensions ['ignore', 'ignore_ament_install']
[0.844s] Level 1:colcon.colcon_core.package_identification:_identify(launch/__pycache__) by extension 'ignore'
[0.844s] Level 1:colcon.colcon_core.package_identification:_identify(launch/__pycache__) by extension 'ignore_ament_install'
[0.844s] Level 1:colcon.colcon_core.package_identification:_identify(launch/__pycache__) by extensions ['colcon_pkg']
[0.844s] Level 1:colcon.colcon_core.package_identification:_identify(launch/__pycache__) by extension 'colcon_pkg'
[0.844s] Level 1:colcon.colcon_core.package_identification:_identify(launch/__pycache__) by extensions ['colcon_meta']
[0.844s] Level 1:colcon.colcon_core.package_identification:_identify(launch/__pycache__) by extension 'colcon_meta'
[0.844s] Level 1:colcon.colcon_core.package_identification:_identify(launch/__pycache__) by extensions ['ros']
[0.844s] Level 1:colcon.colcon_core.package_identification:_identify(launch/__pycache__) by extension 'ros'
[0.845s] Level 1:colcon.colcon_core.package_identification:_identify(launch/__pycache__) by extensions ['cmake', 'python']
[0.845s] Level 1:colcon.colcon_core.package_identification:_identify(launch/__pycache__) by extension 'cmake'
[0.845s] Level 1:colcon.colcon_core.package_identification:_identify(launch/__pycache__) by extension 'python'
[0.845s] Level 1:colcon.colcon_core.package_identification:_identify(launch/__pycache__) by extensions ['python_setup_py']
[0.845s] Level 1:colcon.colcon_core.package_identification:_identify(launch/__pycache__) by extension 'python_setup_py'
[0.845s] Level 1:colcon.colcon_core.package_identification:_identify(log) by extensions ['ignore', 'ignore_ament_install']
[0.846s] Level 1:colcon.colcon_core.package_identification:_identify(log) by extension 'ignore'
[0.846s] Level 1:colcon.colcon_core.package_identification:_identify(log) ignored
[0.846s] Level 1:colcon.colcon_core.package_identification:_identify(src) by extensions ['ignore', 'ignore_ament_install']
[0.846s] Level 1:colcon.colcon_core.package_identification:_identify(src) by extension 'ignore'
[0.846s] Level 1:colcon.colcon_core.package_identification:_identify(src) by extension 'ignore_ament_install'
[0.846s] Level 1:colcon.colcon_core.package_identification:_identify(src) by extensions ['colcon_pkg']
[0.846s] Level 1:colcon.colcon_core.package_identification:_identify(src) by extension 'colcon_pkg'
[0.847s] Level 1:colcon.colcon_core.package_identification:_identify(src) by extensions ['colcon_meta']
[0.847s] Level 1:colcon.colcon_core.package_identification:_identify(src) by extension 'colcon_meta'
[0.847s] Level 1:colcon.colcon_core.package_identification:_identify(src) by extensions ['ros']
[0.847s] Level 1:colcon.colcon_core.package_identification:_identify(src) by extension 'ros'
[0.847s] Level 1:colcon.colcon_core.package_identification:_identify(src) by extensions ['cmake', 'python']
[0.847s] Level 1:colcon.colcon_core.package_identification:_identify(src) by extension 'cmake'
[0.847s] Level 1:colcon.colcon_core.package_identification:_identify(src) by extension 'python'
[0.847s] Level 1:colcon.colcon_core.package_identification:_identify(src) by extensions ['python_setup_py']
[0.847s] Level 1:colcon.colcon_core.package_identification:_identify(src) by extension 'python_setup_py'
[0.848s] Level 1:colcon.colcon_core.package_identification:_identify(src/controller) by extensions ['ignore', 'ignore_ament_install']
[0.848s] Level 1:colcon.colcon_core.package_identification:_identify(src/controller) by extension 'ignore'
[0.848s] Level 1:colcon.colcon_core.package_identification:_identify(src/controller) by extension 'ignore_ament_install'
[0.848s] Level 1:colcon.colcon_core.package_identification:_identify(src/controller) by extensions ['colcon_pkg']
[0.848s] Level 1:colcon.colcon_core.package_identification:_identify(src/controller) by extension 'colcon_pkg'
[0.848s] Level 1:colcon.colcon_core.package_identification:_identify(src/controller) by extensions ['colcon_meta']
[0.848s] Level 1:colcon.colcon_core.package_identification:_identify(src/controller) by extension 'colcon_meta'
[0.848s] Level 1:colcon.colcon_core.package_identification:_identify(src/controller) by extensions ['ros']
[0.848s] Level 1:colcon.colcon_core.package_identification:_identify(src/controller) by extension 'ros'
[0.854s] DEBUG:colcon.colcon_core.package_identification:Package 'src/controller' with type 'ros.ament_python' and name 'controller'
[0.854s] Level 1:colcon.colcon_core.package_identification:_identify(src/vision_opencv) by extensions ['ignore', 'ignore_ament_install']
[0.855s] Level 1:colcon.colcon_core.package_identification:_identify(src/vision_opencv) by extension 'ignore'
[0.855s] Level 1:colcon.colcon_core.package_identification:_identify(src/vision_opencv) by extension 'ignore_ament_install'
[0.855s] Level 1:colcon.colcon_core.package_identification:_identify(src/vision_opencv) by extensions ['colcon_pkg']
[0.855s] Level 1:colcon.colcon_core.package_identification:_identify(src/vision_opencv) by extension 'colcon_pkg'
[0.855s] Level 1:colcon.colcon_core.package_identification:_identify(src/vision_opencv) by extensions ['colcon_meta']
[0.855s] Level 1:colcon.colcon_core.package_identification:_identify(src/vision_opencv) by extension 'colcon_meta'
[0.855s] Level 1:colcon.colcon_core.package_identification:_identify(src/vision_opencv) by extensions ['ros']
[0.855s] Level 1:colcon.colcon_core.package_identification:_identify(src/vision_opencv) by extension 'ros'
[0.856s] Level 1:colcon.colcon_core.package_identification:_identify(src/vision_opencv) by extensions ['cmake', 'python']
[0.856s] Level 1:colcon.colcon_core.package_identification:_identify(src/vision_opencv) by extension 'cmake'
[0.856s] Level 1:colcon.colcon_core.package_identification:_identify(src/vision_opencv) by extension 'python'
[0.856s] Level 1:colcon.colcon_core.package_identification:_identify(src/vision_opencv) by extensions ['python_setup_py']
[0.856s] Level 1:colcon.colcon_core.package_identification:_identify(src/vision_opencv) by extension 'python_setup_py'
[0.856s] Level 1:colcon.colcon_core.package_identification:_identify(src/vision_opencv/cv_bridge) by extensions ['ignore', 'ignore_ament_install']
[0.856s] Level 1:colcon.colcon_core.package_identification:_identify(src/vision_opencv/cv_bridge) by extension 'ignore'
[0.857s] Level 1:colcon.colcon_core.package_identification:_identify(src/vision_opencv/cv_bridge) by extension 'ignore_ament_install'
[0.857s] Level 1:colcon.colcon_core.package_identification:_identify(src/vision_opencv/cv_bridge) by extensions ['colcon_pkg']
[0.857s] Level 1:colcon.colcon_core.package_identification:_identify(src/vision_opencv/cv_bridge) by extension 'colcon_pkg'
[0.857s] Level 1:colcon.colcon_core.package_identification:_identify(src/vision_opencv/cv_bridge) by extensions ['colcon_meta']
[0.857s] Level 1:colcon.colcon_core.package_identification:_identify(src/vision_opencv/cv_bridge) by extension 'colcon_meta'
[0.857s] Level 1:colcon.colcon_core.package_identification:_identify(src/vision_opencv/cv_bridge) by extensions ['ros']
[0.857s] Level 1:colcon.colcon_core.package_identification:_identify(src/vision_opencv/cv_bridge) by extension 'ros'
[0.859s] DEBUG:colcon.colcon_core.package_identification:Package 'src/vision_opencv/cv_bridge' with type 'ros.ament_cmake' and name 'cv_bridge'
[0.860s] Level 1:colcon.colcon_core.package_identification:_identify(src/vision_opencv/image_geometry) by extensions ['ignore', 'ignore_ament_install']
[0.860s] Level 1:colcon.colcon_core.package_identification:_identify(src/vision_opencv/image_geometry) by extension 'ignore'
[0.860s] Level 1:colcon.colcon_core.package_identification:_identify(src/vision_opencv/image_geometry) by extension 'ignore_ament_install'
[0.860s] Level 1:colcon.colcon_core.package_identification:_identify(src/vision_opencv/image_geometry) by extensions ['colcon_pkg']
[0.860s] Level 1:colcon.colcon_core.package_identification:_identify(src/vision_opencv/image_geometry) by extension 'colcon_pkg'
[0.860s] Level 1:colcon.colcon_core.package_identification:_identify(src/vision_opencv/image_geometry) by extensions ['colcon_meta']
[0.860s] Level 1:colcon.colcon_core.package_identification:_identify(src/vision_opencv/image_geometry) by extension 'colcon_meta'
[0.861s] Level 1:colcon.colcon_core.package_identification:_identify(src/vision_opencv/image_geometry) by extensions ['ros']
[0.861s] Level 1:colcon.colcon_core.package_identification:_identify(src/vision_opencv/image_geometry) by extension 'ros'
[0.862s] DEBUG:colcon.colcon_core.package_identification:Package 'src/vision_opencv/image_geometry' with type 'ros.ament_cmake' and name 'image_geometry'
[0.862s] Level 1:colcon.colcon_core.package_identification:_identify(src/vision_opencv/opencv_tests) by extensions ['ignore', 'ignore_ament_install']
[0.863s] Level 1:colcon.colcon_core.package_identification:_identify(src/vision_opencv/opencv_tests) by extension 'ignore'
[0.863s] Level 1:colcon.colcon_core.package_identification:_identify(src/vision_opencv/opencv_tests) by extension 'ignore_ament_install'
[0.863s] Level 1:colcon.colcon_core.package_identification:_identify(src/vision_opencv/opencv_tests) by extensions ['colcon_pkg']
[0.863s] Level 1:colcon.colcon_core.package_identification:_identify(src/vision_opencv/opencv_tests) by extension 'colcon_pkg'
[0.863s] Level 1:colcon.colcon_core.package_identification:_identify(src/vision_opencv/opencv_tests) by extensions ['colcon_meta']
[0.863s] Level 1:colcon.colcon_core.package_identification:_identify(src/vision_opencv/opencv_tests) by extension 'colcon_meta'
[0.863s] Level 1:colcon.colcon_core.package_identification:_identify(src/vision_opencv/opencv_tests) by extensions ['ros']
[0.863s] Level 1:colcon.colcon_core.package_identification:_identify(src/vision_opencv/opencv_tests) by extension 'ros'
[0.865s] DEBUG:colcon.colcon_core.package_identification:Package 'src/vision_opencv/opencv_tests' with type 'ros.ament_python' and name 'opencv_tests'
[0.865s] Level 1:colcon.colcon_core.package_identification:_identify(src/vision_opencv/vision_opencv) by extensions ['ignore', 'ignore_ament_install']
[0.865s] Level 1:colcon.colcon_core.package_identification:_identify(src/vision_opencv/vision_opencv) by extension 'ignore'
[0.865s] Level 1:colcon.colcon_core.package_identification:_identify(src/vision_opencv/vision_opencv) by extension 'ignore_ament_install'
[0.865s] Level 1:colcon.colcon_core.package_identification:_identify(src/vision_opencv/vision_opencv) by extensions ['colcon_pkg']
[0.866s] Level 1:colcon.colcon_core.package_identification:_identify(src/vision_opencv/vision_opencv) by extension 'colcon_pkg'
[0.866s] Level 1:colcon.colcon_core.package_identification:_identify(src/vision_opencv/vision_opencv) by extensions ['colcon_meta']
[0.866s] Level 1:colcon.colcon_core.package_identification:_identify(src/vision_opencv/vision_opencv) by extension 'colcon_meta'
[0.866s] Level 1:colcon.colcon_core.package_identification:_identify(src/vision_opencv/vision_opencv) by extensions ['ros']
[0.866s] Level 1:colcon.colcon_core.package_identification:_identify(src/vision_opencv/vision_opencv) by extension 'ros'
[0.867s] DEBUG:colcon.colcon_core.package_identification:Package 'src/vision_opencv/vision_opencv' with type 'ros.ament_cmake' and name 'vision_opencv'
[0.867s] Level 1:colcon.colcon_core.package_discovery:discover_packages(recursive) using defaults
[0.867s] Level 1:colcon.colcon_core.package_discovery:discover_packages(ignore) discover
[0.867s] Level 1:colcon.colcon_core.package_discovery:discover_packages(ignore) using defaults
[0.868s] Level 1:colcon.colcon_core.package_discovery:discover_packages(path) discover
[0.868s] Level 1:colcon.colcon_core.package_discovery:discover_packages(path) using defaults
[0.904s] Level 1:colcon.colcon_core.package_discovery:discover_packages(prefix_path) check parameters
[0.904s] Level 1:colcon.colcon_core.package_discovery:discover_packages(prefix_path) discover
[0.908s] WARNING:colcon.colcon_ros.prefix_path.ament:The path '/home/daniel/controlbot_ws/install/vision_opencv' in the environment variable AMENT_PREFIX_PATH doesn't exist
[0.909s] WARNING:colcon.colcon_ros.prefix_path.ament:The path '/home/daniel/controlbot_ws/install/opencv_tests' in the environment variable AMENT_PREFIX_PATH doesn't exist
[0.909s] WARNING:colcon.colcon_ros.prefix_path.ament:The path '/home/daniel/controlbot_ws/install/image_geometry' in the environment variable AMENT_PREFIX_PATH doesn't exist
[0.909s] WARNING:colcon.colcon_ros.prefix_path.ament:The path '/home/daniel/controlbot_ws/install/controller' in the environment variable AMENT_PREFIX_PATH doesn't exist
[0.909s] WARNING:colcon.colcon_ros.prefix_path.ament:The path '/home/daniel/controlbot_ws/install/cv_bridge' in the environment variable AMENT_PREFIX_PATH doesn't exist
[0.909s] WARNING:colcon.colcon_ros.prefix_path.catkin:The path '/home/daniel/controlbot_ws/install/vision_opencv' in the environment variable CMAKE_PREFIX_PATH doesn't exist
[0.909s] WARNING:colcon.colcon_ros.prefix_path.catkin:The path '/home/daniel/controlbot_ws/install/image_geometry' in the environment variable CMAKE_PREFIX_PATH doesn't exist
[0.909s] WARNING:colcon.colcon_ros.prefix_path.catkin:The path '/home/daniel/controlbot_ws/install/cv_bridge' in the environment variable CMAKE_PREFIX_PATH doesn't exist
[0.911s] DEBUG:colcon.colcon_installed_package_information.package_discovery:Found 0 installed packages in /home/daniel/controlbot_ws/install
[0.914s] DEBUG:colcon.colcon_installed_package_information.package_discovery:Found 273 installed packages in /opt/ros/galactic
[0.946s] Level 1:colcon.colcon_core.package_discovery:discover_packages(prefix_path) using defaults
[1.096s] Level 5:colcon.colcon_core.verb:set package 'cv_bridge' build argument 'cmake_args' from command line to 'None'
[1.096s] Level 5:colcon.colcon_core.verb:set package 'cv_bridge' build argument 'cmake_target' from command line to 'None'
[1.096s] Level 5:colcon.colcon_core.verb:set package 'cv_bridge' build argument 'cmake_target_skip_unavailable' from command line to 'False'
[1.096s] Level 5:colcon.colcon_core.verb:set package 'cv_bridge' build argument 'cmake_clean_cache' from command line to 'False'
[1.096s] Level 5:colcon.colcon_core.verb:set package 'cv_bridge' build argument 'cmake_clean_first' from command line to 'False'
[1.096s] Level 5:colcon.colcon_core.verb:set package 'cv_bridge' build argument 'cmake_force_configure' from command line to 'False'
[1.097s] Level 5:colcon.colcon_core.verb:set package 'cv_bridge' build argument 'ament_cmake_args' from command line to 'None'
[1.097s] Level 5:colcon.colcon_core.verb:set package 'cv_bridge' build argument 'catkin_cmake_args' from command line to 'None'
[1.097s] Level 5:colcon.colcon_core.verb:set package 'cv_bridge' build argument 'catkin_skip_building_tests' from command line to 'False'
[1.097s] DEBUG:colcon.colcon_core.verb:Building package 'cv_bridge' with the following arguments: {'ament_cmake_args': None, 'build_base': '/home/daniel/controlbot_ws/build/cv_bridge', 'catkin_cmake_args': None, 'catkin_skip_building_tests': False, 'cmake_args': None, 'cmake_clean_cache': False, 'cmake_clean_first': False, 'cmake_force_configure': False, 'cmake_target': None, 'cmake_target_skip_unavailable': False, 'install_base': '/home/daniel/controlbot_ws/install/cv_bridge', 'merge_install': False, 'path': '/home/daniel/controlbot_ws/src/vision_opencv/cv_bridge', 'symlink_install': True, 'test_result_base': None}
[1.098s] Level 5:colcon.colcon_core.verb:set package 'image_geometry' build argument 'cmake_args' from command line to 'None'
[1.098s] Level 5:colcon.colcon_core.verb:set package 'image_geometry' build argument 'cmake_target' from command line to 'None'
[1.098s] Level 5:colcon.colcon_core.verb:set package 'image_geometry' build argument 'cmake_target_skip_unavailable' from command line to 'False'
[1.098s] Level 5:colcon.colcon_core.verb:set package 'image_geometry' build argument 'cmake_clean_cache' from command line to 'False'
[1.098s] Level 5:colcon.colcon_core.verb:set package 'image_geometry' build argument 'cmake_clean_first' from command line to 'False'
[1.098s] Level 5:colcon.colcon_core.verb:set package 'image_geometry' build argument 'cmake_force_configure' from command line to 'False'
[1.098s] Level 5:colcon.colcon_core.verb:set package 'image_geometry' build argument 'ament_cmake_args' from command line to 'None'
[1.098s] Level 5:colcon.colcon_core.verb:set package 'image_geometry' build argument 'catkin_cmake_args' from command line to 'None'
[1.098s] Level 5:colcon.colcon_core.verb:set package 'image_geometry' build argument 'catkin_skip_building_tests' from command line to 'False'
[1.098s] DEBUG:colcon.colcon_core.verb:Building package 'image_geometry' with the following arguments: {'ament_cmake_args': None, 'build_base': '/home/daniel/controlbot_ws/build/image_geometry', 'catkin_cmake_args': None, 'catkin_skip_building_tests': False, 'cmake_args': None, 'cmake_clean_cache': False, 'cmake_clean_first': False, 'cmake_force_configure': False, 'cmake_target': None, 'cmake_target_skip_unavailable': False, 'install_base': '/home/daniel/controlbot_ws/install/image_geometry', 'merge_install': False, 'path': '/home/daniel/controlbot_ws/src/vision_opencv/image_geometry', 'symlink_install': True, 'test_result_base': None}
[1.099s] Level 5:colcon.colcon_core.verb:set package 'controller' build argument 'cmake_args' from command line to 'None'
[1.099s] Level 5:colcon.colcon_core.verb:set package 'controller' build argument 'cmake_target' from command line to 'None'
[1.099s] Level 5:colcon.colcon_core.verb:set package 'controller' build argument 'cmake_target_skip_unavailable' from command line to 'False'
[1.099s] Level 5:colcon.colcon_core.verb:set package 'controller' build argument 'cmake_clean_cache' from command line to 'False'
[1.099s] Level 5:colcon.colcon_core.verb:set package 'controller' build argument 'cmake_clean_first' from command line to 'False'
[1.099s] Level 5:colcon.colcon_core.verb:set package 'controller' build argument 'cmake_force_configure' from command line to 'False'
[1.099s] Level 5:colcon.colcon_core.verb:set package 'controller' build argument 'ament_cmake_args' from command line to 'None'
[1.099s] Level 5:colcon.colcon_core.verb:set package 'controller' build argument 'catkin_cmake_args' from command line to 'None'
[1.099s] Level 5:colcon.colcon_core.verb:set package 'controller' build argument 'catkin_skip_building_tests' from command line to 'False'
[1.099s] DEBUG:colcon.colcon_core.verb:Building package 'controller' with the following arguments: {'ament_cmake_args': None, 'build_base': '/home/daniel/controlbot_ws/build/controller', 'catkin_cmake_args': None, 'catkin_skip_building_tests': False, 'cmake_args': None, 'cmake_clean_cache': False, 'cmake_clean_first': False, 'cmake_force_configure': False, 'cmake_target': None, 'cmake_target_skip_unavailable': False, 'install_base': '/home/daniel/controlbot_ws/install/controller', 'merge_install': False, 'path': '/home/daniel/controlbot_ws/src/controller', 'symlink_install': True, 'test_result_base': None}
[1.100s] Level 5:colcon.colcon_core.verb:set package 'opencv_tests' build argument 'cmake_args' from command line to 'None'
[1.100s] Level 5:colcon.colcon_core.verb:set package 'opencv_tests' build argument 'cmake_target' from command line to 'None'
[1.100s] Level 5:colcon.colcon_core.verb:set package 'opencv_tests' build argument 'cmake_target_skip_unavailable' from command line to 'False'
[1.100s] Level 5:colcon.colcon_core.verb:set package 'opencv_tests' build argument 'cmake_clean_cache' from command line to 'False'
[1.100s] Level 5:colcon.colcon_core.verb:set package 'opencv_tests' build argument 'cmake_clean_first' from command line to 'False'
[1.101s] Level 5:colcon.colcon_core.verb:set package 'opencv_tests' build argument 'cmake_force_configure' from command line to 'False'
[1.101s] Level 5:colcon.colcon_core.verb:set package 'opencv_tests' build argument 'ament_cmake_args' from command line to 'None'
[1.101s] Level 5:colcon.colcon_core.verb:set package 'opencv_tests' build argument 'catkin_cmake_args' from command line to 'None'
[1.101s] Level 5:colcon.colcon_core.verb:set package 'opencv_tests' build argument 'catkin_skip_building_tests' from command line to 'False'
[1.101s] DEBUG:colcon.colcon_core.verb:Building package 'opencv_tests' with the following arguments: {'ament_cmake_args': None, 'build_base': '/home/daniel/controlbot_ws/build/opencv_tests', 'catkin_cmake_args': None, 'catkin_skip_building_tests': False, 'cmake_args': None, 'cmake_clean_cache': False, 'cmake_clean_first': False, 'cmake_force_configure': False, 'cmake_target': None, 'cmake_target_skip_unavailable': False, 'install_base': '/home/daniel/controlbot_ws/install/opencv_tests', 'merge_install': False, 'path': '/home/daniel/controlbot_ws/src/vision_opencv/opencv_tests', 'symlink_install': True, 'test_result_base': None}
[1.102s] Level 5:colcon.colcon_core.verb:set package 'vision_opencv' build argument 'cmake_args' from command line to 'None'
[1.102s] Level 5:colcon.colcon_core.verb:set package 'vision_opencv' build argument 'cmake_target' from command line to 'None'
[1.102s] Level 5:colcon.colcon_core.verb:set package 'vision_opencv' build argument 'cmake_target_skip_unavailable' from command line to 'False'
[1.102s] Level 5:colcon.colcon_core.verb:set package 'vision_opencv' build argument 'cmake_clean_cache' from command line to 'False'
[1.102s] Level 5:colcon.colcon_core.verb:set package 'vision_opencv' build argument 'cmake_clean_first' from command line to 'False'
[1.102s] Level 5:colcon.colcon_core.verb:set package 'vision_opencv' build argument 'cmake_force_configure' from command line to 'False'
[1.102s] Level 5:colcon.colcon_core.verb:set package 'vision_opencv' build argument 'ament_cmake_args' from command line to 'None'
[1.102s] Level 5:colcon.colcon_core.verb:set package 'vision_opencv' build argument 'catkin_cmake_args' from command line to 'None'
[1.102s] Level 5:colcon.colcon_core.verb:set package 'vision_opencv' build argument 'catkin_skip_building_tests' from command line to 'False'
[1.102s] DEBUG:colcon.colcon_core.verb:Building package 'vision_opencv' with the following arguments: {'ament_cmake_args': None, 'build_base': '/home/daniel/controlbot_ws/build/vision_opencv', 'catkin_cmake_args': None, 'catkin_skip_building_tests': False, 'cmake_args': None, 'cmake_clean_cache': False, 'cmake_clean_first': False, 'cmake_force_configure': False, 'cmake_target': None, 'cmake_target_skip_unavailable': False, 'install_base': '/home/daniel/controlbot_ws/install/vision_opencv', 'merge_install': False, 'path': '/home/daniel/controlbot_ws/src/vision_opencv/vision_opencv', 'symlink_install': True, 'test_result_base': None}
[1.102s] INFO:colcon.colcon_core.executor:Executing jobs using 'parallel' executor
[1.105s] DEBUG:colcon.colcon_parallel_executor.executor.parallel:run_until_complete
[1.106s] INFO:colcon.colcon_ros.task.ament_cmake.build:Building ROS package in '/home/daniel/controlbot_ws/src/vision_opencv/cv_bridge' with build type 'ament_cmake'
[1.106s] INFO:colcon.colcon_cmake.task.cmake.build:Building CMake package in '/home/daniel/controlbot_ws/src/vision_opencv/cv_bridge'
[1.110s] INFO:colcon.colcon_core.plugin_system:Skipping extension 'colcon_core.shell.bat': Not used on non-Windows systems
[1.111s] INFO:colcon.colcon_core.shell:Skip shell extension 'powershell' for command environment: Not usable outside of PowerShell
[1.111s] DEBUG:colcon.colcon_core.shell:Skip shell extension 'dsv' for command environment
[1.123s] INFO:colcon.colcon_ros.task.ament_cmake.build:Building ROS package in '/home/daniel/controlbot_ws/src/vision_opencv/image_geometry' with build type 'ament_cmake'
[1.124s] INFO:colcon.colcon_cmake.task.cmake.build:Building CMake package in '/home/daniel/controlbot_ws/src/vision_opencv/image_geometry'
[1.125s] INFO:colcon.colcon_core.shell:Skip shell extension 'powershell' for command environment: Not usable outside of PowerShell
[1.125s] DEBUG:colcon.colcon_core.shell:Skip shell extension 'dsv' for command environment
[1.144s] DEBUG:colcon.colcon_core.event_handler.log_command:Invoking command in '/home/daniel/controlbot_ws/build/cv_bridge': CMAKE_PREFIX_PATH=${CMAKE_PREFIX_PATH}:/home/daniel/controlbot_ws/install/opencv_tests:/home/daniel/controlbot_ws/install/controller:/opt/ros/galactic /usr/bin/cmake /home/daniel/controlbot_ws/src/vision_opencv/cv_bridge -DAMENT_CMAKE_SYMLINK_INSTALL=1 -DCMAKE_INSTALL_PREFIX=/home/daniel/controlbot_ws/install/cv_bridge
[1.162s] DEBUG:colcon.colcon_core.event_handler.log_command:Invoking command in '/home/daniel/controlbot_ws/build/image_geometry': CMAKE_PREFIX_PATH=${CMAKE_PREFIX_PATH}:/home/daniel/controlbot_ws/install/opencv_tests:/home/daniel/controlbot_ws/install/controller:/opt/ros/galactic /usr/bin/cmake /home/daniel/controlbot_ws/src/vision_opencv/image_geometry -DAMENT_CMAKE_SYMLINK_INSTALL=1 -DCMAKE_INSTALL_PREFIX=/home/daniel/controlbot_ws/install/image_geometry
[5.444s] DEBUG:colcon.colcon_core.event_handler.log_command:Invoked command in '/home/daniel/controlbot_ws/build/image_geometry' returned '0': CMAKE_PREFIX_PATH=${CMAKE_PREFIX_PATH}:/home/daniel/controlbot_ws/install/opencv_tests:/home/daniel/controlbot_ws/install/controller:/opt/ros/galactic /usr/bin/cmake /home/daniel/controlbot_ws/src/vision_opencv/image_geometry -DAMENT_CMAKE_SYMLINK_INSTALL=1 -DCMAKE_INSTALL_PREFIX=/home/daniel/controlbot_ws/install/image_geometry
[5.454s] DEBUG:colcon.colcon_core.event_handler.log_command:Invoking command in '/home/daniel/controlbot_ws/build/image_geometry': CMAKE_PREFIX_PATH=${CMAKE_PREFIX_PATH}:/home/daniel/controlbot_ws/install/opencv_tests:/home/daniel/controlbot_ws/install/controller:/opt/ros/galactic /usr/bin/cmake --build /home/daniel/controlbot_ws/build/image_geometry -- -j6 -l6
[10.375s] DEBUG:colcon.colcon_core.event_handler.log_command:Invoked command in '/home/daniel/controlbot_ws/build/cv_bridge' returned '0': CMAKE_PREFIX_PATH=${CMAKE_PREFIX_PATH}:/home/daniel/controlbot_ws/install/opencv_tests:/home/daniel/controlbot_ws/install/controller:/opt/ros/galactic /usr/bin/cmake /home/daniel/controlbot_ws/src/vision_opencv/cv_bridge -DAMENT_CMAKE_SYMLINK_INSTALL=1 -DCMAKE_INSTALL_PREFIX=/home/daniel/controlbot_ws/install/cv_bridge
[10.387s] DEBUG:colcon.colcon_core.event_handler.log_command:Invoking command in '/home/daniel/controlbot_ws/build/cv_bridge': CMAKE_PREFIX_PATH=${CMAKE_PREFIX_PATH}:/home/daniel/controlbot_ws/install/opencv_tests:/home/daniel/controlbot_ws/install/controller:/opt/ros/galactic /usr/bin/cmake --build /home/daniel/controlbot_ws/build/cv_bridge -- -j6 -l6
[21.387s] DEBUG:colcon.colcon_core.event_handler.log_command:Invoked command in '/home/daniel/controlbot_ws/build/image_geometry' returned '0': CMAKE_PREFIX_PATH=${CMAKE_PREFIX_PATH}:/home/daniel/controlbot_ws/install/opencv_tests:/home/daniel/controlbot_ws/install/controller:/opt/ros/galactic /usr/bin/cmake --build /home/daniel/controlbot_ws/build/image_geometry -- -j6 -l6
[21.433s] DEBUG:colcon.colcon_core.event_handler.log_command:Invoking command in '/home/daniel/controlbot_ws/build/image_geometry': CMAKE_PREFIX_PATH=${CMAKE_PREFIX_PATH}:/home/daniel/controlbot_ws/install/opencv_tests:/home/daniel/controlbot_ws/install/controller:/opt/ros/galactic /usr/bin/cmake --install /home/daniel/controlbot_ws/build/image_geometry
[22.449s] Level 1:colcon.colcon_core.environment:create_environment_scripts_only(image_geometry)
[22.452s] DEBUG:colcon.colcon_core.event_handler.log_command:Invoked command in '/home/daniel/controlbot_ws/build/image_geometry' returned '0': CMAKE_PREFIX_PATH=${CMAKE_PREFIX_PATH}:/home/daniel/controlbot_ws/install/opencv_tests:/home/daniel/controlbot_ws/install/controller:/opt/ros/galactic /usr/bin/cmake --install /home/daniel/controlbot_ws/build/image_geometry
[22.461s] Level 1:colcon.colcon_core.environment:checking '/home/daniel/controlbot_ws/install/image_geometry' for CMake module files
[22.463s] Level 1:colcon.colcon_core.environment:checking '/home/daniel/controlbot_ws/install/image_geometry' for CMake config files
[22.466s] Level 1:colcon.colcon_core.shell:create_environment_hook('image_geometry', 'cmake_prefix_path')
[22.467s] INFO:colcon.colcon_core.shell:Creating environment hook '/home/daniel/controlbot_ws/install/image_geometry/share/image_geometry/hook/cmake_prefix_path.ps1'
[22.469s] INFO:colcon.colcon_core.shell:Creating environment descriptor '/home/daniel/controlbot_ws/install/image_geometry/share/image_geometry/hook/cmake_prefix_path.dsv'
[22.471s] INFO:colcon.colcon_core.shell:Creating environment hook '/home/daniel/controlbot_ws/install/image_geometry/share/image_geometry/hook/cmake_prefix_path.sh'
[22.475s] Level 1:colcon.colcon_core.environment:checking '/home/daniel/controlbot_ws/install/image_geometry/lib'
[22.476s] Level 1:colcon.colcon_core.shell:create_environment_hook('image_geometry', 'ld_library_path_lib')
[22.477s] INFO:colcon.colcon_core.shell:Creating environment hook '/home/daniel/controlbot_ws/install/image_geometry/share/image_geometry/hook/ld_library_path_lib.ps1'
[22.478s] INFO:colcon.colcon_core.shell:Creating environment descriptor '/home/daniel/controlbot_ws/install/image_geometry/share/image_geometry/hook/ld_library_path_lib.dsv'
[22.479s] INFO:colcon.colcon_core.shell:Creating environment hook '/home/daniel/controlbot_ws/install/image_geometry/share/image_geometry/hook/ld_library_path_lib.sh'
[22.482s] Level 1:colcon.colcon_core.environment:checking '/home/daniel/controlbot_ws/install/image_geometry/bin'
[22.483s] Level 1:colcon.colcon_core.environment:checking '/home/daniel/controlbot_ws/install/image_geometry/lib/pkgconfig/image_geometry.pc'
[22.483s] Level 1:colcon.colcon_core.environment:checking '/home/daniel/controlbot_ws/install/image_geometry/lib/python3.8/site-packages'
[22.484s] Level 1:colcon.colcon_core.shell:create_environment_hook('image_geometry', 'pythonpath')
[22.484s] INFO:colcon.colcon_core.shell:Creating environment hook '/home/daniel/controlbot_ws/install/image_geometry/share/image_geometry/hook/pythonpath.ps1'
[22.485s] INFO:colcon.colcon_core.shell:Creating environment descriptor '/home/daniel/controlbot_ws/install/image_geometry/share/image_geometry/hook/pythonpath.dsv'
[22.486s] INFO:colcon.colcon_core.shell:Creating environment hook '/home/daniel/controlbot_ws/install/image_geometry/share/image_geometry/hook/pythonpath.sh'
[22.488s] Level 1:colcon.colcon_core.environment:checking '/home/daniel/controlbot_ws/install/image_geometry/bin'
[22.489s] INFO:colcon.colcon_core.shell:Creating package script '/home/daniel/controlbot_ws/install/image_geometry/share/image_geometry/package.ps1'
[22.491s] INFO:colcon.colcon_core.shell:Creating package descriptor '/home/daniel/controlbot_ws/install/image_geometry/share/image_geometry/package.dsv'
[22.493s] INFO:colcon.colcon_core.shell:Creating package script '/home/daniel/controlbot_ws/install/image_geometry/share/image_geometry/package.sh'
[22.494s] INFO:colcon.colcon_core.shell:Creating package script '/home/daniel/controlbot_ws/install/image_geometry/share/image_geometry/package.bash'
[22.496s] INFO:colcon.colcon_core.shell:Creating package script '/home/daniel/controlbot_ws/install/image_geometry/share/image_geometry/package.zsh'
[22.497s] Level 1:colcon.colcon_core.environment:create_file_with_runtime_dependencies(/home/daniel/controlbot_ws/install/image_geometry/share/colcon-core/packages/image_geometry)
[22.499s] Level 1:colcon.colcon_core.environment:create_environment_scripts_only(image_geometry)
[22.500s] Level 1:colcon.colcon_core.environment:checking '/home/daniel/controlbot_ws/install/image_geometry' for CMake module files
[22.501s] Level 1:colcon.colcon_core.environment:checking '/home/daniel/controlbot_ws/install/image_geometry' for CMake config files
[22.503s] Level 1:colcon.colcon_core.shell:create_environment_hook('image_geometry', 'cmake_prefix_path')
[22.503s] INFO:colcon.colcon_core.shell:Creating environment hook '/home/daniel/controlbot_ws/install/image_geometry/share/image_geometry/hook/cmake_prefix_path.ps1'
[22.504s] INFO:colcon.colcon_core.shell:Creating environment descriptor '/home/daniel/controlbot_ws/install/image_geometry/share/image_geometry/hook/cmake_prefix_path.dsv'
[22.505s] INFO:colcon.colcon_core.shell:Creating environment hook '/home/daniel/controlbot_ws/install/image_geometry/share/image_geometry/hook/cmake_prefix_path.sh'
[22.509s] Level 1:colcon.colcon_core.environment:checking '/home/daniel/controlbot_ws/install/image_geometry/lib'
[22.509s] Level 1:colcon.colcon_core.shell:create_environment_hook('image_geometry', 'ld_library_path_lib')
[22.510s] INFO:colcon.colcon_core.shell:Creating environment hook '/home/daniel/controlbot_ws/install/image_geometry/share/image_geometry/hook/ld_library_path_lib.ps1'
[22.512s] INFO:colcon.colcon_core.shell:Creating environment descriptor '/home/daniel/controlbot_ws/install/image_geometry/share/image_geometry/hook/ld_library_path_lib.dsv'
[22.512s] INFO:colcon.colcon_core.shell:Creating environment hook '/home/daniel/controlbot_ws/install/image_geometry/share/image_geometry/hook/ld_library_path_lib.sh'
[22.513s] Level 1:colcon.colcon_core.environment:checking '/home/daniel/controlbot_ws/install/image_geometry/bin'
[22.513s] Level 1:colcon.colcon_core.environment:checking '/home/daniel/controlbot_ws/install/image_geometry/lib/pkgconfig/image_geometry.pc'
[22.514s] Level 1:colcon.colcon_core.environment:checking '/home/daniel/controlbot_ws/install/image_geometry/lib/python3.8/site-packages'
[22.514s] Level 1:colcon.colcon_core.shell:create_environment_hook('image_geometry', 'pythonpath')
[22.514s] INFO:colcon.colcon_core.shell:Creating environment hook '/home/daniel/controlbot_ws/install/image_geometry/share/image_geometry/hook/pythonpath.ps1'
[22.515s] INFO:colcon.colcon_core.shell:Creating environment descriptor '/home/daniel/controlbot_ws/install/image_geometry/share/image_geometry/hook/pythonpath.dsv'
[22.516s] INFO:colcon.colcon_core.shell:Creating environment hook '/home/daniel/controlbot_ws/install/image_geometry/share/image_geometry/hook/pythonpath.sh'
[22.517s] Level 1:colcon.colcon_core.environment:checking '/home/daniel/controlbot_ws/install/image_geometry/bin'
[22.518s] INFO:colcon.colcon_core.shell:Creating package script '/home/daniel/controlbot_ws/install/image_geometry/share/image_geometry/package.ps1'
[22.519s] INFO:colcon.colcon_core.shell:Creating package descriptor '/home/daniel/controlbot_ws/install/image_geometry/share/image_geometry/package.dsv'
[22.520s] INFO:colcon.colcon_core.shell:Creating package script '/home/daniel/controlbot_ws/install/image_geometry/share/image_geometry/package.sh'
[22.521s] INFO:colcon.colcon_core.shell:Creating package script '/home/daniel/controlbot_ws/install/image_geometry/share/image_geometry/package.bash'
[22.522s] INFO:colcon.colcon_core.shell:Creating package script '/home/daniel/controlbot_ws/install/image_geometry/share/image_geometry/package.zsh'
[22.523s] Level 1:colcon.colcon_core.environment:create_file_with_runtime_dependencies(/home/daniel/controlbot_ws/install/image_geometry/share/colcon-core/packages/image_geometry)
[36.732s] DEBUG:colcon.colcon_core.event_handler.log_command:Invoked command in '/home/daniel/controlbot_ws/build/cv_bridge' returned '0': CMAKE_PREFIX_PATH=${CMAKE_PREFIX_PATH}:/home/daniel/controlbot_ws/install/opencv_tests:/home/daniel/controlbot_ws/install/controller:/opt/ros/galactic /usr/bin/cmake --build /home/daniel/controlbot_ws/build/cv_bridge -- -j6 -l6
[36.744s] DEBUG:colcon.colcon_core.event_handler.log_command:Invoking command in '/home/daniel/controlbot_ws/build/cv_bridge': CMAKE_PREFIX_PATH=${CMAKE_PREFIX_PATH}:/home/daniel/controlbot_ws/install/opencv_tests:/home/daniel/controlbot_ws/install/controller:/opt/ros/galactic /usr/bin/cmake --install /home/daniel/controlbot_ws/build/cv_bridge
[37.752s] Level 1:colcon.colcon_core.environment:create_environment_scripts_only(cv_bridge)
[37.754s] Level 1:colcon.colcon_core.environment:checking '/home/daniel/controlbot_ws/install/cv_bridge' for CMake module files
[37.756s] DEBUG:colcon.colcon_core.event_handler.log_command:Invoked command in '/home/daniel/controlbot_ws/build/cv_bridge' returned '0': CMAKE_PREFIX_PATH=${CMAKE_PREFIX_PATH}:/home/daniel/controlbot_ws/install/opencv_tests:/home/daniel/controlbot_ws/install/controller:/opt/ros/galactic /usr/bin/cmake --install /home/daniel/controlbot_ws/build/cv_bridge
[37.757s] Level 1:colcon.colcon_core.environment:checking '/home/daniel/controlbot_ws/install/cv_bridge' for CMake config files
[37.760s] Level 1:colcon.colcon_core.shell:create_environment_hook('cv_bridge', 'cmake_prefix_path')
[37.761s] INFO:colcon.colcon_core.shell:Creating environment hook '/home/daniel/controlbot_ws/install/cv_bridge/share/cv_bridge/hook/cmake_prefix_path.ps1'
[37.763s] INFO:colcon.colcon_core.shell:Creating environment descriptor '/home/daniel/controlbot_ws/install/cv_bridge/share/cv_bridge/hook/cmake_prefix_path.dsv'
[37.765s] INFO:colcon.colcon_core.shell:Creating environment hook '/home/daniel/controlbot_ws/install/cv_bridge/share/cv_bridge/hook/cmake_prefix_path.sh'
[37.767s] Level 1:colcon.colcon_core.environment:checking '/home/daniel/controlbot_ws/install/cv_bridge/lib'
[37.767s] Level 1:colcon.colcon_core.shell:create_environment_hook('cv_bridge', 'ld_library_path_lib')
[37.768s] INFO:colcon.colcon_core.shell:Creating environment hook '/home/daniel/controlbot_ws/install/cv_bridge/share/cv_bridge/hook/ld_library_path_lib.ps1'
[37.770s] INFO:colcon.colcon_core.shell:Creating environment descriptor '/home/daniel/controlbot_ws/install/cv_bridge/share/cv_bridge/hook/ld_library_path_lib.dsv'
[37.771s] INFO:colcon.colcon_core.shell:Creating environment hook '/home/daniel/controlbot_ws/install/cv_bridge/share/cv_bridge/hook/ld_library_path_lib.sh'
[37.772s] Level 1:colcon.colcon_core.environment:checking '/home/daniel/controlbot_ws/install/cv_bridge/bin'
[37.772s] Level 1:colcon.colcon_core.environment:checking '/home/daniel/controlbot_ws/install/cv_bridge/lib/pkgconfig/cv_bridge.pc'
[37.774s] Level 1:colcon.colcon_core.environment:checking '/home/daniel/controlbot_ws/install/cv_bridge/lib/python3.8/site-packages'
[37.774s] Level 1:colcon.colcon_core.shell:create_environment_hook('cv_bridge', 'pythonpath')
[37.775s] INFO:colcon.colcon_core.shell:Creating environment hook '/home/daniel/controlbot_ws/install/cv_bridge/share/cv_bridge/hook/pythonpath.ps1'
[37.776s] INFO:colcon.colcon_core.shell:Creating environment descriptor '/home/daniel/controlbot_ws/install/cv_bridge/share/cv_bridge/hook/pythonpath.dsv'
[37.777s] INFO:colcon.colcon_core.shell:Creating environment hook '/home/daniel/controlbot_ws/install/cv_bridge/share/cv_bridge/hook/pythonpath.sh'
[37.779s] Level 1:colcon.colcon_core.environment:checking '/home/daniel/controlbot_ws/install/cv_bridge/bin'
[37.781s] INFO:colcon.colcon_core.shell:Creating package script '/home/daniel/controlbot_ws/install/cv_bridge/share/cv_bridge/package.ps1'
[37.783s] INFO:colcon.colcon_core.shell:Creating package descriptor '/home/daniel/controlbot_ws/install/cv_bridge/share/cv_bridge/package.dsv'
[37.785s] INFO:colcon.colcon_core.shell:Creating package script '/home/daniel/controlbot_ws/install/cv_bridge/share/cv_bridge/package.sh'
[37.788s] INFO:colcon.colcon_core.shell:Creating package script '/home/daniel/controlbot_ws/install/cv_bridge/share/cv_bridge/package.bash'
[37.789s] INFO:colcon.colcon_core.shell:Creating package script '/home/daniel/controlbot_ws/install/cv_bridge/share/cv_bridge/package.zsh'
[37.790s] Level 1:colcon.colcon_core.environment:create_file_with_runtime_dependencies(/home/daniel/controlbot_ws/install/cv_bridge/share/colcon-core/packages/cv_bridge)
[37.793s] Level 1:colcon.colcon_core.environment:create_environment_scripts_only(cv_bridge)
[37.794s] Level 1:colcon.colcon_core.environment:checking '/home/daniel/controlbot_ws/install/cv_bridge' for CMake module files
[37.795s] Level 1:colcon.colcon_core.environment:checking '/home/daniel/controlbot_ws/install/cv_bridge' for CMake config files
[37.797s] Level 1:colcon.colcon_core.shell:create_environment_hook('cv_bridge', 'cmake_prefix_path')
[37.798s] INFO:colcon.colcon_core.shell:Creating environment hook '/home/daniel/controlbot_ws/install/cv_bridge/share/cv_bridge/hook/cmake_prefix_path.ps1'
[37.799s] INFO:colcon.colcon_core.shell:Creating environment descriptor '/home/daniel/controlbot_ws/install/cv_bridge/share/cv_bridge/hook/cmake_prefix_path.dsv'
[37.800s] INFO:colcon.colcon_core.shell:Creating environment hook '/home/daniel/controlbot_ws/install/cv_bridge/share/cv_bridge/hook/cmake_prefix_path.sh'
[37.802s] Level 1:colcon.colcon_core.environment:checking '/home/daniel/controlbot_ws/install/cv_bridge/lib'
[37.802s] Level 1:colcon.colcon_core.shell:create_environment_hook('cv_bridge', 'ld_library_path_lib')
[37.805s] INFO:colcon.colcon_core.shell:Creating environment hook '/home/daniel/controlbot_ws/install/cv_bridge/share/cv_bridge/hook/ld_library_path_lib.ps1'
[37.806s] INFO:colcon.colcon_core.shell:Creating environment descriptor '/home/daniel/controlbot_ws/install/cv_bridge/share/cv_bridge/hook/ld_library_path_lib.dsv'
[37.807s] INFO:colcon.colcon_core.shell:Creating environment hook '/home/daniel/controlbot_ws/install/cv_bridge/share/cv_bridge/hook/ld_library_path_lib.sh'
[37.808s] Level 1:colcon.colcon_core.environment:checking '/home/daniel/controlbot_ws/install/cv_bridge/bin'
[37.808s] Level 1:colcon.colcon_core.environment:checking '/home/daniel/controlbot_ws/install/cv_bridge/lib/pkgconfig/cv_bridge.pc'
[37.809s] Level 1:colcon.colcon_core.environment:checking '/home/daniel/controlbot_ws/install/cv_bridge/lib/python3.8/site-packages'
[37.809s] Level 1:colcon.colcon_core.shell:create_environment_hook('cv_bridge', 'pythonpath')
[37.809s] INFO:colcon.colcon_core.shell:Creating environment hook '/home/daniel/controlbot_ws/install/cv_bridge/share/cv_bridge/hook/pythonpath.ps1'
[37.810s] INFO:colcon.colcon_core.shell:Creating environment descriptor '/home/daniel/controlbot_ws/install/cv_bridge/share/cv_bridge/hook/pythonpath.dsv'
[37.811s] INFO:colcon.colcon_core.shell:Creating environment hook '/home/daniel/controlbot_ws/install/cv_bridge/share/cv_bridge/hook/pythonpath.sh'
[37.812s] Level 1:colcon.colcon_core.environment:checking '/home/daniel/controlbot_ws/install/cv_bridge/bin'
[37.813s] INFO:colcon.colcon_core.shell:Creating package script '/home/daniel/controlbot_ws/install/cv_bridge/share/cv_bridge/package.ps1'
[37.814s] INFO:colcon.colcon_core.shell:Creating package descriptor '/home/daniel/controlbot_ws/install/cv_bridge/share/cv_bridge/package.dsv'
[37.815s] INFO:colcon.colcon_core.shell:Creating package script '/home/daniel/controlbot_ws/install/cv_bridge/share/cv_bridge/package.sh'
[37.816s] INFO:colcon.colcon_core.shell:Creating package script '/home/daniel/controlbot_ws/install/cv_bridge/share/cv_bridge/package.bash'
[37.817s] INFO:colcon.colcon_core.shell:Creating package script '/home/daniel/controlbot_ws/install/cv_bridge/share/cv_bridge/package.zsh'
[37.818s] Level 1:colcon.colcon_core.environment:create_file_with_runtime_dependencies(/home/daniel/controlbot_ws/install/cv_bridge/share/colcon-core/packages/cv_bridge)
[37.821s] INFO:colcon.colcon_ros.task.ament_python.build:Building ROS package in '/home/daniel/controlbot_ws/src/controller' with build type 'ament_python'
[37.821s] Level 1:colcon.colcon_core.shell:create_environment_hook('controller', 'ament_prefix_path')
[37.822s] INFO:colcon.colcon_core.shell:Creating environment hook '/home/daniel/controlbot_ws/install/controller/share/controller/hook/ament_prefix_path.ps1'
[37.824s] INFO:colcon.colcon_core.shell:Creating environment descriptor '/home/daniel/controlbot_ws/install/controller/share/controller/hook/ament_prefix_path.dsv'
[37.824s] INFO:colcon.colcon_core.shell:Creating environment hook '/home/daniel/controlbot_ws/install/controller/share/controller/hook/ament_prefix_path.sh'
[37.825s] INFO:colcon.colcon_core.shell:Skip shell extension 'powershell' for command environment: Not usable outside of PowerShell
[37.826s] DEBUG:colcon.colcon_core.shell:Skip shell extension 'dsv' for command environment
[37.843s] INFO:colcon.colcon_ros.task.ament_python.build:Building ROS package in '/home/daniel/controlbot_ws/src/vision_opencv/opencv_tests' with build type 'ament_python'
[37.845s] Level 1:colcon.colcon_core.shell:create_environment_hook('opencv_tests', 'ament_prefix_path')
[37.846s] INFO:colcon.colcon_core.shell:Creating environment hook '/home/daniel/controlbot_ws/install/opencv_tests/share/opencv_tests/hook/ament_prefix_path.ps1'
[37.849s] INFO:colcon.colcon_core.shell:Creating environment descriptor '/home/daniel/controlbot_ws/install/opencv_tests/share/opencv_tests/hook/ament_prefix_path.dsv'
[37.850s] INFO:colcon.colcon_core.shell:Creating environment hook '/home/daniel/controlbot_ws/install/opencv_tests/share/opencv_tests/hook/ament_prefix_path.sh'
[37.851s] INFO:colcon.colcon_core.shell:Skip shell extension 'powershell' for command environment: Not usable outside of PowerShell
[37.852s] DEBUG:colcon.colcon_core.shell:Skip shell extension 'dsv' for command environment
[37.870s] INFO:colcon.colcon_ros.task.ament_cmake.build:Building ROS package in '/home/daniel/controlbot_ws/src/vision_opencv/vision_opencv' with build type 'ament_cmake'
[37.871s] INFO:colcon.colcon_cmake.task.cmake.build:Building CMake package in '/home/daniel/controlbot_ws/src/vision_opencv/vision_opencv'
[37.872s] INFO:colcon.colcon_core.shell:Skip shell extension 'powershell' for command environment: Not usable outside of PowerShell
[37.872s] DEBUG:colcon.colcon_core.shell:Skip shell extension 'dsv' for command environment
[38.499s] INFO:colcon.colcon_core.task.python.build:Building Python package in '/home/daniel/controlbot_ws/src/controller'
[38.501s] INFO:colcon.colcon_core.shell:Skip shell extension 'powershell' for command environment: Not usable outside of PowerShell
[38.501s] DEBUG:colcon.colcon_core.shell:Skip shell extension 'dsv' for command environment
[39.100s] INFO:colcon.colcon_core.task.python.build:Building Python package in '/home/daniel/controlbot_ws/src/vision_opencv/opencv_tests'
[39.102s] INFO:colcon.colcon_core.shell:Skip shell extension 'powershell' for command environment: Not usable outside of PowerShell
[39.102s] DEBUG:colcon.colcon_core.shell:Skip shell extension 'dsv' for command environment
[39.133s] DEBUG:colcon.colcon_core.event_handler.log_command:Invoking command in '/home/daniel/controlbot_ws/build/vision_opencv': CMAKE_PREFIX_PATH=/home/daniel/controlbot_ws/install/image_geometry:/home/daniel/controlbot_ws/install/cv_bridge:/home/daniel/controlbot_ws/install/vision_opencv:/home/daniel/controlbot_ws/install/opencv_tests:/home/daniel/controlbot_ws/install/controller:/opt/ros/galactic LD_LIBRARY_PATH=/home/daniel/controlbot_ws/install/image_geometry/lib:/home/daniel/controlbot_ws/install/cv_bridge/lib:/opt/ros/galactic/opt/yaml_cpp_vendor/lib:/opt/ros/galactic/opt/rviz_ogre_vendor/lib:/opt/ros/galactic/lib/aarch64-linux-gnu:/opt/ros/galactic/lib:/usr/local/cuda-11.4/lib64 PYTHONPATH=/home/daniel/controlbot_ws/install/image_geometry/lib/python3.8/site-packages:/home/daniel/controlbot_ws/install/cv_bridge/lib/python3.8/site-packages:/home/daniel/controlbot_ws/install/opencv_tests/lib/python3.8/site-packages:/home/daniel/controlbot_ws/install/controller/lib/python3.8/site-packages:/opt/ros/galactic/lib/python3.8/site-packages /usr/bin/cmake /home/daniel/controlbot_ws/src/vision_opencv/vision_opencv -DAMENT_CMAKE_SYMLINK_INSTALL=1 -DCMAKE_INSTALL_PREFIX=/home/daniel/controlbot_ws/install/vision_opencv
[40.535s] DEBUG:colcon.colcon_core.event_handler.log_command:Invoking command in '/home/daniel/controlbot_ws/build/opencv_tests': CMAKE_PREFIX_PATH=/home/daniel/controlbot_ws/install/cv_bridge:/home/daniel/controlbot_ws/install/vision_opencv:/home/daniel/controlbot_ws/install/image_geometry LD_LIBRARY_PATH=/home/daniel/controlbot_ws/install/cv_bridge/lib:/home/daniel/controlbot_ws/install/image_geometry/lib:/opt/ros/galactic/opt/yaml_cpp_vendor/lib:/opt/ros/galactic/opt/rviz_ogre_vendor/lib:/opt/ros/galactic/lib/aarch64-linux-gnu:/opt/ros/galactic/lib:/usr/local/cuda-11.4/lib64 PYTHONPATH=/home/daniel/controlbot_ws/build/opencv_tests/prefix_override:/usr/lib/python3/dist-packages/colcon_core/task/python/colcon_distutils_commands:/home/daniel/controlbot_ws/install/opencv_tests/lib/python3.8/site-packages:/home/daniel/controlbot_ws/install/cv_bridge/lib/python3.8/site-packages:/home/daniel/controlbot_ws/install/opencv_tests/lib/python3.8/site-packages:/home/daniel/controlbot_ws/install/image_geometry/lib/python3.8/site-packages:/home/daniel/controlbot_ws/install/controller/lib/python3.8/site-packages:/opt/ros/galactic/lib/python3.8/site-packages /usr/bin/python3 -W ignore:setup.py install is deprecated -W ignore:easy_install command is deprecated setup.py develop --editable --build-directory /home/daniel/controlbot_ws/build/opencv_tests/build --no-deps symlink_data
[40.562s] DEBUG:colcon.colcon_core.event_handler.log_command:Invoking command in '/home/daniel/controlbot_ws/build/controller': CMAKE_PREFIX_PATH=/home/daniel/controlbot_ws/install/cv_bridge:/home/daniel/controlbot_ws/install/vision_opencv:/home/daniel/controlbot_ws/install/image_geometry LD_LIBRARY_PATH=/home/daniel/controlbot_ws/install/cv_bridge/lib:/home/daniel/controlbot_ws/install/image_geometry/lib:/opt/ros/galactic/opt/yaml_cpp_vendor/lib:/opt/ros/galactic/opt/rviz_ogre_vendor/lib:/opt/ros/galactic/lib/aarch64-linux-gnu:/opt/ros/galactic/lib:/usr/local/cuda-11.4/lib64 PYTHONPATH=/home/daniel/controlbot_ws/build/controller/prefix_override:/usr/lib/python3/dist-packages/colcon_core/task/python/colcon_distutils_commands:/home/daniel/controlbot_ws/install/controller/lib/python3.8/site-packages:/home/daniel/controlbot_ws/install/cv_bridge/lib/python3.8/site-packages:/home/daniel/controlbot_ws/install/opencv_tests/lib/python3.8/site-packages:/home/daniel/controlbot_ws/install/image_geometry/lib/python3.8/site-packages:/home/daniel/controlbot_ws/install/controller/lib/python3.8/site-packages:/opt/ros/galactic/lib/python3.8/site-packages /usr/bin/python3 -W ignore:setup.py install is deprecated -W ignore:easy_install command is deprecated setup.py develop --editable --build-directory /home/daniel/controlbot_ws/build/controller/build --no-deps symlink_data
[41.391s] DEBUG:colcon.colcon_core.event_handler.log_command:Invoked command in '/home/daniel/controlbot_ws/build/vision_opencv' returned '0': CMAKE_PREFIX_PATH=/home/daniel/controlbot_ws/install/image_geometry:/home/daniel/controlbot_ws/install/cv_bridge:/home/daniel/controlbot_ws/install/vision_opencv:/home/daniel/controlbot_ws/install/opencv_tests:/home/daniel/controlbot_ws/install/controller:/opt/ros/galactic LD_LIBRARY_PATH=/home/daniel/controlbot_ws/install/image_geometry/lib:/home/daniel/controlbot_ws/install/cv_bridge/lib:/opt/ros/galactic/opt/yaml_cpp_vendor/lib:/opt/ros/galactic/opt/rviz_ogre_vendor/lib:/opt/ros/galactic/lib/aarch64-linux-gnu:/opt/ros/galactic/lib:/usr/local/cuda-11.4/lib64 PYTHONPATH=/home/daniel/controlbot_ws/install/image_geometry/lib/python3.8/site-packages:/home/daniel/controlbot_ws/install/cv_bridge/lib/python3.8/site-packages:/home/daniel/controlbot_ws/install/opencv_tests/lib/python3.8/site-packages:/home/daniel/controlbot_ws/install/controller/lib/python3.8/site-packages:/opt/ros/galactic/lib/python3.8/site-packages /usr/bin/cmake /home/daniel/controlbot_ws/src/vision_opencv/vision_opencv -DAMENT_CMAKE_SYMLINK_INSTALL=1 -DCMAKE_INSTALL_PREFIX=/home/daniel/controlbot_ws/install/vision_opencv
[41.394s] DEBUG:colcon.colcon_core.event_handler.log_command:Invoking command in '/home/daniel/controlbot_ws/build/vision_opencv': CMAKE_PREFIX_PATH=/home/daniel/controlbot_ws/install/image_geometry:/home/daniel/controlbot_ws/install/cv_bridge:/home/daniel/controlbot_ws/install/vision_opencv:/home/daniel/controlbot_ws/install/opencv_tests:/home/daniel/controlbot_ws/install/controller:/opt/ros/galactic LD_LIBRARY_PATH=/home/daniel/controlbot_ws/install/image_geometry/lib:/home/daniel/controlbot_ws/install/cv_bridge/lib:/opt/ros/galactic/opt/yaml_cpp_vendor/lib:/opt/ros/galactic/opt/rviz_ogre_vendor/lib:/opt/ros/galactic/lib/aarch64-linux-gnu:/opt/ros/galactic/lib:/usr/local/cuda-11.4/lib64 PYTHONPATH=/home/daniel/controlbot_ws/install/image_geometry/lib/python3.8/site-packages:/home/daniel/controlbot_ws/install/cv_bridge/lib/python3.8/site-packages:/home/daniel/controlbot_ws/install/opencv_tests/lib/python3.8/site-packages:/home/daniel/controlbot_ws/install/controller/lib/python3.8/site-packages:/opt/ros/galactic/lib/python3.8/site-packages /usr/bin/cmake --build /home/daniel/controlbot_ws/build/vision_opencv -- -j6 -l6
[41.495s] DEBUG:colcon.colcon_core.event_handler.log_command:Invoked command in '/home/daniel/controlbot_ws/build/vision_opencv' returned '0': CMAKE_PREFIX_PATH=/home/daniel/controlbot_ws/install/image_geometry:/home/daniel/controlbot_ws/install/cv_bridge:/home/daniel/controlbot_ws/install/vision_opencv:/home/daniel/controlbot_ws/install/opencv_tests:/home/daniel/controlbot_ws/install/controller:/opt/ros/galactic LD_LIBRARY_PATH=/home/daniel/controlbot_ws/install/image_geometry/lib:/home/daniel/controlbot_ws/install/cv_bridge/lib:/opt/ros/galactic/opt/yaml_cpp_vendor/lib:/opt/ros/galactic/opt/rviz_ogre_vendor/lib:/opt/ros/galactic/lib/aarch64-linux-gnu:/opt/ros/galactic/lib:/usr/local/cuda-11.4/lib64 PYTHONPATH=/home/daniel/controlbot_ws/install/image_geometry/lib/python3.8/site-packages:/home/daniel/controlbot_ws/install/cv_bridge/lib/python3.8/site-packages:/home/daniel/controlbot_ws/install/opencv_tests/lib/python3.8/site-packages:/home/daniel/controlbot_ws/install/controller/lib/python3.8/site-packages:/opt/ros/galactic/lib/python3.8/site-packages /usr/bin/cmake --build /home/daniel/controlbot_ws/build/vision_opencv -- -j6 -l6
[41.498s] DEBUG:colcon.colcon_core.event_handler.log_command:Invoking command in '/home/daniel/controlbot_ws/build/vision_opencv': CMAKE_PREFIX_PATH=/home/daniel/controlbot_ws/install/image_geometry:/home/daniel/controlbot_ws/install/cv_bridge:/home/daniel/controlbot_ws/install/vision_opencv:/home/daniel/controlbot_ws/install/opencv_tests:/home/daniel/controlbot_ws/install/controller:/opt/ros/galactic LD_LIBRARY_PATH=/home/daniel/controlbot_ws/install/image_geometry/lib:/home/daniel/controlbot_ws/install/cv_bridge/lib:/opt/ros/galactic/opt/yaml_cpp_vendor/lib:/opt/ros/galactic/opt/rviz_ogre_vendor/lib:/opt/ros/galactic/lib/aarch64-linux-gnu:/opt/ros/galactic/lib:/usr/local/cuda-11.4/lib64 PYTHONPATH=/home/daniel/controlbot_ws/install/image_geometry/lib/python3.8/site-packages:/home/daniel/controlbot_ws/install/cv_bridge/lib/python3.8/site-packages:/home/daniel/controlbot_ws/install/opencv_tests/lib/python3.8/site-packages:/home/daniel/controlbot_ws/install/controller/lib/python3.8/site-packages:/opt/ros/galactic/lib/python3.8/site-packages /usr/bin/cmake --install /home/daniel/controlbot_ws/build/vision_opencv
[41.853s] Level 1:colcon.colcon_core.shell:create_environment_hook('controller', 'pythonpath_develop')
[41.855s] INFO:colcon.colcon_core.shell:Creating environment hook '/home/daniel/controlbot_ws/build/controller/share/controller/hook/pythonpath_develop.ps1'
[41.857s] DEBUG:colcon.colcon_core.event_handler.log_command:Invoked command in '/home/daniel/controlbot_ws/build/controller' returned '0': CMAKE_PREFIX_PATH=/home/daniel/controlbot_ws/install/cv_bridge:/home/daniel/controlbot_ws/install/vision_opencv:/home/daniel/controlbot_ws/install/image_geometry LD_LIBRARY_PATH=/home/daniel/controlbot_ws/install/cv_bridge/lib:/home/daniel/controlbot_ws/install/image_geometry/lib:/opt/ros/galactic/opt/yaml_cpp_vendor/lib:/opt/ros/galactic/opt/rviz_ogre_vendor/lib:/opt/ros/galactic/lib/aarch64-linux-gnu:/opt/ros/galactic/lib:/usr/local/cuda-11.4/lib64 PYTHONPATH=/home/daniel/controlbot_ws/build/controller/prefix_override:/usr/lib/python3/dist-packages/colcon_core/task/python/colcon_distutils_commands:/home/daniel/controlbot_ws/install/controller/lib/python3.8/site-packages:/home/daniel/controlbot_ws/install/cv_bridge/lib/python3.8/site-packages:/home/daniel/controlbot_ws/install/opencv_tests/lib/python3.8/site-packages:/home/daniel/controlbot_ws/install/image_geometry/lib/python3.8/site-packages:/home/daniel/controlbot_ws/install/controller/lib/python3.8/site-packages:/opt/ros/galactic/lib/python3.8/site-packages /usr/bin/python3 -W ignore:setup.py install is deprecated -W ignore:easy_install command is deprecated setup.py develop --editable --build-directory /home/daniel/controlbot_ws/build/controller/build --no-deps symlink_data
[41.860s] INFO:colcon.colcon_core.shell:Creating environment descriptor '/home/daniel/controlbot_ws/build/controller/share/controller/hook/pythonpath_develop.dsv'
[41.861s] INFO:colcon.colcon_core.shell:Creating environment hook '/home/daniel/controlbot_ws/build/controller/share/controller/hook/pythonpath_develop.sh'
[41.863s] Level 1:colcon.colcon_core.environment:checking '/home/daniel/controlbot_ws/install/controller' for CMake module files
[41.865s] Level 1:colcon.colcon_core.environment:checking '/home/daniel/controlbot_ws/install/controller' for CMake config files
[41.867s] Level 1:colcon.colcon_core.environment:checking '/home/daniel/controlbot_ws/install/controller/lib'
[41.868s] Level 1:colcon.colcon_core.environment:checking '/home/daniel/controlbot_ws/install/controller/bin'
[41.868s] Level 1:colcon.colcon_core.environment:checking '/home/daniel/controlbot_ws/install/controller/lib/pkgconfig/controller.pc'
[41.869s] Level 1:colcon.colcon_core.environment:checking '/home/daniel/controlbot_ws/install/controller/lib/python3.8/site-packages'
[41.869s] Level 1:colcon.colcon_core.shell:create_environment_hook('controller', 'pythonpath')
[41.869s] INFO:colcon.colcon_core.shell:Creating environment hook '/home/daniel/controlbot_ws/install/controller/share/controller/hook/pythonpath.ps1'
[41.870s] INFO:colcon.colcon_core.shell:Creating environment descriptor '/home/daniel/controlbot_ws/install/controller/share/controller/hook/pythonpath.dsv'
[41.871s] INFO:colcon.colcon_core.shell:Creating environment hook '/home/daniel/controlbot_ws/install/controller/share/controller/hook/pythonpath.sh'
[41.872s] Level 1:colcon.colcon_core.environment:checking '/home/daniel/controlbot_ws/install/controller/bin'
[41.873s] Level 1:colcon.colcon_core.environment:create_environment_scripts_only(controller)
[41.875s] INFO:colcon.colcon_core.shell:Creating package script '/home/daniel/controlbot_ws/install/controller/share/controller/package.ps1'
[41.877s] INFO:colcon.colcon_core.shell:Creating package descriptor '/home/daniel/controlbot_ws/install/controller/share/controller/package.dsv'
[41.879s] INFO:colcon.colcon_core.shell:Creating package script '/home/daniel/controlbot_ws/install/controller/share/controller/package.sh'
[41.881s] INFO:colcon.colcon_core.shell:Creating package script '/home/daniel/controlbot_ws/install/controller/share/controller/package.bash'
[41.882s] INFO:colcon.colcon_core.shell:Creating package script '/home/daniel/controlbot_ws/install/controller/share/controller/package.zsh'
[41.883s] Level 1:colcon.colcon_core.environment:create_file_with_runtime_dependencies(/home/daniel/controlbot_ws/install/controller/share/colcon-core/packages/controller)
[41.887s] Level 1:colcon.colcon_core.shell:create_environment_hook('opencv_tests', 'pythonpath_develop')
[41.888s] INFO:colcon.colcon_core.shell:Creating environment hook '/home/daniel/controlbot_ws/build/opencv_tests/share/opencv_tests/hook/pythonpath_develop.ps1'
[41.890s] DEBUG:colcon.colcon_core.event_handler.log_command:Invoked command in '/home/daniel/controlbot_ws/build/opencv_tests' returned '0': CMAKE_PREFIX_PATH=/home/daniel/controlbot_ws/install/cv_bridge:/home/daniel/controlbot_ws/install/vision_opencv:/home/daniel/controlbot_ws/install/image_geometry LD_LIBRARY_PATH=/home/daniel/controlbot_ws/install/cv_bridge/lib:/home/daniel/controlbot_ws/install/image_geometry/lib:/opt/ros/galactic/opt/yaml_cpp_vendor/lib:/opt/ros/galactic/opt/rviz_ogre_vendor/lib:/opt/ros/galactic/lib/aarch64-linux-gnu:/opt/ros/galactic/lib:/usr/local/cuda-11.4/lib64 PYTHONPATH=/home/daniel/controlbot_ws/build/opencv_tests/prefix_override:/usr/lib/python3/dist-packages/colcon_core/task/python/colcon_distutils_commands:/home/daniel/controlbot_ws/install/opencv_tests/lib/python3.8/site-packages:/home/daniel/controlbot_ws/install/cv_bridge/lib/python3.8/site-packages:/home/daniel/controlbot_ws/install/opencv_tests/lib/python3.8/site-packages:/home/daniel/controlbot_ws/install/image_geometry/lib/python3.8/site-packages:/home/daniel/controlbot_ws/install/controller/lib/python3.8/site-packages:/opt/ros/galactic/lib/python3.8/site-packages /usr/bin/python3 -W ignore:setup.py install is deprecated -W ignore:easy_install command is deprecated setup.py develop --editable --build-directory /home/daniel/controlbot_ws/build/opencv_tests/build --no-deps symlink_data
[41.891s] INFO:colcon.colcon_core.shell:Creating environment descriptor '/home/daniel/controlbot_ws/build/opencv_tests/share/opencv_tests/hook/pythonpath_develop.dsv'
[41.892s] INFO:colcon.colcon_core.shell:Creating environment hook '/home/daniel/controlbot_ws/build/opencv_tests/share/opencv_tests/hook/pythonpath_develop.sh'
[41.893s] Level 1:colcon.colcon_core.environment:checking '/home/daniel/controlbot_ws/install/opencv_tests' for CMake module files
[41.894s] Level 1:colcon.colcon_core.environment:checking '/home/daniel/controlbot_ws/install/opencv_tests' for CMake config files
[41.896s] Level 1:colcon.colcon_core.environment:checking '/home/daniel/controlbot_ws/install/opencv_tests/lib'
[41.896s] Level 1:colcon.colcon_core.environment:checking '/home/daniel/controlbot_ws/install/opencv_tests/bin'
[41.896s] Level 1:colcon.colcon_core.environment:checking '/home/daniel/controlbot_ws/install/opencv_tests/lib/pkgconfig/opencv_tests.pc'
[41.897s] Level 1:colcon.colcon_core.environment:checking '/home/daniel/controlbot_ws/install/opencv_tests/lib/python3.8/site-packages'
[41.897s] Level 1:colcon.colcon_core.shell:create_environment_hook('opencv_tests', 'pythonpath')
[41.898s] INFO:colcon.colcon_core.shell:Creating environment hook '/home/daniel/controlbot_ws/install/opencv_tests/share/opencv_tests/hook/pythonpath.ps1'
[41.899s] INFO:colcon.colcon_core.shell:Creating environment descriptor '/home/daniel/controlbot_ws/install/opencv_tests/share/opencv_tests/hook/pythonpath.dsv'
[41.900s] INFO:colcon.colcon_core.shell:Creating environment hook '/home/daniel/controlbot_ws/install/opencv_tests/share/opencv_tests/hook/pythonpath.sh'
[41.902s] Level 1:colcon.colcon_core.environment:checking '/home/daniel/controlbot_ws/install/opencv_tests/bin'
[41.903s] Level 1:colcon.colcon_core.environment:create_environment_scripts_only(opencv_tests)
[41.904s] INFO:colcon.colcon_core.shell:Creating package script '/home/daniel/controlbot_ws/install/opencv_tests/share/opencv_tests/package.ps1'
[41.905s] INFO:colcon.colcon_core.shell:Creating package descriptor '/home/daniel/controlbot_ws/install/opencv_tests/share/opencv_tests/package.dsv'
[41.907s] INFO:colcon.colcon_core.shell:Creating package script '/home/daniel/controlbot_ws/install/opencv_tests/share/opencv_tests/package.sh'
[41.908s] INFO:colcon.colcon_core.shell:Creating package script '/home/daniel/controlbot_ws/install/opencv_tests/share/opencv_tests/package.bash'
[41.910s] INFO:colcon.colcon_core.shell:Creating package script '/home/daniel/controlbot_ws/install/opencv_tests/share/opencv_tests/package.zsh'
[41.911s] Level 1:colcon.colcon_core.environment:create_file_with_runtime_dependencies(/home/daniel/controlbot_ws/install/opencv_tests/share/colcon-core/packages/opencv_tests)
[41.962s] Level 1:colcon.colcon_core.environment:create_environment_scripts_only(vision_opencv)
[41.964s] Level 1:colcon.colcon_core.environment:checking '/home/daniel/controlbot_ws/install/vision_opencv' for CMake module files
[41.965s] DEBUG:colcon.colcon_core.event_handler.log_command:Invoked command in '/home/daniel/controlbot_ws/build/vision_opencv' returned '0': CMAKE_PREFIX_PATH=/home/daniel/controlbot_ws/install/image_geometry:/home/daniel/controlbot_ws/install/cv_bridge:/home/daniel/controlbot_ws/install/vision_opencv:/home/daniel/controlbot_ws/install/opencv_tests:/home/daniel/controlbot_ws/install/controller:/opt/ros/galactic LD_LIBRARY_PATH=/home/daniel/controlbot_ws/install/image_geometry/lib:/home/daniel/controlbot_ws/install/cv_bridge/lib:/opt/ros/galactic/opt/yaml_cpp_vendor/lib:/opt/ros/galactic/opt/rviz_ogre_vendor/lib:/opt/ros/galactic/lib/aarch64-linux-gnu:/opt/ros/galactic/lib:/usr/local/cuda-11.4/lib64 PYTHONPATH=/home/daniel/controlbot_ws/install/image_geometry/lib/python3.8/site-packages:/home/daniel/controlbot_ws/install/cv_bridge/lib/python3.8/site-packages:/home/daniel/controlbot_ws/install/opencv_tests/lib/python3.8/site-packages:/home/daniel/controlbot_ws/install/controller/lib/python3.8/site-packages:/opt/ros/galactic/lib/python3.8/site-packages /usr/bin/cmake --install /home/daniel/controlbot_ws/build/vision_opencv
[41.966s] Level 1:colcon.colcon_core.environment:checking '/home/daniel/controlbot_ws/install/vision_opencv' for CMake config files
[41.968s] Level 1:colcon.colcon_core.shell:create_environment_hook('vision_opencv', 'cmake_prefix_path')
[41.969s] INFO:colcon.colcon_core.shell:Creating environment hook '/home/daniel/controlbot_ws/install/vision_opencv/share/vision_opencv/hook/cmake_prefix_path.ps1'
[41.971s] INFO:colcon.colcon_core.shell:Creating environment descriptor '/home/daniel/controlbot_ws/install/vision_opencv/share/vision_opencv/hook/cmake_prefix_path.dsv'
[41.972s] INFO:colcon.colcon_core.shell:Creating environment hook '/home/daniel/controlbot_ws/install/vision_opencv/share/vision_opencv/hook/cmake_prefix_path.sh'
[41.974s] Level 1:colcon.colcon_core.environment:checking '/home/daniel/controlbot_ws/install/vision_opencv/bin'
[41.974s] Level 1:colcon.colcon_core.environment:checking '/home/daniel/controlbot_ws/install/vision_opencv/lib/pkgconfig/vision_opencv.pc'
[41.974s] Level 1:colcon.colcon_core.environment:checking '/home/daniel/controlbot_ws/install/vision_opencv/lib/python3.8/site-packages'
[41.975s] Level 1:colcon.colcon_core.environment:checking '/home/daniel/controlbot_ws/install/vision_opencv/bin'
[41.976s] INFO:colcon.colcon_core.shell:Creating package script '/home/daniel/controlbot_ws/install/vision_opencv/share/vision_opencv/package.ps1'
[41.978s] INFO:colcon.colcon_core.shell:Creating package descriptor '/home/daniel/controlbot_ws/install/vision_opencv/share/vision_opencv/package.dsv'
[41.980s] INFO:colcon.colcon_core.shell:Creating package script '/home/daniel/controlbot_ws/install/vision_opencv/share/vision_opencv/package.sh'
[41.982s] INFO:colcon.colcon_core.shell:Creating package script '/home/daniel/controlbot_ws/install/vision_opencv/share/vision_opencv/package.bash'
[41.983s] INFO:colcon.colcon_core.shell:Creating package script '/home/daniel/controlbot_ws/install/vision_opencv/share/vision_opencv/package.zsh'
[41.984s] Level 1:colcon.colcon_core.environment:create_file_with_runtime_dependencies(/home/daniel/controlbot_ws/install/vision_opencv/share/colcon-core/packages/vision_opencv)
[41.986s] Level 1:colcon.colcon_core.environment:create_environment_scripts_only(vision_opencv)
[41.986s] Level 1:colcon.colcon_core.environment:checking '/home/daniel/controlbot_ws/install/vision_opencv' for CMake module files
[41.988s] Level 1:colcon.colcon_core.environment:checking '/home/daniel/controlbot_ws/install/vision_opencv' for CMake config files
[41.989s] Level 1:colcon.colcon_core.shell:create_environment_hook('vision_opencv', 'cmake_prefix_path')
[41.989s] INFO:colcon.colcon_core.shell:Creating environment hook '/home/daniel/controlbot_ws/install/vision_opencv/share/vision_opencv/hook/cmake_prefix_path.ps1'
[41.990s] INFO:colcon.colcon_core.shell:Creating environment descriptor '/home/daniel/controlbot_ws/install/vision_opencv/share/vision_opencv/hook/cmake_prefix_path.dsv'
[41.991s] INFO:colcon.colcon_core.shell:Creating environment hook '/home/daniel/controlbot_ws/install/vision_opencv/share/vision_opencv/hook/cmake_prefix_path.sh'
[41.993s] Level 1:colcon.colcon_core.environment:checking '/home/daniel/controlbot_ws/install/vision_opencv/bin'
[41.993s] Level 1:colcon.colcon_core.environment:checking '/home/daniel/controlbot_ws/install/vision_opencv/lib/pkgconfig/vision_opencv.pc'
[41.994s] Level 1:colcon.colcon_core.environment:checking '/home/daniel/controlbot_ws/install/vision_opencv/lib/python3.8/site-packages'
[41.997s] Level 1:colcon.colcon_core.environment:checking '/home/daniel/controlbot_ws/install/vision_opencv/bin'
[41.999s] INFO:colcon.colcon_core.shell:Creating package script '/home/daniel/controlbot_ws/install/vision_opencv/share/vision_opencv/package.ps1'
[42.000s] INFO:colcon.colcon_core.shell:Creating package descriptor '/home/daniel/controlbot_ws/install/vision_opencv/share/vision_opencv/package.dsv'
[42.001s] INFO:colcon.colcon_core.shell:Creating package script '/home/daniel/controlbot_ws/install/vision_opencv/share/vision_opencv/package.sh'
[42.002s] INFO:colcon.colcon_core.shell:Creating package script '/home/daniel/controlbot_ws/install/vision_opencv/share/vision_opencv/package.bash'
[42.003s] INFO:colcon.colcon_core.shell:Creating package script '/home/daniel/controlbot_ws/install/vision_opencv/share/vision_opencv/package.zsh'
[42.004s] Level 1:colcon.colcon_core.environment:create_file_with_runtime_dependencies(/home/daniel/controlbot_ws/install/vision_opencv/share/colcon-core/packages/vision_opencv)
[42.005s] DEBUG:colcon.colcon_parallel_executor.executor.parallel:closing loop
[42.006s] DEBUG:colcon.colcon_parallel_executor.executor.parallel:loop closed
[42.006s] DEBUG:colcon.colcon_parallel_executor.executor.parallel:run_until_complete finished with '0'
[42.007s] DEBUG:colcon.colcon_core.event_reactor:joining thread
[42.022s] INFO:colcon.colcon_core.plugin_system:Skipping extension 'colcon_notification.desktop_notification.terminal_notifier': Not used on non-Darwin systems
[42.023s] INFO:colcon.colcon_core.plugin_system:Skipping extension 'colcon_notification.desktop_notification.win32': Not used on non-Windows systems
[42.023s] INFO:colcon.colcon_notification.desktop_notification:Sending desktop notification using 'notify2'
[42.078s] DEBUG:colcon.colcon_core.event_reactor:joined thread
[42.080s] INFO:colcon.colcon_core.shell:Creating prefix script '/home/daniel/controlbot_ws/install/local_setup.ps1'
[42.084s] INFO:colcon.colcon_core.shell:Creating prefix util module '/home/daniel/controlbot_ws/install/_local_setup_util_ps1.py'
[42.087s] INFO:colcon.colcon_core.shell:Creating prefix chain script '/home/daniel/controlbot_ws/install/setup.ps1'
[42.091s] INFO:colcon.colcon_core.shell:Creating prefix script '/home/daniel/controlbot_ws/install/local_setup.sh'
[42.093s] INFO:colcon.colcon_core.shell:Creating prefix util module '/home/daniel/controlbot_ws/install/_local_setup_util_sh.py'
[42.094s] INFO:colcon.colcon_core.shell:Creating prefix chain script '/home/daniel/controlbot_ws/install/setup.sh'
[42.097s] INFO:colcon.colcon_core.shell:Creating prefix script '/home/daniel/controlbot_ws/install/local_setup.bash'
[42.098s] INFO:colcon.colcon_core.shell:Creating prefix chain script '/home/daniel/controlbot_ws/install/setup.bash'
[42.101s] INFO:colcon.colcon_core.shell:Creating prefix script '/home/daniel/controlbot_ws/install/local_setup.zsh'
[42.102s] INFO:colcon.colcon_core.shell:Creating prefix chain script '/home/daniel/controlbot_ws/install/setup.zsh'
