[0.056s] Invoking command in '/home/daniel/controlbot_ws/build/image_geometry': CMAKE_PREFIX_PATH=${CMAKE_PREFIX_PATH}:/home/daniel/controlbot_ws/install/opencv_tests:/home/daniel/controlbot_ws/install/controller:/opt/ros/galactic /usr/bin/cmake --build /home/daniel/controlbot_ws/build/image_geometry -- -j6 -l6
[0.229s] [ 18%] Built target gtest_main
[0.249s] [ 45%] Built target image_geometry
[0.254s] [ 45%] Built target ament_cmake_python_symlink_image_geometry
[0.264s] [ 63%] Built target gtest
[0.361s] [100%] Built target image_geometry-utest
[0.362s] [100%] Built target image_geometry-utest-equi
[0.869s] running egg_info
[0.871s] writing image_geometry.egg-info/PKG-INFO
[0.873s] writing dependency_links to image_geometry.egg-info/dependency_links.txt
[0.873s] writing top-level names to image_geometry.egg-info/top_level.txt
[0.972s] reading manifest file 'image_geometry.egg-info/SOURCES.txt'
[0.974s] writing manifest file 'image_geometry.egg-info/SOURCES.txt'
[1.122s] [100%] Built target ament_cmake_python_build_image_geometry_egg
[1.159s] Invoked command in '/home/daniel/controlbot_ws/build/image_geometry' returned '0': CMAKE_PREFIX_PATH=${CMAKE_PREFIX_PATH}:/home/daniel/controlbot_ws/install/opencv_tests:/home/daniel/controlbot_ws/install/controller:/opt/ros/galactic /usr/bin/cmake --build /home/daniel/controlbot_ws/build/image_geometry -- -j6 -l6
[1.208s] Invoking command in '/home/daniel/controlbot_ws/build/image_geometry': CMAKE_PREFIX_PATH=${CMAKE_PREFIX_PATH}:/home/daniel/controlbot_ws/install/opencv_tests:/home/daniel/controlbot_ws/install/controller:/opt/ros/galactic /usr/bin/cmake --install /home/daniel/controlbot_ws/build/image_geometry
[1.237s] -- Install configuration: ""
[1.238s] -- Execute custom install script
[1.239s] -- Up-to-date symlink: /home/daniel/controlbot_ws/install/image_geometry/share/image_geometry/environment/pythonpath.sh
[1.240s] -- Up-to-date symlink: /home/daniel/controlbot_ws/install/image_geometry/share/image_geometry/environment/pythonpath.dsv
[1.241s] -- Up-to-date symlink: /home/daniel/controlbot_ws/install/image_geometry/lib/python3.8/site-packages//image_geometry.egg-info/PKG-INFO
[1.241s] -- Up-to-date symlink: /home/daniel/controlbot_ws/install/image_geometry/lib/python3.8/site-packages//image_geometry.egg-info/SOURCES.txt
[1.242s] -- Up-to-date symlink: /home/daniel/controlbot_ws/install/image_geometry/lib/python3.8/site-packages//image_geometry.egg-info/dependency_links.txt
[1.242s] -- Up-to-date symlink: /home/daniel/controlbot_ws/install/image_geometry/lib/python3.8/site-packages//image_geometry.egg-info/top_level.txt
[1.243s] -- Up-to-date symlink: /home/daniel/controlbot_ws/install/image_geometry/lib/python3.8/site-packages/image_geometry/__init__.py
[1.243s] -- Up-to-date symlink: /home/daniel/controlbot_ws/install/image_geometry/lib/python3.8/site-packages/image_geometry/cameramodels.py
[1.244s] -- Up-to-date symlink: /home/daniel/controlbot_ws/install/image_geometry/include/image_geometry/pinhole_camera_model.h
[1.245s] -- Up-to-date symlink: /home/daniel/controlbot_ws/install/image_geometry/include/image_geometry/stereo_camera_model.h
[1.245s] -- Up-to-date symlink: /home/daniel/controlbot_ws/install/image_geometry/include/image_geometry/visibility_control.hpp
[1.246s] -- Up-to-date symlink: /home/daniel/controlbot_ws/install/image_geometry/lib/libimage_geometry.so
[1.247s] -- Up-to-date symlink: /home/daniel/controlbot_ws/install/image_geometry/share/image_geometry/environment/library_path.sh
[1.247s] -- Up-to-date symlink: /home/daniel/controlbot_ws/install/image_geometry/share/image_geometry/environment/library_path.dsv
[1.248s] -- Up-to-date symlink: /home/daniel/controlbot_ws/install/image_geometry/share/ament_index/resource_index/package_run_dependencies/image_geometry
[1.248s] -- Up-to-date symlink: /home/daniel/controlbot_ws/install/image_geometry/share/ament_index/resource_index/parent_prefix_path/image_geometry
[1.249s] -- Up-to-date symlink: /home/daniel/controlbot_ws/install/image_geometry/share/image_geometry/environment/ament_prefix_path.sh
[1.250s] -- Up-to-date symlink: /home/daniel/controlbot_ws/install/image_geometry/share/image_geometry/environment/ament_prefix_path.dsv
[1.250s] -- Up-to-date symlink: /home/daniel/controlbot_ws/install/image_geometry/share/image_geometry/environment/path.sh
[1.251s] -- Up-to-date symlink: /home/daniel/controlbot_ws/install/image_geometry/share/image_geometry/environment/path.dsv
[1.251s] -- Up-to-date symlink: /home/daniel/controlbot_ws/install/image_geometry/share/image_geometry/local_setup.bash
[1.252s] -- Up-to-date symlink: /home/daniel/controlbot_ws/install/image_geometry/share/image_geometry/local_setup.sh
[1.252s] -- Up-to-date symlink: /home/daniel/controlbot_ws/install/image_geometry/share/image_geometry/local_setup.zsh
[1.253s] -- Up-to-date symlink: /home/daniel/controlbot_ws/install/image_geometry/share/image_geometry/local_setup.dsv
[1.253s] -- Symlinking: /home/daniel/controlbot_ws/install/image_geometry/share/image_geometry/package.dsv
[1.288s] -- Up-to-date symlink: /home/daniel/controlbot_ws/install/image_geometry/share/ament_index/resource_index/packages/image_geometry
[1.288s] -- Up-to-date symlink: /home/daniel/controlbot_ws/install/image_geometry/share/image_geometry/cmake/ament_cmake_export_libraries-extras.cmake
[1.289s] -- Up-to-date symlink: /home/daniel/controlbot_ws/install/image_geometry/share/image_geometry/cmake/ament_cmake_export_dependencies-extras.cmake
[1.289s] -- Up-to-date symlink: /home/daniel/controlbot_ws/install/image_geometry/share/image_geometry/cmake/ament_cmake_export_include_directories-extras.cmake
[1.290s] -- Up-to-date symlink: /home/daniel/controlbot_ws/install/image_geometry/share/image_geometry/cmake/image_geometryConfig.cmake
[1.290s] -- Up-to-date symlink: /home/daniel/controlbot_ws/install/image_geometry/share/image_geometry/cmake/image_geometryConfig-version.cmake
[1.291s] -- Up-to-date symlink: /home/daniel/controlbot_ws/install/image_geometry/share/image_geometry/package.xml
[1.374s] Listing '/home/daniel/controlbot_ws/install/image_geometry/lib/python3.8/site-packages/image_geometry'...
[1.398s] Invoked command in '/home/daniel/controlbot_ws/build/image_geometry' returned '0': CMAKE_PREFIX_PATH=${CMAKE_PREFIX_PATH}:/home/daniel/controlbot_ws/install/opencv_tests:/home/daniel/controlbot_ws/install/controller:/opt/ros/galactic /usr/bin/cmake --install /home/daniel/controlbot_ws/build/image_geometry
