running egg_info
writing ../../build/controller/controller.egg-info/PKG-INFO
writing dependency_links to ../../build/controller/controller.egg-info/dependency_links.txt
writing entry points to ../../build/controller/controller.egg-info/entry_points.txt
writing requirements to ../../build/controller/controller.egg-info/requires.txt
writing top-level names to ../../build/controller/controller.egg-info/top_level.txt
reading manifest file '../../build/controller/controller.egg-info/SOURCES.txt'
adding license file 'LICENSE'
writing manifest file '../../build/controller/controller.egg-info/SOURCES.txt'
running build
running build_py
copying controller/mtr_ctrl.py -> /home/daniel/controlbot_ws/build/controller/build/lib/controller
running install
running install_lib
copying /home/daniel/controlbot_ws/build/controller/build/lib/controller/mtr_ctrl.py -> /home/daniel/controlbot_ws/install/controller/lib/python3.10/site-packages/controller
byte-compiling /home/daniel/controlbot_ws/install/controller/lib/python3.10/site-packages/controller/mtr_ctrl.py to mtr_ctrl.cpython-310.pyc
running install_data
running install_egg_info
removing '/home/daniel/controlbot_ws/install/controller/lib/python3.10/site-packages/controller-0.0.0-py3.10.egg-info' (and everything under it)
Copying ../../build/controller/controller.egg-info to /home/daniel/controlbot_ws/install/controller/lib/python3.10/site-packages/controller-0.0.0-py3.10.egg-info
running install_scripts
Installing hl_ctrl = controller.hl_ctrl:mainmtr_ctrl script to /home/daniel/controlbot_ws/install/controller/lib/controller
writing list of installed files to '/home/daniel/controlbot_ws/build/controller/install.log'
