[1.414s] Invoking command in '/home/daniel/controlbot_ws/src/controller': PYTHONPATH=/home/daniel/controlbot_ws/build/controller/prefix_override:/usr/lib/python3/dist-packages/colcon_core/task/python/colcon_distutils_commands:/home/daniel/controlbot_ws/install/controller/lib/python3.10/site-packages:${PYTHONPATH} /usr/bin/python3 -W ignore:setup.py install is deprecated -W ignore:easy_install command is deprecated setup.py egg_info --egg-base ../../build/controller build --build-base /home/daniel/controlbot_ws/build/controller/build install --record /home/daniel/controlbot_ws/build/controller/install.log --single-version-externally-managed install_data
[1.929s] running egg_info
[1.930s] writing ../../build/controller/controller.egg-info/PKG-INFO
[1.931s] writing dependency_links to ../../build/controller/controller.egg-info/dependency_links.txt
[1.931s] writing entry points to ../../build/controller/controller.egg-info/entry_points.txt
[1.931s] writing requirements to ../../build/controller/controller.egg-info/requires.txt
[1.932s] writing top-level names to ../../build/controller/controller.egg-info/top_level.txt
[1.935s] reading manifest file '../../build/controller/controller.egg-info/SOURCES.txt'
[1.935s] adding license file 'LICENSE'
[1.937s] writing manifest file '../../build/controller/controller.egg-info/SOURCES.txt'
[1.937s] running build
[1.937s] running build_py
[1.938s] copying controller/hw_interface.py -> /home/daniel/controlbot_ws/build/controller/build/lib/controller
[1.938s] running install
[1.939s] running install_lib
[1.941s] copying /home/daniel/controlbot_ws/build/controller/build/lib/controller/hw_interface.py -> /home/daniel/controlbot_ws/install/controller/lib/python3.10/site-packages/controller
[1.942s] byte-compiling /home/daniel/controlbot_ws/install/controller/lib/python3.10/site-packages/controller/hw_interface.py to hw_interface.cpython-310.pyc
[1.943s] running install_data
[1.944s] running install_egg_info
[1.948s] removing '/home/daniel/controlbot_ws/install/controller/lib/python3.10/site-packages/controller-0.0.0-py3.10.egg-info' (and everything under it)
[1.948s] Copying ../../build/controller/controller.egg-info to /home/daniel/controlbot_ws/install/controller/lib/python3.10/site-packages/controller-0.0.0-py3.10.egg-info
[1.950s] running install_scripts
[1.996s] Installing hl_ctrl script to /home/daniel/controlbot_ws/install/controller/lib/controller
[1.996s] Installing hw_interface script to /home/daniel/controlbot_ws/install/controller/lib/controller
[1.996s] Installing mtr_ctrl script to /home/daniel/controlbot_ws/install/controller/lib/controller
[1.997s] writing list of installed files to '/home/daniel/controlbot_ws/build/controller/install.log'
[2.068s] Invoked command in '/home/daniel/controlbot_ws/src/controller' returned '0': PYTHONPATH=/home/daniel/controlbot_ws/build/controller/prefix_override:/usr/lib/python3/dist-packages/colcon_core/task/python/colcon_distutils_commands:/home/daniel/controlbot_ws/install/controller/lib/python3.10/site-packages:${PYTHONPATH} /usr/bin/python3 -W ignore:setup.py install is deprecated -W ignore:easy_install command is deprecated setup.py egg_info --egg-base ../../build/controller build --build-base /home/daniel/controlbot_ws/build/controller/build install --record /home/daniel/controlbot_ws/build/controller/install.log --single-version-externally-managed install_data
