[1.968s] DEBUG:colcon:Command line arguments: ['/usr/bin/colcon', 'build', '--packages-select', 'controller', '--symlink-install']
[1.968s] DEBUG:colcon:Parsed command line arguments: Namespace(allow_overriding=[], ament_cmake_args=None, base_paths=['.'], build_base='build', catkin_cmake_args=None, catkin_skip_building_tests=False, cmake_args=None, cmake_clean_cache=False, cmake_clean_first=False, cmake_force_configure=False, cmake_target=None, cmake_target_skip_unavailable=False, continue_on_error=False, event_handlers=None, executor='parallel', ignore_user_meta=False, install_base='install', log_base=None, log_level=None, main=<bound method BuildVerb.main of <colcon_core.verb.build.BuildVerb object at 0xffff935f3340>>, merge_install=False, metas=['./colcon.meta'], packages_above=None, packages_above_and_dependencies=None, packages_above_depth=None, packages_end=None, packages_ignore=None, packages_ignore_regex=None, packages_select=['controller'], packages_select_build_failed=False, packages_select_by_dep=None, packages_select_regex=None, packages_select_test_failures=False, packages_skip=None, packages_skip_build_finished=False, packages_skip_by_dep=None, packages_skip_regex=None, packages_skip_test_passed=False, packages_skip_up_to=None, packages_start=None, packages_up_to=None, packages_up_to_regex=None, parallel_workers=6, paths=None, symlink_install=True, test_result_base=None, verb_extension=<colcon_core.verb.build.BuildVerb object at 0xffff935f3340>, verb_name='build', verb_parser=<colcon_defaults.argument_parser.defaults.DefaultArgumentsDecorator object at 0xffff9352d430>)
[2.807s] Level 1:colcon.colcon_core.package_discovery:discover_packages(colcon_meta) check parameters
[2.808s] Level 1:colcon.colcon_core.package_discovery:discover_packages(recursive) check parameters
[2.808s] Level 1:colcon.colcon_core.package_discovery:discover_packages(ignore) check parameters
[2.808s] Level 1:colcon.colcon_core.package_discovery:discover_packages(path) check parameters
[2.808s] Level 1:colcon.colcon_core.package_discovery:discover_packages(colcon_meta) discover
[2.808s] Level 1:colcon.colcon_core.package_discovery:discover_packages(recursive) discover
[2.808s] INFO:colcon.colcon_core.package_discovery:Crawling recursively for packages in '/home/daniel/controlbot_ws'
[2.808s] Level 1:colcon.colcon_core.package_identification:_identify(.) by extensions ['ignore', 'ignore_ament_install']
[2.809s] Level 1:colcon.colcon_core.package_identification:_identify(.) by extension 'ignore'
[2.809s] Level 1:colcon.colcon_core.package_identification:_identify(.) by extension 'ignore_ament_install'
[2.809s] Level 1:colcon.colcon_core.package_identification:_identify(.) by extensions ['colcon_pkg']
[2.809s] Level 1:colcon.colcon_core.package_identification:_identify(.) by extension 'colcon_pkg'
[2.809s] Level 1:colcon.colcon_core.package_identification:_identify(.) by extensions ['colcon_meta']
[2.809s] Level 1:colcon.colcon_core.package_identification:_identify(.) by extension 'colcon_meta'
[2.810s] Level 1:colcon.colcon_core.package_identification:_identify(.) by extensions ['ros']
[2.810s] Level 1:colcon.colcon_core.package_identification:_identify(.) by extension 'ros'
[2.850s] Level 1:colcon.colcon_core.package_identification:_identify(.) by extensions ['cmake', 'python']
[2.850s] Level 1:colcon.colcon_core.package_identification:_identify(.) by extension 'cmake'
[2.850s] Level 1:colcon.colcon_core.package_identification:_identify(.) by extension 'python'
[2.851s] Level 1:colcon.colcon_core.package_identification:_identify(.) by extensions ['python_setup_py']
[2.851s] Level 1:colcon.colcon_core.package_identification:_identify(.) by extension 'python_setup_py'
[2.851s] Level 1:colcon.colcon_core.package_identification:_identify(build) by extensions ['ignore', 'ignore_ament_install']
[2.851s] Level 1:colcon.colcon_core.package_identification:_identify(build) by extension 'ignore'
[2.851s] Level 1:colcon.colcon_core.package_identification:_identify(build) ignored
[2.852s] Level 1:colcon.colcon_core.package_identification:_identify(install) by extensions ['ignore', 'ignore_ament_install']
[2.852s] Level 1:colcon.colcon_core.package_identification:_identify(install) by extension 'ignore'
[2.852s] Level 1:colcon.colcon_core.package_identification:_identify(install) ignored
[2.852s] Level 1:colcon.colcon_core.package_identification:_identify(launch) by extensions ['ignore', 'ignore_ament_install']
[2.853s] Level 1:colcon.colcon_core.package_identification:_identify(launch) by extension 'ignore'
[2.853s] Level 1:colcon.colcon_core.package_identification:_identify(launch) by extension 'ignore_ament_install'
[2.853s] Level 1:colcon.colcon_core.package_identification:_identify(launch) by extensions ['colcon_pkg']
[2.853s] Level 1:colcon.colcon_core.package_identification:_identify(launch) by extension 'colcon_pkg'
[2.853s] Level 1:colcon.colcon_core.package_identification:_identify(launch) by extensions ['colcon_meta']
[2.853s] Level 1:colcon.colcon_core.package_identification:_identify(launch) by extension 'colcon_meta'
[2.853s] Level 1:colcon.colcon_core.package_identification:_identify(launch) by extensions ['ros']
[2.853s] Level 1:colcon.colcon_core.package_identification:_identify(launch) by extension 'ros'
[2.854s] Level 1:colcon.colcon_core.package_identification:_identify(launch) by extensions ['cmake', 'python']
[2.854s] Level 1:colcon.colcon_core.package_identification:_identify(launch) by extension 'cmake'
[2.854s] Level 1:colcon.colcon_core.package_identification:_identify(launch) by extension 'python'
[2.854s] Level 1:colcon.colcon_core.package_identification:_identify(launch) by extensions ['python_setup_py']
[2.854s] Level 1:colcon.colcon_core.package_identification:_identify(launch) by extension 'python_setup_py'
[2.992s] Level 1:colcon.colcon_core.package_identification:_identify(launch/__pycache__) by extensions ['ignore', 'ignore_ament_install']
[2.992s] Level 1:colcon.colcon_core.package_identification:_identify(launch/__pycache__) by extension 'ignore'
[2.992s] Level 1:colcon.colcon_core.package_identification:_identify(launch/__pycache__) by extension 'ignore_ament_install'
[2.992s] Level 1:colcon.colcon_core.package_identification:_identify(launch/__pycache__) by extensions ['colcon_pkg']
[2.992s] Level 1:colcon.colcon_core.package_identification:_identify(launch/__pycache__) by extension 'colcon_pkg'
[2.992s] Level 1:colcon.colcon_core.package_identification:_identify(launch/__pycache__) by extensions ['colcon_meta']
[2.992s] Level 1:colcon.colcon_core.package_identification:_identify(launch/__pycache__) by extension 'colcon_meta'
[2.993s] Level 1:colcon.colcon_core.package_identification:_identify(launch/__pycache__) by extensions ['ros']
[2.993s] Level 1:colcon.colcon_core.package_identification:_identify(launch/__pycache__) by extension 'ros'
[2.993s] Level 1:colcon.colcon_core.package_identification:_identify(launch/__pycache__) by extensions ['cmake', 'python']
[2.993s] Level 1:colcon.colcon_core.package_identification:_identify(launch/__pycache__) by extension 'cmake'
[2.993s] Level 1:colcon.colcon_core.package_identification:_identify(launch/__pycache__) by extension 'python'
[2.993s] Level 1:colcon.colcon_core.package_identification:_identify(launch/__pycache__) by extensions ['python_setup_py']
[2.993s] Level 1:colcon.colcon_core.package_identification:_identify(launch/__pycache__) by extension 'python_setup_py'
[2.994s] Level 1:colcon.colcon_core.package_identification:_identify(log) by extensions ['ignore', 'ignore_ament_install']
[2.994s] Level 1:colcon.colcon_core.package_identification:_identify(log) by extension 'ignore'
[2.994s] Level 1:colcon.colcon_core.package_identification:_identify(log) ignored
[2.998s] Level 1:colcon.colcon_core.package_identification:_identify(python_playground) by extensions ['ignore', 'ignore_ament_install']
[2.998s] Level 1:colcon.colcon_core.package_identification:_identify(python_playground) by extension 'ignore'
[2.998s] Level 1:colcon.colcon_core.package_identification:_identify(python_playground) by extension 'ignore_ament_install'
[2.998s] Level 1:colcon.colcon_core.package_identification:_identify(python_playground) by extensions ['colcon_pkg']
[2.998s] Level 1:colcon.colcon_core.package_identification:_identify(python_playground) by extension 'colcon_pkg'
[2.998s] Level 1:colcon.colcon_core.package_identification:_identify(python_playground) by extensions ['colcon_meta']
[2.999s] Level 1:colcon.colcon_core.package_identification:_identify(python_playground) by extension 'colcon_meta'
[2.999s] Level 1:colcon.colcon_core.package_identification:_identify(python_playground) by extensions ['ros']
[2.999s] Level 1:colcon.colcon_core.package_identification:_identify(python_playground) by extension 'ros'
[2.999s] Level 1:colcon.colcon_core.package_identification:_identify(python_playground) by extensions ['cmake', 'python']
[2.999s] Level 1:colcon.colcon_core.package_identification:_identify(python_playground) by extension 'cmake'
[2.999s] Level 1:colcon.colcon_core.package_identification:_identify(python_playground) by extension 'python'
[2.999s] Level 1:colcon.colcon_core.package_identification:_identify(python_playground) by extensions ['python_setup_py']
[2.999s] Level 1:colcon.colcon_core.package_identification:_identify(python_playground) by extension 'python_setup_py'
[3.000s] Level 1:colcon.colcon_core.package_identification:_identify(src) by extensions ['ignore', 'ignore_ament_install']
[3.000s] Level 1:colcon.colcon_core.package_identification:_identify(src) by extension 'ignore'
[3.000s] Level 1:colcon.colcon_core.package_identification:_identify(src) by extension 'ignore_ament_install'
[3.000s] Level 1:colcon.colcon_core.package_identification:_identify(src) by extensions ['colcon_pkg']
[3.000s] Level 1:colcon.colcon_core.package_identification:_identify(src) by extension 'colcon_pkg'
[3.000s] Level 1:colcon.colcon_core.package_identification:_identify(src) by extensions ['colcon_meta']
[3.000s] Level 1:colcon.colcon_core.package_identification:_identify(src) by extension 'colcon_meta'
[3.000s] Level 1:colcon.colcon_core.package_identification:_identify(src) by extensions ['ros']
[3.001s] Level 1:colcon.colcon_core.package_identification:_identify(src) by extension 'ros'
[3.001s] Level 1:colcon.colcon_core.package_identification:_identify(src) by extensions ['cmake', 'python']
[3.001s] Level 1:colcon.colcon_core.package_identification:_identify(src) by extension 'cmake'
[3.001s] Level 1:colcon.colcon_core.package_identification:_identify(src) by extension 'python'
[3.001s] Level 1:colcon.colcon_core.package_identification:_identify(src) by extensions ['python_setup_py']
[3.001s] Level 1:colcon.colcon_core.package_identification:_identify(src) by extension 'python_setup_py'
[3.001s] Level 1:colcon.colcon_core.package_identification:_identify(src/controller) by extensions ['ignore', 'ignore_ament_install']
[3.002s] Level 1:colcon.colcon_core.package_identification:_identify(src/controller) by extension 'ignore'
[3.002s] Level 1:colcon.colcon_core.package_identification:_identify(src/controller) by extension 'ignore_ament_install'
[3.002s] Level 1:colcon.colcon_core.package_identification:_identify(src/controller) by extensions ['colcon_pkg']
[3.002s] Level 1:colcon.colcon_core.package_identification:_identify(src/controller) by extension 'colcon_pkg'
[3.002s] Level 1:colcon.colcon_core.package_identification:_identify(src/controller) by extensions ['colcon_meta']
[3.002s] Level 1:colcon.colcon_core.package_identification:_identify(src/controller) by extension 'colcon_meta'
[3.002s] Level 1:colcon.colcon_core.package_identification:_identify(src/controller) by extensions ['ros']
[3.002s] Level 1:colcon.colcon_core.package_identification:_identify(src/controller) by extension 'ros'
[3.011s] DEBUG:colcon.colcon_core.package_identification:Package 'src/controller' with type 'ros.ament_python' and name 'controller'
[3.011s] Level 1:colcon.colcon_core.package_identification:_identify(src/vision_opencv) by extensions ['ignore', 'ignore_ament_install']
[3.011s] Level 1:colcon.colcon_core.package_identification:_identify(src/vision_opencv) by extension 'ignore'
[3.012s] Level 1:colcon.colcon_core.package_identification:_identify(src/vision_opencv) by extension 'ignore_ament_install'
[3.012s] Level 1:colcon.colcon_core.package_identification:_identify(src/vision_opencv) by extensions ['colcon_pkg']
[3.012s] Level 1:colcon.colcon_core.package_identification:_identify(src/vision_opencv) by extension 'colcon_pkg'
[3.012s] Level 1:colcon.colcon_core.package_identification:_identify(src/vision_opencv) by extensions ['colcon_meta']
[3.012s] Level 1:colcon.colcon_core.package_identification:_identify(src/vision_opencv) by extension 'colcon_meta'
[3.012s] Level 1:colcon.colcon_core.package_identification:_identify(src/vision_opencv) by extensions ['ros']
[3.012s] Level 1:colcon.colcon_core.package_identification:_identify(src/vision_opencv) by extension 'ros'
[3.013s] Level 1:colcon.colcon_core.package_identification:_identify(src/vision_opencv) by extensions ['cmake', 'python']
[3.013s] Level 1:colcon.colcon_core.package_identification:_identify(src/vision_opencv) by extension 'cmake'
[3.013s] Level 1:colcon.colcon_core.package_identification:_identify(src/vision_opencv) by extension 'python'
[3.013s] Level 1:colcon.colcon_core.package_identification:_identify(src/vision_opencv) by extensions ['python_setup_py']
[3.013s] Level 1:colcon.colcon_core.package_identification:_identify(src/vision_opencv) by extension 'python_setup_py'
[3.014s] Level 1:colcon.colcon_core.package_identification:_identify(src/vision_opencv/cv_bridge) by extensions ['ignore', 'ignore_ament_install']
[3.014s] Level 1:colcon.colcon_core.package_identification:_identify(src/vision_opencv/cv_bridge) by extension 'ignore'
[3.014s] Level 1:colcon.colcon_core.package_identification:_identify(src/vision_opencv/cv_bridge) by extension 'ignore_ament_install'
[3.015s] Level 1:colcon.colcon_core.package_identification:_identify(src/vision_opencv/cv_bridge) by extensions ['colcon_pkg']
[3.015s] Level 1:colcon.colcon_core.package_identification:_identify(src/vision_opencv/cv_bridge) by extension 'colcon_pkg'
[3.015s] Level 1:colcon.colcon_core.package_identification:_identify(src/vision_opencv/cv_bridge) by extensions ['colcon_meta']
[3.015s] Level 1:colcon.colcon_core.package_identification:_identify(src/vision_opencv/cv_bridge) by extension 'colcon_meta'
[3.015s] Level 1:colcon.colcon_core.package_identification:_identify(src/vision_opencv/cv_bridge) by extensions ['ros']
[3.015s] Level 1:colcon.colcon_core.package_identification:_identify(src/vision_opencv/cv_bridge) by extension 'ros'
[3.018s] DEBUG:colcon.colcon_core.package_identification:Package 'src/vision_opencv/cv_bridge' with type 'ros.ament_cmake' and name 'cv_bridge'
[3.019s] Level 1:colcon.colcon_core.package_identification:_identify(src/vision_opencv/image_geometry) by extensions ['ignore', 'ignore_ament_install']
[3.019s] Level 1:colcon.colcon_core.package_identification:_identify(src/vision_opencv/image_geometry) by extension 'ignore'
[3.019s] Level 1:colcon.colcon_core.package_identification:_identify(src/vision_opencv/image_geometry) by extension 'ignore_ament_install'
[3.019s] Level 1:colcon.colcon_core.package_identification:_identify(src/vision_opencv/image_geometry) by extensions ['colcon_pkg']
[3.019s] Level 1:colcon.colcon_core.package_identification:_identify(src/vision_opencv/image_geometry) by extension 'colcon_pkg'
[3.019s] Level 1:colcon.colcon_core.package_identification:_identify(src/vision_opencv/image_geometry) by extensions ['colcon_meta']
[3.019s] Level 1:colcon.colcon_core.package_identification:_identify(src/vision_opencv/image_geometry) by extension 'colcon_meta'
[3.020s] Level 1:colcon.colcon_core.package_identification:_identify(src/vision_opencv/image_geometry) by extensions ['ros']
[3.020s] Level 1:colcon.colcon_core.package_identification:_identify(src/vision_opencv/image_geometry) by extension 'ros'
[3.022s] DEBUG:colcon.colcon_core.package_identification:Package 'src/vision_opencv/image_geometry' with type 'ros.ament_cmake' and name 'image_geometry'
[3.022s] Level 1:colcon.colcon_core.package_identification:_identify(src/vision_opencv/opencv_tests) by extensions ['ignore', 'ignore_ament_install']
[3.022s] Level 1:colcon.colcon_core.package_identification:_identify(src/vision_opencv/opencv_tests) by extension 'ignore'
[3.022s] Level 1:colcon.colcon_core.package_identification:_identify(src/vision_opencv/opencv_tests) by extension 'ignore_ament_install'
[3.022s] Level 1:colcon.colcon_core.package_identification:_identify(src/vision_opencv/opencv_tests) by extensions ['colcon_pkg']
[3.023s] Level 1:colcon.colcon_core.package_identification:_identify(src/vision_opencv/opencv_tests) by extension 'colcon_pkg'
[3.023s] Level 1:colcon.colcon_core.package_identification:_identify(src/vision_opencv/opencv_tests) by extensions ['colcon_meta']
[3.023s] Level 1:colcon.colcon_core.package_identification:_identify(src/vision_opencv/opencv_tests) by extension 'colcon_meta'
[3.023s] Level 1:colcon.colcon_core.package_identification:_identify(src/vision_opencv/opencv_tests) by extensions ['ros']
[3.023s] Level 1:colcon.colcon_core.package_identification:_identify(src/vision_opencv/opencv_tests) by extension 'ros'
[3.025s] DEBUG:colcon.colcon_core.package_identification:Package 'src/vision_opencv/opencv_tests' with type 'ros.ament_python' and name 'opencv_tests'
[3.025s] Level 1:colcon.colcon_core.package_identification:_identify(src/vision_opencv/vision_opencv) by extensions ['ignore', 'ignore_ament_install']
[3.025s] Level 1:colcon.colcon_core.package_identification:_identify(src/vision_opencv/vision_opencv) by extension 'ignore'
[3.026s] Level 1:colcon.colcon_core.package_identification:_identify(src/vision_opencv/vision_opencv) by extension 'ignore_ament_install'
[3.026s] Level 1:colcon.colcon_core.package_identification:_identify(src/vision_opencv/vision_opencv) by extensions ['colcon_pkg']
[3.026s] Level 1:colcon.colcon_core.package_identification:_identify(src/vision_opencv/vision_opencv) by extension 'colcon_pkg'
[3.026s] Level 1:colcon.colcon_core.package_identification:_identify(src/vision_opencv/vision_opencv) by extensions ['colcon_meta']
[3.026s] Level 1:colcon.colcon_core.package_identification:_identify(src/vision_opencv/vision_opencv) by extension 'colcon_meta'
[3.026s] Level 1:colcon.colcon_core.package_identification:_identify(src/vision_opencv/vision_opencv) by extensions ['ros']
[3.026s] Level 1:colcon.colcon_core.package_identification:_identify(src/vision_opencv/vision_opencv) by extension 'ros'
[3.028s] DEBUG:colcon.colcon_core.package_identification:Package 'src/vision_opencv/vision_opencv' with type 'ros.ament_cmake' and name 'vision_opencv'
[3.028s] Level 1:colcon.colcon_core.package_discovery:discover_packages(recursive) using defaults
[3.028s] Level 1:colcon.colcon_core.package_discovery:discover_packages(ignore) discover
[3.028s] Level 1:colcon.colcon_core.package_discovery:discover_packages(ignore) using defaults
[3.028s] Level 1:colcon.colcon_core.package_discovery:discover_packages(path) discover
[3.028s] Level 1:colcon.colcon_core.package_discovery:discover_packages(path) using defaults
[3.095s] INFO:colcon.colcon_core.package_selection:Skipping not selected package 'cv_bridge' in 'src/vision_opencv/cv_bridge'
[3.095s] INFO:colcon.colcon_core.package_selection:Skipping not selected package 'image_geometry' in 'src/vision_opencv/image_geometry'
[3.095s] INFO:colcon.colcon_core.package_selection:Skipping not selected package 'opencv_tests' in 'src/vision_opencv/opencv_tests'
[3.095s] INFO:colcon.colcon_core.package_selection:Skipping not selected package 'vision_opencv' in 'src/vision_opencv/vision_opencv'
[3.097s] Level 1:colcon.colcon_core.package_discovery:discover_packages(prefix_path) check parameters
[3.097s] Level 1:colcon.colcon_core.package_discovery:discover_packages(prefix_path) discover
[3.105s] DEBUG:colcon.colcon_installed_package_information.package_discovery:Found 5 installed packages in /home/daniel/controlbot_ws/install
[3.108s] DEBUG:colcon.colcon_installed_package_information.package_discovery:Found 273 installed packages in /opt/ros/galactic
[3.159s] Level 1:colcon.colcon_core.package_discovery:discover_packages(prefix_path) using defaults
[3.618s] Level 5:colcon.colcon_core.verb:set package 'controller' build argument 'cmake_args' from command line to 'None'
[3.618s] Level 5:colcon.colcon_core.verb:set package 'controller' build argument 'cmake_target' from command line to 'None'
[3.618s] Level 5:colcon.colcon_core.verb:set package 'controller' build argument 'cmake_target_skip_unavailable' from command line to 'False'
[3.619s] Level 5:colcon.colcon_core.verb:set package 'controller' build argument 'cmake_clean_cache' from command line to 'False'
[3.619s] Level 5:colcon.colcon_core.verb:set package 'controller' build argument 'cmake_clean_first' from command line to 'False'
[3.619s] Level 5:colcon.colcon_core.verb:set package 'controller' build argument 'cmake_force_configure' from command line to 'False'
[3.619s] Level 5:colcon.colcon_core.verb:set package 'controller' build argument 'ament_cmake_args' from command line to 'None'
[3.619s] Level 5:colcon.colcon_core.verb:set package 'controller' build argument 'catkin_cmake_args' from command line to 'None'
[3.619s] Level 5:colcon.colcon_core.verb:set package 'controller' build argument 'catkin_skip_building_tests' from command line to 'False'
[3.619s] DEBUG:colcon.colcon_core.verb:Building package 'controller' with the following arguments: {'ament_cmake_args': None, 'build_base': '/home/daniel/controlbot_ws/build/controller', 'catkin_cmake_args': None, 'catkin_skip_building_tests': False, 'cmake_args': None, 'cmake_clean_cache': False, 'cmake_clean_first': False, 'cmake_force_configure': False, 'cmake_target': None, 'cmake_target_skip_unavailable': False, 'install_base': '/home/daniel/controlbot_ws/install/controller', 'merge_install': False, 'path': '/home/daniel/controlbot_ws/src/controller', 'symlink_install': True, 'test_result_base': None}
[3.619s] INFO:colcon.colcon_core.executor:Executing jobs using 'parallel' executor
[3.623s] DEBUG:colcon.colcon_parallel_executor.executor.parallel:run_until_complete
[3.624s] INFO:colcon.colcon_ros.task.ament_python.build:Building ROS package in '/home/daniel/controlbot_ws/src/controller' with build type 'ament_python'
[3.624s] Level 1:colcon.colcon_core.shell:create_environment_hook('controller', 'ament_prefix_path')
[3.773s] INFO:colcon.colcon_core.plugin_system:Skipping extension 'colcon_core.shell.bat': Not used on non-Windows systems
[3.774s] INFO:colcon.colcon_core.shell:Creating environment hook '/home/daniel/controlbot_ws/install/controller/share/controller/hook/ament_prefix_path.ps1'
[3.776s] INFO:colcon.colcon_core.shell:Creating environment descriptor '/home/daniel/controlbot_ws/install/controller/share/controller/hook/ament_prefix_path.dsv'
[3.780s] INFO:colcon.colcon_core.shell:Creating environment hook '/home/daniel/controlbot_ws/install/controller/share/controller/hook/ament_prefix_path.sh'
[3.783s] INFO:colcon.colcon_core.shell:Skip shell extension 'powershell' for command environment: Not usable outside of PowerShell
[3.783s] DEBUG:colcon.colcon_core.shell:Skip shell extension 'dsv' for command environment
[4.678s] INFO:colcon.colcon_core.task.python.build:Building Python package in '/home/daniel/controlbot_ws/src/controller'
[4.681s] INFO:colcon.colcon_core.shell:Skip shell extension 'powershell' for command environment: Not usable outside of PowerShell
[4.681s] DEBUG:colcon.colcon_core.shell:Skip shell extension 'dsv' for command environment
[7.513s] DEBUG:colcon.colcon_core.event_handler.log_command:Invoking command in '/home/daniel/controlbot_ws/build/controller': CMAKE_PREFIX_PATH=/home/daniel/controlbot_ws/install/cv_bridge:/home/daniel/controlbot_ws/install/vision_opencv:/home/daniel/controlbot_ws/install/image_geometry LD_LIBRARY_PATH=/home/daniel/controlbot_ws/install/cv_bridge/lib:/usr/local/cuda-11.4/lib64:/home/daniel/controlbot_ws/install/image_geometry/lib:/opt/ros/galactic/opt/yaml_cpp_vendor/lib:/opt/ros/galactic/opt/rviz_ogre_vendor/lib:/opt/ros/galactic/lib/aarch64-linux-gnu:/opt/ros/galactic/lib:/usr/local/cuda-11.4/lib64 PYTHONPATH=/home/daniel/controlbot_ws/build/controller/prefix_override:/usr/lib/python3/dist-packages/colcon_core/task/python/colcon_distutils_commands:/home/daniel/controlbot_ws/install/controller/lib/python3.8/site-packages:/home/daniel/controlbot_ws/install/cv_bridge/lib/python3.8/site-packages:/home/daniel/controlbot_ws/build/opencv_tests:/home/daniel/controlbot_ws/install/opencv_tests/lib/python3.8/site-packages:/home/daniel/controlbot_ws/install/image_geometry/lib/python3.8/site-packages:/home/daniel/controlbot_ws/build/controller:/home/daniel/controlbot_ws/install/controller/lib/python3.8/site-packages:/opt/ros/galactic/lib/python3.8/site-packages /usr/bin/python3 -W ignore:setup.py install is deprecated -W ignore:easy_install command is deprecated setup.py develop --editable --build-directory /home/daniel/controlbot_ws/build/controller/build --no-deps symlink_data
[9.641s] Level 1:colcon.colcon_core.shell:create_environment_hook('controller', 'pythonpath_develop')
[9.643s] INFO:colcon.colcon_core.shell:Creating environment hook '/home/daniel/controlbot_ws/build/controller/share/controller/hook/pythonpath_develop.ps1'
[9.646s] DEBUG:colcon.colcon_core.event_handler.log_command:Invoked command in '/home/daniel/controlbot_ws/build/controller' returned '0': CMAKE_PREFIX_PATH=/home/daniel/controlbot_ws/install/cv_bridge:/home/daniel/controlbot_ws/install/vision_opencv:/home/daniel/controlbot_ws/install/image_geometry LD_LIBRARY_PATH=/home/daniel/controlbot_ws/install/cv_bridge/lib:/usr/local/cuda-11.4/lib64:/home/daniel/controlbot_ws/install/image_geometry/lib:/opt/ros/galactic/opt/yaml_cpp_vendor/lib:/opt/ros/galactic/opt/rviz_ogre_vendor/lib:/opt/ros/galactic/lib/aarch64-linux-gnu:/opt/ros/galactic/lib:/usr/local/cuda-11.4/lib64 PYTHONPATH=/home/daniel/controlbot_ws/build/controller/prefix_override:/usr/lib/python3/dist-packages/colcon_core/task/python/colcon_distutils_commands:/home/daniel/controlbot_ws/install/controller/lib/python3.8/site-packages:/home/daniel/controlbot_ws/install/cv_bridge/lib/python3.8/site-packages:/home/daniel/controlbot_ws/build/opencv_tests:/home/daniel/controlbot_ws/install/opencv_tests/lib/python3.8/site-packages:/home/daniel/controlbot_ws/install/image_geometry/lib/python3.8/site-packages:/home/daniel/controlbot_ws/build/controller:/home/daniel/controlbot_ws/install/controller/lib/python3.8/site-packages:/opt/ros/galactic/lib/python3.8/site-packages /usr/bin/python3 -W ignore:setup.py install is deprecated -W ignore:easy_install command is deprecated setup.py develop --editable --build-directory /home/daniel/controlbot_ws/build/controller/build --no-deps symlink_data
[9.651s] INFO:colcon.colcon_core.shell:Creating environment descriptor '/home/daniel/controlbot_ws/build/controller/share/controller/hook/pythonpath_develop.dsv'
[9.653s] INFO:colcon.colcon_core.shell:Creating environment hook '/home/daniel/controlbot_ws/build/controller/share/controller/hook/pythonpath_develop.sh'
[9.825s] Level 1:colcon.colcon_core.environment:checking '/home/daniel/controlbot_ws/install/controller' for CMake module files
[9.826s] Level 1:colcon.colcon_core.environment:checking '/home/daniel/controlbot_ws/install/controller' for CMake config files
[9.828s] Level 1:colcon.colcon_core.environment:checking '/home/daniel/controlbot_ws/install/controller/lib'
[9.829s] Level 1:colcon.colcon_core.environment:checking '/home/daniel/controlbot_ws/install/controller/bin'
[9.829s] Level 1:colcon.colcon_core.environment:checking '/home/daniel/controlbot_ws/install/controller/lib/pkgconfig/controller.pc'
[9.847s] Level 1:colcon.colcon_core.environment:checking '/home/daniel/controlbot_ws/install/controller/lib/python3.8/site-packages'
[9.847s] Level 1:colcon.colcon_core.shell:create_environment_hook('controller', 'pythonpath')
[9.848s] INFO:colcon.colcon_core.shell:Creating environment hook '/home/daniel/controlbot_ws/install/controller/share/controller/hook/pythonpath.ps1'
[9.866s] INFO:colcon.colcon_core.shell:Creating environment descriptor '/home/daniel/controlbot_ws/install/controller/share/controller/hook/pythonpath.dsv'
[9.869s] INFO:colcon.colcon_core.shell:Creating environment hook '/home/daniel/controlbot_ws/install/controller/share/controller/hook/pythonpath.sh'
[9.873s] Level 1:colcon.colcon_core.environment:checking '/home/daniel/controlbot_ws/install/controller/bin'
[9.873s] Level 1:colcon.colcon_core.environment:create_environment_scripts_only(controller)
[9.876s] INFO:colcon.colcon_core.shell:Creating package script '/home/daniel/controlbot_ws/install/controller/share/controller/package.ps1'
[9.929s] INFO:colcon.colcon_core.shell:Creating package descriptor '/home/daniel/controlbot_ws/install/controller/share/controller/package.dsv'
[9.934s] INFO:colcon.colcon_core.shell:Creating package script '/home/daniel/controlbot_ws/install/controller/share/controller/package.sh'
[9.939s] INFO:colcon.colcon_core.shell:Creating package script '/home/daniel/controlbot_ws/install/controller/share/controller/package.bash'
[9.951s] INFO:colcon.colcon_core.shell:Creating package script '/home/daniel/controlbot_ws/install/controller/share/controller/package.zsh'
[9.956s] Level 1:colcon.colcon_core.environment:create_file_with_runtime_dependencies(/home/daniel/controlbot_ws/install/controller/share/colcon-core/packages/controller)
[9.960s] DEBUG:colcon.colcon_parallel_executor.executor.parallel:closing loop
[9.962s] DEBUG:colcon.colcon_parallel_executor.executor.parallel:loop closed
[9.962s] DEBUG:colcon.colcon_parallel_executor.executor.parallel:run_until_complete finished with '0'
[9.963s] DEBUG:colcon.colcon_core.event_reactor:joining thread
[9.995s] INFO:colcon.colcon_core.plugin_system:Skipping extension 'colcon_notification.desktop_notification.terminal_notifier': Not used on non-Darwin systems
[9.996s] INFO:colcon.colcon_core.plugin_system:Skipping extension 'colcon_notification.desktop_notification.win32': Not used on non-Windows systems
[9.996s] INFO:colcon.colcon_notification.desktop_notification:Sending desktop notification using 'notify2'
[10.571s] DEBUG:colcon.colcon_notification.desktop_notification.notify2:Failed to initialize notify2: org.freedesktop.DBus.Error.Spawn.ChildExited: Process org.freedesktop.Notifications exited with status 1
[10.572s] DEBUG:colcon.colcon_core.event_reactor:joined thread
[10.573s] INFO:colcon.colcon_core.shell:Creating prefix script '/home/daniel/controlbot_ws/install/local_setup.ps1'
[10.740s] INFO:colcon.colcon_core.shell:Creating prefix util module '/home/daniel/controlbot_ws/install/_local_setup_util_ps1.py'
[10.746s] INFO:colcon.colcon_core.shell:Creating prefix chain script '/home/daniel/controlbot_ws/install/setup.ps1'
[10.751s] INFO:colcon.colcon_core.shell:Creating prefix script '/home/daniel/controlbot_ws/install/local_setup.sh'
[10.753s] INFO:colcon.colcon_core.shell:Creating prefix util module '/home/daniel/controlbot_ws/install/_local_setup_util_sh.py'
[10.755s] INFO:colcon.colcon_core.shell:Creating prefix chain script '/home/daniel/controlbot_ws/install/setup.sh'
[10.759s] INFO:colcon.colcon_core.shell:Creating prefix script '/home/daniel/controlbot_ws/install/local_setup.bash'
[10.761s] INFO:colcon.colcon_core.shell:Creating prefix chain script '/home/daniel/controlbot_ws/install/setup.bash'
[10.765s] INFO:colcon.colcon_core.shell:Creating prefix script '/home/daniel/controlbot_ws/install/local_setup.zsh'
[10.768s] INFO:colcon.colcon_core.shell:Creating prefix chain script '/home/daniel/controlbot_ws/install/setup.zsh'
