[1.247s] Invoking command in '/home/daniel/controlbot_ws/src/controller': PYTHONPATH=/home/daniel/controlbot_ws/build/controller/prefix_override:/usr/lib/python3/dist-packages/colcon_core/task/python/colcon_distutils_commands:/home/daniel/controlbot_ws/install/controller/lib/python3.10/site-packages:${PYTHONPATH} /usr/bin/python3 -W ignore:setup.py install is deprecated -W ignore:easy_install command is deprecated setup.py egg_info --egg-base ../../build/controller build --build-base /home/daniel/controlbot_ws/build/controller/build install --record /home/daniel/controlbot_ws/build/controller/install.log --single-version-externally-managed install_data
[1.755s] running egg_info
[1.757s] writing ../../build/controller/controller.egg-info/PKG-INFO
[1.758s] writing dependency_links to ../../build/controller/controller.egg-info/dependency_links.txt
[1.758s] writing entry points to ../../build/controller/controller.egg-info/entry_points.txt
[1.758s] writing requirements to ../../build/controller/controller.egg-info/requires.txt
[1.759s] writing top-level names to ../../build/controller/controller.egg-info/top_level.txt
[1.762s] reading manifest file '../../build/controller/controller.egg-info/SOURCES.txt'
[1.763s] adding license file 'LICENSE'
[1.764s] writing manifest file '../../build/controller/controller.egg-info/SOURCES.txt'
[1.764s] running build
[1.764s] running build_py
[1.765s] copying controller/controller.py -> /home/daniel/controlbot_ws/build/controller/build/lib/controller
[1.765s] running install
[1.766s] running install_lib
[1.768s] copying /home/daniel/controlbot_ws/build/controller/build/lib/controller/controller.py -> /home/daniel/controlbot_ws/install/controller/lib/python3.10/site-packages/controller
[1.769s] byte-compiling /home/daniel/controlbot_ws/install/controller/lib/python3.10/site-packages/controller/controller.py to controller.cpython-310.pyc
[1.770s] running install_data
[1.770s] running install_egg_info
[1.774s] removing '/home/daniel/controlbot_ws/install/controller/lib/python3.10/site-packages/controller-0.0.0-py3.10.egg-info' (and everything under it)
[1.775s] Copying ../../build/controller/controller.egg-info to /home/daniel/controlbot_ws/install/controller/lib/python3.10/site-packages/controller-0.0.0-py3.10.egg-info
[1.777s] running install_scripts
[1.820s] Installing controller script to /home/daniel/controlbot_ws/install/controller/lib/controller
[1.821s] writing list of installed files to '/home/daniel/controlbot_ws/build/controller/install.log'
[1.891s] Invoked command in '/home/daniel/controlbot_ws/src/controller' returned '0': PYTHONPATH=/home/daniel/controlbot_ws/build/controller/prefix_override:/usr/lib/python3/dist-packages/colcon_core/task/python/colcon_distutils_commands:/home/daniel/controlbot_ws/install/controller/lib/python3.10/site-packages:${PYTHONPATH} /usr/bin/python3 -W ignore:setup.py install is deprecated -W ignore:easy_install command is deprecated setup.py egg_info --egg-base ../../build/controller build --build-base /home/daniel/controlbot_ws/build/controller/build install --record /home/daniel/controlbot_ws/build/controller/install.log --single-version-externally-managed install_data
