[0.459s] DEBUG:colcon:Command line arguments: ['/usr/bin/colcon', 'build']
[0.459s] DEBUG:colcon:Parsed command line arguments: Namespace(log_base=None, log_level=None, verb_name='build', build_base='build', install_base='install', merge_install=False, symlink_install=False, test_result_base=None, continue_on_error=False, executor='parallel', parallel_workers=6, event_handlers=None, ignore_user_meta=False, metas=['./colcon.meta'], base_paths=['.'], packages_ignore=None, packages_ignore_regex=None, paths=None, packages_up_to=None, packages_up_to_regex=None, packages_above=None, packages_above_and_dependencies=None, packages_above_depth=None, packages_select_by_dep=None, packages_skip_by_dep=None, packages_skip_up_to=None, packages_select_build_failed=False, packages_skip_build_finished=False, packages_select_test_failures=False, packages_skip_test_passed=False, packages_select=None, packages_skip=None, packages_select_regex=None, packages_skip_regex=None, packages_start=None, packages_end=None, allow_overriding=[], cmake_args=None, cmake_target=None, cmake_target_skip_unavailable=False, cmake_clean_cache=False, cmake_clean_first=False, cmake_force_configure=False, ament_cmake_args=None, catkin_cmake_args=None, catkin_skip_building_tests=False, verb_parser=<colcon_defaults.argument_parser.defaults.DefaultArgumentsDecorator object at 0xffff8dd5fb50>, verb_extension=<colcon_core.verb.build.BuildVerb object at 0xffff8dd5f610>, main=<bound method BuildVerb.main of <colcon_core.verb.build.BuildVerb object at 0xffff8dd5f610>>)
[1.326s] Level 1:colcon.colcon_core.package_discovery:discover_packages(colcon_meta) check parameters
[1.326s] Level 1:colcon.colcon_core.package_discovery:discover_packages(recursive) check parameters
[1.326s] Level 1:colcon.colcon_core.package_discovery:discover_packages(ignore) check parameters
[1.327s] Level 1:colcon.colcon_core.package_discovery:discover_packages(path) check parameters
[1.327s] Level 1:colcon.colcon_core.package_discovery:discover_packages(colcon_meta) discover
[1.327s] Level 1:colcon.colcon_core.package_discovery:discover_packages(recursive) discover
[1.327s] INFO:colcon.colcon_core.package_discovery:Crawling recursively for packages in '/home/daniel/controlbot_ws'
[1.327s] Level 1:colcon.colcon_core.package_identification:_identify(.) by extensions ['ignore', 'ignore_ament_install']
[1.327s] Level 1:colcon.colcon_core.package_identification:_identify(.) by extension 'ignore'
[1.327s] Level 1:colcon.colcon_core.package_identification:_identify(.) by extension 'ignore_ament_install'
[1.328s] Level 1:colcon.colcon_core.package_identification:_identify(.) by extensions ['colcon_pkg']
[1.328s] Level 1:colcon.colcon_core.package_identification:_identify(.) by extension 'colcon_pkg'
[1.328s] Level 1:colcon.colcon_core.package_identification:_identify(.) by extensions ['colcon_meta']
[1.328s] Level 1:colcon.colcon_core.package_identification:_identify(.) by extension 'colcon_meta'
[1.328s] Level 1:colcon.colcon_core.package_identification:_identify(.) by extensions ['ros']
[1.328s] Level 1:colcon.colcon_core.package_identification:_identify(.) by extension 'ros'
[1.391s] Level 1:colcon.colcon_core.package_identification:_identify(.) by extensions ['cmake', 'python']
[1.392s] Level 1:colcon.colcon_core.package_identification:_identify(.) by extension 'cmake'
[1.392s] Level 1:colcon.colcon_core.package_identification:_identify(.) by extension 'python'
[1.392s] Level 1:colcon.colcon_core.package_identification:_identify(.) by extensions ['python_setup_py']
[1.392s] Level 1:colcon.colcon_core.package_identification:_identify(.) by extension 'python_setup_py'
[1.393s] Level 1:colcon.colcon_core.package_identification:_identify(build) by extensions ['ignore', 'ignore_ament_install']
[1.393s] Level 1:colcon.colcon_core.package_identification:_identify(build) by extension 'ignore'
[1.393s] Level 1:colcon.colcon_core.package_identification:_identify(build) ignored
[1.394s] Level 1:colcon.colcon_core.package_identification:_identify(install) by extensions ['ignore', 'ignore_ament_install']
[1.394s] Level 1:colcon.colcon_core.package_identification:_identify(install) by extension 'ignore'
[1.394s] Level 1:colcon.colcon_core.package_identification:_identify(install) ignored
[1.395s] Level 1:colcon.colcon_core.package_identification:_identify(log) by extensions ['ignore', 'ignore_ament_install']
[1.395s] Level 1:colcon.colcon_core.package_identification:_identify(log) by extension 'ignore'
[1.395s] Level 1:colcon.colcon_core.package_identification:_identify(log) ignored
[1.396s] Level 1:colcon.colcon_core.package_identification:_identify(src) by extensions ['ignore', 'ignore_ament_install']
[1.396s] Level 1:colcon.colcon_core.package_identification:_identify(src) by extension 'ignore'
[1.396s] Level 1:colcon.colcon_core.package_identification:_identify(src) by extension 'ignore_ament_install'
[1.396s] Level 1:colcon.colcon_core.package_identification:_identify(src) by extensions ['colcon_pkg']
[1.396s] Level 1:colcon.colcon_core.package_identification:_identify(src) by extension 'colcon_pkg'
[1.396s] Level 1:colcon.colcon_core.package_identification:_identify(src) by extensions ['colcon_meta']
[1.397s] Level 1:colcon.colcon_core.package_identification:_identify(src) by extension 'colcon_meta'
[1.397s] Level 1:colcon.colcon_core.package_identification:_identify(src) by extensions ['ros']
[1.397s] Level 1:colcon.colcon_core.package_identification:_identify(src) by extension 'ros'
[1.397s] Level 1:colcon.colcon_core.package_identification:_identify(src) by extensions ['cmake', 'python']
[1.397s] Level 1:colcon.colcon_core.package_identification:_identify(src) by extension 'cmake'
[1.397s] Level 1:colcon.colcon_core.package_identification:_identify(src) by extension 'python'
[1.397s] Level 1:colcon.colcon_core.package_identification:_identify(src) by extensions ['python_setup_py']
[1.398s] Level 1:colcon.colcon_core.package_identification:_identify(src) by extension 'python_setup_py'
[1.399s] Level 1:colcon.colcon_core.package_identification:_identify(src/controller) by extensions ['ignore', 'ignore_ament_install']
[1.399s] Level 1:colcon.colcon_core.package_identification:_identify(src/controller) by extension 'ignore'
[1.399s] Level 1:colcon.colcon_core.package_identification:_identify(src/controller) by extension 'ignore_ament_install'
[1.399s] Level 1:colcon.colcon_core.package_identification:_identify(src/controller) by extensions ['colcon_pkg']
[1.399s] Level 1:colcon.colcon_core.package_identification:_identify(src/controller) by extension 'colcon_pkg'
[1.399s] Level 1:colcon.colcon_core.package_identification:_identify(src/controller) by extensions ['colcon_meta']
[1.400s] Level 1:colcon.colcon_core.package_identification:_identify(src/controller) by extension 'colcon_meta'
[1.400s] Level 1:colcon.colcon_core.package_identification:_identify(src/controller) by extensions ['ros']
[1.400s] Level 1:colcon.colcon_core.package_identification:_identify(src/controller) by extension 'ros'
[1.412s] DEBUG:colcon.colcon_core.package_identification:Package 'src/controller' with type 'ros.ament_python' and name 'controller'
[1.412s] Level 1:colcon.colcon_core.package_identification:_identify(src/python_playground) by extensions ['ignore', 'ignore_ament_install']
[1.412s] Level 1:colcon.colcon_core.package_identification:_identify(src/python_playground) by extension 'ignore'
[1.413s] Level 1:colcon.colcon_core.package_identification:_identify(src/python_playground) by extension 'ignore_ament_install'
[1.413s] Level 1:colcon.colcon_core.package_identification:_identify(src/python_playground) by extensions ['colcon_pkg']
[1.413s] Level 1:colcon.colcon_core.package_identification:_identify(src/python_playground) by extension 'colcon_pkg'
[1.413s] Level 1:colcon.colcon_core.package_identification:_identify(src/python_playground) by extensions ['colcon_meta']
[1.413s] Level 1:colcon.colcon_core.package_identification:_identify(src/python_playground) by extension 'colcon_meta'
[1.414s] Level 1:colcon.colcon_core.package_identification:_identify(src/python_playground) by extensions ['ros']
[1.414s] Level 1:colcon.colcon_core.package_identification:_identify(src/python_playground) by extension 'ros'
[1.414s] Level 1:colcon.colcon_core.package_identification:_identify(src/python_playground) by extensions ['cmake', 'python']
[1.414s] Level 1:colcon.colcon_core.package_identification:_identify(src/python_playground) by extension 'cmake'
[1.414s] Level 1:colcon.colcon_core.package_identification:_identify(src/python_playground) by extension 'python'
[1.414s] Level 1:colcon.colcon_core.package_identification:_identify(src/python_playground) by extensions ['python_setup_py']
[1.415s] Level 1:colcon.colcon_core.package_identification:_identify(src/python_playground) by extension 'python_setup_py'
[1.415s] Level 1:colcon.colcon_core.package_identification:_identify(src/realsense-ros) by extensions ['ignore', 'ignore_ament_install']
[1.415s] Level 1:colcon.colcon_core.package_identification:_identify(src/realsense-ros) by extension 'ignore'
[1.415s] Level 1:colcon.colcon_core.package_identification:_identify(src/realsense-ros) by extension 'ignore_ament_install'
[1.416s] Level 1:colcon.colcon_core.package_identification:_identify(src/realsense-ros) by extensions ['colcon_pkg']
[1.416s] Level 1:colcon.colcon_core.package_identification:_identify(src/realsense-ros) by extension 'colcon_pkg'
[1.416s] Level 1:colcon.colcon_core.package_identification:_identify(src/realsense-ros) by extensions ['colcon_meta']
[1.416s] Level 1:colcon.colcon_core.package_identification:_identify(src/realsense-ros) by extension 'colcon_meta'
[1.416s] Level 1:colcon.colcon_core.package_identification:_identify(src/realsense-ros) by extensions ['ros']
[1.416s] Level 1:colcon.colcon_core.package_identification:_identify(src/realsense-ros) by extension 'ros'
[1.416s] Level 1:colcon.colcon_core.package_identification:_identify(src/realsense-ros) by extensions ['cmake', 'python']
[1.417s] Level 1:colcon.colcon_core.package_identification:_identify(src/realsense-ros) by extension 'cmake'
[1.417s] Level 1:colcon.colcon_core.package_identification:_identify(src/realsense-ros) by extension 'python'
[1.417s] Level 1:colcon.colcon_core.package_identification:_identify(src/realsense-ros) by extensions ['python_setup_py']
[1.417s] Level 1:colcon.colcon_core.package_identification:_identify(src/realsense-ros) by extension 'python_setup_py'
[1.417s] Level 1:colcon.colcon_core.package_identification:_identify(src/realsense-ros/realsense2_camera) by extensions ['ignore', 'ignore_ament_install']
[1.418s] Level 1:colcon.colcon_core.package_identification:_identify(src/realsense-ros/realsense2_camera) by extension 'ignore'
[1.418s] Level 1:colcon.colcon_core.package_identification:_identify(src/realsense-ros/realsense2_camera) by extension 'ignore_ament_install'
[1.418s] Level 1:colcon.colcon_core.package_identification:_identify(src/realsense-ros/realsense2_camera) by extensions ['colcon_pkg']
[1.418s] Level 1:colcon.colcon_core.package_identification:_identify(src/realsense-ros/realsense2_camera) by extension 'colcon_pkg'
[1.418s] Level 1:colcon.colcon_core.package_identification:_identify(src/realsense-ros/realsense2_camera) by extensions ['colcon_meta']
[1.418s] Level 1:colcon.colcon_core.package_identification:_identify(src/realsense-ros/realsense2_camera) by extension 'colcon_meta'
[1.418s] Level 1:colcon.colcon_core.package_identification:_identify(src/realsense-ros/realsense2_camera) by extensions ['ros']
[1.418s] Level 1:colcon.colcon_core.package_identification:_identify(src/realsense-ros/realsense2_camera) by extension 'ros'
[1.433s] DEBUG:colcon.colcon_core.package_identification:Package 'src/realsense-ros/realsense2_camera' with type 'ros.ament_cmake' and name 'realsense2_camera'
[1.434s] Level 1:colcon.colcon_core.package_identification:_identify(src/realsense-ros/realsense2_camera_msgs) by extensions ['ignore', 'ignore_ament_install']
[1.434s] Level 1:colcon.colcon_core.package_identification:_identify(src/realsense-ros/realsense2_camera_msgs) by extension 'ignore'
[1.434s] Level 1:colcon.colcon_core.package_identification:_identify(src/realsense-ros/realsense2_camera_msgs) by extension 'ignore_ament_install'
[1.434s] Level 1:colcon.colcon_core.package_identification:_identify(src/realsense-ros/realsense2_camera_msgs) by extensions ['colcon_pkg']
[1.435s] Level 1:colcon.colcon_core.package_identification:_identify(src/realsense-ros/realsense2_camera_msgs) by extension 'colcon_pkg'
[1.435s] Level 1:colcon.colcon_core.package_identification:_identify(src/realsense-ros/realsense2_camera_msgs) by extensions ['colcon_meta']
[1.435s] Level 1:colcon.colcon_core.package_identification:_identify(src/realsense-ros/realsense2_camera_msgs) by extension 'colcon_meta'
[1.435s] Level 1:colcon.colcon_core.package_identification:_identify(src/realsense-ros/realsense2_camera_msgs) by extensions ['ros']
[1.435s] Level 1:colcon.colcon_core.package_identification:_identify(src/realsense-ros/realsense2_camera_msgs) by extension 'ros'
[1.437s] DEBUG:colcon.colcon_core.package_identification:Package 'src/realsense-ros/realsense2_camera_msgs' with type 'ros.ament_cmake' and name 'realsense2_camera_msgs'
[1.437s] Level 1:colcon.colcon_core.package_identification:_identify(src/realsense-ros/realsense2_description) by extensions ['ignore', 'ignore_ament_install']
[1.438s] Level 1:colcon.colcon_core.package_identification:_identify(src/realsense-ros/realsense2_description) by extension 'ignore'
[1.438s] Level 1:colcon.colcon_core.package_identification:_identify(src/realsense-ros/realsense2_description) by extension 'ignore_ament_install'
[1.438s] Level 1:colcon.colcon_core.package_identification:_identify(src/realsense-ros/realsense2_description) by extensions ['colcon_pkg']
[1.438s] Level 1:colcon.colcon_core.package_identification:_identify(src/realsense-ros/realsense2_description) by extension 'colcon_pkg'
[1.438s] Level 1:colcon.colcon_core.package_identification:_identify(src/realsense-ros/realsense2_description) by extensions ['colcon_meta']
[1.438s] Level 1:colcon.colcon_core.package_identification:_identify(src/realsense-ros/realsense2_description) by extension 'colcon_meta'
[1.439s] Level 1:colcon.colcon_core.package_identification:_identify(src/realsense-ros/realsense2_description) by extensions ['ros']
[1.439s] Level 1:colcon.colcon_core.package_identification:_identify(src/realsense-ros/realsense2_description) by extension 'ros'
[1.440s] DEBUG:colcon.colcon_core.package_identification:Package 'src/realsense-ros/realsense2_description' with type 'ros.ament_cmake' and name 'realsense2_description'
[1.441s] Level 1:colcon.colcon_core.package_identification:_identify(src/realsense-ros/scripts) by extensions ['ignore', 'ignore_ament_install']
[1.441s] Level 1:colcon.colcon_core.package_identification:_identify(src/realsense-ros/scripts) by extension 'ignore'
[1.441s] Level 1:colcon.colcon_core.package_identification:_identify(src/realsense-ros/scripts) by extension 'ignore_ament_install'
[1.441s] Level 1:colcon.colcon_core.package_identification:_identify(src/realsense-ros/scripts) by extensions ['colcon_pkg']
[1.441s] Level 1:colcon.colcon_core.package_identification:_identify(src/realsense-ros/scripts) by extension 'colcon_pkg'
[1.441s] Level 1:colcon.colcon_core.package_identification:_identify(src/realsense-ros/scripts) by extensions ['colcon_meta']
[1.442s] Level 1:colcon.colcon_core.package_identification:_identify(src/realsense-ros/scripts) by extension 'colcon_meta'
[1.442s] Level 1:colcon.colcon_core.package_identification:_identify(src/realsense-ros/scripts) by extensions ['ros']
[1.442s] Level 1:colcon.colcon_core.package_identification:_identify(src/realsense-ros/scripts) by extension 'ros'
[1.442s] Level 1:colcon.colcon_core.package_identification:_identify(src/realsense-ros/scripts) by extensions ['cmake', 'python']
[1.442s] Level 1:colcon.colcon_core.package_identification:_identify(src/realsense-ros/scripts) by extension 'cmake'
[1.442s] Level 1:colcon.colcon_core.package_identification:_identify(src/realsense-ros/scripts) by extension 'python'
[1.442s] Level 1:colcon.colcon_core.package_identification:_identify(src/realsense-ros/scripts) by extensions ['python_setup_py']
[1.442s] Level 1:colcon.colcon_core.package_identification:_identify(src/realsense-ros/scripts) by extension 'python_setup_py'
[1.443s] Level 1:colcon.colcon_core.package_identification:_identify(src/rs_ctrl) by extensions ['ignore', 'ignore_ament_install']
[1.444s] Level 1:colcon.colcon_core.package_identification:_identify(src/rs_ctrl) by extension 'ignore'
[1.444s] Level 1:colcon.colcon_core.package_identification:_identify(src/rs_ctrl) by extension 'ignore_ament_install'
[1.444s] Level 1:colcon.colcon_core.package_identification:_identify(src/rs_ctrl) by extensions ['colcon_pkg']
[1.444s] Level 1:colcon.colcon_core.package_identification:_identify(src/rs_ctrl) by extension 'colcon_pkg'
[1.444s] Level 1:colcon.colcon_core.package_identification:_identify(src/rs_ctrl) by extensions ['colcon_meta']
[1.444s] Level 1:colcon.colcon_core.package_identification:_identify(src/rs_ctrl) by extension 'colcon_meta'
[1.444s] Level 1:colcon.colcon_core.package_identification:_identify(src/rs_ctrl) by extensions ['ros']
[1.444s] Level 1:colcon.colcon_core.package_identification:_identify(src/rs_ctrl) by extension 'ros'
[1.446s] DEBUG:colcon.colcon_core.package_identification:Package 'src/rs_ctrl' with type 'ros.ament_python' and name 'rs_ctrl'
[1.447s] Level 1:colcon.colcon_core.package_discovery:discover_packages(recursive) using defaults
[1.447s] Level 1:colcon.colcon_core.package_discovery:discover_packages(ignore) discover
[1.447s] Level 1:colcon.colcon_core.package_discovery:discover_packages(ignore) using defaults
[1.447s] Level 1:colcon.colcon_core.package_discovery:discover_packages(path) discover
[1.447s] Level 1:colcon.colcon_core.package_discovery:discover_packages(path) using defaults
[1.621s] Level 1:colcon.colcon_core.package_discovery:discover_packages(prefix_path) check parameters
[1.621s] Level 1:colcon.colcon_core.package_discovery:discover_packages(prefix_path) discover
[1.632s] DEBUG:colcon.colcon_installed_package_information.package_discovery:Found 2 installed packages in /home/daniel/controlbot_ws/install
[1.636s] DEBUG:colcon.colcon_installed_package_information.package_discovery:Found 301 installed packages in /opt/ros/humble
[1.640s] Level 1:colcon.colcon_core.package_discovery:discover_packages(prefix_path) using defaults
[1.743s] Level 5:colcon.colcon_core.verb:set package 'controller' build argument 'cmake_args' from command line to 'None'
[1.743s] Level 5:colcon.colcon_core.verb:set package 'controller' build argument 'cmake_target' from command line to 'None'
[1.743s] Level 5:colcon.colcon_core.verb:set package 'controller' build argument 'cmake_target_skip_unavailable' from command line to 'False'
[1.743s] Level 5:colcon.colcon_core.verb:set package 'controller' build argument 'cmake_clean_cache' from command line to 'False'
[1.743s] Level 5:colcon.colcon_core.verb:set package 'controller' build argument 'cmake_clean_first' from command line to 'False'
[1.743s] Level 5:colcon.colcon_core.verb:set package 'controller' build argument 'cmake_force_configure' from command line to 'False'
[1.743s] Level 5:colcon.colcon_core.verb:set package 'controller' build argument 'ament_cmake_args' from command line to 'None'
[1.743s] Level 5:colcon.colcon_core.verb:set package 'controller' build argument 'catkin_cmake_args' from command line to 'None'
[1.743s] Level 5:colcon.colcon_core.verb:set package 'controller' build argument 'catkin_skip_building_tests' from command line to 'False'
[1.744s] DEBUG:colcon.colcon_core.verb:Building package 'controller' with the following arguments: {'ament_cmake_args': None, 'build_base': '/home/daniel/controlbot_ws/build/controller', 'catkin_cmake_args': None, 'catkin_skip_building_tests': False, 'cmake_args': None, 'cmake_clean_cache': False, 'cmake_clean_first': False, 'cmake_force_configure': False, 'cmake_target': None, 'cmake_target_skip_unavailable': False, 'install_base': '/home/daniel/controlbot_ws/install/controller', 'merge_install': False, 'path': '/home/daniel/controlbot_ws/src/controller', 'symlink_install': False, 'test_result_base': None}
[1.744s] Level 5:colcon.colcon_core.verb:set package 'realsense2_camera_msgs' build argument 'cmake_args' from command line to 'None'
[1.744s] Level 5:colcon.colcon_core.verb:set package 'realsense2_camera_msgs' build argument 'cmake_target' from command line to 'None'
[1.744s] Level 5:colcon.colcon_core.verb:set package 'realsense2_camera_msgs' build argument 'cmake_target_skip_unavailable' from command line to 'False'
[1.744s] Level 5:colcon.colcon_core.verb:set package 'realsense2_camera_msgs' build argument 'cmake_clean_cache' from command line to 'False'
[1.745s] Level 5:colcon.colcon_core.verb:set package 'realsense2_camera_msgs' build argument 'cmake_clean_first' from command line to 'False'
[1.745s] Level 5:colcon.colcon_core.verb:set package 'realsense2_camera_msgs' build argument 'cmake_force_configure' from command line to 'False'
[1.745s] Level 5:colcon.colcon_core.verb:set package 'realsense2_camera_msgs' build argument 'ament_cmake_args' from command line to 'None'
[1.745s] Level 5:colcon.colcon_core.verb:set package 'realsense2_camera_msgs' build argument 'catkin_cmake_args' from command line to 'None'
[1.745s] Level 5:colcon.colcon_core.verb:set package 'realsense2_camera_msgs' build argument 'catkin_skip_building_tests' from command line to 'False'
[1.745s] DEBUG:colcon.colcon_core.verb:Building package 'realsense2_camera_msgs' with the following arguments: {'ament_cmake_args': None, 'build_base': '/home/daniel/controlbot_ws/build/realsense2_camera_msgs', 'catkin_cmake_args': None, 'catkin_skip_building_tests': False, 'cmake_args': None, 'cmake_clean_cache': False, 'cmake_clean_first': False, 'cmake_force_configure': False, 'cmake_target': None, 'cmake_target_skip_unavailable': False, 'install_base': '/home/daniel/controlbot_ws/install/realsense2_camera_msgs', 'merge_install': False, 'path': '/home/daniel/controlbot_ws/src/realsense-ros/realsense2_camera_msgs', 'symlink_install': False, 'test_result_base': None}
[1.745s] Level 5:colcon.colcon_core.verb:set package 'rs_ctrl' build argument 'cmake_args' from command line to 'None'
[1.745s] Level 5:colcon.colcon_core.verb:set package 'rs_ctrl' build argument 'cmake_target' from command line to 'None'
[1.745s] Level 5:colcon.colcon_core.verb:set package 'rs_ctrl' build argument 'cmake_target_skip_unavailable' from command line to 'False'
[1.746s] Level 5:colcon.colcon_core.verb:set package 'rs_ctrl' build argument 'cmake_clean_cache' from command line to 'False'
[1.746s] Level 5:colcon.colcon_core.verb:set package 'rs_ctrl' build argument 'cmake_clean_first' from command line to 'False'
[1.746s] Level 5:colcon.colcon_core.verb:set package 'rs_ctrl' build argument 'cmake_force_configure' from command line to 'False'
[1.746s] Level 5:colcon.colcon_core.verb:set package 'rs_ctrl' build argument 'ament_cmake_args' from command line to 'None'
[1.746s] Level 5:colcon.colcon_core.verb:set package 'rs_ctrl' build argument 'catkin_cmake_args' from command line to 'None'
[1.746s] Level 5:colcon.colcon_core.verb:set package 'rs_ctrl' build argument 'catkin_skip_building_tests' from command line to 'False'
[1.746s] DEBUG:colcon.colcon_core.verb:Building package 'rs_ctrl' with the following arguments: {'ament_cmake_args': None, 'build_base': '/home/daniel/controlbot_ws/build/rs_ctrl', 'catkin_cmake_args': None, 'catkin_skip_building_tests': False, 'cmake_args': None, 'cmake_clean_cache': False, 'cmake_clean_first': False, 'cmake_force_configure': False, 'cmake_target': None, 'cmake_target_skip_unavailable': False, 'install_base': '/home/daniel/controlbot_ws/install/rs_ctrl', 'merge_install': False, 'path': '/home/daniel/controlbot_ws/src/rs_ctrl', 'symlink_install': False, 'test_result_base': None}
[1.746s] Level 5:colcon.colcon_core.verb:set package 'realsense2_camera' build argument 'cmake_args' from command line to 'None'
[1.747s] Level 5:colcon.colcon_core.verb:set package 'realsense2_camera' build argument 'cmake_target' from command line to 'None'
[1.747s] Level 5:colcon.colcon_core.verb:set package 'realsense2_camera' build argument 'cmake_target_skip_unavailable' from command line to 'False'
[1.747s] Level 5:colcon.colcon_core.verb:set package 'realsense2_camera' build argument 'cmake_clean_cache' from command line to 'False'
[1.747s] Level 5:colcon.colcon_core.verb:set package 'realsense2_camera' build argument 'cmake_clean_first' from command line to 'False'
[1.747s] Level 5:colcon.colcon_core.verb:set package 'realsense2_camera' build argument 'cmake_force_configure' from command line to 'False'
[1.747s] Level 5:colcon.colcon_core.verb:set package 'realsense2_camera' build argument 'ament_cmake_args' from command line to 'None'
[1.747s] Level 5:colcon.colcon_core.verb:set package 'realsense2_camera' build argument 'catkin_cmake_args' from command line to 'None'
[1.747s] Level 5:colcon.colcon_core.verb:set package 'realsense2_camera' build argument 'catkin_skip_building_tests' from command line to 'False'
[1.747s] DEBUG:colcon.colcon_core.verb:Building package 'realsense2_camera' with the following arguments: {'ament_cmake_args': None, 'build_base': '/home/daniel/controlbot_ws/build/realsense2_camera', 'catkin_cmake_args': None, 'catkin_skip_building_tests': False, 'cmake_args': None, 'cmake_clean_cache': False, 'cmake_clean_first': False, 'cmake_force_configure': False, 'cmake_target': None, 'cmake_target_skip_unavailable': False, 'install_base': '/home/daniel/controlbot_ws/install/realsense2_camera', 'merge_install': False, 'path': '/home/daniel/controlbot_ws/src/realsense-ros/realsense2_camera', 'symlink_install': False, 'test_result_base': None}
[1.748s] Level 5:colcon.colcon_core.verb:set package 'realsense2_description' build argument 'cmake_args' from command line to 'None'
[1.748s] Level 5:colcon.colcon_core.verb:set package 'realsense2_description' build argument 'cmake_target' from command line to 'None'
[1.748s] Level 5:colcon.colcon_core.verb:set package 'realsense2_description' build argument 'cmake_target_skip_unavailable' from command line to 'False'
[1.748s] Level 5:colcon.colcon_core.verb:set package 'realsense2_description' build argument 'cmake_clean_cache' from command line to 'False'
[1.748s] Level 5:colcon.colcon_core.verb:set package 'realsense2_description' build argument 'cmake_clean_first' from command line to 'False'
[1.748s] Level 5:colcon.colcon_core.verb:set package 'realsense2_description' build argument 'cmake_force_configure' from command line to 'False'
[1.748s] Level 5:colcon.colcon_core.verb:set package 'realsense2_description' build argument 'ament_cmake_args' from command line to 'None'
[1.748s] Level 5:colcon.colcon_core.verb:set package 'realsense2_description' build argument 'catkin_cmake_args' from command line to 'None'
[1.748s] Level 5:colcon.colcon_core.verb:set package 'realsense2_description' build argument 'catkin_skip_building_tests' from command line to 'False'
[1.748s] DEBUG:colcon.colcon_core.verb:Building package 'realsense2_description' with the following arguments: {'ament_cmake_args': None, 'build_base': '/home/daniel/controlbot_ws/build/realsense2_description', 'catkin_cmake_args': None, 'catkin_skip_building_tests': False, 'cmake_args': None, 'cmake_clean_cache': False, 'cmake_clean_first': False, 'cmake_force_configure': False, 'cmake_target': None, 'cmake_target_skip_unavailable': False, 'install_base': '/home/daniel/controlbot_ws/install/realsense2_description', 'merge_install': False, 'path': '/home/daniel/controlbot_ws/src/realsense-ros/realsense2_description', 'symlink_install': False, 'test_result_base': None}
[1.748s] INFO:colcon.colcon_core.executor:Executing jobs using 'parallel' executor
[1.750s] DEBUG:colcon.colcon_parallel_executor.executor.parallel:run_until_complete
[1.751s] INFO:colcon.colcon_ros.task.ament_cmake.build:Building ROS package in '/home/daniel/controlbot_ws/src/realsense-ros/realsense2_camera_msgs' with build type 'ament_cmake'
[1.751s] INFO:colcon.colcon_cmake.task.cmake.build:Building CMake package in '/home/daniel/controlbot_ws/src/realsense-ros/realsense2_camera_msgs'
[1.767s] INFO:colcon.colcon_core.plugin_system:Skipping extension 'colcon_core.shell.bat': Not used on non-Windows systems
[1.767s] INFO:colcon.colcon_core.shell:Skip shell extension 'powershell' for command environment: Not usable outside of PowerShell
[1.767s] DEBUG:colcon.colcon_core.shell:Skip shell extension 'dsv' for command environment
[1.776s] INFO:colcon.colcon_ros.task.ament_python.build:Building ROS package in '/home/daniel/controlbot_ws/src/controller' with build type 'ament_python'
[1.777s] Level 1:colcon.colcon_core.shell:create_environment_hook('controller', 'ament_prefix_path')
[1.777s] INFO:colcon.colcon_core.shell:Creating environment hook '/home/daniel/controlbot_ws/install/controller/share/controller/hook/ament_prefix_path.ps1'
[1.780s] INFO:colcon.colcon_core.shell:Creating environment descriptor '/home/daniel/controlbot_ws/install/controller/share/controller/hook/ament_prefix_path.dsv'
[1.786s] INFO:colcon.colcon_core.shell:Creating environment hook '/home/daniel/controlbot_ws/install/controller/share/controller/hook/ament_prefix_path.sh'
[1.796s] INFO:colcon.colcon_core.shell:Skip shell extension 'powershell' for command environment: Not usable outside of PowerShell
[1.796s] DEBUG:colcon.colcon_core.shell:Skip shell extension 'dsv' for command environment
[1.804s] INFO:colcon.colcon_ros.task.ament_python.build:Building ROS package in '/home/daniel/controlbot_ws/src/rs_ctrl' with build type 'ament_python'
[1.805s] Level 1:colcon.colcon_core.shell:create_environment_hook('rs_ctrl', 'ament_prefix_path')
[1.806s] INFO:colcon.colcon_core.shell:Creating environment hook '/home/daniel/controlbot_ws/install/rs_ctrl/share/rs_ctrl/hook/ament_prefix_path.ps1'
[1.807s] INFO:colcon.colcon_core.shell:Creating environment descriptor '/home/daniel/controlbot_ws/install/rs_ctrl/share/rs_ctrl/hook/ament_prefix_path.dsv'
[1.808s] INFO:colcon.colcon_core.shell:Creating environment hook '/home/daniel/controlbot_ws/install/rs_ctrl/share/rs_ctrl/hook/ament_prefix_path.sh'
[1.810s] INFO:colcon.colcon_core.shell:Skip shell extension 'powershell' for command environment: Not usable outside of PowerShell
[1.810s] DEBUG:colcon.colcon_core.shell:Skip shell extension 'dsv' for command environment
[1.830s] DEBUG:colcon.colcon_core.event_handler.log_command:Invoking command in '/home/daniel/controlbot_ws/build/realsense2_camera_msgs': CMAKE_PREFIX_PATH=/home/daniel/controlbot_ws/install/rs_ctrl:/home/daniel/controlbot_ws/install/controller:/opt/ros/humble /usr/bin/cmake /home/daniel/controlbot_ws/src/realsense-ros/realsense2_camera_msgs -DCMAKE_INSTALL_PREFIX=/home/daniel/controlbot_ws/install/realsense2_camera_msgs
[3.038s] INFO:colcon.colcon_core.task.python.build:Building Python package in '/home/daniel/controlbot_ws/src/controller'
[3.039s] INFO:colcon.colcon_core.shell:Skip shell extension 'powershell' for command environment: Not usable outside of PowerShell
[3.039s] DEBUG:colcon.colcon_core.shell:Skip shell extension 'dsv' for command environment
[3.626s] INFO:colcon.colcon_core.task.python.build:Building Python package in '/home/daniel/controlbot_ws/src/rs_ctrl'
[3.627s] INFO:colcon.colcon_core.shell:Skip shell extension 'powershell' for command environment: Not usable outside of PowerShell
[3.627s] DEBUG:colcon.colcon_core.shell:Skip shell extension 'dsv' for command environment
[5.213s] DEBUG:colcon.colcon_core.event_handler.log_command:Invoking command in '/home/daniel/controlbot_ws/src/rs_ctrl': PYTHONPATH=/home/daniel/controlbot_ws/build/rs_ctrl/prefix_override:/usr/lib/python3/dist-packages/colcon_core/task/python/colcon_distutils_commands:/home/daniel/controlbot_ws/install/rs_ctrl/lib/python3.10/site-packages:${PYTHONPATH} /usr/bin/python3 -W ignore:setup.py install is deprecated -W ignore:easy_install command is deprecated setup.py egg_info --egg-base ../../build/rs_ctrl build --build-base /home/daniel/controlbot_ws/build/rs_ctrl/build install --record /home/daniel/controlbot_ws/build/rs_ctrl/install.log --single-version-externally-managed install_data
[5.216s] DEBUG:colcon.colcon_core.event_handler.log_command:Invoking command in '/home/daniel/controlbot_ws/src/controller': PYTHONPATH=/home/daniel/controlbot_ws/build/controller/prefix_override:/usr/lib/python3/dist-packages/colcon_core/task/python/colcon_distutils_commands:/home/daniel/controlbot_ws/install/controller/lib/python3.10/site-packages:${PYTHONPATH} /usr/bin/python3 -W ignore:setup.py install is deprecated -W ignore:easy_install command is deprecated setup.py egg_info --egg-base ../../build/controller build --build-base /home/daniel/controlbot_ws/build/controller/build install --record /home/daniel/controlbot_ws/build/controller/install.log --single-version-externally-managed install_data
[5.867s] DEBUG:colcon.colcon_core.event_handler.log_command:Invoked command in '/home/daniel/controlbot_ws/src/rs_ctrl' returned '0': PYTHONPATH=/home/daniel/controlbot_ws/build/rs_ctrl/prefix_override:/usr/lib/python3/dist-packages/colcon_core/task/python/colcon_distutils_commands:/home/daniel/controlbot_ws/install/rs_ctrl/lib/python3.10/site-packages:${PYTHONPATH} /usr/bin/python3 -W ignore:setup.py install is deprecated -W ignore:easy_install command is deprecated setup.py egg_info --egg-base ../../build/rs_ctrl build --build-base /home/daniel/controlbot_ws/build/rs_ctrl/build install --record /home/daniel/controlbot_ws/build/rs_ctrl/install.log --single-version-externally-managed install_data
[5.893s] Level 1:colcon.colcon_core.environment:checking '/home/daniel/controlbot_ws/install/rs_ctrl' for CMake module files
[5.895s] Level 1:colcon.colcon_core.environment:checking '/home/daniel/controlbot_ws/install/rs_ctrl' for CMake config files
[5.898s] Level 1:colcon.colcon_core.environment:checking '/home/daniel/controlbot_ws/install/rs_ctrl/lib'
[5.899s] Level 1:colcon.colcon_core.environment:checking '/home/daniel/controlbot_ws/install/rs_ctrl/bin'
[5.899s] Level 1:colcon.colcon_core.environment:checking '/home/daniel/controlbot_ws/install/rs_ctrl/lib/pkgconfig/rs_ctrl.pc'
[5.900s] Level 1:colcon.colcon_core.environment:checking '/home/daniel/controlbot_ws/install/rs_ctrl/lib/python3.10/site-packages'
[5.900s] Level 1:colcon.colcon_core.shell:create_environment_hook('rs_ctrl', 'pythonpath')
[5.901s] INFO:colcon.colcon_core.shell:Creating environment hook '/home/daniel/controlbot_ws/install/rs_ctrl/share/rs_ctrl/hook/pythonpath.ps1'
[5.903s] INFO:colcon.colcon_core.shell:Creating environment descriptor '/home/daniel/controlbot_ws/install/rs_ctrl/share/rs_ctrl/hook/pythonpath.dsv'
[5.904s] INFO:colcon.colcon_core.shell:Creating environment hook '/home/daniel/controlbot_ws/install/rs_ctrl/share/rs_ctrl/hook/pythonpath.sh'
[5.907s] Level 1:colcon.colcon_core.environment:checking '/home/daniel/controlbot_ws/install/rs_ctrl/bin'
[5.907s] Level 1:colcon.colcon_core.environment:create_environment_scripts_only(rs_ctrl)
[5.908s] INFO:colcon.colcon_core.shell:Creating package script '/home/daniel/controlbot_ws/install/rs_ctrl/share/rs_ctrl/package.ps1'
[5.916s] INFO:colcon.colcon_core.shell:Creating package descriptor '/home/daniel/controlbot_ws/install/rs_ctrl/share/rs_ctrl/package.dsv'
[5.922s] INFO:colcon.colcon_core.shell:Creating package script '/home/daniel/controlbot_ws/install/rs_ctrl/share/rs_ctrl/package.sh'
[5.930s] INFO:colcon.colcon_core.shell:Creating package script '/home/daniel/controlbot_ws/install/rs_ctrl/share/rs_ctrl/package.bash'
[5.938s] INFO:colcon.colcon_core.shell:Creating package script '/home/daniel/controlbot_ws/install/rs_ctrl/share/rs_ctrl/package.zsh'
[5.946s] Level 1:colcon.colcon_core.environment:create_file_with_runtime_dependencies(/home/daniel/controlbot_ws/install/rs_ctrl/share/colcon-core/packages/rs_ctrl)
[5.950s] Level 1:colcon.colcon_core.environment:checking '/home/daniel/controlbot_ws/install/controller' for CMake module files
[5.953s] DEBUG:colcon.colcon_core.event_handler.log_command:Invoked command in '/home/daniel/controlbot_ws/src/controller' returned '0': PYTHONPATH=/home/daniel/controlbot_ws/build/controller/prefix_override:/usr/lib/python3/dist-packages/colcon_core/task/python/colcon_distutils_commands:/home/daniel/controlbot_ws/install/controller/lib/python3.10/site-packages:${PYTHONPATH} /usr/bin/python3 -W ignore:setup.py install is deprecated -W ignore:easy_install command is deprecated setup.py egg_info --egg-base ../../build/controller build --build-base /home/daniel/controlbot_ws/build/controller/build install --record /home/daniel/controlbot_ws/build/controller/install.log --single-version-externally-managed install_data
[5.954s] Level 1:colcon.colcon_core.environment:checking '/home/daniel/controlbot_ws/install/controller' for CMake config files
[5.956s] Level 1:colcon.colcon_core.environment:checking '/home/daniel/controlbot_ws/install/controller/lib'
[5.956s] Level 1:colcon.colcon_core.environment:checking '/home/daniel/controlbot_ws/install/controller/bin'
[5.956s] Level 1:colcon.colcon_core.environment:checking '/home/daniel/controlbot_ws/install/controller/lib/pkgconfig/controller.pc'
[5.957s] Level 1:colcon.colcon_core.environment:checking '/home/daniel/controlbot_ws/install/controller/lib/python3.10/site-packages'
[5.957s] Level 1:colcon.colcon_core.shell:create_environment_hook('controller', 'pythonpath')
[5.958s] INFO:colcon.colcon_core.shell:Creating environment hook '/home/daniel/controlbot_ws/install/controller/share/controller/hook/pythonpath.ps1'
[5.960s] INFO:colcon.colcon_core.shell:Creating environment descriptor '/home/daniel/controlbot_ws/install/controller/share/controller/hook/pythonpath.dsv'
[5.961s] INFO:colcon.colcon_core.shell:Creating environment hook '/home/daniel/controlbot_ws/install/controller/share/controller/hook/pythonpath.sh'
[5.963s] Level 1:colcon.colcon_core.environment:checking '/home/daniel/controlbot_ws/install/controller/bin'
[5.964s] Level 1:colcon.colcon_core.environment:create_environment_scripts_only(controller)
[5.965s] INFO:colcon.colcon_core.shell:Creating package script '/home/daniel/controlbot_ws/install/controller/share/controller/package.ps1'
[5.967s] INFO:colcon.colcon_core.shell:Creating package descriptor '/home/daniel/controlbot_ws/install/controller/share/controller/package.dsv'
[5.968s] INFO:colcon.colcon_core.shell:Creating package script '/home/daniel/controlbot_ws/install/controller/share/controller/package.sh'
[5.970s] INFO:colcon.colcon_core.shell:Creating package script '/home/daniel/controlbot_ws/install/controller/share/controller/package.bash'
[5.971s] INFO:colcon.colcon_core.shell:Creating package script '/home/daniel/controlbot_ws/install/controller/share/controller/package.zsh'
[5.972s] Level 1:colcon.colcon_core.environment:create_file_with_runtime_dependencies(/home/daniel/controlbot_ws/install/controller/share/colcon-core/packages/controller)
[9.753s] DEBUG:colcon.colcon_core.event_handler.log_command:Invoked command in '/home/daniel/controlbot_ws/build/realsense2_camera_msgs' returned '0': CMAKE_PREFIX_PATH=/home/daniel/controlbot_ws/install/rs_ctrl:/home/daniel/controlbot_ws/install/controller:/opt/ros/humble /usr/bin/cmake /home/daniel/controlbot_ws/src/realsense-ros/realsense2_camera_msgs -DCMAKE_INSTALL_PREFIX=/home/daniel/controlbot_ws/install/realsense2_camera_msgs
[9.759s] DEBUG:colcon.colcon_core.event_handler.log_command:Invoking command in '/home/daniel/controlbot_ws/build/realsense2_camera_msgs': CMAKE_PREFIX_PATH=/home/daniel/controlbot_ws/install/rs_ctrl:/home/daniel/controlbot_ws/install/controller:/opt/ros/humble /usr/bin/cmake --build /home/daniel/controlbot_ws/build/realsense2_camera_msgs -- -j6 -l6
[19.393s] DEBUG:colcon.colcon_core.event_handler.log_command:Invoked command in '/home/daniel/controlbot_ws/build/realsense2_camera_msgs' returned '0': CMAKE_PREFIX_PATH=/home/daniel/controlbot_ws/install/rs_ctrl:/home/daniel/controlbot_ws/install/controller:/opt/ros/humble /usr/bin/cmake --build /home/daniel/controlbot_ws/build/realsense2_camera_msgs -- -j6 -l6
[19.417s] DEBUG:colcon.colcon_core.event_handler.log_command:Invoking command in '/home/daniel/controlbot_ws/build/realsense2_camera_msgs': CMAKE_PREFIX_PATH=/home/daniel/controlbot_ws/install/rs_ctrl:/home/daniel/controlbot_ws/install/controller:/opt/ros/humble /usr/bin/cmake --install /home/daniel/controlbot_ws/build/realsense2_camera_msgs
[19.616s] Level 1:colcon.colcon_core.environment:create_environment_scripts_only(realsense2_camera_msgs)
[19.617s] Level 1:colcon.colcon_core.environment:checking '/home/daniel/controlbot_ws/install/realsense2_camera_msgs' for CMake module files
[19.618s] DEBUG:colcon.colcon_core.event_handler.log_command:Invoked command in '/home/daniel/controlbot_ws/build/realsense2_camera_msgs' returned '0': CMAKE_PREFIX_PATH=/home/daniel/controlbot_ws/install/rs_ctrl:/home/daniel/controlbot_ws/install/controller:/opt/ros/humble /usr/bin/cmake --install /home/daniel/controlbot_ws/build/realsense2_camera_msgs
[19.619s] Level 1:colcon.colcon_core.environment:checking '/home/daniel/controlbot_ws/install/realsense2_camera_msgs' for CMake config files
[19.620s] Level 1:colcon.colcon_core.shell:create_environment_hook('realsense2_camera_msgs', 'cmake_prefix_path')
[19.621s] INFO:colcon.colcon_core.shell:Creating environment hook '/home/daniel/controlbot_ws/install/realsense2_camera_msgs/share/realsense2_camera_msgs/hook/cmake_prefix_path.ps1'
[19.623s] INFO:colcon.colcon_core.shell:Creating environment descriptor '/home/daniel/controlbot_ws/install/realsense2_camera_msgs/share/realsense2_camera_msgs/hook/cmake_prefix_path.dsv'
[19.624s] INFO:colcon.colcon_core.shell:Creating environment hook '/home/daniel/controlbot_ws/install/realsense2_camera_msgs/share/realsense2_camera_msgs/hook/cmake_prefix_path.sh'
[19.627s] Level 1:colcon.colcon_core.environment:checking '/home/daniel/controlbot_ws/install/realsense2_camera_msgs/lib'
[19.627s] Level 1:colcon.colcon_core.shell:create_environment_hook('realsense2_camera_msgs', 'ld_library_path_lib')
[19.628s] INFO:colcon.colcon_core.shell:Creating environment hook '/home/daniel/controlbot_ws/install/realsense2_camera_msgs/share/realsense2_camera_msgs/hook/ld_library_path_lib.ps1'
[19.629s] INFO:colcon.colcon_core.shell:Creating environment descriptor '/home/daniel/controlbot_ws/install/realsense2_camera_msgs/share/realsense2_camera_msgs/hook/ld_library_path_lib.dsv'
[19.630s] INFO:colcon.colcon_core.shell:Creating environment hook '/home/daniel/controlbot_ws/install/realsense2_camera_msgs/share/realsense2_camera_msgs/hook/ld_library_path_lib.sh'
[19.632s] Level 1:colcon.colcon_core.environment:checking '/home/daniel/controlbot_ws/install/realsense2_camera_msgs/bin'
[19.632s] Level 1:colcon.colcon_core.environment:checking '/home/daniel/controlbot_ws/install/realsense2_camera_msgs/lib/pkgconfig/realsense2_camera_msgs.pc'
[19.633s] Level 1:colcon.colcon_core.environment:checking '/home/daniel/controlbot_ws/install/realsense2_camera_msgs/lib/python3.10/site-packages'
[19.634s] Level 1:colcon.colcon_core.environment:checking '/home/daniel/controlbot_ws/install/realsense2_camera_msgs/bin'
[19.635s] INFO:colcon.colcon_core.shell:Creating package script '/home/daniel/controlbot_ws/install/realsense2_camera_msgs/share/realsense2_camera_msgs/package.ps1'
[19.637s] INFO:colcon.colcon_core.shell:Creating package descriptor '/home/daniel/controlbot_ws/install/realsense2_camera_msgs/share/realsense2_camera_msgs/package.dsv'
[19.639s] INFO:colcon.colcon_core.shell:Creating package script '/home/daniel/controlbot_ws/install/realsense2_camera_msgs/share/realsense2_camera_msgs/package.sh'
[19.641s] INFO:colcon.colcon_core.shell:Creating package script '/home/daniel/controlbot_ws/install/realsense2_camera_msgs/share/realsense2_camera_msgs/package.bash'
[19.642s] INFO:colcon.colcon_core.shell:Creating package script '/home/daniel/controlbot_ws/install/realsense2_camera_msgs/share/realsense2_camera_msgs/package.zsh'
[19.644s] Level 1:colcon.colcon_core.environment:create_file_with_runtime_dependencies(/home/daniel/controlbot_ws/install/realsense2_camera_msgs/share/colcon-core/packages/realsense2_camera_msgs)
[19.646s] Level 1:colcon.colcon_core.environment:create_environment_scripts_only(realsense2_camera_msgs)
[19.647s] Level 1:colcon.colcon_core.environment:checking '/home/daniel/controlbot_ws/install/realsense2_camera_msgs' for CMake module files
[19.649s] Level 1:colcon.colcon_core.environment:checking '/home/daniel/controlbot_ws/install/realsense2_camera_msgs' for CMake config files
[19.651s] Level 1:colcon.colcon_core.shell:create_environment_hook('realsense2_camera_msgs', 'cmake_prefix_path')
[19.651s] INFO:colcon.colcon_core.shell:Creating environment hook '/home/daniel/controlbot_ws/install/realsense2_camera_msgs/share/realsense2_camera_msgs/hook/cmake_prefix_path.ps1'
[19.653s] INFO:colcon.colcon_core.shell:Creating environment descriptor '/home/daniel/controlbot_ws/install/realsense2_camera_msgs/share/realsense2_camera_msgs/hook/cmake_prefix_path.dsv'
[19.655s] INFO:colcon.colcon_core.shell:Creating environment hook '/home/daniel/controlbot_ws/install/realsense2_camera_msgs/share/realsense2_camera_msgs/hook/cmake_prefix_path.sh'
[19.657s] Level 1:colcon.colcon_core.environment:checking '/home/daniel/controlbot_ws/install/realsense2_camera_msgs/lib'
[19.657s] Level 1:colcon.colcon_core.shell:create_environment_hook('realsense2_camera_msgs', 'ld_library_path_lib')
[19.658s] INFO:colcon.colcon_core.shell:Creating environment hook '/home/daniel/controlbot_ws/install/realsense2_camera_msgs/share/realsense2_camera_msgs/hook/ld_library_path_lib.ps1'
[19.660s] INFO:colcon.colcon_core.shell:Creating environment descriptor '/home/daniel/controlbot_ws/install/realsense2_camera_msgs/share/realsense2_camera_msgs/hook/ld_library_path_lib.dsv'
[19.661s] INFO:colcon.colcon_core.shell:Creating environment hook '/home/daniel/controlbot_ws/install/realsense2_camera_msgs/share/realsense2_camera_msgs/hook/ld_library_path_lib.sh'
[19.662s] Level 1:colcon.colcon_core.environment:checking '/home/daniel/controlbot_ws/install/realsense2_camera_msgs/bin'
[19.663s] Level 1:colcon.colcon_core.environment:checking '/home/daniel/controlbot_ws/install/realsense2_camera_msgs/lib/pkgconfig/realsense2_camera_msgs.pc'
[19.664s] Level 1:colcon.colcon_core.environment:checking '/home/daniel/controlbot_ws/install/realsense2_camera_msgs/lib/python3.10/site-packages'
[19.665s] Level 1:colcon.colcon_core.environment:checking '/home/daniel/controlbot_ws/install/realsense2_camera_msgs/bin'
[19.666s] INFO:colcon.colcon_core.shell:Creating package script '/home/daniel/controlbot_ws/install/realsense2_camera_msgs/share/realsense2_camera_msgs/package.ps1'
[19.668s] INFO:colcon.colcon_core.shell:Creating package descriptor '/home/daniel/controlbot_ws/install/realsense2_camera_msgs/share/realsense2_camera_msgs/package.dsv'
[19.670s] INFO:colcon.colcon_core.shell:Creating package script '/home/daniel/controlbot_ws/install/realsense2_camera_msgs/share/realsense2_camera_msgs/package.sh'
[19.672s] INFO:colcon.colcon_core.shell:Creating package script '/home/daniel/controlbot_ws/install/realsense2_camera_msgs/share/realsense2_camera_msgs/package.bash'
[19.674s] INFO:colcon.colcon_core.shell:Creating package script '/home/daniel/controlbot_ws/install/realsense2_camera_msgs/share/realsense2_camera_msgs/package.zsh'
[19.675s] Level 1:colcon.colcon_core.environment:create_file_with_runtime_dependencies(/home/daniel/controlbot_ws/install/realsense2_camera_msgs/share/colcon-core/packages/realsense2_camera_msgs)
[19.677s] INFO:colcon.colcon_ros.task.ament_cmake.build:Building ROS package in '/home/daniel/controlbot_ws/src/realsense-ros/realsense2_camera' with build type 'ament_cmake'
[19.677s] INFO:colcon.colcon_cmake.task.cmake.build:Building CMake package in '/home/daniel/controlbot_ws/src/realsense-ros/realsense2_camera'
[19.678s] INFO:colcon.colcon_core.shell:Skip shell extension 'powershell' for command environment: Not usable outside of PowerShell
[19.678s] DEBUG:colcon.colcon_core.shell:Skip shell extension 'dsv' for command environment
[19.692s] INFO:colcon.colcon_ros.task.ament_cmake.build:Building ROS package in '/home/daniel/controlbot_ws/src/realsense-ros/realsense2_description' with build type 'ament_cmake'
[19.693s] INFO:colcon.colcon_cmake.task.cmake.build:Building CMake package in '/home/daniel/controlbot_ws/src/realsense-ros/realsense2_description'
[19.693s] INFO:colcon.colcon_core.shell:Skip shell extension 'powershell' for command environment: Not usable outside of PowerShell
[19.693s] DEBUG:colcon.colcon_core.shell:Skip shell extension 'dsv' for command environment
[19.711s] DEBUG:colcon.colcon_core.event_handler.log_command:Invoking command in '/home/daniel/controlbot_ws/build/realsense2_camera': AMENT_PREFIX_PATH=/home/daniel/controlbot_ws/install/realsense2_camera_msgs:${AMENT_PREFIX_PATH} CMAKE_PREFIX_PATH=/home/daniel/controlbot_ws/install/realsense2_camera_msgs:/home/daniel/controlbot_ws/install/rs_ctrl:/home/daniel/controlbot_ws/install/controller:/opt/ros/humble LD_LIBRARY_PATH=/home/daniel/controlbot_ws/install/realsense2_camera_msgs/lib:${LD_LIBRARY_PATH} PYTHONPATH=/home/daniel/controlbot_ws/install/realsense2_camera_msgs/local/lib/python3.10/dist-packages:${PYTHONPATH} /usr/bin/cmake /home/daniel/controlbot_ws/src/realsense-ros/realsense2_camera -DCMAKE_INSTALL_PREFIX=/home/daniel/controlbot_ws/install/realsense2_camera
[19.716s] DEBUG:colcon.colcon_core.event_handler.log_command:Invoking command in '/home/daniel/controlbot_ws/build/realsense2_description': AMENT_PREFIX_PATH=/home/daniel/controlbot_ws/install/realsense2_camera_msgs:${AMENT_PREFIX_PATH} CMAKE_PREFIX_PATH=/home/daniel/controlbot_ws/install/realsense2_camera_msgs:/home/daniel/controlbot_ws/install/rs_ctrl:/home/daniel/controlbot_ws/install/controller:/opt/ros/humble LD_LIBRARY_PATH=/home/daniel/controlbot_ws/install/realsense2_camera_msgs/lib:${LD_LIBRARY_PATH} PYTHONPATH=/home/daniel/controlbot_ws/install/realsense2_camera_msgs/local/lib/python3.10/dist-packages:${PYTHONPATH} /usr/bin/cmake /home/daniel/controlbot_ws/src/realsense-ros/realsense2_description -DCMAKE_INSTALL_PREFIX=/home/daniel/controlbot_ws/install/realsense2_description
[21.110s] DEBUG:colcon.colcon_core.event_handler.log_command:Invoked command in '/home/daniel/controlbot_ws/build/realsense2_description' returned '0': AMENT_PREFIX_PATH=/home/daniel/controlbot_ws/install/realsense2_camera_msgs:${AMENT_PREFIX_PATH} CMAKE_PREFIX_PATH=/home/daniel/controlbot_ws/install/realsense2_camera_msgs:/home/daniel/controlbot_ws/install/rs_ctrl:/home/daniel/controlbot_ws/install/controller:/opt/ros/humble LD_LIBRARY_PATH=/home/daniel/controlbot_ws/install/realsense2_camera_msgs/lib:${LD_LIBRARY_PATH} PYTHONPATH=/home/daniel/controlbot_ws/install/realsense2_camera_msgs/local/lib/python3.10/dist-packages:${PYTHONPATH} /usr/bin/cmake /home/daniel/controlbot_ws/src/realsense-ros/realsense2_description -DCMAKE_INSTALL_PREFIX=/home/daniel/controlbot_ws/install/realsense2_description
[21.115s] DEBUG:colcon.colcon_core.event_handler.log_command:Invoking command in '/home/daniel/controlbot_ws/build/realsense2_description': AMENT_PREFIX_PATH=/home/daniel/controlbot_ws/install/realsense2_camera_msgs:${AMENT_PREFIX_PATH} CMAKE_PREFIX_PATH=/home/daniel/controlbot_ws/install/realsense2_camera_msgs:/home/daniel/controlbot_ws/install/rs_ctrl:/home/daniel/controlbot_ws/install/controller:/opt/ros/humble LD_LIBRARY_PATH=/home/daniel/controlbot_ws/install/realsense2_camera_msgs/lib:${LD_LIBRARY_PATH} PYTHONPATH=/home/daniel/controlbot_ws/install/realsense2_camera_msgs/local/lib/python3.10/dist-packages:${PYTHONPATH} /usr/bin/cmake --build /home/daniel/controlbot_ws/build/realsense2_description -- -j6 -l6
[21.192s] DEBUG:colcon.colcon_core.event_handler.log_command:Invoked command in '/home/daniel/controlbot_ws/build/realsense2_description' returned '0': AMENT_PREFIX_PATH=/home/daniel/controlbot_ws/install/realsense2_camera_msgs:${AMENT_PREFIX_PATH} CMAKE_PREFIX_PATH=/home/daniel/controlbot_ws/install/realsense2_camera_msgs:/home/daniel/controlbot_ws/install/rs_ctrl:/home/daniel/controlbot_ws/install/controller:/opt/ros/humble LD_LIBRARY_PATH=/home/daniel/controlbot_ws/install/realsense2_camera_msgs/lib:${LD_LIBRARY_PATH} PYTHONPATH=/home/daniel/controlbot_ws/install/realsense2_camera_msgs/local/lib/python3.10/dist-packages:${PYTHONPATH} /usr/bin/cmake --build /home/daniel/controlbot_ws/build/realsense2_description -- -j6 -l6
[21.196s] DEBUG:colcon.colcon_core.event_handler.log_command:Invoking command in '/home/daniel/controlbot_ws/build/realsense2_description': AMENT_PREFIX_PATH=/home/daniel/controlbot_ws/install/realsense2_camera_msgs:${AMENT_PREFIX_PATH} CMAKE_PREFIX_PATH=/home/daniel/controlbot_ws/install/realsense2_camera_msgs:/home/daniel/controlbot_ws/install/rs_ctrl:/home/daniel/controlbot_ws/install/controller:/opt/ros/humble LD_LIBRARY_PATH=/home/daniel/controlbot_ws/install/realsense2_camera_msgs/lib:${LD_LIBRARY_PATH} PYTHONPATH=/home/daniel/controlbot_ws/install/realsense2_camera_msgs/local/lib/python3.10/dist-packages:${PYTHONPATH} /usr/bin/cmake --install /home/daniel/controlbot_ws/build/realsense2_description
[21.357s] Level 1:colcon.colcon_core.environment:create_environment_scripts_only(realsense2_description)
[21.358s] Level 1:colcon.colcon_core.environment:checking '/home/daniel/controlbot_ws/install/realsense2_description' for CMake module files
[21.360s] Level 1:colcon.colcon_core.environment:checking '/home/daniel/controlbot_ws/install/realsense2_description' for CMake config files
[21.360s] Level 1:colcon.colcon_core.shell:create_environment_hook('realsense2_description', 'cmake_prefix_path')
[21.361s] INFO:colcon.colcon_core.shell:Creating environment hook '/home/daniel/controlbot_ws/install/realsense2_description/share/realsense2_description/hook/cmake_prefix_path.ps1'
[21.361s] DEBUG:colcon.colcon_core.event_handler.log_command:Invoked command in '/home/daniel/controlbot_ws/build/realsense2_description' returned '0': AMENT_PREFIX_PATH=/home/daniel/controlbot_ws/install/realsense2_camera_msgs:${AMENT_PREFIX_PATH} CMAKE_PREFIX_PATH=/home/daniel/controlbot_ws/install/realsense2_camera_msgs:/home/daniel/controlbot_ws/install/rs_ctrl:/home/daniel/controlbot_ws/install/controller:/opt/ros/humble LD_LIBRARY_PATH=/home/daniel/controlbot_ws/install/realsense2_camera_msgs/lib:${LD_LIBRARY_PATH} PYTHONPATH=/home/daniel/controlbot_ws/install/realsense2_camera_msgs/local/lib/python3.10/dist-packages:${PYTHONPATH} /usr/bin/cmake --install /home/daniel/controlbot_ws/build/realsense2_description
[21.364s] INFO:colcon.colcon_core.shell:Creating environment descriptor '/home/daniel/controlbot_ws/install/realsense2_description/share/realsense2_description/hook/cmake_prefix_path.dsv'
[21.365s] INFO:colcon.colcon_core.shell:Creating environment hook '/home/daniel/controlbot_ws/install/realsense2_description/share/realsense2_description/hook/cmake_prefix_path.sh'
[21.367s] Level 1:colcon.colcon_core.environment:checking '/home/daniel/controlbot_ws/install/realsense2_description/bin'
[21.367s] Level 1:colcon.colcon_core.environment:checking '/home/daniel/controlbot_ws/install/realsense2_description/lib/pkgconfig/realsense2_description.pc'
[21.368s] Level 1:colcon.colcon_core.environment:checking '/home/daniel/controlbot_ws/install/realsense2_description/lib/python3.10/site-packages'
[21.369s] Level 1:colcon.colcon_core.environment:checking '/home/daniel/controlbot_ws/install/realsense2_description/bin'
[21.370s] INFO:colcon.colcon_core.shell:Creating package script '/home/daniel/controlbot_ws/install/realsense2_description/share/realsense2_description/package.ps1'
[21.372s] INFO:colcon.colcon_core.shell:Creating package descriptor '/home/daniel/controlbot_ws/install/realsense2_description/share/realsense2_description/package.dsv'
[21.373s] INFO:colcon.colcon_core.shell:Creating package script '/home/daniel/controlbot_ws/install/realsense2_description/share/realsense2_description/package.sh'
[21.375s] INFO:colcon.colcon_core.shell:Creating package script '/home/daniel/controlbot_ws/install/realsense2_description/share/realsense2_description/package.bash'
[21.376s] INFO:colcon.colcon_core.shell:Creating package script '/home/daniel/controlbot_ws/install/realsense2_description/share/realsense2_description/package.zsh'
[21.377s] Level 1:colcon.colcon_core.environment:create_file_with_runtime_dependencies(/home/daniel/controlbot_ws/install/realsense2_description/share/colcon-core/packages/realsense2_description)
[21.379s] Level 1:colcon.colcon_core.environment:create_environment_scripts_only(realsense2_description)
[21.380s] Level 1:colcon.colcon_core.environment:checking '/home/daniel/controlbot_ws/install/realsense2_description' for CMake module files
[21.381s] Level 1:colcon.colcon_core.environment:checking '/home/daniel/controlbot_ws/install/realsense2_description' for CMake config files
[21.382s] Level 1:colcon.colcon_core.shell:create_environment_hook('realsense2_description', 'cmake_prefix_path')
[21.382s] INFO:colcon.colcon_core.shell:Creating environment hook '/home/daniel/controlbot_ws/install/realsense2_description/share/realsense2_description/hook/cmake_prefix_path.ps1'
[21.384s] INFO:colcon.colcon_core.shell:Creating environment descriptor '/home/daniel/controlbot_ws/install/realsense2_description/share/realsense2_description/hook/cmake_prefix_path.dsv'
[21.385s] INFO:colcon.colcon_core.shell:Creating environment hook '/home/daniel/controlbot_ws/install/realsense2_description/share/realsense2_description/hook/cmake_prefix_path.sh'
[21.386s] Level 1:colcon.colcon_core.environment:checking '/home/daniel/controlbot_ws/install/realsense2_description/bin'
[21.386s] Level 1:colcon.colcon_core.environment:checking '/home/daniel/controlbot_ws/install/realsense2_description/lib/pkgconfig/realsense2_description.pc'
[21.387s] Level 1:colcon.colcon_core.environment:checking '/home/daniel/controlbot_ws/install/realsense2_description/lib/python3.10/site-packages'
[21.388s] Level 1:colcon.colcon_core.environment:checking '/home/daniel/controlbot_ws/install/realsense2_description/bin'
[21.389s] INFO:colcon.colcon_core.shell:Creating package script '/home/daniel/controlbot_ws/install/realsense2_description/share/realsense2_description/package.ps1'
[21.390s] INFO:colcon.colcon_core.shell:Creating package descriptor '/home/daniel/controlbot_ws/install/realsense2_description/share/realsense2_description/package.dsv'
[21.392s] INFO:colcon.colcon_core.shell:Creating package script '/home/daniel/controlbot_ws/install/realsense2_description/share/realsense2_description/package.sh'
[21.393s] INFO:colcon.colcon_core.shell:Creating package script '/home/daniel/controlbot_ws/install/realsense2_description/share/realsense2_description/package.bash'
[21.394s] INFO:colcon.colcon_core.shell:Creating package script '/home/daniel/controlbot_ws/install/realsense2_description/share/realsense2_description/package.zsh'
[21.396s] Level 1:colcon.colcon_core.environment:create_file_with_runtime_dependencies(/home/daniel/controlbot_ws/install/realsense2_description/share/colcon-core/packages/realsense2_description)
[30.319s] DEBUG:colcon.colcon_core.event_handler.log_command:Invoked command in '/home/daniel/controlbot_ws/build/realsense2_camera' returned '0': AMENT_PREFIX_PATH=/home/daniel/controlbot_ws/install/realsense2_camera_msgs:${AMENT_PREFIX_PATH} CMAKE_PREFIX_PATH=/home/daniel/controlbot_ws/install/realsense2_camera_msgs:/home/daniel/controlbot_ws/install/rs_ctrl:/home/daniel/controlbot_ws/install/controller:/opt/ros/humble LD_LIBRARY_PATH=/home/daniel/controlbot_ws/install/realsense2_camera_msgs/lib:${LD_LIBRARY_PATH} PYTHONPATH=/home/daniel/controlbot_ws/install/realsense2_camera_msgs/local/lib/python3.10/dist-packages:${PYTHONPATH} /usr/bin/cmake /home/daniel/controlbot_ws/src/realsense-ros/realsense2_camera -DCMAKE_INSTALL_PREFIX=/home/daniel/controlbot_ws/install/realsense2_camera
[30.325s] DEBUG:colcon.colcon_core.event_handler.log_command:Invoking command in '/home/daniel/controlbot_ws/build/realsense2_camera': AMENT_PREFIX_PATH=/home/daniel/controlbot_ws/install/realsense2_camera_msgs:${AMENT_PREFIX_PATH} CMAKE_PREFIX_PATH=/home/daniel/controlbot_ws/install/realsense2_camera_msgs:/home/daniel/controlbot_ws/install/rs_ctrl:/home/daniel/controlbot_ws/install/controller:/opt/ros/humble LD_LIBRARY_PATH=/home/daniel/controlbot_ws/install/realsense2_camera_msgs/lib:${LD_LIBRARY_PATH} PYTHONPATH=/home/daniel/controlbot_ws/install/realsense2_camera_msgs/local/lib/python3.10/dist-packages:${PYTHONPATH} /usr/bin/cmake --build /home/daniel/controlbot_ws/build/realsense2_camera -- -j6 -l6
[99.011s] DEBUG:colcon.colcon_core.event_handler.log_command:Invoked command in '/home/daniel/controlbot_ws/build/realsense2_camera' returned '0': AMENT_PREFIX_PATH=/home/daniel/controlbot_ws/install/realsense2_camera_msgs:${AMENT_PREFIX_PATH} CMAKE_PREFIX_PATH=/home/daniel/controlbot_ws/install/realsense2_camera_msgs:/home/daniel/controlbot_ws/install/rs_ctrl:/home/daniel/controlbot_ws/install/controller:/opt/ros/humble LD_LIBRARY_PATH=/home/daniel/controlbot_ws/install/realsense2_camera_msgs/lib:${LD_LIBRARY_PATH} PYTHONPATH=/home/daniel/controlbot_ws/install/realsense2_camera_msgs/local/lib/python3.10/dist-packages:${PYTHONPATH} /usr/bin/cmake --build /home/daniel/controlbot_ws/build/realsense2_camera -- -j6 -l6
[99.017s] DEBUG:colcon.colcon_core.event_handler.log_command:Invoking command in '/home/daniel/controlbot_ws/build/realsense2_camera': AMENT_PREFIX_PATH=/home/daniel/controlbot_ws/install/realsense2_camera_msgs:${AMENT_PREFIX_PATH} CMAKE_PREFIX_PATH=/home/daniel/controlbot_ws/install/realsense2_camera_msgs:/home/daniel/controlbot_ws/install/rs_ctrl:/home/daniel/controlbot_ws/install/controller:/opt/ros/humble LD_LIBRARY_PATH=/home/daniel/controlbot_ws/install/realsense2_camera_msgs/lib:${LD_LIBRARY_PATH} PYTHONPATH=/home/daniel/controlbot_ws/install/realsense2_camera_msgs/local/lib/python3.10/dist-packages:${PYTHONPATH} /usr/bin/cmake --install /home/daniel/controlbot_ws/build/realsense2_camera
[99.082s] Level 1:colcon.colcon_core.environment:create_environment_scripts_only(realsense2_camera)
[99.084s] Level 1:colcon.colcon_core.environment:checking '/home/daniel/controlbot_ws/install/realsense2_camera' for CMake module files
[99.085s] DEBUG:colcon.colcon_core.event_handler.log_command:Invoked command in '/home/daniel/controlbot_ws/build/realsense2_camera' returned '0': AMENT_PREFIX_PATH=/home/daniel/controlbot_ws/install/realsense2_camera_msgs:${AMENT_PREFIX_PATH} CMAKE_PREFIX_PATH=/home/daniel/controlbot_ws/install/realsense2_camera_msgs:/home/daniel/controlbot_ws/install/rs_ctrl:/home/daniel/controlbot_ws/install/controller:/opt/ros/humble LD_LIBRARY_PATH=/home/daniel/controlbot_ws/install/realsense2_camera_msgs/lib:${LD_LIBRARY_PATH} PYTHONPATH=/home/daniel/controlbot_ws/install/realsense2_camera_msgs/local/lib/python3.10/dist-packages:${PYTHONPATH} /usr/bin/cmake --install /home/daniel/controlbot_ws/build/realsense2_camera
[99.087s] Level 1:colcon.colcon_core.environment:checking '/home/daniel/controlbot_ws/install/realsense2_camera' for CMake config files
[99.088s] Level 1:colcon.colcon_core.shell:create_environment_hook('realsense2_camera', 'cmake_prefix_path')
[99.089s] INFO:colcon.colcon_core.shell:Creating environment hook '/home/daniel/controlbot_ws/install/realsense2_camera/share/realsense2_camera/hook/cmake_prefix_path.ps1'
[99.091s] INFO:colcon.colcon_core.shell:Creating environment descriptor '/home/daniel/controlbot_ws/install/realsense2_camera/share/realsense2_camera/hook/cmake_prefix_path.dsv'
[99.092s] INFO:colcon.colcon_core.shell:Creating environment hook '/home/daniel/controlbot_ws/install/realsense2_camera/share/realsense2_camera/hook/cmake_prefix_path.sh'
[99.094s] Level 1:colcon.colcon_core.environment:checking '/home/daniel/controlbot_ws/install/realsense2_camera/lib'
[99.095s] Level 1:colcon.colcon_core.shell:create_environment_hook('realsense2_camera', 'ld_library_path_lib')
[99.096s] INFO:colcon.colcon_core.shell:Creating environment hook '/home/daniel/controlbot_ws/install/realsense2_camera/share/realsense2_camera/hook/ld_library_path_lib.ps1'
[99.097s] INFO:colcon.colcon_core.shell:Creating environment descriptor '/home/daniel/controlbot_ws/install/realsense2_camera/share/realsense2_camera/hook/ld_library_path_lib.dsv'
[99.098s] INFO:colcon.colcon_core.shell:Creating environment hook '/home/daniel/controlbot_ws/install/realsense2_camera/share/realsense2_camera/hook/ld_library_path_lib.sh'
[99.099s] Level 1:colcon.colcon_core.environment:checking '/home/daniel/controlbot_ws/install/realsense2_camera/bin'
[99.100s] Level 1:colcon.colcon_core.environment:checking '/home/daniel/controlbot_ws/install/realsense2_camera/lib/pkgconfig/realsense2_camera.pc'
[99.101s] Level 1:colcon.colcon_core.environment:checking '/home/daniel/controlbot_ws/install/realsense2_camera/lib/python3.10/site-packages'
[99.101s] Level 1:colcon.colcon_core.environment:checking '/home/daniel/controlbot_ws/install/realsense2_camera/bin'
[99.103s] INFO:colcon.colcon_core.shell:Creating package script '/home/daniel/controlbot_ws/install/realsense2_camera/share/realsense2_camera/package.ps1'
[99.105s] INFO:colcon.colcon_core.shell:Creating package descriptor '/home/daniel/controlbot_ws/install/realsense2_camera/share/realsense2_camera/package.dsv'
[99.107s] INFO:colcon.colcon_core.shell:Creating package script '/home/daniel/controlbot_ws/install/realsense2_camera/share/realsense2_camera/package.sh'
[99.108s] INFO:colcon.colcon_core.shell:Creating package script '/home/daniel/controlbot_ws/install/realsense2_camera/share/realsense2_camera/package.bash'
[99.110s] INFO:colcon.colcon_core.shell:Creating package script '/home/daniel/controlbot_ws/install/realsense2_camera/share/realsense2_camera/package.zsh'
[99.111s] Level 1:colcon.colcon_core.environment:create_file_with_runtime_dependencies(/home/daniel/controlbot_ws/install/realsense2_camera/share/colcon-core/packages/realsense2_camera)
[99.113s] Level 1:colcon.colcon_core.environment:create_environment_scripts_only(realsense2_camera)
[99.114s] Level 1:colcon.colcon_core.environment:checking '/home/daniel/controlbot_ws/install/realsense2_camera' for CMake module files
[99.116s] Level 1:colcon.colcon_core.environment:checking '/home/daniel/controlbot_ws/install/realsense2_camera' for CMake config files
[99.117s] Level 1:colcon.colcon_core.shell:create_environment_hook('realsense2_camera', 'cmake_prefix_path')
[99.118s] INFO:colcon.colcon_core.shell:Creating environment hook '/home/daniel/controlbot_ws/install/realsense2_camera/share/realsense2_camera/hook/cmake_prefix_path.ps1'
[99.119s] INFO:colcon.colcon_core.shell:Creating environment descriptor '/home/daniel/controlbot_ws/install/realsense2_camera/share/realsense2_camera/hook/cmake_prefix_path.dsv'
[99.121s] INFO:colcon.colcon_core.shell:Creating environment hook '/home/daniel/controlbot_ws/install/realsense2_camera/share/realsense2_camera/hook/cmake_prefix_path.sh'
[99.123s] Level 1:colcon.colcon_core.environment:checking '/home/daniel/controlbot_ws/install/realsense2_camera/lib'
[99.123s] Level 1:colcon.colcon_core.shell:create_environment_hook('realsense2_camera', 'ld_library_path_lib')
[99.124s] INFO:colcon.colcon_core.shell:Creating environment hook '/home/daniel/controlbot_ws/install/realsense2_camera/share/realsense2_camera/hook/ld_library_path_lib.ps1'
[99.125s] INFO:colcon.colcon_core.shell:Creating environment descriptor '/home/daniel/controlbot_ws/install/realsense2_camera/share/realsense2_camera/hook/ld_library_path_lib.dsv'
[99.127s] INFO:colcon.colcon_core.shell:Creating environment hook '/home/daniel/controlbot_ws/install/realsense2_camera/share/realsense2_camera/hook/ld_library_path_lib.sh'
[99.128s] Level 1:colcon.colcon_core.environment:checking '/home/daniel/controlbot_ws/install/realsense2_camera/bin'
[99.128s] Level 1:colcon.colcon_core.environment:checking '/home/daniel/controlbot_ws/install/realsense2_camera/lib/pkgconfig/realsense2_camera.pc'
[99.129s] Level 1:colcon.colcon_core.environment:checking '/home/daniel/controlbot_ws/install/realsense2_camera/lib/python3.10/site-packages'
[99.130s] Level 1:colcon.colcon_core.environment:checking '/home/daniel/controlbot_ws/install/realsense2_camera/bin'
[99.131s] INFO:colcon.colcon_core.shell:Creating package script '/home/daniel/controlbot_ws/install/realsense2_camera/share/realsense2_camera/package.ps1'
[99.133s] INFO:colcon.colcon_core.shell:Creating package descriptor '/home/daniel/controlbot_ws/install/realsense2_camera/share/realsense2_camera/package.dsv'
[99.135s] INFO:colcon.colcon_core.shell:Creating package script '/home/daniel/controlbot_ws/install/realsense2_camera/share/realsense2_camera/package.sh'
[99.137s] INFO:colcon.colcon_core.shell:Creating package script '/home/daniel/controlbot_ws/install/realsense2_camera/share/realsense2_camera/package.bash'
[99.138s] INFO:colcon.colcon_core.shell:Creating package script '/home/daniel/controlbot_ws/install/realsense2_camera/share/realsense2_camera/package.zsh'
[99.140s] Level 1:colcon.colcon_core.environment:create_file_with_runtime_dependencies(/home/daniel/controlbot_ws/install/realsense2_camera/share/colcon-core/packages/realsense2_camera)
[99.141s] DEBUG:colcon.colcon_parallel_executor.executor.parallel:closing loop
[99.143s] DEBUG:colcon.colcon_parallel_executor.executor.parallel:loop closed
[99.143s] DEBUG:colcon.colcon_parallel_executor.executor.parallel:run_until_complete finished with '0'
[99.143s] DEBUG:colcon.colcon_core.event_reactor:joining thread
[99.202s] INFO:colcon.colcon_core.plugin_system:Skipping extension 'colcon_notification.desktop_notification.terminal_notifier': Not used on non-Darwin systems
[99.203s] INFO:colcon.colcon_core.plugin_system:Skipping extension 'colcon_notification.desktop_notification.win32': Not used on non-Windows systems
[99.203s] INFO:colcon.colcon_notification.desktop_notification:Sending desktop notification using 'notify2'
[99.367s] DEBUG:colcon.colcon_core.event_reactor:joined thread
[99.369s] INFO:colcon.colcon_core.shell:Creating prefix script '/home/daniel/controlbot_ws/install/local_setup.ps1'
[99.375s] INFO:colcon.colcon_core.shell:Creating prefix util module '/home/daniel/controlbot_ws/install/_local_setup_util_ps1.py'
[99.383s] INFO:colcon.colcon_core.shell:Creating prefix chain script '/home/daniel/controlbot_ws/install/setup.ps1'
[99.392s] INFO:colcon.colcon_core.shell:Creating prefix script '/home/daniel/controlbot_ws/install/local_setup.sh'
[99.398s] INFO:colcon.colcon_core.shell:Creating prefix util module '/home/daniel/controlbot_ws/install/_local_setup_util_sh.py'
[99.400s] INFO:colcon.colcon_core.shell:Creating prefix chain script '/home/daniel/controlbot_ws/install/setup.sh'
[99.407s] INFO:colcon.colcon_core.shell:Creating prefix script '/home/daniel/controlbot_ws/install/local_setup.bash'
[99.413s] INFO:colcon.colcon_core.shell:Creating prefix chain script '/home/daniel/controlbot_ws/install/setup.bash'
[99.421s] INFO:colcon.colcon_core.shell:Creating prefix script '/home/daniel/controlbot_ws/install/local_setup.zsh'
[99.427s] INFO:colcon.colcon_core.shell:Creating prefix chain script '/home/daniel/controlbot_ws/install/setup.zsh'
