[1.267s] Invoking command in '/home/daniel/controlbot_ws/src/rs_ctrl': PYTHONPATH=/home/daniel/controlbot_ws/build/rs_ctrl/prefix_override:/usr/lib/python3/dist-packages/colcon_core/task/python/colcon_distutils_commands:/home/daniel/controlbot_ws/install/rs_ctrl/lib/python3.10/site-packages:${PYTHONPATH} /usr/bin/python3 -W ignore:setup.py install is deprecated -W ignore:easy_install command is deprecated setup.py egg_info --egg-base ../../build/rs_ctrl build --build-base /home/daniel/controlbot_ws/build/rs_ctrl/build install --record /home/daniel/controlbot_ws/build/rs_ctrl/install.log --single-version-externally-managed install_data
[1.765s] running egg_info
[1.766s] writing ../../build/rs_ctrl/rs_ctrl.egg-info/PKG-INFO
[1.767s] writing dependency_links to ../../build/rs_ctrl/rs_ctrl.egg-info/dependency_links.txt
[1.767s] writing entry points to ../../build/rs_ctrl/rs_ctrl.egg-info/entry_points.txt
[1.767s] writing requirements to ../../build/rs_ctrl/rs_ctrl.egg-info/requires.txt
[1.767s] writing top-level names to ../../build/rs_ctrl/rs_ctrl.egg-info/top_level.txt
[1.771s] reading manifest file '../../build/rs_ctrl/rs_ctrl.egg-info/SOURCES.txt'
[1.771s] adding license file 'LICENSE'
[1.772s] writing manifest file '../../build/rs_ctrl/rs_ctrl.egg-info/SOURCES.txt'
[1.773s] running build
[1.773s] running build_py
[1.773s] running install
[1.774s] running install_lib
[1.777s] running install_data
[1.777s] running install_egg_info
[1.780s] removing '/home/daniel/controlbot_ws/install/rs_ctrl/lib/python3.10/site-packages/rs_ctrl-0.0.0-py3.10.egg-info' (and everything under it)
[1.781s] Copying ../../build/rs_ctrl/rs_ctrl.egg-info to /home/daniel/controlbot_ws/install/rs_ctrl/lib/python3.10/site-packages/rs_ctrl-0.0.0-py3.10.egg-info
[1.783s] running install_scripts
[1.825s] Installing realsense_launch script to /home/daniel/controlbot_ws/install/rs_ctrl/lib/rs_ctrl
[1.826s] writing list of installed files to '/home/daniel/controlbot_ws/build/rs_ctrl/install.log'
[1.892s] Invoked command in '/home/daniel/controlbot_ws/src/rs_ctrl' returned '0': PYTHONPATH=/home/daniel/controlbot_ws/build/rs_ctrl/prefix_override:/usr/lib/python3/dist-packages/colcon_core/task/python/colcon_distutils_commands:/home/daniel/controlbot_ws/install/rs_ctrl/lib/python3.10/site-packages:${PYTHONPATH} /usr/bin/python3 -W ignore:setup.py install is deprecated -W ignore:easy_install command is deprecated setup.py egg_info --egg-base ../../build/rs_ctrl build --build-base /home/daniel/controlbot_ws/build/rs_ctrl/build install --record /home/daniel/controlbot_ws/build/rs_ctrl/install.log --single-version-externally-managed install_data
