/home/daniel/controlbot_ws/install/controller/lib/python3.10/site-packages/controller/hw_test.py
/home/daniel/controlbot_ws/install/controller/lib/python3.10/site-packages/controller/__init__.py
/home/daniel/controlbot_ws/install/controller/lib/python3.10/site-packages/controller/mtr_ctrl.py
/home/daniel/controlbot_ws/install/controller/lib/python3.10/site-packages/controller/hw_interface.py
/home/daniel/controlbot_ws/install/controller/lib/python3.10/site-packages/controller/hl_ctrl.py
/home/daniel/controlbot_ws/install/controller/lib/python3.10/site-packages/controller/__pycache__/hw_test.cpython-310.pyc
/home/daniel/controlbot_ws/install/controller/lib/python3.10/site-packages/controller/__pycache__/__init__.cpython-310.pyc
/home/daniel/controlbot_ws/install/controller/lib/python3.10/site-packages/controller/__pycache__/mtr_ctrl.cpython-310.pyc
/home/daniel/controlbot_ws/install/controller/lib/python3.10/site-packages/controller/__pycache__/hw_interface.cpython-310.pyc
/home/daniel/controlbot_ws/install/controller/lib/python3.10/site-packages/controller/__pycache__/hl_ctrl.cpython-310.pyc
/home/daniel/controlbot_ws/install/controller/share/ament_index/resource_index/packages/controller
/home/daniel/controlbot_ws/install/controller/share/controller/package.xml
/home/daniel/controlbot_ws/install/controller/lib/python3.10/site-packages/controller-0.0.0-py3.10.egg-info/PKG-INFO
/home/daniel/controlbot_ws/install/controller/lib/python3.10/site-packages/controller-0.0.0-py3.10.egg-info/top_level.txt
/home/daniel/controlbot_ws/install/controller/lib/python3.10/site-packages/controller-0.0.0-py3.10.egg-info/zip-safe
/home/daniel/controlbot_ws/install/controller/lib/python3.10/site-packages/controller-0.0.0-py3.10.egg-info/requires.txt
/home/daniel/controlbot_ws/install/controller/lib/python3.10/site-packages/controller-0.0.0-py3.10.egg-info/entry_points.txt
/home/daniel/controlbot_ws/install/controller/lib/python3.10/site-packages/controller-0.0.0-py3.10.egg-info/SOURCES.txt
/home/daniel/controlbot_ws/install/controller/lib/python3.10/site-packages/controller-0.0.0-py3.10.egg-info/dependency_links.txt
/home/daniel/controlbot_ws/install/controller/lib/controller/hl_ctrl
/home/daniel/controlbot_ws/install/controller/lib/controller/hw_interface
/home/daniel/controlbot_ws/install/controller/lib/controller/mtr_ctrl
