[1.826s] Invoking command in '/home/daniel/controlbot_ws/src/rs_ctrl': PYTHONPATH=/home/daniel/controlbot_ws/build/rs_ctrl/prefix_override:/usr/lib/python3/dist-packages/colcon_core/task/python/colcon_distutils_commands:/home/daniel/controlbot_ws/install/rs_ctrl/lib/python3.10/site-packages:${PYTHONPATH} /usr/bin/python3 -W ignore:setup.py install is deprecated -W ignore:easy_install command is deprecated setup.py egg_info --egg-base ../../build/rs_ctrl build --build-base /home/daniel/controlbot_ws/build/rs_ctrl/build install --record /home/daniel/controlbot_ws/build/rs_ctrl/install.log --single-version-externally-managed install_data
[2.318s] running egg_info
[2.320s] writing ../../build/rs_ctrl/rs_ctrl.egg-info/PKG-INFO
[2.320s] writing dependency_links to ../../build/rs_ctrl/rs_ctrl.egg-info/dependency_links.txt
[2.321s] writing entry points to ../../build/rs_ctrl/rs_ctrl.egg-info/entry_points.txt
[2.321s] writing requirements to ../../build/rs_ctrl/rs_ctrl.egg-info/requires.txt
[2.321s] writing top-level names to ../../build/rs_ctrl/rs_ctrl.egg-info/top_level.txt
[2.325s] reading manifest file '../../build/rs_ctrl/rs_ctrl.egg-info/SOURCES.txt'
[2.325s] adding license file 'LICENSE'
[2.327s] writing manifest file '../../build/rs_ctrl/rs_ctrl.egg-info/SOURCES.txt'
[2.327s] running build
[2.327s] running build_py
[2.327s] running install
[2.328s] running install_lib
[2.331s] running install_data
[2.331s] running install_egg_info
[2.335s] removing '/home/daniel/controlbot_ws/install/rs_ctrl/lib/python3.10/site-packages/rs_ctrl-0.0.0-py3.10.egg-info' (and everything under it)
[2.336s] Copying ../../build/rs_ctrl/rs_ctrl.egg-info to /home/daniel/controlbot_ws/install/rs_ctrl/lib/python3.10/site-packages/rs_ctrl-0.0.0-py3.10.egg-info
[2.338s] running install_scripts
[2.381s] Installing realsense_launch script to /home/daniel/controlbot_ws/install/rs_ctrl/lib/rs_ctrl
[2.382s] writing list of installed files to '/home/daniel/controlbot_ws/build/rs_ctrl/install.log'
[2.456s] Invoked command in '/home/daniel/controlbot_ws/src/rs_ctrl' returned '0': PYTHONPATH=/home/daniel/controlbot_ws/build/rs_ctrl/prefix_override:/usr/lib/python3/dist-packages/colcon_core/task/python/colcon_distutils_commands:/home/daniel/controlbot_ws/install/rs_ctrl/lib/python3.10/site-packages:${PYTHONPATH} /usr/bin/python3 -W ignore:setup.py install is deprecated -W ignore:easy_install command is deprecated setup.py egg_info --egg-base ../../build/rs_ctrl build --build-base /home/daniel/controlbot_ws/build/rs_ctrl/build install --record /home/daniel/controlbot_ws/build/rs_ctrl/install.log --single-version-externally-managed install_data
