[1.530s] Invoking command in '/home/daniel/controlbot_ws/src/controller': PYTHONPATH=/home/daniel/controlbot_ws/build/controller/prefix_override:/usr/lib/python3/dist-packages/colcon_core/task/python/colcon_distutils_commands:/home/daniel/controlbot_ws/install/controller/lib/python3.10/site-packages:${PYTHONPATH} /usr/bin/python3 -W ignore:setup.py install is deprecated -W ignore:easy_install command is deprecated setup.py egg_info --egg-base ../../build/controller build --build-base /home/daniel/controlbot_ws/build/controller/build install --record /home/daniel/controlbot_ws/build/controller/install.log --single-version-externally-managed install_data
[2.048s] running egg_info
[2.050s] writing ../../build/controller/controller.egg-info/PKG-INFO
[2.051s] writing dependency_links to ../../build/controller/controller.egg-info/dependency_links.txt
[2.052s] writing entry points to ../../build/controller/controller.egg-info/entry_points.txt
[2.052s] writing requirements to ../../build/controller/controller.egg-info/requires.txt
[2.052s] writing top-level names to ../../build/controller/controller.egg-info/top_level.txt
[2.056s] reading manifest file '../../build/controller/controller.egg-info/SOURCES.txt'
[2.057s] adding license file 'LICENSE'
[2.058s] writing manifest file '../../build/controller/controller.egg-info/SOURCES.txt'
[2.058s] running build
[2.058s] running build_py
[2.059s] copying controller/hw_interface.py -> /home/daniel/controlbot_ws/build/controller/build/lib/controller
[2.059s] running install
[2.060s] running install_lib
[2.062s] copying /home/daniel/controlbot_ws/build/controller/build/lib/controller/hw_interface.py -> /home/daniel/controlbot_ws/install/controller/lib/python3.10/site-packages/controller
[2.063s] byte-compiling /home/daniel/controlbot_ws/install/controller/lib/python3.10/site-packages/controller/hw_interface.py to hw_interface.cpython-310.pyc
[2.065s] running install_data
[2.065s] running install_egg_info
[2.069s] removing '/home/daniel/controlbot_ws/install/controller/lib/python3.10/site-packages/controller-0.0.0-py3.10.egg-info' (and everything under it)
[2.069s] Copying ../../build/controller/controller.egg-info to /home/daniel/controlbot_ws/install/controller/lib/python3.10/site-packages/controller-0.0.0-py3.10.egg-info
[2.071s] running install_scripts
[2.113s] Installing hl_ctrl script to /home/daniel/controlbot_ws/install/controller/lib/controller
[2.114s] Installing hw_interface script to /home/daniel/controlbot_ws/install/controller/lib/controller
[2.114s] Installing mtr_ctrl script to /home/daniel/controlbot_ws/install/controller/lib/controller
[2.115s] writing list of installed files to '/home/daniel/controlbot_ws/build/controller/install.log'
[2.188s] Invoked command in '/home/daniel/controlbot_ws/src/controller' returned '0': PYTHONPATH=/home/daniel/controlbot_ws/build/controller/prefix_override:/usr/lib/python3/dist-packages/colcon_core/task/python/colcon_distutils_commands:/home/daniel/controlbot_ws/install/controller/lib/python3.10/site-packages:${PYTHONPATH} /usr/bin/python3 -W ignore:setup.py install is deprecated -W ignore:easy_install command is deprecated setup.py egg_info --egg-base ../../build/controller build --build-base /home/daniel/controlbot_ws/build/controller/build install --record /home/daniel/controlbot_ws/build/controller/install.log --single-version-externally-managed install_data
