running egg_info
writing ../../build/rs_ctrl/rs_ctrl.egg-info/PKG-INFO
writing dependency_links to ../../build/rs_ctrl/rs_ctrl.egg-info/dependency_links.txt
writing entry points to ../../build/rs_ctrl/rs_ctrl.egg-info/entry_points.txt
writing requirements to ../../build/rs_ctrl/rs_ctrl.egg-info/requires.txt
writing top-level names to ../../build/rs_ctrl/rs_ctrl.egg-info/top_level.txt
reading manifest file '../../build/rs_ctrl/rs_ctrl.egg-info/SOURCES.txt'
adding license file 'LICENSE'
writing manifest file '../../build/rs_ctrl/rs_ctrl.egg-info/SOURCES.txt'
running build
running build_py
copying rs_ctrl/realsense_launch.py -> /home/daniel/controlbot_ws/build/rs_ctrl/build/lib/rs_ctrl
running install
running install_lib
copying /home/daniel/controlbot_ws/build/rs_ctrl/build/lib/rs_ctrl/realsense_launch.py -> /home/daniel/controlbot_ws/install/rs_ctrl/lib/python3.10/site-packages/rs_ctrl
byte-compiling /home/daniel/controlbot_ws/install/rs_ctrl/lib/python3.10/site-packages/rs_ctrl/realsense_launch.py to realsense_launch.cpython-310.pyc
running install_data
running install_egg_info
removing '/home/daniel/controlbot_ws/install/rs_ctrl/lib/python3.10/site-packages/rs_ctrl-0.0.0-py3.10.egg-info' (and everything under it)
Copying ../../build/rs_ctrl/rs_ctrl.egg-info to /home/daniel/controlbot_ws/install/rs_ctrl/lib/python3.10/site-packages/rs_ctrl-0.0.0-py3.10.egg-info
running install_scripts
Installing realsense_launch script to /home/daniel/controlbot_ws/install/rs_ctrl/lib/rs_ctrl
writing list of installed files to '/home/daniel/controlbot_ws/build/rs_ctrl/install.log'
