[1.891s] Invoking command in '/home/daniel/controlbot_ws/src/rs_ctrl': PYTHONPATH=/home/daniel/controlbot_ws/build/rs_ctrl/prefix_override:/usr/lib/python3/dist-packages/colcon_core/task/python/colcon_distutils_commands:/home/daniel/controlbot_ws/install/rs_ctrl/lib/python3.10/site-packages:${PYTHONPATH} /usr/bin/python3 -W ignore:setup.py install is deprecated -W ignore:easy_install command is deprecated setup.py egg_info --egg-base ../../build/rs_ctrl build --build-base /home/daniel/controlbot_ws/build/rs_ctrl/build install --record /home/daniel/controlbot_ws/build/rs_ctrl/install.log --single-version-externally-managed install_data
[2.382s] running egg_info
[2.384s] writing ../../build/rs_ctrl/rs_ctrl.egg-info/PKG-INFO
[2.384s] writing dependency_links to ../../build/rs_ctrl/rs_ctrl.egg-info/dependency_links.txt
[2.385s] writing entry points to ../../build/rs_ctrl/rs_ctrl.egg-info/entry_points.txt
[2.385s] writing requirements to ../../build/rs_ctrl/rs_ctrl.egg-info/requires.txt
[2.385s] writing top-level names to ../../build/rs_ctrl/rs_ctrl.egg-info/top_level.txt
[2.389s] reading manifest file '../../build/rs_ctrl/rs_ctrl.egg-info/SOURCES.txt'
[2.389s] adding license file 'LICENSE'
[2.390s] writing manifest file '../../build/rs_ctrl/rs_ctrl.egg-info/SOURCES.txt'
[2.391s] running build
[2.391s] running build_py
[2.391s] copying rs_ctrl/realsense_launch.py -> /home/daniel/controlbot_ws/build/rs_ctrl/build/lib/rs_ctrl
[2.392s] running install
[2.393s] running install_lib
[2.394s] copying /home/daniel/controlbot_ws/build/rs_ctrl/build/lib/rs_ctrl/realsense_launch.py -> /home/daniel/controlbot_ws/install/rs_ctrl/lib/python3.10/site-packages/rs_ctrl
[2.396s] byte-compiling /home/daniel/controlbot_ws/install/rs_ctrl/lib/python3.10/site-packages/rs_ctrl/realsense_launch.py to realsense_launch.cpython-310.pyc
[2.396s] running install_data
[2.397s] running install_egg_info
[2.403s] removing '/home/daniel/controlbot_ws/install/rs_ctrl/lib/python3.10/site-packages/rs_ctrl-0.0.0-py3.10.egg-info' (and everything under it)
[2.403s] Copying ../../build/rs_ctrl/rs_ctrl.egg-info to /home/daniel/controlbot_ws/install/rs_ctrl/lib/python3.10/site-packages/rs_ctrl-0.0.0-py3.10.egg-info
[2.406s] running install_scripts
[2.447s] Installing realsense_launch script to /home/daniel/controlbot_ws/install/rs_ctrl/lib/rs_ctrl
[2.448s] writing list of installed files to '/home/daniel/controlbot_ws/build/rs_ctrl/install.log'
[2.520s] Invoked command in '/home/daniel/controlbot_ws/src/rs_ctrl' returned '0': PYTHONPATH=/home/daniel/controlbot_ws/build/rs_ctrl/prefix_override:/usr/lib/python3/dist-packages/colcon_core/task/python/colcon_distutils_commands:/home/daniel/controlbot_ws/install/rs_ctrl/lib/python3.10/site-packages:${PYTHONPATH} /usr/bin/python3 -W ignore:setup.py install is deprecated -W ignore:easy_install command is deprecated setup.py egg_info --egg-base ../../build/rs_ctrl build --build-base /home/daniel/controlbot_ws/build/rs_ctrl/build install --record /home/daniel/controlbot_ws/build/rs_ctrl/install.log --single-version-externally-managed install_data
