[1.207s] Invoking command in '/home/daniel/controlbot_ws/src/controller': PYTHONPATH=/home/daniel/controlbot_ws/build/controller/prefix_override:/usr/lib/python3/dist-packages/colcon_core/task/python/colcon_distutils_commands:/home/daniel/controlbot_ws/install/controller/lib/python3.10/site-packages:${PYTHONPATH} /usr/bin/python3 -W ignore:setup.py install is deprecated -W ignore:easy_install command is deprecated setup.py egg_info --egg-base ../../build/controller build --build-base /home/daniel/controlbot_ws/build/controller/build install --record /home/daniel/controlbot_ws/build/controller/install.log --single-version-externally-managed install_data
[1.685s] running egg_info
[1.686s] writing ../../build/controller/controller.egg-info/PKG-INFO
[1.686s] writing dependency_links to ../../build/controller/controller.egg-info/dependency_links.txt
[1.687s] writing entry points to ../../build/controller/controller.egg-info/entry_points.txt
[1.687s] writing requirements to ../../build/controller/controller.egg-info/requires.txt
[1.687s] writing top-level names to ../../build/controller/controller.egg-info/top_level.txt
[1.691s] reading manifest file '../../build/controller/controller.egg-info/SOURCES.txt'
[1.691s] adding license file 'LICENSE'
[1.693s] writing manifest file '../../build/controller/controller.egg-info/SOURCES.txt'
[1.693s] running build
[1.693s] running build_py
[1.694s] running install
[1.694s] running install_lib
[1.697s] byte-compiling /home/daniel/controlbot_ws/install/controller/lib/python3.10/site-packages/controller/mtr_ctrl.py to mtr_ctrl.cpython-310.pyc
[1.698s] Sorry: TabError: inconsistent use of tabs and spaces in indentation (mtr_ctrl.py, line 29)
[1.698s] byte-compiling /home/daniel/controlbot_ws/install/controller/lib/python3.10/site-packages/controller/motorcmd.py to motorcmd.cpython-310.pyc
[1.698s] Sorry: TabError: inconsistent use of tabs and spaces in indentation (motorcmd.py, line 28)
[1.699s] running install_data
[1.699s] running install_egg_info
[1.701s] removing '/home/daniel/controlbot_ws/install/controller/lib/python3.10/site-packages/controller-0.0.0-py3.10.egg-info' (and everything under it)
[1.702s] Copying ../../build/controller/controller.egg-info to /home/daniel/controlbot_ws/install/controller/lib/python3.10/site-packages/controller-0.0.0-py3.10.egg-info
[1.704s] running install_scripts
[1.746s] Installing hl_ctrl = controller.hl_ctrl:mainmtr_ctrl script to /home/daniel/controlbot_ws/install/controller/lib/controller
[1.747s] writing list of installed files to '/home/daniel/controlbot_ws/build/controller/install.log'
[1.810s] Invoked command in '/home/daniel/controlbot_ws/src/controller' returned '0': PYTHONPATH=/home/daniel/controlbot_ws/build/controller/prefix_override:/usr/lib/python3/dist-packages/colcon_core/task/python/colcon_distutils_commands:/home/daniel/controlbot_ws/install/controller/lib/python3.10/site-packages:${PYTHONPATH} /usr/bin/python3 -W ignore:setup.py install is deprecated -W ignore:easy_install command is deprecated setup.py egg_info --egg-base ../../build/controller build --build-base /home/daniel/controlbot_ws/build/controller/build install --record /home/daniel/controlbot_ws/build/controller/install.log --single-version-externally-managed install_data
