[2.063s] Invoking command in '/home/daniel/controlbot_ws/src/rs_ctrl': PYTHONPATH=/home/daniel/controlbot_ws/build/rs_ctrl/prefix_override:/usr/lib/python3/dist-packages/colcon_core/task/python/colcon_distutils_commands:/home/daniel/controlbot_ws/install/rs_ctrl/lib/python3.10/site-packages:${PYTHONPATH} /usr/bin/python3 -W ignore:setup.py install is deprecated -W ignore:easy_install command is deprecated setup.py egg_info --egg-base ../../build/rs_ctrl build --build-base /home/daniel/controlbot_ws/build/rs_ctrl/build install --record /home/daniel/controlbot_ws/build/rs_ctrl/install.log --single-version-externally-managed install_data
[2.558s] running egg_info
[2.560s] creating ../../build/rs_ctrl/rs_ctrl.egg-info
[2.560s] writing ../../build/rs_ctrl/rs_ctrl.egg-info/PKG-INFO
[2.560s] writing dependency_links to ../../build/rs_ctrl/rs_ctrl.egg-info/dependency_links.txt
[2.561s] writing entry points to ../../build/rs_ctrl/rs_ctrl.egg-info/entry_points.txt
[2.561s] writing requirements to ../../build/rs_ctrl/rs_ctrl.egg-info/requires.txt
[2.561s] writing top-level names to ../../build/rs_ctrl/rs_ctrl.egg-info/top_level.txt
[2.561s] writing manifest file '../../build/rs_ctrl/rs_ctrl.egg-info/SOURCES.txt'
[2.565s] reading manifest file '../../build/rs_ctrl/rs_ctrl.egg-info/SOURCES.txt'
[2.565s] adding license file 'LICENSE'
[2.566s] writing manifest file '../../build/rs_ctrl/rs_ctrl.egg-info/SOURCES.txt'
[2.566s] running build
[2.566s] running build_py
[2.567s] creating /home/daniel/controlbot_ws/build/rs_ctrl/build
[2.567s] creating /home/daniel/controlbot_ws/build/rs_ctrl/build/lib
[2.567s] creating /home/daniel/controlbot_ws/build/rs_ctrl/build/lib/rs_ctrl
[2.567s] copying rs_ctrl/__init__.py -> /home/daniel/controlbot_ws/build/rs_ctrl/build/lib/rs_ctrl
[2.568s] copying rs_ctrl/realsense_launch.py -> /home/daniel/controlbot_ws/build/rs_ctrl/build/lib/rs_ctrl
[2.568s] running install
[2.568s] running install_lib
[2.570s] creating /home/daniel/controlbot_ws/install/rs_ctrl/lib/python3.10/site-packages/rs_ctrl
[2.570s] copying /home/daniel/controlbot_ws/build/rs_ctrl/build/lib/rs_ctrl/__init__.py -> /home/daniel/controlbot_ws/install/rs_ctrl/lib/python3.10/site-packages/rs_ctrl
[2.570s] copying /home/daniel/controlbot_ws/build/rs_ctrl/build/lib/rs_ctrl/realsense_launch.py -> /home/daniel/controlbot_ws/install/rs_ctrl/lib/python3.10/site-packages/rs_ctrl
[2.571s] byte-compiling /home/daniel/controlbot_ws/install/rs_ctrl/lib/python3.10/site-packages/rs_ctrl/__init__.py to __init__.cpython-310.pyc
[2.572s] byte-compiling /home/daniel/controlbot_ws/install/rs_ctrl/lib/python3.10/site-packages/rs_ctrl/realsense_launch.py to realsense_launch.cpython-310.pyc
[2.572s] running install_data
[2.573s] creating /home/daniel/controlbot_ws/install/rs_ctrl/share/ament_index
[2.573s] creating /home/daniel/controlbot_ws/install/rs_ctrl/share/ament_index/resource_index
[2.573s] creating /home/daniel/controlbot_ws/install/rs_ctrl/share/ament_index/resource_index/packages
[2.573s] copying resource/rs_ctrl -> /home/daniel/controlbot_ws/install/rs_ctrl/share/ament_index/resource_index/packages
[2.573s] copying package.xml -> /home/daniel/controlbot_ws/install/rs_ctrl/share/rs_ctrl
[2.573s] running install_egg_info
[2.577s] Copying ../../build/rs_ctrl/rs_ctrl.egg-info to /home/daniel/controlbot_ws/install/rs_ctrl/lib/python3.10/site-packages/rs_ctrl-0.0.0-py3.10.egg-info
[2.579s] running install_scripts
[2.622s] Installing realsense_launch script to /home/daniel/controlbot_ws/install/rs_ctrl/lib/rs_ctrl
[2.623s] writing list of installed files to '/home/daniel/controlbot_ws/build/rs_ctrl/install.log'
[2.693s] Invoked command in '/home/daniel/controlbot_ws/src/rs_ctrl' returned '0': PYTHONPATH=/home/daniel/controlbot_ws/build/rs_ctrl/prefix_override:/usr/lib/python3/dist-packages/colcon_core/task/python/colcon_distutils_commands:/home/daniel/controlbot_ws/install/rs_ctrl/lib/python3.10/site-packages:${PYTHONPATH} /usr/bin/python3 -W ignore:setup.py install is deprecated -W ignore:easy_install command is deprecated setup.py egg_info --egg-base ../../build/rs_ctrl build --build-base /home/daniel/controlbot_ws/build/rs_ctrl/build install --record /home/daniel/controlbot_ws/build/rs_ctrl/install.log --single-version-externally-managed install_data
