[1.707s] DEBUG:colcon:Command line arguments: ['/usr/bin/colcon', 'build']
[1.707s] DEBUG:colcon:Parsed command line arguments: Namespace(allow_overriding=[], ament_cmake_args=None, base_paths=['.'], build_base='build', catkin_cmake_args=None, catkin_skip_building_tests=False, cmake_args=None, cmake_clean_cache=False, cmake_clean_first=False, cmake_force_configure=False, cmake_target=None, cmake_target_skip_unavailable=False, continue_on_error=False, event_handlers=None, executor='parallel', ignore_user_meta=False, install_base='install', log_base=None, log_level=None, main=<bound method BuildVerb.main of <colcon_core.verb.build.BuildVerb object at 0xffffb3d061c0>>, merge_install=False, metas=['./colcon.meta'], packages_above=None, packages_above_and_dependencies=None, packages_above_depth=None, packages_end=None, packages_ignore=None, packages_ignore_regex=None, packages_select=None, packages_select_build_failed=False, packages_select_by_dep=None, packages_select_regex=None, packages_select_test_failures=False, packages_skip=None, packages_skip_build_finished=False, packages_skip_by_dep=None, packages_skip_regex=None, packages_skip_test_passed=False, packages_skip_up_to=None, packages_start=None, packages_up_to=None, packages_up_to_regex=None, parallel_workers=6, paths=None, symlink_install=False, test_result_base=None, verb_extension=<colcon_core.verb.build.BuildVerb object at 0xffffb3d061c0>, verb_name='build', verb_parser=<colcon_defaults.argument_parser.defaults.DefaultArgumentsDecorator object at 0xffffb3c423d0>)
[3.039s] Level 1:colcon.colcon_core.package_discovery:discover_packages(colcon_meta) check parameters
[3.039s] Level 1:colcon.colcon_core.package_discovery:discover_packages(recursive) check parameters
[3.040s] Level 1:colcon.colcon_core.package_discovery:discover_packages(ignore) check parameters
[3.040s] Level 1:colcon.colcon_core.package_discovery:discover_packages(path) check parameters
[3.040s] Level 1:colcon.colcon_core.package_discovery:discover_packages(colcon_meta) discover
[3.040s] Level 1:colcon.colcon_core.package_discovery:discover_packages(recursive) discover
[3.040s] INFO:colcon.colcon_core.package_discovery:Crawling recursively for packages in '/home/daniel/controlbot_ws'
[3.040s] Level 1:colcon.colcon_core.package_identification:_identify(.) by extensions ['ignore', 'ignore_ament_install']
[3.041s] Level 1:colcon.colcon_core.package_identification:_identify(.) by extension 'ignore'
[3.041s] Level 1:colcon.colcon_core.package_identification:_identify(.) by extension 'ignore_ament_install'
[3.041s] Level 1:colcon.colcon_core.package_identification:_identify(.) by extensions ['colcon_pkg']
[3.041s] Level 1:colcon.colcon_core.package_identification:_identify(.) by extension 'colcon_pkg'
[3.042s] Level 1:colcon.colcon_core.package_identification:_identify(.) by extensions ['colcon_meta']
[3.042s] Level 1:colcon.colcon_core.package_identification:_identify(.) by extension 'colcon_meta'
[3.042s] Level 1:colcon.colcon_core.package_identification:_identify(.) by extensions ['ros']
[3.042s] Level 1:colcon.colcon_core.package_identification:_identify(.) by extension 'ros'
[3.079s] Level 1:colcon.colcon_core.package_identification:_identify(.) by extensions ['cmake', 'python']
[3.079s] Level 1:colcon.colcon_core.package_identification:_identify(.) by extension 'cmake'
[3.079s] Level 1:colcon.colcon_core.package_identification:_identify(.) by extension 'python'
[3.079s] Level 1:colcon.colcon_core.package_identification:_identify(.) by extensions ['python_setup_py']
[3.079s] Level 1:colcon.colcon_core.package_identification:_identify(.) by extension 'python_setup_py'
[3.080s] Level 1:colcon.colcon_core.package_identification:_identify(build) by extensions ['ignore', 'ignore_ament_install']
[3.080s] Level 1:colcon.colcon_core.package_identification:_identify(build) by extension 'ignore'
[3.080s] Level 1:colcon.colcon_core.package_identification:_identify(build) ignored
[3.081s] Level 1:colcon.colcon_core.package_identification:_identify(install) by extensions ['ignore', 'ignore_ament_install']
[3.081s] Level 1:colcon.colcon_core.package_identification:_identify(install) by extension 'ignore'
[3.081s] Level 1:colcon.colcon_core.package_identification:_identify(install) ignored
[3.081s] Level 1:colcon.colcon_core.package_identification:_identify(log) by extensions ['ignore', 'ignore_ament_install']
[3.082s] Level 1:colcon.colcon_core.package_identification:_identify(log) by extension 'ignore'
[3.082s] Level 1:colcon.colcon_core.package_identification:_identify(log) ignored
[3.219s] Level 1:colcon.colcon_core.package_identification:_identify(src) by extensions ['ignore', 'ignore_ament_install']
[3.219s] Level 1:colcon.colcon_core.package_identification:_identify(src) by extension 'ignore'
[3.219s] Level 1:colcon.colcon_core.package_identification:_identify(src) by extension 'ignore_ament_install'
[3.220s] Level 1:colcon.colcon_core.package_identification:_identify(src) by extensions ['colcon_pkg']
[3.220s] Level 1:colcon.colcon_core.package_identification:_identify(src) by extension 'colcon_pkg'
[3.220s] Level 1:colcon.colcon_core.package_identification:_identify(src) by extensions ['colcon_meta']
[3.220s] Level 1:colcon.colcon_core.package_identification:_identify(src) by extension 'colcon_meta'
[3.220s] Level 1:colcon.colcon_core.package_identification:_identify(src) by extensions ['ros']
[3.220s] Level 1:colcon.colcon_core.package_identification:_identify(src) by extension 'ros'
[3.221s] Level 1:colcon.colcon_core.package_identification:_identify(src) by extensions ['cmake', 'python']
[3.221s] Level 1:colcon.colcon_core.package_identification:_identify(src) by extension 'cmake'
[3.221s] Level 1:colcon.colcon_core.package_identification:_identify(src) by extension 'python'
[3.221s] Level 1:colcon.colcon_core.package_identification:_identify(src) by extensions ['python_setup_py']
[3.221s] Level 1:colcon.colcon_core.package_identification:_identify(src) by extension 'python_setup_py'
[3.221s] Level 1:colcon.colcon_core.package_discovery:discover_packages(recursive) using defaults
[3.221s] Level 1:colcon.colcon_core.package_discovery:discover_packages(ignore) discover
[3.221s] Level 1:colcon.colcon_core.package_discovery:discover_packages(ignore) using defaults
[3.222s] Level 1:colcon.colcon_core.package_discovery:discover_packages(path) discover
[3.222s] Level 1:colcon.colcon_core.package_discovery:discover_packages(path) using defaults
[3.273s] Level 1:colcon.colcon_core.package_discovery:discover_packages(prefix_path) check parameters
[3.274s] Level 1:colcon.colcon_core.package_discovery:discover_packages(prefix_path) discover
[3.281s] DEBUG:colcon.colcon_installed_package_information.package_discovery:Found 0 installed packages in /home/daniel/controlbot_ws/install
[3.284s] DEBUG:colcon.colcon_installed_package_information.package_discovery:Found 273 installed packages in /opt/ros/galactic
[3.290s] Level 1:colcon.colcon_core.package_discovery:discover_packages(prefix_path) using defaults
[3.646s] INFO:colcon.colcon_core.executor:Executing jobs using 'parallel' executor
[3.649s] DEBUG:colcon.colcon_parallel_executor.executor.parallel:run_until_complete
[3.650s] DEBUG:colcon.colcon_parallel_executor.executor.parallel:closing loop
[3.650s] DEBUG:colcon.colcon_parallel_executor.executor.parallel:loop closed
[3.650s] DEBUG:colcon.colcon_parallel_executor.executor.parallel:run_until_complete finished with '0'
[3.650s] DEBUG:colcon.colcon_core.event_reactor:joining thread
[3.820s] INFO:colcon.colcon_core.plugin_system:Skipping extension 'colcon_notification.desktop_notification.terminal_notifier': Not used on non-Darwin systems
[3.820s] INFO:colcon.colcon_core.plugin_system:Skipping extension 'colcon_notification.desktop_notification.win32': Not used on non-Windows systems
[3.821s] INFO:colcon.colcon_notification.desktop_notification:Sending desktop notification using 'notify2'
[3.887s] DEBUG:colcon.colcon_core.event_reactor:joined thread
[4.024s] INFO:colcon.colcon_core.plugin_system:Skipping extension 'colcon_core.shell.bat': Not used on non-Windows systems
[4.025s] INFO:colcon.colcon_core.shell:Creating prefix script '/home/daniel/controlbot_ws/install/local_setup.ps1'
[4.029s] INFO:colcon.colcon_core.shell:Creating prefix util module '/home/daniel/controlbot_ws/install/_local_setup_util_ps1.py'
[4.035s] INFO:colcon.colcon_core.shell:Creating prefix chain script '/home/daniel/controlbot_ws/install/setup.ps1'
[4.038s] INFO:colcon.colcon_core.shell:Creating prefix script '/home/daniel/controlbot_ws/install/local_setup.sh'
[4.042s] INFO:colcon.colcon_core.shell:Creating prefix util module '/home/daniel/controlbot_ws/install/_local_setup_util_sh.py'
[4.044s] INFO:colcon.colcon_core.shell:Creating prefix chain script '/home/daniel/controlbot_ws/install/setup.sh'
[4.051s] INFO:colcon.colcon_core.shell:Creating prefix script '/home/daniel/controlbot_ws/install/local_setup.bash'
[4.053s] INFO:colcon.colcon_core.shell:Creating prefix chain script '/home/daniel/controlbot_ws/install/setup.bash'
[4.056s] INFO:colcon.colcon_core.shell:Creating prefix script '/home/daniel/controlbot_ws/install/local_setup.zsh'
[4.060s] INFO:colcon.colcon_core.shell:Creating prefix chain script '/home/daniel/controlbot_ws/install/setup.zsh'
