[0.213s] DEBUG:colcon:Command line arguments: ['/usr/bin/colcon', 'build', '--packages-select', 'controller']
[0.213s] DEBUG:colcon:Parsed command line arguments: Namespace(log_base=None, log_level=None, verb_name='build', build_base='build', install_base='install', merge_install=False, symlink_install=False, test_result_base=None, continue_on_error=False, executor='parallel', parallel_workers=6, event_handlers=None, ignore_user_meta=False, metas=['./colcon.meta'], base_paths=['.'], packages_ignore=None, packages_ignore_regex=None, paths=None, packages_up_to=None, packages_up_to_regex=None, packages_above=None, packages_above_and_dependencies=None, packages_above_depth=None, packages_select_by_dep=None, packages_skip_by_dep=None, packages_skip_up_to=None, packages_select_build_failed=False, packages_skip_build_finished=False, packages_select_test_failures=False, packages_skip_test_passed=False, packages_select=['controller'], packages_skip=None, packages_select_regex=None, packages_skip_regex=None, packages_start=None, packages_end=None, allow_overriding=[], cmake_args=None, cmake_target=None, cmake_target_skip_unavailable=False, cmake_clean_cache=False, cmake_clean_first=False, cmake_force_configure=False, ament_cmake_args=None, catkin_cmake_args=None, catkin_skip_building_tests=False, verb_parser=<colcon_defaults.argument_parser.defaults.DefaultArgumentsDecorator object at 0xffffb8ec8610>, verb_extension=<colcon_core.verb.build.BuildVerb object at 0xffffb8ec8070>, main=<bound method BuildVerb.main of <colcon_core.verb.build.BuildVerb object at 0xffffb8ec8070>>)
[0.544s] Level 1:colcon.colcon_core.package_discovery:discover_packages(colcon_meta) check parameters
[0.545s] Level 1:colcon.colcon_core.package_discovery:discover_packages(recursive) check parameters
[0.545s] Level 1:colcon.colcon_core.package_discovery:discover_packages(ignore) check parameters
[0.545s] Level 1:colcon.colcon_core.package_discovery:discover_packages(path) check parameters
[0.545s] Level 1:colcon.colcon_core.package_discovery:discover_packages(colcon_meta) discover
[0.545s] Level 1:colcon.colcon_core.package_discovery:discover_packages(recursive) discover
[0.545s] INFO:colcon.colcon_core.package_discovery:Crawling recursively for packages in '/home/daniel/controlbot_ws'
[0.546s] Level 1:colcon.colcon_core.package_identification:_identify(.) by extensions ['ignore', 'ignore_ament_install']
[0.546s] Level 1:colcon.colcon_core.package_identification:_identify(.) by extension 'ignore'
[0.546s] Level 1:colcon.colcon_core.package_identification:_identify(.) by extension 'ignore_ament_install'
[0.546s] Level 1:colcon.colcon_core.package_identification:_identify(.) by extensions ['colcon_pkg']
[0.546s] Level 1:colcon.colcon_core.package_identification:_identify(.) by extension 'colcon_pkg'
[0.546s] Level 1:colcon.colcon_core.package_identification:_identify(.) by extensions ['colcon_meta']
[0.546s] Level 1:colcon.colcon_core.package_identification:_identify(.) by extension 'colcon_meta'
[0.546s] Level 1:colcon.colcon_core.package_identification:_identify(.) by extensions ['ros']
[0.546s] Level 1:colcon.colcon_core.package_identification:_identify(.) by extension 'ros'
[0.570s] Level 1:colcon.colcon_core.package_identification:_identify(.) by extensions ['cmake', 'python']
[0.570s] Level 1:colcon.colcon_core.package_identification:_identify(.) by extension 'cmake'
[0.570s] Level 1:colcon.colcon_core.package_identification:_identify(.) by extension 'python'
[0.570s] Level 1:colcon.colcon_core.package_identification:_identify(.) by extensions ['python_setup_py']
[0.570s] Level 1:colcon.colcon_core.package_identification:_identify(.) by extension 'python_setup_py'
[0.571s] Level 1:colcon.colcon_core.package_identification:_identify(build) by extensions ['ignore', 'ignore_ament_install']
[0.571s] Level 1:colcon.colcon_core.package_identification:_identify(build) by extension 'ignore'
[0.571s] Level 1:colcon.colcon_core.package_identification:_identify(build) ignored
[0.571s] Level 1:colcon.colcon_core.package_identification:_identify(install) by extensions ['ignore', 'ignore_ament_install']
[0.571s] Level 1:colcon.colcon_core.package_identification:_identify(install) by extension 'ignore'
[0.571s] Level 1:colcon.colcon_core.package_identification:_identify(install) ignored
[0.572s] Level 1:colcon.colcon_core.package_identification:_identify(log) by extensions ['ignore', 'ignore_ament_install']
[0.572s] Level 1:colcon.colcon_core.package_identification:_identify(log) by extension 'ignore'
[0.572s] Level 1:colcon.colcon_core.package_identification:_identify(log) ignored
[0.572s] Level 1:colcon.colcon_core.package_identification:_identify(src) by extensions ['ignore', 'ignore_ament_install']
[0.572s] Level 1:colcon.colcon_core.package_identification:_identify(src) by extension 'ignore'
[0.572s] Level 1:colcon.colcon_core.package_identification:_identify(src) by extension 'ignore_ament_install'
[0.572s] Level 1:colcon.colcon_core.package_identification:_identify(src) by extensions ['colcon_pkg']
[0.573s] Level 1:colcon.colcon_core.package_identification:_identify(src) by extension 'colcon_pkg'
[0.573s] Level 1:colcon.colcon_core.package_identification:_identify(src) by extensions ['colcon_meta']
[0.573s] Level 1:colcon.colcon_core.package_identification:_identify(src) by extension 'colcon_meta'
[0.573s] Level 1:colcon.colcon_core.package_identification:_identify(src) by extensions ['ros']
[0.573s] Level 1:colcon.colcon_core.package_identification:_identify(src) by extension 'ros'
[0.573s] Level 1:colcon.colcon_core.package_identification:_identify(src) by extensions ['cmake', 'python']
[0.573s] Level 1:colcon.colcon_core.package_identification:_identify(src) by extension 'cmake'
[0.573s] Level 1:colcon.colcon_core.package_identification:_identify(src) by extension 'python'
[0.573s] Level 1:colcon.colcon_core.package_identification:_identify(src) by extensions ['python_setup_py']
[0.573s] Level 1:colcon.colcon_core.package_identification:_identify(src) by extension 'python_setup_py'
[0.574s] Level 1:colcon.colcon_core.package_identification:_identify(src/controller) by extensions ['ignore', 'ignore_ament_install']
[0.574s] Level 1:colcon.colcon_core.package_identification:_identify(src/controller) by extension 'ignore'
[0.574s] Level 1:colcon.colcon_core.package_identification:_identify(src/controller) by extension 'ignore_ament_install'
[0.574s] Level 1:colcon.colcon_core.package_identification:_identify(src/controller) by extensions ['colcon_pkg']
[0.574s] Level 1:colcon.colcon_core.package_identification:_identify(src/controller) by extension 'colcon_pkg'
[0.574s] Level 1:colcon.colcon_core.package_identification:_identify(src/controller) by extensions ['colcon_meta']
[0.574s] Level 1:colcon.colcon_core.package_identification:_identify(src/controller) by extension 'colcon_meta'
[0.574s] Level 1:colcon.colcon_core.package_identification:_identify(src/controller) by extensions ['ros']
[0.574s] Level 1:colcon.colcon_core.package_identification:_identify(src/controller) by extension 'ros'
[0.579s] DEBUG:colcon.colcon_core.package_identification:Package 'src/controller' with type 'ros.ament_python' and name 'controller'
[0.579s] Level 1:colcon.colcon_core.package_discovery:discover_packages(recursive) using defaults
[0.580s] Level 1:colcon.colcon_core.package_discovery:discover_packages(ignore) discover
[0.580s] Level 1:colcon.colcon_core.package_discovery:discover_packages(ignore) using defaults
[0.580s] Level 1:colcon.colcon_core.package_discovery:discover_packages(path) discover
[0.580s] Level 1:colcon.colcon_core.package_discovery:discover_packages(path) using defaults
[0.619s] Level 1:colcon.colcon_core.package_discovery:discover_packages(prefix_path) check parameters
[0.619s] Level 1:colcon.colcon_core.package_discovery:discover_packages(prefix_path) discover
[0.622s] DEBUG:colcon.colcon_installed_package_information.package_discovery:Found 1 installed packages in /home/daniel/controlbot_ws/install
[0.624s] DEBUG:colcon.colcon_installed_package_information.package_discovery:Found 294 installed packages in /opt/ros/humble
[0.629s] Level 1:colcon.colcon_core.package_discovery:discover_packages(prefix_path) using defaults
[0.738s] Level 5:colcon.colcon_core.verb:set package 'controller' build argument 'cmake_args' from command line to 'None'
[0.738s] Level 5:colcon.colcon_core.verb:set package 'controller' build argument 'cmake_target' from command line to 'None'
[0.738s] Level 5:colcon.colcon_core.verb:set package 'controller' build argument 'cmake_target_skip_unavailable' from command line to 'False'
[0.738s] Level 5:colcon.colcon_core.verb:set package 'controller' build argument 'cmake_clean_cache' from command line to 'False'
[0.738s] Level 5:colcon.colcon_core.verb:set package 'controller' build argument 'cmake_clean_first' from command line to 'False'
[0.738s] Level 5:colcon.colcon_core.verb:set package 'controller' build argument 'cmake_force_configure' from command line to 'False'
[0.738s] Level 5:colcon.colcon_core.verb:set package 'controller' build argument 'ament_cmake_args' from command line to 'None'
[0.738s] Level 5:colcon.colcon_core.verb:set package 'controller' build argument 'catkin_cmake_args' from command line to 'None'
[0.738s] Level 5:colcon.colcon_core.verb:set package 'controller' build argument 'catkin_skip_building_tests' from command line to 'False'
[0.738s] DEBUG:colcon.colcon_core.verb:Building package 'controller' with the following arguments: {'ament_cmake_args': None, 'build_base': '/home/daniel/controlbot_ws/build/controller', 'catkin_cmake_args': None, 'catkin_skip_building_tests': False, 'cmake_args': None, 'cmake_clean_cache': False, 'cmake_clean_first': False, 'cmake_force_configure': False, 'cmake_target': None, 'cmake_target_skip_unavailable': False, 'install_base': '/home/daniel/controlbot_ws/install/controller', 'merge_install': False, 'path': '/home/daniel/controlbot_ws/src/controller', 'symlink_install': False, 'test_result_base': None}
[0.739s] INFO:colcon.colcon_core.executor:Executing jobs using 'parallel' executor
[0.741s] DEBUG:colcon.colcon_parallel_executor.executor.parallel:run_until_complete
[0.741s] INFO:colcon.colcon_ros.task.ament_python.build:Building ROS package in '/home/daniel/controlbot_ws/src/controller' with build type 'ament_python'
[0.742s] Level 1:colcon.colcon_core.shell:create_environment_hook('controller', 'ament_prefix_path')
[0.746s] INFO:colcon.colcon_core.plugin_system:Skipping extension 'colcon_core.shell.bat': Not used on non-Windows systems
[0.746s] INFO:colcon.colcon_core.shell:Creating environment hook '/home/daniel/controlbot_ws/install/controller/share/controller/hook/ament_prefix_path.ps1'
[0.748s] INFO:colcon.colcon_core.shell:Creating environment descriptor '/home/daniel/controlbot_ws/install/controller/share/controller/hook/ament_prefix_path.dsv'
[0.749s] INFO:colcon.colcon_core.shell:Creating environment hook '/home/daniel/controlbot_ws/install/controller/share/controller/hook/ament_prefix_path.sh'
[0.750s] INFO:colcon.colcon_core.shell:Skip shell extension 'powershell' for command environment: Not usable outside of PowerShell
[0.750s] DEBUG:colcon.colcon_core.shell:Skip shell extension 'dsv' for command environment
[1.272s] INFO:colcon.colcon_core.task.python.build:Building Python package in '/home/daniel/controlbot_ws/src/controller'
[1.273s] INFO:colcon.colcon_core.shell:Skip shell extension 'powershell' for command environment: Not usable outside of PowerShell
[1.273s] DEBUG:colcon.colcon_core.shell:Skip shell extension 'dsv' for command environment
[1.955s] DEBUG:colcon.colcon_core.event_handler.log_command:Invoking command in '/home/daniel/controlbot_ws/src/controller': PYTHONPATH=/home/daniel/controlbot_ws/build/controller/prefix_override:/usr/lib/python3/dist-packages/colcon_core/task/python/colcon_distutils_commands:/home/daniel/controlbot_ws/install/controller/lib/python3.10/site-packages:${PYTHONPATH} /usr/bin/python3 -W ignore:setup.py install is deprecated -W ignore:easy_install command is deprecated setup.py egg_info --egg-base ../../build/controller build --build-base /home/daniel/controlbot_ws/build/controller/build install --record /home/daniel/controlbot_ws/build/controller/install.log --single-version-externally-managed install_data
[2.576s] DEBUG:colcon.colcon_core.event_handler.log_command:Invoked command in '/home/daniel/controlbot_ws/src/controller' returned '0': PYTHONPATH=/home/daniel/controlbot_ws/build/controller/prefix_override:/usr/lib/python3/dist-packages/colcon_core/task/python/colcon_distutils_commands:/home/daniel/controlbot_ws/install/controller/lib/python3.10/site-packages:${PYTHONPATH} /usr/bin/python3 -W ignore:setup.py install is deprecated -W ignore:easy_install command is deprecated setup.py egg_info --egg-base ../../build/controller build --build-base /home/daniel/controlbot_ws/build/controller/build install --record /home/daniel/controlbot_ws/build/controller/install.log --single-version-externally-managed install_data
[2.585s] Level 1:colcon.colcon_core.environment:checking '/home/daniel/controlbot_ws/install/controller' for CMake module files
[2.586s] Level 1:colcon.colcon_core.environment:checking '/home/daniel/controlbot_ws/install/controller' for CMake config files
[2.588s] Level 1:colcon.colcon_core.environment:checking '/home/daniel/controlbot_ws/install/controller/lib'
[2.589s] Level 1:colcon.colcon_core.environment:checking '/home/daniel/controlbot_ws/install/controller/bin'
[2.589s] Level 1:colcon.colcon_core.environment:checking '/home/daniel/controlbot_ws/install/controller/lib/pkgconfig/controller.pc'
[2.590s] Level 1:colcon.colcon_core.environment:checking '/home/daniel/controlbot_ws/install/controller/lib/python3.10/site-packages'
[2.590s] Level 1:colcon.colcon_core.shell:create_environment_hook('controller', 'pythonpath')
[2.591s] INFO:colcon.colcon_core.shell:Creating environment hook '/home/daniel/controlbot_ws/install/controller/share/controller/hook/pythonpath.ps1'
[2.593s] INFO:colcon.colcon_core.shell:Creating environment descriptor '/home/daniel/controlbot_ws/install/controller/share/controller/hook/pythonpath.dsv'
[2.594s] INFO:colcon.colcon_core.shell:Creating environment hook '/home/daniel/controlbot_ws/install/controller/share/controller/hook/pythonpath.sh'
[2.595s] Level 1:colcon.colcon_core.environment:checking '/home/daniel/controlbot_ws/install/controller/bin'
[2.595s] Level 1:colcon.colcon_core.environment:create_environment_scripts_only(controller)
[2.596s] INFO:colcon.colcon_core.shell:Creating package script '/home/daniel/controlbot_ws/install/controller/share/controller/package.ps1'
[2.599s] INFO:colcon.colcon_core.shell:Creating package descriptor '/home/daniel/controlbot_ws/install/controller/share/controller/package.dsv'
[2.601s] INFO:colcon.colcon_core.shell:Creating package script '/home/daniel/controlbot_ws/install/controller/share/controller/package.sh'
[2.604s] INFO:colcon.colcon_core.shell:Creating package script '/home/daniel/controlbot_ws/install/controller/share/controller/package.bash'
[2.607s] INFO:colcon.colcon_core.shell:Creating package script '/home/daniel/controlbot_ws/install/controller/share/controller/package.zsh'
[2.610s] Level 1:colcon.colcon_core.environment:create_file_with_runtime_dependencies(/home/daniel/controlbot_ws/install/controller/share/colcon-core/packages/controller)
[2.612s] DEBUG:colcon.colcon_parallel_executor.executor.parallel:closing loop
[2.613s] DEBUG:colcon.colcon_parallel_executor.executor.parallel:loop closed
[2.613s] DEBUG:colcon.colcon_parallel_executor.executor.parallel:run_until_complete finished with '0'
[2.613s] DEBUG:colcon.colcon_core.event_reactor:joining thread
[2.629s] INFO:colcon.colcon_core.plugin_system:Skipping extension 'colcon_notification.desktop_notification.terminal_notifier': Not used on non-Darwin systems
[2.629s] INFO:colcon.colcon_core.plugin_system:Skipping extension 'colcon_notification.desktop_notification.win32': Not used on non-Windows systems
[2.629s] INFO:colcon.colcon_notification.desktop_notification:Sending desktop notification using 'notify2'
[2.681s] DEBUG:colcon.colcon_core.event_reactor:joined thread
[2.683s] INFO:colcon.colcon_core.shell:Creating prefix script '/home/daniel/controlbot_ws/install/local_setup.ps1'
[2.686s] INFO:colcon.colcon_core.shell:Creating prefix util module '/home/daniel/controlbot_ws/install/_local_setup_util_ps1.py'
[2.689s] INFO:colcon.colcon_core.shell:Creating prefix chain script '/home/daniel/controlbot_ws/install/setup.ps1'
[2.693s] INFO:colcon.colcon_core.shell:Creating prefix script '/home/daniel/controlbot_ws/install/local_setup.sh'
[2.695s] INFO:colcon.colcon_core.shell:Creating prefix util module '/home/daniel/controlbot_ws/install/_local_setup_util_sh.py'
[2.699s] INFO:colcon.colcon_core.shell:Creating prefix chain script '/home/daniel/controlbot_ws/install/setup.sh'
[2.703s] INFO:colcon.colcon_core.shell:Creating prefix script '/home/daniel/controlbot_ws/install/local_setup.bash'
[2.705s] INFO:colcon.colcon_core.shell:Creating prefix chain script '/home/daniel/controlbot_ws/install/setup.bash'
[2.709s] INFO:colcon.colcon_core.shell:Creating prefix script '/home/daniel/controlbot_ws/install/local_setup.zsh'
[2.711s] INFO:colcon.colcon_core.shell:Creating prefix chain script '/home/daniel/controlbot_ws/install/setup.zsh'
