[1.558s] Invoking command in '/home/daniel/controlbot_ws/src/controller': PYTHONPATH=/home/daniel/controlbot_ws/build/controller/prefix_override:/usr/lib/python3/dist-packages/colcon_core/task/python/colcon_distutils_commands:/home/daniel/controlbot_ws/install/controller/lib/python3.10/site-packages:${PYTHONPATH} /usr/bin/python3 -W ignore:setup.py install is deprecated -W ignore:easy_install command is deprecated setup.py egg_info --egg-base ../../build/controller build --build-base /home/daniel/controlbot_ws/build/controller/build install --record /home/daniel/controlbot_ws/build/controller/install.log --single-version-externally-managed install_data
[2.063s] running egg_info
[2.064s] writing ../../build/controller/controller.egg-info/PKG-INFO
[2.067s] writing dependency_links to ../../build/controller/controller.egg-info/dependency_links.txt
[2.067s] writing entry points to ../../build/controller/controller.egg-info/entry_points.txt
[2.068s] writing requirements to ../../build/controller/controller.egg-info/requires.txt
[2.068s] writing top-level names to ../../build/controller/controller.egg-info/top_level.txt
[2.072s] reading manifest file '../../build/controller/controller.egg-info/SOURCES.txt'
[2.074s] adding license file 'LICENSE'
[2.075s] writing manifest file '../../build/controller/controller.egg-info/SOURCES.txt'
[2.075s] running build
[2.075s] running build_py
[2.080s] copying controller/hl_ctrl.py -> /home/daniel/controlbot_ws/build/controller/build/lib/controller
[2.080s] running install
[2.081s] running install_lib
[2.083s] copying /home/daniel/controlbot_ws/build/controller/build/lib/controller/hl_ctrl.py -> /home/daniel/controlbot_ws/install/controller/lib/python3.10/site-packages/controller
[2.085s] byte-compiling /home/daniel/controlbot_ws/install/controller/lib/python3.10/site-packages/controller/hl_ctrl.py to hl_ctrl.cpython-310.pyc
[2.086s] running install_data
[2.089s] running install_egg_info
[2.093s] removing '/home/daniel/controlbot_ws/install/controller/lib/python3.10/site-packages/controller-0.0.0-py3.10.egg-info' (and everything under it)
[2.094s] Copying ../../build/controller/controller.egg-info to /home/daniel/controlbot_ws/install/controller/lib/python3.10/site-packages/controller-0.0.0-py3.10.egg-info
[2.097s] running install_scripts
[2.138s] Installing hl_ctrl script to /home/daniel/controlbot_ws/install/controller/lib/controller
[2.139s] Installing hw_interface script to /home/daniel/controlbot_ws/install/controller/lib/controller
[2.139s] Installing mtr_ctrl script to /home/daniel/controlbot_ws/install/controller/lib/controller
[2.140s] writing list of installed files to '/home/daniel/controlbot_ws/build/controller/install.log'
[2.204s] Invoked command in '/home/daniel/controlbot_ws/src/controller' returned '0': PYTHONPATH=/home/daniel/controlbot_ws/build/controller/prefix_override:/usr/lib/python3/dist-packages/colcon_core/task/python/colcon_distutils_commands:/home/daniel/controlbot_ws/install/controller/lib/python3.10/site-packages:${PYTHONPATH} /usr/bin/python3 -W ignore:setup.py install is deprecated -W ignore:easy_install command is deprecated setup.py egg_info --egg-base ../../build/controller build --build-base /home/daniel/controlbot_ws/build/controller/build install --record /home/daniel/controlbot_ws/build/controller/install.log --single-version-externally-managed install_data
