[0.037s] Invoking command in '/home/daniel/controlbot_ws/build/image_geometry': CMAKE_PREFIX_PATH=${CMAKE_PREFIX_PATH}:/home/daniel/controlbot_ws/install/opencv_tests:/home/daniel/controlbot_ws/install/controller:/opt/ros/galactic /usr/bin/cmake /home/daniel/controlbot_ws/src/vision_opencv/image_geometry -DAMENT_CMAKE_SYMLINK_INSTALL=1 -DCMAKE_INSTALL_PREFIX=/home/daniel/controlbot_ws/install/image_geometry
[0.245s] -- The C compiler identification is GNU 9.4.0
[0.441s] -- The CXX compiler identification is GNU 9.4.0
[0.450s] -- Check for working C compiler: /usr/bin/cc
[0.700s] -- Check for working C compiler: /usr/bin/cc -- works
[0.705s] -- Detecting C compiler ABI info
[0.944s] -- Detecting C compiler ABI info - done
[0.976s] -- Detecting C compile features
[0.977s] -- Detecting C compile features - done
[0.982s] -- Check for working CXX compiler: /usr/bin/c++
[1.246s] -- Check for working CXX compiler: /usr/bin/c++ -- works
[1.249s] -- Detecting CXX compiler ABI info
[1.513s] -- Detecting CXX compiler ABI info - done
[1.548s] -- Detecting CXX compile features
[1.550s] -- Detecting CXX compile features - done
[1.554s] -- Found ament_cmake_python: 1.1.6 (/opt/ros/galactic/share/ament_cmake_python/cmake)
[1.557s] -- Found ament_cmake_ros: 0.9.2 (/opt/ros/galactic/share/ament_cmake_ros/cmake)
[1.630s] -- Found PythonInterp: /usr/bin/python3 (found suitable version "3.8.10", minimum required is "3") 
[1.630s] -- Using PYTHON_EXECUTABLE: /usr/bin/python3
[1.779s] -- Override CMake install command with custom implementation using symlinks instead of copying resources
[2.055s] -- Found OpenCV: /usr (found version "4.5.4") found components: calib3d core highgui imgproc 
[2.057s] -- Found sensor_msgs: 2.2.4 (/opt/ros/galactic/share/sensor_msgs/cmake)
[2.118s] -- Using all available rosidl_typesupport_c: rosidl_typesupport_fastrtps_c;rosidl_typesupport_introspection_c
[2.132s] -- Found rosidl_adapter: 2.2.3 (/opt/ros/galactic/share/rosidl_adapter/cmake)
[2.326s] -- Found OpenSSL: /usr/lib/aarch64-linux-gnu/libcrypto.so (found version "1.1.1f")  
[2.394s] -- Found FastRTPS: /opt/ros/galactic/include  
[2.572s] -- Using all available rosidl_typesupport_cpp: rosidl_typesupport_fastrtps_cpp;rosidl_typesupport_introspection_cpp
[2.916s] -- Found gtest sources under '/opt/ros/galactic/src/gtest_vendor': C++ tests using 'Google Test' will be built
[2.921s] -- Looking for pthread.h
[3.162s] -- Looking for pthread.h - found
[3.163s] -- Performing Test CMAKE_HAVE_LIBC_PTHREAD
[3.694s] -- Performing Test CMAKE_HAVE_LIBC_PTHREAD - Failed
[3.694s] -- Check if compiler accepts -pthread
[4.012s] -- Check if compiler accepts -pthread - yes
[4.014s] -- Found Threads: TRUE  
[4.211s] -- Configuring done
[4.254s] -- Generating done
[4.274s] -- Build files have been written to: /home/daniel/controlbot_ws/build/image_geometry
[4.320s] Invoked command in '/home/daniel/controlbot_ws/build/image_geometry' returned '0': CMAKE_PREFIX_PATH=${CMAKE_PREFIX_PATH}:/home/daniel/controlbot_ws/install/opencv_tests:/home/daniel/controlbot_ws/install/controller:/opt/ros/galactic /usr/bin/cmake /home/daniel/controlbot_ws/src/vision_opencv/image_geometry -DAMENT_CMAKE_SYMLINK_INSTALL=1 -DCMAKE_INSTALL_PREFIX=/home/daniel/controlbot_ws/install/image_geometry
[4.329s] Invoking command in '/home/daniel/controlbot_ws/build/image_geometry': CMAKE_PREFIX_PATH=${CMAKE_PREFIX_PATH}:/home/daniel/controlbot_ws/install/opencv_tests:/home/daniel/controlbot_ws/install/controller:/opt/ros/galactic /usr/bin/cmake --build /home/daniel/controlbot_ws/build/image_geometry -- -j6 -l6
[4.456s] [35m[1mScanning dependencies of target ament_cmake_python_symlink_image_geometry[0m
[4.456s] [35m[1mScanning dependencies of target image_geometry[0m
[4.456s] [35m[1mScanning dependencies of target gtest_main[0m
[4.456s] [35m[1mScanning dependencies of target gtest[0m
[4.511s] [  9%] [32mBuilding CXX object gtest/CMakeFiles/gtest_main.dir/src/gtest_main.cc.o[0m
[4.511s] [ 18%] [32mBuilding CXX object CMakeFiles/image_geometry.dir/src/stereo_camera_model.cpp.o[0m
[4.511s] [ 27%] [32mBuilding CXX object gtest/CMakeFiles/gtest.dir/src/gtest-all.cc.o[0m
[4.516s] [ 36%] [32mBuilding CXX object CMakeFiles/image_geometry.dir/src/pinhole_camera_model.cpp.o[0m
[4.543s] [ 36%] Built target ament_cmake_python_symlink_image_geometry
[4.575s] [35m[1mScanning dependencies of target ament_cmake_python_build_image_geometry_egg[0m
[5.286s] running egg_info
[5.286s] creating image_geometry.egg-info
[5.287s] writing image_geometry.egg-info/PKG-INFO
[5.287s] writing dependency_links to image_geometry.egg-info/dependency_links.txt
[5.287s] writing top-level names to image_geometry.egg-info/top_level.txt
[5.287s] writing manifest file 'image_geometry.egg-info/SOURCES.txt'
[5.373s] reading manifest file 'image_geometry.egg-info/SOURCES.txt'
[5.375s] writing manifest file 'image_geometry.egg-info/SOURCES.txt'
[5.574s] [ 36%] Built target ament_cmake_python_build_image_geometry_egg
[6.704s] [ 45%] [32m[1mLinking CXX static library libgtest_main.a[0m
[6.952s] [ 45%] Built target gtest_main
[8.795s] [ 54%] [32m[1mLinking CXX shared library libimage_geometry.so[0m
[9.094s] [ 54%] Built target image_geometry
[13.835s] [ 63%] [32m[1mLinking CXX static library libgtest.a[0m
[14.175s] [ 63%] Built target gtest
[14.209s] [35m[1mScanning dependencies of target image_geometry-utest[0m
[14.209s] [35m[1mScanning dependencies of target image_geometry-utest-equi[0m
[14.274s] [ 72%] [32mBuilding CXX object test/CMakeFiles/image_geometry-utest-equi.dir/utest_equi.cpp.o[0m
[14.280s] [ 81%] [32mBuilding CXX object test/CMakeFiles/image_geometry-utest.dir/utest.cpp.o[0m
[19.335s] [ 90%] [32m[1mLinking CXX executable image_geometry-utest-equi[0m
[19.538s] [100%] [32m[1mLinking CXX executable image_geometry-utest[0m
[19.863s] [100%] Built target image_geometry-utest-equi
[20.110s] [100%] Built target image_geometry-utest
[20.263s] Invoked command in '/home/daniel/controlbot_ws/build/image_geometry' returned '0': CMAKE_PREFIX_PATH=${CMAKE_PREFIX_PATH}:/home/daniel/controlbot_ws/install/opencv_tests:/home/daniel/controlbot_ws/install/controller:/opt/ros/galactic /usr/bin/cmake --build /home/daniel/controlbot_ws/build/image_geometry -- -j6 -l6
[20.308s] Invoking command in '/home/daniel/controlbot_ws/build/image_geometry': CMAKE_PREFIX_PATH=${CMAKE_PREFIX_PATH}:/home/daniel/controlbot_ws/install/opencv_tests:/home/daniel/controlbot_ws/install/controller:/opt/ros/galactic /usr/bin/cmake --install /home/daniel/controlbot_ws/build/image_geometry
[20.336s] -- Install configuration: ""
[20.337s] -- Execute custom install script
[20.337s] -- Symlinking: /home/daniel/controlbot_ws/install/image_geometry/share/image_geometry/environment/pythonpath.sh
[20.366s] -- Symlinking: /home/daniel/controlbot_ws/install/image_geometry/share/image_geometry/environment/pythonpath.dsv
[20.393s] -- Symlinking: /home/daniel/controlbot_ws/install/image_geometry/lib/python3.8/site-packages//image_geometry.egg-info/PKG-INFO
[20.420s] -- Symlinking: /home/daniel/controlbot_ws/install/image_geometry/lib/python3.8/site-packages//image_geometry.egg-info/SOURCES.txt
[20.447s] -- Symlinking: /home/daniel/controlbot_ws/install/image_geometry/lib/python3.8/site-packages//image_geometry.egg-info/dependency_links.txt
[20.475s] -- Symlinking: /home/daniel/controlbot_ws/install/image_geometry/lib/python3.8/site-packages//image_geometry.egg-info/top_level.txt
[20.503s] -- Symlinking: /home/daniel/controlbot_ws/install/image_geometry/lib/python3.8/site-packages/image_geometry/__init__.py
[20.531s] -- Symlinking: /home/daniel/controlbot_ws/install/image_geometry/lib/python3.8/site-packages/image_geometry/cameramodels.py
[20.562s] -- Symlinking: /home/daniel/controlbot_ws/install/image_geometry/include/image_geometry/pinhole_camera_model.h
[20.589s] -- Symlinking: /home/daniel/controlbot_ws/install/image_geometry/include/image_geometry/stereo_camera_model.h
[20.617s] -- Symlinking: /home/daniel/controlbot_ws/install/image_geometry/include/image_geometry/visibility_control.hpp
[20.645s] -- Symlinking: /home/daniel/controlbot_ws/install/image_geometry/lib/libimage_geometry.so
[20.673s] -- Symlinking: /home/daniel/controlbot_ws/install/image_geometry/share/image_geometry/environment/library_path.sh
[20.701s] -- Symlinking: /home/daniel/controlbot_ws/install/image_geometry/share/image_geometry/environment/library_path.dsv
[20.728s] -- Symlinking: /home/daniel/controlbot_ws/install/image_geometry/share/ament_index/resource_index/package_run_dependencies/image_geometry
[20.757s] -- Symlinking: /home/daniel/controlbot_ws/install/image_geometry/share/ament_index/resource_index/parent_prefix_path/image_geometry
[20.784s] -- Symlinking: /home/daniel/controlbot_ws/install/image_geometry/share/image_geometry/environment/ament_prefix_path.sh
[20.811s] -- Symlinking: /home/daniel/controlbot_ws/install/image_geometry/share/image_geometry/environment/ament_prefix_path.dsv
[20.839s] -- Symlinking: /home/daniel/controlbot_ws/install/image_geometry/share/image_geometry/environment/path.sh
[20.866s] -- Symlinking: /home/daniel/controlbot_ws/install/image_geometry/share/image_geometry/environment/path.dsv
[20.894s] -- Symlinking: /home/daniel/controlbot_ws/install/image_geometry/share/image_geometry/local_setup.bash
[20.922s] -- Symlinking: /home/daniel/controlbot_ws/install/image_geometry/share/image_geometry/local_setup.sh
[20.949s] -- Symlinking: /home/daniel/controlbot_ws/install/image_geometry/share/image_geometry/local_setup.zsh
[20.977s] -- Symlinking: /home/daniel/controlbot_ws/install/image_geometry/share/image_geometry/local_setup.dsv
[21.004s] -- Symlinking: /home/daniel/controlbot_ws/install/image_geometry/share/image_geometry/package.dsv
[21.033s] -- Symlinking: /home/daniel/controlbot_ws/install/image_geometry/share/ament_index/resource_index/packages/image_geometry
[21.062s] -- Symlinking: /home/daniel/controlbot_ws/install/image_geometry/share/image_geometry/cmake/ament_cmake_export_libraries-extras.cmake
[21.088s] -- Symlinking: /home/daniel/controlbot_ws/install/image_geometry/share/image_geometry/cmake/ament_cmake_export_dependencies-extras.cmake
[21.116s] -- Symlinking: /home/daniel/controlbot_ws/install/image_geometry/share/image_geometry/cmake/ament_cmake_export_include_directories-extras.cmake
[21.144s] -- Symlinking: /home/daniel/controlbot_ws/install/image_geometry/share/image_geometry/cmake/image_geometryConfig.cmake
[21.172s] -- Symlinking: /home/daniel/controlbot_ws/install/image_geometry/share/image_geometry/cmake/image_geometryConfig-version.cmake
[21.198s] -- Symlinking: /home/daniel/controlbot_ws/install/image_geometry/share/image_geometry/package.xml
[21.302s] Listing '/home/daniel/controlbot_ws/install/image_geometry/lib/python3.8/site-packages/image_geometry'...
[21.302s] Compiling '/home/daniel/controlbot_ws/install/image_geometry/lib/python3.8/site-packages/image_geometry/__init__.py'...
[21.302s] Compiling '/home/daniel/controlbot_ws/install/image_geometry/lib/python3.8/site-packages/image_geometry/cameramodels.py'...
[21.327s] Invoked command in '/home/daniel/controlbot_ws/build/image_geometry' returned '0': CMAKE_PREFIX_PATH=${CMAKE_PREFIX_PATH}:/home/daniel/controlbot_ws/install/opencv_tests:/home/daniel/controlbot_ws/install/controller:/opt/ros/galactic /usr/bin/cmake --install /home/daniel/controlbot_ws/build/image_geometry
