[1.261s] Invoking command in '/home/daniel/controlbot_ws/build/vision_opencv': CMAKE_PREFIX_PATH=/home/daniel/controlbot_ws/install/image_geometry:/home/daniel/controlbot_ws/install/cv_bridge:/home/daniel/controlbot_ws/install/vision_opencv:/home/daniel/controlbot_ws/install/opencv_tests:/home/daniel/controlbot_ws/install/controller:/opt/ros/galactic LD_LIBRARY_PATH=/home/daniel/controlbot_ws/install/image_geometry/lib:/home/daniel/controlbot_ws/install/cv_bridge/lib:/opt/ros/galactic/opt/yaml_cpp_vendor/lib:/opt/ros/galactic/opt/rviz_ogre_vendor/lib:/opt/ros/galactic/lib/aarch64-linux-gnu:/opt/ros/galactic/lib:/usr/local/cuda-11.4/lib64 PYTHONPATH=/home/daniel/controlbot_ws/install/image_geometry/lib/python3.8/site-packages:/home/daniel/controlbot_ws/install/cv_bridge/lib/python3.8/site-packages:/home/daniel/controlbot_ws/install/opencv_tests/lib/python3.8/site-packages:/home/daniel/controlbot_ws/install/controller/lib/python3.8/site-packages:/opt/ros/galactic/lib/python3.8/site-packages /usr/bin/cmake /home/daniel/controlbot_ws/src/vision_opencv/vision_opencv -DAMENT_CMAKE_SYMLINK_INSTALL=1 -DCMAKE_INSTALL_PREFIX=/home/daniel/controlbot_ws/install/vision_opencv
[1.409s] -- The C compiler identification is GNU 9.4.0
[1.604s] -- The CXX compiler identification is GNU 9.4.0
[1.615s] -- Check for working C compiler: /usr/bin/cc
[1.866s] -- Check for working C compiler: /usr/bin/cc -- works
[1.869s] -- Detecting C compiler ABI info
[2.134s] -- Detecting C compiler ABI info - done
[2.150s] -- Detecting C compile features
[2.150s] -- Detecting C compile features - done
[2.158s] -- Check for working CXX compiler: /usr/bin/c++
[2.427s] -- Check for working CXX compiler: /usr/bin/c++ -- works
[2.429s] -- Detecting CXX compiler ABI info
[2.703s] -- Detecting CXX compiler ABI info - done
[2.726s] -- Detecting CXX compile features
[2.728s] -- Detecting CXX compile features - done
[2.734s] -- Found ament_cmake: 1.1.6 (/opt/ros/galactic/share/ament_cmake/cmake)
[2.800s] -- Found PythonInterp: /usr/bin/python3 (found suitable version "3.8.10", minimum required is "3") 
[2.800s] -- Using PYTHON_EXECUTABLE: /usr/bin/python3
[2.963s] -- Override CMake install command with custom implementation using symlinks instead of copying resources
[3.206s] -- Configuring done
[3.212s] -- Generating done
[3.216s] -- Build files have been written to: /home/daniel/controlbot_ws/build/vision_opencv
[3.520s] Invoked command in '/home/daniel/controlbot_ws/build/vision_opencv' returned '0': CMAKE_PREFIX_PATH=/home/daniel/controlbot_ws/install/image_geometry:/home/daniel/controlbot_ws/install/cv_bridge:/home/daniel/controlbot_ws/install/vision_opencv:/home/daniel/controlbot_ws/install/opencv_tests:/home/daniel/controlbot_ws/install/controller:/opt/ros/galactic LD_LIBRARY_PATH=/home/daniel/controlbot_ws/install/image_geometry/lib:/home/daniel/controlbot_ws/install/cv_bridge/lib:/opt/ros/galactic/opt/yaml_cpp_vendor/lib:/opt/ros/galactic/opt/rviz_ogre_vendor/lib:/opt/ros/galactic/lib/aarch64-linux-gnu:/opt/ros/galactic/lib:/usr/local/cuda-11.4/lib64 PYTHONPATH=/home/daniel/controlbot_ws/install/image_geometry/lib/python3.8/site-packages:/home/daniel/controlbot_ws/install/cv_bridge/lib/python3.8/site-packages:/home/daniel/controlbot_ws/install/opencv_tests/lib/python3.8/site-packages:/home/daniel/controlbot_ws/install/controller/lib/python3.8/site-packages:/opt/ros/galactic/lib/python3.8/site-packages /usr/bin/cmake /home/daniel/controlbot_ws/src/vision_opencv/vision_opencv -DAMENT_CMAKE_SYMLINK_INSTALL=1 -DCMAKE_INSTALL_PREFIX=/home/daniel/controlbot_ws/install/vision_opencv
[3.524s] Invoking command in '/home/daniel/controlbot_ws/build/vision_opencv': CMAKE_PREFIX_PATH=/home/daniel/controlbot_ws/install/image_geometry:/home/daniel/controlbot_ws/install/cv_bridge:/home/daniel/controlbot_ws/install/vision_opencv:/home/daniel/controlbot_ws/install/opencv_tests:/home/daniel/controlbot_ws/install/controller:/opt/ros/galactic LD_LIBRARY_PATH=/home/daniel/controlbot_ws/install/image_geometry/lib:/home/daniel/controlbot_ws/install/cv_bridge/lib:/opt/ros/galactic/opt/yaml_cpp_vendor/lib:/opt/ros/galactic/opt/rviz_ogre_vendor/lib:/opt/ros/galactic/lib/aarch64-linux-gnu:/opt/ros/galactic/lib:/usr/local/cuda-11.4/lib64 PYTHONPATH=/home/daniel/controlbot_ws/install/image_geometry/lib/python3.8/site-packages:/home/daniel/controlbot_ws/install/cv_bridge/lib/python3.8/site-packages:/home/daniel/controlbot_ws/install/opencv_tests/lib/python3.8/site-packages:/home/daniel/controlbot_ws/install/controller/lib/python3.8/site-packages:/opt/ros/galactic/lib/python3.8/site-packages /usr/bin/cmake --build /home/daniel/controlbot_ws/build/vision_opencv -- -j6 -l6
[3.624s] Invoked command in '/home/daniel/controlbot_ws/build/vision_opencv' returned '0': CMAKE_PREFIX_PATH=/home/daniel/controlbot_ws/install/image_geometry:/home/daniel/controlbot_ws/install/cv_bridge:/home/daniel/controlbot_ws/install/vision_opencv:/home/daniel/controlbot_ws/install/opencv_tests:/home/daniel/controlbot_ws/install/controller:/opt/ros/galactic LD_LIBRARY_PATH=/home/daniel/controlbot_ws/install/image_geometry/lib:/home/daniel/controlbot_ws/install/cv_bridge/lib:/opt/ros/galactic/opt/yaml_cpp_vendor/lib:/opt/ros/galactic/opt/rviz_ogre_vendor/lib:/opt/ros/galactic/lib/aarch64-linux-gnu:/opt/ros/galactic/lib:/usr/local/cuda-11.4/lib64 PYTHONPATH=/home/daniel/controlbot_ws/install/image_geometry/lib/python3.8/site-packages:/home/daniel/controlbot_ws/install/cv_bridge/lib/python3.8/site-packages:/home/daniel/controlbot_ws/install/opencv_tests/lib/python3.8/site-packages:/home/daniel/controlbot_ws/install/controller/lib/python3.8/site-packages:/opt/ros/galactic/lib/python3.8/site-packages /usr/bin/cmake --build /home/daniel/controlbot_ws/build/vision_opencv -- -j6 -l6
[3.628s] Invoking command in '/home/daniel/controlbot_ws/build/vision_opencv': CMAKE_PREFIX_PATH=/home/daniel/controlbot_ws/install/image_geometry:/home/daniel/controlbot_ws/install/cv_bridge:/home/daniel/controlbot_ws/install/vision_opencv:/home/daniel/controlbot_ws/install/opencv_tests:/home/daniel/controlbot_ws/install/controller:/opt/ros/galactic LD_LIBRARY_PATH=/home/daniel/controlbot_ws/install/image_geometry/lib:/home/daniel/controlbot_ws/install/cv_bridge/lib:/opt/ros/galactic/opt/yaml_cpp_vendor/lib:/opt/ros/galactic/opt/rviz_ogre_vendor/lib:/opt/ros/galactic/lib/aarch64-linux-gnu:/opt/ros/galactic/lib:/usr/local/cuda-11.4/lib64 PYTHONPATH=/home/daniel/controlbot_ws/install/image_geometry/lib/python3.8/site-packages:/home/daniel/controlbot_ws/install/cv_bridge/lib/python3.8/site-packages:/home/daniel/controlbot_ws/install/opencv_tests/lib/python3.8/site-packages:/home/daniel/controlbot_ws/install/controller/lib/python3.8/site-packages:/opt/ros/galactic/lib/python3.8/site-packages /usr/bin/cmake --install /home/daniel/controlbot_ws/build/vision_opencv
[3.652s] -- Install configuration: ""
[3.652s] -- Execute custom install script
[3.653s] -- Symlinking: /home/daniel/controlbot_ws/install/vision_opencv/share/ament_index/resource_index/package_run_dependencies/vision_opencv
[3.683s] -- Symlinking: /home/daniel/controlbot_ws/install/vision_opencv/share/ament_index/resource_index/parent_prefix_path/vision_opencv
[3.711s] -- Symlinking: /home/daniel/controlbot_ws/install/vision_opencv/share/vision_opencv/environment/ament_prefix_path.sh
[3.738s] -- Symlinking: /home/daniel/controlbot_ws/install/vision_opencv/share/vision_opencv/environment/ament_prefix_path.dsv
[3.767s] -- Symlinking: /home/daniel/controlbot_ws/install/vision_opencv/share/vision_opencv/environment/path.sh
[3.793s] -- Symlinking: /home/daniel/controlbot_ws/install/vision_opencv/share/vision_opencv/environment/path.dsv
[3.821s] -- Symlinking: /home/daniel/controlbot_ws/install/vision_opencv/share/vision_opencv/local_setup.bash
[3.850s] -- Symlinking: /home/daniel/controlbot_ws/install/vision_opencv/share/vision_opencv/local_setup.sh
[3.882s] -- Symlinking: /home/daniel/controlbot_ws/install/vision_opencv/share/vision_opencv/local_setup.zsh
[3.912s] -- Symlinking: /home/daniel/controlbot_ws/install/vision_opencv/share/vision_opencv/local_setup.dsv
[3.943s] -- Symlinking: /home/daniel/controlbot_ws/install/vision_opencv/share/vision_opencv/package.dsv
[3.974s] -- Symlinking: /home/daniel/controlbot_ws/install/vision_opencv/share/ament_index/resource_index/packages/vision_opencv
[4.005s] -- Symlinking: /home/daniel/controlbot_ws/install/vision_opencv/share/vision_opencv/cmake/vision_opencvConfig.cmake
[4.032s] -- Symlinking: /home/daniel/controlbot_ws/install/vision_opencv/share/vision_opencv/cmake/vision_opencvConfig-version.cmake
[4.059s] -- Symlinking: /home/daniel/controlbot_ws/install/vision_opencv/share/vision_opencv/package.xml
[4.094s] Invoked command in '/home/daniel/controlbot_ws/build/vision_opencv' returned '0': CMAKE_PREFIX_PATH=/home/daniel/controlbot_ws/install/image_geometry:/home/daniel/controlbot_ws/install/cv_bridge:/home/daniel/controlbot_ws/install/vision_opencv:/home/daniel/controlbot_ws/install/opencv_tests:/home/daniel/controlbot_ws/install/controller:/opt/ros/galactic LD_LIBRARY_PATH=/home/daniel/controlbot_ws/install/image_geometry/lib:/home/daniel/controlbot_ws/install/cv_bridge/lib:/opt/ros/galactic/opt/yaml_cpp_vendor/lib:/opt/ros/galactic/opt/rviz_ogre_vendor/lib:/opt/ros/galactic/lib/aarch64-linux-gnu:/opt/ros/galactic/lib:/usr/local/cuda-11.4/lib64 PYTHONPATH=/home/daniel/controlbot_ws/install/image_geometry/lib/python3.8/site-packages:/home/daniel/controlbot_ws/install/cv_bridge/lib/python3.8/site-packages:/home/daniel/controlbot_ws/install/opencv_tests/lib/python3.8/site-packages:/home/daniel/controlbot_ws/install/controller/lib/python3.8/site-packages:/opt/ros/galactic/lib/python3.8/site-packages /usr/bin/cmake --install /home/daniel/controlbot_ws/build/vision_opencv
