[1.232s] Invoking command in '/home/daniel/controlbot_ws/src/controller': PYTHONPATH=/home/daniel/controlbot_ws/build/controller/prefix_override:/usr/lib/python3/dist-packages/colcon_core/task/python/colcon_distutils_commands:/home/daniel/controlbot_ws/install/controller/lib/python3.10/site-packages:${PYTHONPATH} /usr/bin/python3 -W ignore:setup.py install is deprecated -W ignore:easy_install command is deprecated setup.py egg_info --egg-base ../../build/controller build --build-base /home/daniel/controlbot_ws/build/controller/build install --record /home/daniel/controlbot_ws/build/controller/install.log --single-version-externally-managed install_data
[1.719s] running egg_info
[1.720s] writing ../../build/controller/controller.egg-info/PKG-INFO
[1.721s] writing dependency_links to ../../build/controller/controller.egg-info/dependency_links.txt
[1.721s] writing entry points to ../../build/controller/controller.egg-info/entry_points.txt
[1.721s] writing requirements to ../../build/controller/controller.egg-info/requires.txt
[1.721s] writing top-level names to ../../build/controller/controller.egg-info/top_level.txt
[1.725s] reading manifest file '../../build/controller/controller.egg-info/SOURCES.txt'
[1.725s] adding license file 'LICENSE'
[1.727s] writing manifest file '../../build/controller/controller.egg-info/SOURCES.txt'
[1.727s] running build
[1.727s] running build_py
[1.727s] copying controller/hw_interface.py -> /home/daniel/controlbot_ws/build/controller/build/lib/controller
[1.728s] running install
[1.729s] running install_lib
[1.731s] copying /home/daniel/controlbot_ws/build/controller/build/lib/controller/hw_interface.py -> /home/daniel/controlbot_ws/install/controller/lib/python3.10/site-packages/controller
[1.732s] byte-compiling /home/daniel/controlbot_ws/install/controller/lib/python3.10/site-packages/controller/hw_interface.py to hw_interface.cpython-310.pyc
[1.733s]   File "/home/daniel/controlbot_ws/install/controller/lib/python3.10/site-packages/controller/hw_interface.py", line 42
[1.733s]     self.get_logger().info('Sending {} for Motor {}'.format(mtr_cmds[i], i+1)
[1.733s]                           ^
[1.733s] SyntaxError: '(' was never closed
[1.734s] 
[1.734s] running install_data
[1.734s] running install_egg_info
[1.737s] removing '/home/daniel/controlbot_ws/install/controller/lib/python3.10/site-packages/controller-0.0.0-py3.10.egg-info' (and everything under it)
[1.738s] Copying ../../build/controller/controller.egg-info to /home/daniel/controlbot_ws/install/controller/lib/python3.10/site-packages/controller-0.0.0-py3.10.egg-info
[1.740s] running install_scripts
[1.783s] Installing hl_ctrl script to /home/daniel/controlbot_ws/install/controller/lib/controller
[1.784s] Installing hw_interface script to /home/daniel/controlbot_ws/install/controller/lib/controller
[1.784s] Installing mtr_ctrl script to /home/daniel/controlbot_ws/install/controller/lib/controller
[1.785s] writing list of installed files to '/home/daniel/controlbot_ws/build/controller/install.log'
[1.853s] Invoked command in '/home/daniel/controlbot_ws/src/controller' returned '0': PYTHONPATH=/home/daniel/controlbot_ws/build/controller/prefix_override:/usr/lib/python3/dist-packages/colcon_core/task/python/colcon_distutils_commands:/home/daniel/controlbot_ws/install/controller/lib/python3.10/site-packages:${PYTHONPATH} /usr/bin/python3 -W ignore:setup.py install is deprecated -W ignore:easy_install command is deprecated setup.py egg_info --egg-base ../../build/controller build --build-base /home/daniel/controlbot_ws/build/controller/build install --record /home/daniel/controlbot_ws/build/controller/install.log --single-version-externally-managed install_data
