running develop
running egg_info
creating controller.egg-info
writing controller.egg-info/PKG-INFO
writing dependency_links to controller.egg-info/dependency_links.txt
writing entry points to controller.egg-info/entry_points.txt
writing requirements to controller.egg-info/requires.txt
writing top-level names to controller.egg-info/top_level.txt
writing manifest file 'controller.egg-info/SOURCES.txt'
reading manifest file 'controller.egg-info/SOURCES.txt'
writing manifest file 'controller.egg-info/SOURCES.txt'
running build_ext
Creating /home/daniel/controlbot_ws/install/controller/lib/python3.8/site-packages/site.py
Creating /home/daniel/controlbot_ws/install/controller/lib/python3.8/site-packages/controller.egg-link (link to .)
Installing depth_processing script to /home/daniel/controlbot_ws/install/controller/lib/controller
Installing hl_ctrl script to /home/daniel/controlbot_ws/install/controller/lib/controller
Installing hw_interface script to /home/daniel/controlbot_ws/install/controller/lib/controller
Installing mtr_ctrl script to /home/daniel/controlbot_ws/install/controller/lib/controller

Installed /home/daniel/controlbot_ws/build/controller
running symlink_data
creating /home/daniel/controlbot_ws/install/controller/share/ament_index
creating /home/daniel/controlbot_ws/install/controller/share/ament_index/resource_index
creating /home/daniel/controlbot_ws/install/controller/share/ament_index/resource_index/packages
symbolically linking /home/daniel/controlbot_ws/build/controller/resource/controller -> /home/daniel/controlbot_ws/install/controller/share/ament_index/resource_index/packages
symbolically linking /home/daniel/controlbot_ws/build/controller/package.xml -> /home/daniel/controlbot_ws/install/controller/share/controller
