[1.482s] Invoking command in '/home/daniel/controlbot_ws/src/controller': PYTHONPATH=/home/daniel/controlbot_ws/build/controller/prefix_override:/usr/lib/python3/dist-packages/colcon_core/task/python/colcon_distutils_commands:/home/daniel/controlbot_ws/install/controller/lib/python3.10/site-packages:${PYTHONPATH} /usr/bin/python3 -W ignore:setup.py install is deprecated -W ignore:easy_install command is deprecated setup.py egg_info --egg-base ../../build/controller build --build-base /home/daniel/controlbot_ws/build/controller/build install --record /home/daniel/controlbot_ws/build/controller/install.log --single-version-externally-managed install_data
[1.962s] running egg_info
[1.963s] writing ../../build/controller/controller.egg-info/PKG-INFO
[1.964s] writing dependency_links to ../../build/controller/controller.egg-info/dependency_links.txt
[1.964s] writing entry points to ../../build/controller/controller.egg-info/entry_points.txt
[1.965s] writing requirements to ../../build/controller/controller.egg-info/requires.txt
[1.965s] writing top-level names to ../../build/controller/controller.egg-info/top_level.txt
[1.969s] reading manifest file '../../build/controller/controller.egg-info/SOURCES.txt'
[1.972s] adding license file 'LICENSE'
[1.973s] writing manifest file '../../build/controller/controller.egg-info/SOURCES.txt'
[1.974s] running build
[1.974s] running build_py
[1.974s] copying controller/motorcmd.py -> /home/daniel/controlbot_ws/build/controller/build/lib/controller
[1.975s] running install
[1.975s] running install_lib
[1.977s] copying /home/daniel/controlbot_ws/build/controller/build/lib/controller/motorcmd.py -> /home/daniel/controlbot_ws/install/controller/lib/python3.10/site-packages/controller
[1.978s] byte-compiling /home/daniel/controlbot_ws/install/controller/lib/python3.10/site-packages/controller/motorcmd.py to motorcmd.cpython-310.pyc
[1.979s] Sorry: TabError: inconsistent use of tabs and spaces in indentation (motorcmd.py, line 28)
[1.979s] running install_data
[1.979s] running install_egg_info
[1.982s] removing '/home/daniel/controlbot_ws/install/controller/lib/python3.10/site-packages/controller-0.0.0-py3.10.egg-info' (and everything under it)
[1.983s] Copying ../../build/controller/controller.egg-info to /home/daniel/controlbot_ws/install/controller/lib/python3.10/site-packages/controller-0.0.0-py3.10.egg-info
[1.986s] running install_scripts
[2.027s] Installing controller script to /home/daniel/controlbot_ws/install/controller/lib/controller
[2.028s] writing list of installed files to '/home/daniel/controlbot_ws/build/controller/install.log'
[2.093s] Invoked command in '/home/daniel/controlbot_ws/src/controller' returned '0': PYTHONPATH=/home/daniel/controlbot_ws/build/controller/prefix_override:/usr/lib/python3/dist-packages/colcon_core/task/python/colcon_distutils_commands:/home/daniel/controlbot_ws/install/controller/lib/python3.10/site-packages:${PYTHONPATH} /usr/bin/python3 -W ignore:setup.py install is deprecated -W ignore:easy_install command is deprecated setup.py egg_info --egg-base ../../build/controller build --build-base /home/daniel/controlbot_ws/build/controller/build install --record /home/daniel/controlbot_ws/build/controller/install.log --single-version-externally-managed install_data
