[1.213s] Invoking command in '/home/daniel/controlbot_ws/src/controller': PYTHONPATH=/home/daniel/controlbot_ws/build/controller/prefix_override:/usr/lib/python3/dist-packages/colcon_core/task/python/colcon_distutils_commands:/home/daniel/controlbot_ws/install/controller/lib/python3.10/site-packages:${PYTHONPATH} /usr/bin/python3 -W ignore:setup.py install is deprecated -W ignore:easy_install command is deprecated setup.py egg_info --egg-base ../../build/controller build --build-base /home/daniel/controlbot_ws/build/controller/build install --record /home/daniel/controlbot_ws/build/controller/install.log --single-version-externally-managed install_data
[1.697s] running egg_info
[1.698s] writing ../../build/controller/controller.egg-info/PKG-INFO
[1.699s] writing dependency_links to ../../build/controller/controller.egg-info/dependency_links.txt
[1.699s] writing entry points to ../../build/controller/controller.egg-info/entry_points.txt
[1.700s] writing requirements to ../../build/controller/controller.egg-info/requires.txt
[1.700s] writing top-level names to ../../build/controller/controller.egg-info/top_level.txt
[1.704s] reading manifest file '../../build/controller/controller.egg-info/SOURCES.txt'
[1.704s] adding license file 'LICENSE'
[1.705s] writing manifest file '../../build/controller/controller.egg-info/SOURCES.txt'
[1.706s] running build
[1.706s] running build_py
[1.706s] copying controller/hl_ctrl.py -> /home/daniel/controlbot_ws/build/controller/build/lib/controller
[1.707s] running install
[1.707s] running install_lib
[1.709s] copying /home/daniel/controlbot_ws/build/controller/build/lib/controller/hl_ctrl.py -> /home/daniel/controlbot_ws/install/controller/lib/python3.10/site-packages/controller
[1.710s] byte-compiling /home/daniel/controlbot_ws/install/controller/lib/python3.10/site-packages/controller/mtr_ctrl.py to mtr_ctrl.cpython-310.pyc
[1.711s] Sorry: TabError: inconsistent use of tabs and spaces in indentation (mtr_ctrl.py, line 28)
[1.711s] byte-compiling /home/daniel/controlbot_ws/install/controller/lib/python3.10/site-packages/controller/motorcmd.py to motorcmd.cpython-310.pyc
[1.712s] Sorry: TabError: inconsistent use of tabs and spaces in indentation (motorcmd.py, line 28)
[1.712s] byte-compiling /home/daniel/controlbot_ws/install/controller/lib/python3.10/site-packages/controller/hl_ctrl.py to hl_ctrl.cpython-310.pyc
[1.712s] running install_data
[1.713s] running install_egg_info
[1.717s] removing '/home/daniel/controlbot_ws/install/controller/lib/python3.10/site-packages/controller-0.0.0-py3.10.egg-info' (and everything under it)
[1.717s] Copying ../../build/controller/controller.egg-info to /home/daniel/controlbot_ws/install/controller/lib/python3.10/site-packages/controller-0.0.0-py3.10.egg-info
[1.719s] running install_scripts
[1.764s] Installing hl_ctrl = controller.hl_ctrl:mainmtr_ctrl script to /home/daniel/controlbot_ws/install/controller/lib/controller
[1.764s] writing list of installed files to '/home/daniel/controlbot_ws/build/controller/install.log'
[1.834s] Invoked command in '/home/daniel/controlbot_ws/src/controller' returned '0': PYTHONPATH=/home/daniel/controlbot_ws/build/controller/prefix_override:/usr/lib/python3/dist-packages/colcon_core/task/python/colcon_distutils_commands:/home/daniel/controlbot_ws/install/controller/lib/python3.10/site-packages:${PYTHONPATH} /usr/bin/python3 -W ignore:setup.py install is deprecated -W ignore:easy_install command is deprecated setup.py egg_info --egg-base ../../build/controller build --build-base /home/daniel/controlbot_ws/build/controller/build install --record /home/daniel/controlbot_ws/build/controller/install.log --single-version-externally-managed install_data
