[4.301s] Invoking command in '/home/daniel/controlbot_ws/build/controller': CMAKE_PREFIX_PATH=/home/daniel/controlbot_ws/install/cv_bridge:/home/daniel/controlbot_ws/install/vision_opencv:/home/daniel/controlbot_ws/install/image_geometry LD_LIBRARY_PATH=/home/daniel/controlbot_ws/install/cv_bridge/lib:/usr/local/cuda-11.4/lib64:/home/daniel/controlbot_ws/install/image_geometry/lib:/opt/ros/galactic/opt/yaml_cpp_vendor/lib:/opt/ros/galactic/opt/rviz_ogre_vendor/lib:/opt/ros/galactic/lib/aarch64-linux-gnu:/opt/ros/galactic/lib:/usr/local/cuda-11.4/lib64 PYTHONPATH=/home/daniel/controlbot_ws/build/controller/prefix_override:/usr/lib/python3/dist-packages/colcon_core/task/python/colcon_distutils_commands:/home/daniel/controlbot_ws/install/controller/lib/python3.8/site-packages:/home/daniel/controlbot_ws/install/cv_bridge/lib/python3.8/site-packages:/home/daniel/controlbot_ws/build/opencv_tests:/home/daniel/controlbot_ws/install/opencv_tests/lib/python3.8/site-packages:/home/daniel/controlbot_ws/install/image_geometry/lib/python3.8/site-packages:/home/daniel/controlbot_ws/build/controller:/home/daniel/controlbot_ws/install/controller/lib/python3.8/site-packages:/opt/ros/galactic/lib/python3.8/site-packages /usr/bin/python3 -W ignore:setup.py install is deprecated -W ignore:easy_install command is deprecated setup.py develop --editable --build-directory /home/daniel/controlbot_ws/build/controller/build --no-deps symlink_data
[5.084s] running develop
[5.591s] running egg_info
[5.592s] writing controller.egg-info/PKG-INFO
[5.592s] writing dependency_links to controller.egg-info/dependency_links.txt
[5.593s] writing entry points to controller.egg-info/entry_points.txt
[5.593s] writing requirements to controller.egg-info/requires.txt
[5.593s] writing top-level names to controller.egg-info/top_level.txt
[5.813s] reading manifest file 'controller.egg-info/SOURCES.txt'
[5.954s] writing manifest file 'controller.egg-info/SOURCES.txt'
[6.042s] running build_ext
[6.182s] Creating /home/daniel/controlbot_ws/install/controller/lib/python3.8/site-packages/controller.egg-link (link to .)
[6.185s] Installing depth_processing script to /home/daniel/controlbot_ws/install/controller/lib/controller
[6.186s] Installing hl_ctrl script to /home/daniel/controlbot_ws/install/controller/lib/controller
[6.186s] Installing hw_interface script to /home/daniel/controlbot_ws/install/controller/lib/controller
[6.187s] Installing mtr_ctrl script to /home/daniel/controlbot_ws/install/controller/lib/controller
[6.187s] 
[6.188s] Installed /home/daniel/controlbot_ws/build/controller
[6.188s] running symlink_data
[6.332s] Invoked command in '/home/daniel/controlbot_ws/build/controller' returned '0': CMAKE_PREFIX_PATH=/home/daniel/controlbot_ws/install/cv_bridge:/home/daniel/controlbot_ws/install/vision_opencv:/home/daniel/controlbot_ws/install/image_geometry LD_LIBRARY_PATH=/home/daniel/controlbot_ws/install/cv_bridge/lib:/usr/local/cuda-11.4/lib64:/home/daniel/controlbot_ws/install/image_geometry/lib:/opt/ros/galactic/opt/yaml_cpp_vendor/lib:/opt/ros/galactic/opt/rviz_ogre_vendor/lib:/opt/ros/galactic/lib/aarch64-linux-gnu:/opt/ros/galactic/lib:/usr/local/cuda-11.4/lib64 PYTHONPATH=/home/daniel/controlbot_ws/build/controller/prefix_override:/usr/lib/python3/dist-packages/colcon_core/task/python/colcon_distutils_commands:/home/daniel/controlbot_ws/install/controller/lib/python3.8/site-packages:/home/daniel/controlbot_ws/install/cv_bridge/lib/python3.8/site-packages:/home/daniel/controlbot_ws/build/opencv_tests:/home/daniel/controlbot_ws/install/opencv_tests/lib/python3.8/site-packages:/home/daniel/controlbot_ws/install/image_geometry/lib/python3.8/site-packages:/home/daniel/controlbot_ws/build/controller:/home/daniel/controlbot_ws/install/controller/lib/python3.8/site-packages:/opt/ros/galactic/lib/python3.8/site-packages /usr/bin/python3 -W ignore:setup.py install is deprecated -W ignore:easy_install command is deprecated setup.py develop --editable --build-directory /home/daniel/controlbot_ws/build/controller/build --no-deps symlink_data
