[0.030s] Invoking command in '/home/daniel/controlbot_ws/build/realsense2_camera': AMENT_PREFIX_PATH=/home/daniel/controlbot_ws/install/realsense2_camera_msgs:${AMENT_PREFIX_PATH} CMAKE_PREFIX_PATH=/home/daniel/controlbot_ws/install/realsense2_camera_msgs:/home/daniel/controlbot_ws/install/rs_ctrl:/home/daniel/controlbot_ws/install/controller:/opt/ros/humble LD_LIBRARY_PATH=/home/daniel/controlbot_ws/install/realsense2_camera_msgs/lib:${LD_LIBRARY_PATH} PYTHONPATH=/home/daniel/controlbot_ws/install/realsense2_camera_msgs/local/lib/python3.10/dist-packages:${PYTHONPATH} /usr/bin/cmake /home/daniel/controlbot_ws/src/realsense-ros/realsense2_camera -DCMAKE_INSTALL_PREFIX=/home/daniel/controlbot_ws/install/realsense2_camera
[0.134s] -- The C compiler identification is GNU 11.4.0
[0.252s] -- The CXX compiler identification is GNU 11.4.0
[0.274s] -- Detecting C compiler ABI info
[0.421s] -- Detecting C compiler ABI info - done
[0.436s] -- Check for working C compiler: /usr/bin/cc - skipped
[0.437s] -- Detecting C compile features
[0.438s] -- Detecting C compile features - done
[0.450s] -- Detecting CXX compiler ABI info
[0.615s] -- Detecting CXX compiler ABI info - done
[0.631s] -- Check for working CXX compiler: /usr/bin/c++ - skipped
[0.632s] -- Detecting CXX compile features
[0.634s] -- Detecting CXX compile features - done
[0.637s] -- Create Release Build.
[0.642s] -- Found ament_cmake: 1.3.11 (/opt/ros/humble/share/ament_cmake/cmake)
[1.026s] -- Found Python3: /usr/bin/python3 (found version "3.10.12") found components: Interpreter 
[1.222s] -- Found builtin_interfaces: 1.2.1 (/opt/ros/humble/share/builtin_interfaces/cmake)
[1.288s] -- Found rosidl_generator_c: 3.1.6 (/opt/ros/humble/share/rosidl_generator_c/cmake)
[1.297s] -- Found rosidl_adapter: 3.1.6 (/opt/ros/humble/share/rosidl_adapter/cmake)
[1.313s] -- Found rosidl_generator_cpp: 3.1.6 (/opt/ros/humble/share/rosidl_generator_cpp/cmake)
[1.334s] -- Using all available rosidl_typesupport_c: rosidl_typesupport_fastrtps_c;rosidl_typesupport_introspection_c
[1.364s] -- Using all available rosidl_typesupport_cpp: rosidl_typesupport_fastrtps_cpp;rosidl_typesupport_introspection_cpp
[1.395s] -- Found cv_bridge: 3.2.1 (/opt/ros/humble/share/cv_bridge/cmake)
[1.520s] -- Found image_transport: 3.1.10 (/opt/ros/humble/share/image_transport/cmake)
[1.675s] -- Found rmw_implementation_cmake: 6.1.2 (/opt/ros/humble/share/rmw_implementation_cmake/cmake)
[1.690s] -- Found rmw_fastrtps_cpp: 6.2.7 (/opt/ros/humble/share/rmw_fastrtps_cpp/cmake)
[1.970s] -- Found OpenSSL: /usr/lib/aarch64-linux-gnu/libcrypto.so (found version "3.0.2")  
[2.053s] -- Found FastRTPS: /opt/ros/humble/include  
[2.142s] -- Using RMW implementation 'rmw_fastrtps_cpp' as default
[2.182s] -- Looking for pthread.h
[2.364s] -- Looking for pthread.h - found
[2.364s] -- Performing Test CMAKE_HAVE_LIBC_PTHREAD
[2.545s] -- Performing Test CMAKE_HAVE_LIBC_PTHREAD - Success
[2.549s] -- Found Threads: TRUE  
[2.804s] -- Found rclcpp_components: 16.0.11 (/opt/ros/humble/share/rclcpp_components/cmake)
[2.870s] -- Found realsense2_camera_msgs: 4.55.1 (/home/daniel/controlbot_ws/install/realsense2_camera_msgs/share/realsense2_camera_msgs/cmake)
[2.911s] -- Found nav_msgs: 4.2.4 (/opt/ros/humble/share/nav_msgs/cmake)
[2.964s] -- Found tf2_ros: 0.25.12 (/opt/ros/humble/share/tf2_ros/cmake)
[3.188s] -- Found diagnostic_updater: 4.0.2 (/opt/ros/humble/share/diagnostic_updater/cmake)
[3.252s] -- Found OpenCV: /usr (found version "4.8.0") found components: core 
[3.258s] -- Build for ROS2 Humble
[3.273s] -- Found ament_cmake_gtest: 1.3.11 (/opt/ros/humble/share/ament_cmake_gtest/cmake)
[3.284s] -- Found gtest sources under '/opt/ros/humble/src/gtest_vendor': C++ tests using 'Google Test' will be built
[3.299s] -- Found ament_cmake_pytest: 1.3.11 (/opt/ros/humble/share/ament_cmake_pytest/cmake)
[10.307s] -- rs_device_info:
[10.308s] -- No device detected. Is it plugged in?
[10.308s] 
[10.507s] -- Configuring done
[10.584s] -- Generating done
[10.604s] -- Build files have been written to: /home/daniel/controlbot_ws/build/realsense2_camera
[10.639s] Invoked command in '/home/daniel/controlbot_ws/build/realsense2_camera' returned '0': AMENT_PREFIX_PATH=/home/daniel/controlbot_ws/install/realsense2_camera_msgs:${AMENT_PREFIX_PATH} CMAKE_PREFIX_PATH=/home/daniel/controlbot_ws/install/realsense2_camera_msgs:/home/daniel/controlbot_ws/install/rs_ctrl:/home/daniel/controlbot_ws/install/controller:/opt/ros/humble LD_LIBRARY_PATH=/home/daniel/controlbot_ws/install/realsense2_camera_msgs/lib:${LD_LIBRARY_PATH} PYTHONPATH=/home/daniel/controlbot_ws/install/realsense2_camera_msgs/local/lib/python3.10/dist-packages:${PYTHONPATH} /usr/bin/cmake /home/daniel/controlbot_ws/src/realsense-ros/realsense2_camera -DCMAKE_INSTALL_PREFIX=/home/daniel/controlbot_ws/install/realsense2_camera
[10.643s] Invoking command in '/home/daniel/controlbot_ws/build/realsense2_camera': AMENT_PREFIX_PATH=/home/daniel/controlbot_ws/install/realsense2_camera_msgs:${AMENT_PREFIX_PATH} CMAKE_PREFIX_PATH=/home/daniel/controlbot_ws/install/realsense2_camera_msgs:/home/daniel/controlbot_ws/install/rs_ctrl:/home/daniel/controlbot_ws/install/controller:/opt/ros/humble LD_LIBRARY_PATH=/home/daniel/controlbot_ws/install/realsense2_camera_msgs/lib:${LD_LIBRARY_PATH} PYTHONPATH=/home/daniel/controlbot_ws/install/realsense2_camera_msgs/local/lib/python3.10/dist-packages:${PYTHONPATH} /usr/bin/cmake --build /home/daniel/controlbot_ws/build/realsense2_camera -- -j6 -l6
[10.775s] [  4%] [32mBuilding CXX object gtest/CMakeFiles/gtest_main.dir/src/gtest_main.cc.o[0m
[10.776s] [ 13%] [32mBuilding CXX object CMakeFiles/realsense2_camera.dir/src/parameters.cpp.o[0m
[10.777s] [ 13%] [32mBuilding CXX object CMakeFiles/realsense2_camera.dir/src/base_realsense_node.cpp.o[0m
[10.782s] [ 18%] [32mBuilding CXX object CMakeFiles/realsense2_camera.dir/src/realsense_node_factory.cpp.o[0m
[10.788s] [ 22%] [32mBuilding CXX object gtest/CMakeFiles/gtest.dir/src/gtest-all.cc.o[0m
[10.794s] [ 27%] [32mBuilding CXX object CMakeFiles/realsense2_camera_node.dir/rclcpp_components/node_main_realsense2_camera_node.cpp.o[0m
[12.665s] [ 31%] [32m[1mLinking CXX static library libgtest_main.a[0m
[16.862s] [ 31%] Built target gtest_main
[16.880s] [ 36%] [32mBuilding CXX object CMakeFiles/realsense2_camera.dir/src/rs_node_setup.cpp.o[0m
[19.890s] [ 40%] [32m[1mLinking CXX executable realsense2_camera_node[0m
[20.201s] [ 40%] Built target realsense2_camera_node
[20.219s] [ 45%] [32mBuilding CXX object CMakeFiles/realsense2_camera.dir/src/ros_sensor.cpp.o[0m
[36.323s] [ 50%] [32m[1mLinking CXX static library libgtest.a[0m
[36.749s] [ 50%] Built target gtest
[36.770s] [ 54%] [32mBuilding CXX object CMakeFiles/realsense2_camera.dir/src/ros_utils.cpp.o[0m
[37.028s] [ 59%] [32mBuilding CXX object CMakeFiles/realsense2_camera.dir/src/dynamic_params.cpp.o[0m
[41.818s] [ 63%] [32mBuilding CXX object CMakeFiles/realsense2_camera.dir/src/sensor_params.cpp.o[0m
[45.929s] [ 68%] [32mBuilding CXX object CMakeFiles/realsense2_camera.dir/src/named_filter.cpp.o[0m
[46.209s] [ 72%] [32mBuilding CXX object CMakeFiles/realsense2_camera.dir/src/profile_manager.cpp.o[0m
[51.242s] [ 77%] [32mBuilding CXX object CMakeFiles/realsense2_camera.dir/src/image_publisher.cpp.o[0m
[52.785s] [ 81%] [32mBuilding CXX object CMakeFiles/realsense2_camera.dir/src/tfs.cpp.o[0m
[54.931s] [ 86%] [32mBuilding CXX object CMakeFiles/realsense2_camera.dir/src/ros_param_backend.cpp.o[0m
[58.983s] [ 90%] [32mBuilding CXX object CMakeFiles/gtest_template.dir/test/gtest_template.cpp.o[0m
[61.250s] [ 95%] [32m[1mLinking CXX executable gtest_template[0m
[61.499s] [ 95%] Built target gtest_template
[77.458s] [100%] [32m[1mLinking CXX shared library librealsense2_camera.so[0m
[79.297s] [100%] Built target realsense2_camera
[79.331s] Invoked command in '/home/daniel/controlbot_ws/build/realsense2_camera' returned '0': AMENT_PREFIX_PATH=/home/daniel/controlbot_ws/install/realsense2_camera_msgs:${AMENT_PREFIX_PATH} CMAKE_PREFIX_PATH=/home/daniel/controlbot_ws/install/realsense2_camera_msgs:/home/daniel/controlbot_ws/install/rs_ctrl:/home/daniel/controlbot_ws/install/controller:/opt/ros/humble LD_LIBRARY_PATH=/home/daniel/controlbot_ws/install/realsense2_camera_msgs/lib:${LD_LIBRARY_PATH} PYTHONPATH=/home/daniel/controlbot_ws/install/realsense2_camera_msgs/local/lib/python3.10/dist-packages:${PYTHONPATH} /usr/bin/cmake --build /home/daniel/controlbot_ws/build/realsense2_camera -- -j6 -l6
[79.336s] Invoking command in '/home/daniel/controlbot_ws/build/realsense2_camera': AMENT_PREFIX_PATH=/home/daniel/controlbot_ws/install/realsense2_camera_msgs:${AMENT_PREFIX_PATH} CMAKE_PREFIX_PATH=/home/daniel/controlbot_ws/install/realsense2_camera_msgs:/home/daniel/controlbot_ws/install/rs_ctrl:/home/daniel/controlbot_ws/install/controller:/opt/ros/humble LD_LIBRARY_PATH=/home/daniel/controlbot_ws/install/realsense2_camera_msgs/lib:${LD_LIBRARY_PATH} PYTHONPATH=/home/daniel/controlbot_ws/install/realsense2_camera_msgs/local/lib/python3.10/dist-packages:${PYTHONPATH} /usr/bin/cmake --install /home/daniel/controlbot_ws/build/realsense2_camera
[79.356s] -- Install configuration: "Release"
[79.356s] -- Installing: /home/daniel/controlbot_ws/install/realsense2_camera/lib/realsense2_camera/realsense2_camera_node
[79.357s] -- Set runtime path of "/home/daniel/controlbot_ws/install/realsense2_camera/lib/realsense2_camera/realsense2_camera_node" to ""
[79.358s] -- Installing: /home/daniel/controlbot_ws/install/realsense2_camera/lib/librealsense2_camera.so
[79.366s] -- Set runtime path of "/home/daniel/controlbot_ws/install/realsense2_camera/lib/librealsense2_camera.so" to ""
[79.366s] -- Installing: /home/daniel/controlbot_ws/install/realsense2_camera/include
[79.367s] -- Installing: /home/daniel/controlbot_ws/install/realsense2_camera/include/named_filter.h
[79.367s] -- Installing: /home/daniel/controlbot_ws/install/realsense2_camera/include/realsense_node_factory.h
[79.368s] -- Installing: /home/daniel/controlbot_ws/install/realsense2_camera/include/ros_param_backend.h
[79.368s] -- Installing: /home/daniel/controlbot_ws/install/realsense2_camera/include/dynamic_params.h
[79.369s] -- Installing: /home/daniel/controlbot_ws/install/realsense2_camera/include/base_realsense_node.h
[79.369s] -- Installing: /home/daniel/controlbot_ws/install/realsense2_camera/include/gl_window.h
[79.369s] -- Installing: /home/daniel/controlbot_ws/install/realsense2_camera/include/profile_manager.h
[79.370s] -- Installing: /home/daniel/controlbot_ws/install/realsense2_camera/include/ros_utils.h
[79.370s] -- Installing: /home/daniel/controlbot_ws/install/realsense2_camera/include/image_publisher.h
[79.370s] -- Installing: /home/daniel/controlbot_ws/install/realsense2_camera/include/constants.h
[79.371s] -- Installing: /home/daniel/controlbot_ws/install/realsense2_camera/include/ros_sensor.h
[79.371s] -- Installing: /home/daniel/controlbot_ws/install/realsense2_camera/include/sensor_params.h
[79.371s] -- Installing: /home/daniel/controlbot_ws/install/realsense2_camera/share/realsense2_camera/launch
[79.371s] -- Installing: /home/daniel/controlbot_ws/install/realsense2_camera/share/realsense2_camera/launch/rs_multi_camera_launch.py
[79.372s] -- Installing: /home/daniel/controlbot_ws/install/realsense2_camera/share/realsense2_camera/launch/rs_intra_process_demo_launch.py
[79.373s] -- Installing: /home/daniel/controlbot_ws/install/realsense2_camera/share/realsense2_camera/launch/default.rviz
[79.374s] -- Installing: /home/daniel/controlbot_ws/install/realsense2_camera/share/realsense2_camera/launch/rs_launch.py
[79.375s] -- Installing: /home/daniel/controlbot_ws/install/realsense2_camera/share/realsense2_camera/examples
[79.375s] -- Installing: /home/daniel/controlbot_ws/install/realsense2_camera/share/realsense2_camera/examples/pointcloud
[79.376s] -- Installing: /home/daniel/controlbot_ws/install/realsense2_camera/share/realsense2_camera/examples/pointcloud/README.md
[79.376s] -- Installing: /home/daniel/controlbot_ws/install/realsense2_camera/share/realsense2_camera/examples/pointcloud/rs_d455_pointcloud_launch.py
[79.377s] -- Installing: /home/daniel/controlbot_ws/install/realsense2_camera/share/realsense2_camera/examples/pointcloud/rviz
[79.377s] -- Installing: /home/daniel/controlbot_ws/install/realsense2_camera/share/realsense2_camera/examples/pointcloud/rviz/urdf_pointcloud.rviz
[79.378s] -- Installing: /home/daniel/controlbot_ws/install/realsense2_camera/share/realsense2_camera/examples/pointcloud/rviz/pointcloud.rviz
[79.379s] -- Installing: /home/daniel/controlbot_ws/install/realsense2_camera/share/realsense2_camera/examples/pointcloud/rs_pointcloud_launch.py
[79.380s] -- Installing: /home/daniel/controlbot_ws/install/realsense2_camera/share/realsense2_camera/examples/pointcloud/rs_d405_pointcloud_launch.py
[79.381s] -- Installing: /home/daniel/controlbot_ws/install/realsense2_camera/share/realsense2_camera/examples/dual_camera
[79.381s] -- Installing: /home/daniel/controlbot_ws/install/realsense2_camera/share/realsense2_camera/examples/dual_camera/README.md
[79.381s] -- Installing: /home/daniel/controlbot_ws/install/realsense2_camera/share/realsense2_camera/examples/dual_camera/rs_dual_camera_launch.py
[79.382s] -- Installing: /home/daniel/controlbot_ws/install/realsense2_camera/share/realsense2_camera/examples/dual_camera/rviz
[79.383s] -- Installing: /home/daniel/controlbot_ws/install/realsense2_camera/share/realsense2_camera/examples/dual_camera/rviz/dual_camera_pointcloud.rviz
[79.383s] -- Installing: /home/daniel/controlbot_ws/install/realsense2_camera/share/realsense2_camera/examples/launch_params_from_file
[79.384s] -- Installing: /home/daniel/controlbot_ws/install/realsense2_camera/share/realsense2_camera/examples/launch_params_from_file/README.md
[79.384s] -- Installing: /home/daniel/controlbot_ws/install/realsense2_camera/share/realsense2_camera/examples/launch_params_from_file/config
[79.385s] -- Installing: /home/daniel/controlbot_ws/install/realsense2_camera/share/realsense2_camera/examples/launch_params_from_file/config/config.yaml
[79.385s] -- Installing: /home/daniel/controlbot_ws/install/realsense2_camera/share/realsense2_camera/examples/launch_params_from_file/rs_launch_get_params_from_yaml.py
[79.386s] -- Installing: /home/daniel/controlbot_ws/install/realsense2_camera/share/realsense2_camera/examples/launch_from_rosbag
[79.386s] -- Installing: /home/daniel/controlbot_ws/install/realsense2_camera/share/realsense2_camera/examples/launch_from_rosbag/README.md
[79.387s] -- Installing: /home/daniel/controlbot_ws/install/realsense2_camera/share/realsense2_camera/examples/launch_from_rosbag/rs_launch_from_rosbag.py
[79.388s] -- Installing: /home/daniel/controlbot_ws/install/realsense2_camera/share/realsense2_camera/examples/align_depth
[79.388s] -- Installing: /home/daniel/controlbot_ws/install/realsense2_camera/share/realsense2_camera/examples/align_depth/README.md
[79.388s] -- Installing: /home/daniel/controlbot_ws/install/realsense2_camera/share/realsense2_camera/examples/align_depth/rs_align_depth_launch.py
[79.389s] -- Installing: /home/daniel/controlbot_ws/install/realsense2_camera/share/realsense2_camera/environment/library_path.sh
[79.390s] -- Installing: /home/daniel/controlbot_ws/install/realsense2_camera/share/realsense2_camera/environment/library_path.dsv
[79.390s] -- Installing: /home/daniel/controlbot_ws/install/realsense2_camera/share/ament_index/resource_index/package_run_dependencies/realsense2_camera
[79.391s] -- Installing: /home/daniel/controlbot_ws/install/realsense2_camera/share/ament_index/resource_index/parent_prefix_path/realsense2_camera
[79.391s] -- Installing: /home/daniel/controlbot_ws/install/realsense2_camera/share/realsense2_camera/environment/ament_prefix_path.sh
[79.391s] -- Installing: /home/daniel/controlbot_ws/install/realsense2_camera/share/realsense2_camera/environment/ament_prefix_path.dsv
[79.392s] -- Installing: /home/daniel/controlbot_ws/install/realsense2_camera/share/realsense2_camera/environment/path.sh
[79.392s] -- Installing: /home/daniel/controlbot_ws/install/realsense2_camera/share/realsense2_camera/environment/path.dsv
[79.392s] -- Installing: /home/daniel/controlbot_ws/install/realsense2_camera/share/realsense2_camera/local_setup.bash
[79.393s] -- Installing: /home/daniel/controlbot_ws/install/realsense2_camera/share/realsense2_camera/local_setup.sh
[79.393s] -- Installing: /home/daniel/controlbot_ws/install/realsense2_camera/share/realsense2_camera/local_setup.zsh
[79.393s] -- Installing: /home/daniel/controlbot_ws/install/realsense2_camera/share/realsense2_camera/local_setup.dsv
[79.394s] -- Installing: /home/daniel/controlbot_ws/install/realsense2_camera/share/realsense2_camera/package.dsv
[79.394s] -- Installing: /home/daniel/controlbot_ws/install/realsense2_camera/share/ament_index/resource_index/packages/realsense2_camera
[79.395s] -- Installing: /home/daniel/controlbot_ws/install/realsense2_camera/share/ament_index/resource_index/rclcpp_components/realsense2_camera
[79.395s] -- Installing: /home/daniel/controlbot_ws/install/realsense2_camera/share/realsense2_camera/cmake/ament_cmake_export_include_directories-extras.cmake
[79.395s] -- Installing: /home/daniel/controlbot_ws/install/realsense2_camera/share/realsense2_camera/cmake/ament_cmake_export_libraries-extras.cmake
[79.395s] -- Installing: /home/daniel/controlbot_ws/install/realsense2_camera/share/realsense2_camera/cmake/ament_cmake_export_dependencies-extras.cmake
[79.396s] -- Installing: /home/daniel/controlbot_ws/install/realsense2_camera/share/realsense2_camera/cmake/realsense2_cameraConfig.cmake
[79.396s] -- Installing: /home/daniel/controlbot_ws/install/realsense2_camera/share/realsense2_camera/cmake/realsense2_cameraConfig-version.cmake
[79.396s] -- Installing: /home/daniel/controlbot_ws/install/realsense2_camera/share/realsense2_camera/package.xml
[79.404s] Invoked command in '/home/daniel/controlbot_ws/build/realsense2_camera' returned '0': AMENT_PREFIX_PATH=/home/daniel/controlbot_ws/install/realsense2_camera_msgs:${AMENT_PREFIX_PATH} CMAKE_PREFIX_PATH=/home/daniel/controlbot_ws/install/realsense2_camera_msgs:/home/daniel/controlbot_ws/install/rs_ctrl:/home/daniel/controlbot_ws/install/controller:/opt/ros/humble LD_LIBRARY_PATH=/home/daniel/controlbot_ws/install/realsense2_camera_msgs/lib:${LD_LIBRARY_PATH} PYTHONPATH=/home/daniel/controlbot_ws/install/realsense2_camera_msgs/local/lib/python3.10/dist-packages:${PYTHONPATH} /usr/bin/cmake --install /home/daniel/controlbot_ws/build/realsense2_camera
