[1.210s] Invoking command in '/home/daniel/controlbot_ws/src/controller': PYTHONPATH=/home/daniel/controlbot_ws/build/controller/prefix_override:/usr/lib/python3/dist-packages/colcon_core/task/python/colcon_distutils_commands:/home/daniel/controlbot_ws/install/controller/lib/python3.10/site-packages:${PYTHONPATH} /usr/bin/python3 -W ignore:setup.py install is deprecated -W ignore:easy_install command is deprecated setup.py egg_info --egg-base ../../build/controller build --build-base /home/daniel/controlbot_ws/build/controller/build install --record /home/daniel/controlbot_ws/build/controller/install.log --single-version-externally-managed install_data
[1.695s] running egg_info
[1.697s] writing ../../build/controller/controller.egg-info/PKG-INFO
[1.697s] writing dependency_links to ../../build/controller/controller.egg-info/dependency_links.txt
[1.698s] writing entry points to ../../build/controller/controller.egg-info/entry_points.txt
[1.698s] writing requirements to ../../build/controller/controller.egg-info/requires.txt
[1.698s] writing top-level names to ../../build/controller/controller.egg-info/top_level.txt
[1.702s] reading manifest file '../../build/controller/controller.egg-info/SOURCES.txt'
[1.702s] adding license file 'LICENSE'
[1.703s] writing manifest file '../../build/controller/controller.egg-info/SOURCES.txt'
[1.704s] running build
[1.704s] running build_py
[1.704s] copying controller/mtr_ctrl.py -> /home/daniel/controlbot_ws/build/controller/build/lib/controller
[1.705s] copying controller/hl_ctrl.py -> /home/daniel/controlbot_ws/build/controller/build/lib/controller
[1.705s] running install
[1.706s] running install_lib
[1.707s] copying /home/daniel/controlbot_ws/build/controller/build/lib/controller/mtr_ctrl.py -> /home/daniel/controlbot_ws/install/controller/lib/python3.10/site-packages/controller
[1.708s] copying /home/daniel/controlbot_ws/build/controller/build/lib/controller/hl_ctrl.py -> /home/daniel/controlbot_ws/install/controller/lib/python3.10/site-packages/controller
[1.709s] byte-compiling /home/daniel/controlbot_ws/install/controller/lib/python3.10/site-packages/controller/mtr_ctrl.py to mtr_ctrl.cpython-310.pyc
[1.709s]   File "/home/daniel/controlbot_ws/install/controller/lib/python3.10/site-packages/controller/mtr_ctrl.py", line 26
[1.709s]     self.timer = self.create_timer(0.55555lf.timer_callback)
[1.710s]                                          ^
[1.710s] SyntaxError: invalid decimal literal
[1.710s] 
[1.710s] byte-compiling /home/daniel/controlbot_ws/install/controller/lib/python3.10/site-packages/controller/hl_ctrl.py to hl_ctrl.cpython-310.pyc
[1.710s] running install_data
[1.711s] running install_egg_info
[1.715s] removing '/home/daniel/controlbot_ws/install/controller/lib/python3.10/site-packages/controller-0.0.0-py3.10.egg-info' (and everything under it)
[1.715s] Copying ../../build/controller/controller.egg-info to /home/daniel/controlbot_ws/install/controller/lib/python3.10/site-packages/controller-0.0.0-py3.10.egg-info
[1.717s] running install_scripts
[1.758s] Installing hl_ctrl script to /home/daniel/controlbot_ws/install/controller/lib/controller
[1.758s] Installing hw_interface script to /home/daniel/controlbot_ws/install/controller/lib/controller
[1.759s] Installing mtr_ctrl script to /home/daniel/controlbot_ws/install/controller/lib/controller
[1.759s] writing list of installed files to '/home/daniel/controlbot_ws/build/controller/install.log'
[1.823s] Invoked command in '/home/daniel/controlbot_ws/src/controller' returned '0': PYTHONPATH=/home/daniel/controlbot_ws/build/controller/prefix_override:/usr/lib/python3/dist-packages/colcon_core/task/python/colcon_distutils_commands:/home/daniel/controlbot_ws/install/controller/lib/python3.10/site-packages:${PYTHONPATH} /usr/bin/python3 -W ignore:setup.py install is deprecated -W ignore:easy_install command is deprecated setup.py egg_info --egg-base ../../build/controller build --build-base /home/daniel/controlbot_ws/build/controller/build install --record /home/daniel/controlbot_ws/build/controller/install.log --single-version-externally-managed install_data
