[1.261s] Invoking command in '/home/daniel/controlbot_ws/src/rs_ctrl': PYTHONPATH=/home/daniel/controlbot_ws/build/rs_ctrl/prefix_override:/usr/lib/python3/dist-packages/colcon_core/task/python/colcon_distutils_commands:/home/daniel/controlbot_ws/install/rs_ctrl/lib/python3.10/site-packages:${PYTHONPATH} /usr/bin/python3 -W ignore:setup.py install is deprecated -W ignore:easy_install command is deprecated setup.py egg_info --egg-base ../../build/rs_ctrl build --build-base /home/daniel/controlbot_ws/build/rs_ctrl/build install --record /home/daniel/controlbot_ws/build/rs_ctrl/install.log --single-version-externally-managed install_data
[1.752s] running egg_info
[1.753s] writing ../../build/rs_ctrl/rs_ctrl.egg-info/PKG-INFO
[1.753s] writing dependency_links to ../../build/rs_ctrl/rs_ctrl.egg-info/dependency_links.txt
[1.754s] writing entry points to ../../build/rs_ctrl/rs_ctrl.egg-info/entry_points.txt
[1.754s] writing requirements to ../../build/rs_ctrl/rs_ctrl.egg-info/requires.txt
[1.754s] writing top-level names to ../../build/rs_ctrl/rs_ctrl.egg-info/top_level.txt
[1.758s] reading manifest file '../../build/rs_ctrl/rs_ctrl.egg-info/SOURCES.txt'
[1.758s] adding license file 'LICENSE'
[1.759s] writing manifest file '../../build/rs_ctrl/rs_ctrl.egg-info/SOURCES.txt'
[1.759s] running build
[1.759s] running build_py
[1.760s] running install
[1.761s] running install_lib
[1.763s] running install_data
[1.763s] running install_egg_info
[1.767s] removing '/home/daniel/controlbot_ws/install/rs_ctrl/lib/python3.10/site-packages/rs_ctrl-0.0.0-py3.10.egg-info' (and everything under it)
[1.767s] Copying ../../build/rs_ctrl/rs_ctrl.egg-info to /home/daniel/controlbot_ws/install/rs_ctrl/lib/python3.10/site-packages/rs_ctrl-0.0.0-py3.10.egg-info
[1.769s] running install_scripts
[1.811s] Installing realsense_launch script to /home/daniel/controlbot_ws/install/rs_ctrl/lib/rs_ctrl
[1.812s] writing list of installed files to '/home/daniel/controlbot_ws/build/rs_ctrl/install.log'
[1.879s] Invoked command in '/home/daniel/controlbot_ws/src/rs_ctrl' returned '0': PYTHONPATH=/home/daniel/controlbot_ws/build/rs_ctrl/prefix_override:/usr/lib/python3/dist-packages/colcon_core/task/python/colcon_distutils_commands:/home/daniel/controlbot_ws/install/rs_ctrl/lib/python3.10/site-packages:${PYTHONPATH} /usr/bin/python3 -W ignore:setup.py install is deprecated -W ignore:easy_install command is deprecated setup.py egg_info --egg-base ../../build/rs_ctrl build --build-base /home/daniel/controlbot_ws/build/rs_ctrl/build install --record /home/daniel/controlbot_ws/build/rs_ctrl/install.log --single-version-externally-managed install_data
